<?xml version="1.0" encoding="UTF-8"?>
<testsuite name="com.unitedApi.SaleOrderHeaderDAOTest" tests="3" skipped="0" failures="0" errors="0" timestamp="2024-07-24T02:30:11" hostname="DESKTOP-FRUHT2G" time="7.92">
  <properties/>
  <testcase name="getSaleOrderHeaders" classname="com.unitedApi.SaleOrderHeaderDAOTest" time="2.751"/>
  <testcase name="getSaleOrderHeaderByCustomer" classname="com.unitedApi.SaleOrderHeaderDAOTest" time="2.624"/>
  <testcase name="getSaleOrderHeader" classname="com.unitedApi.SaleOrderHeaderDAOTest" time="2.545"/>
  <system-out><![CDATA[2024-07-24 14:30:11.979 [Test worker] DEBUG o.t.u.PrefixingImageNameSubstitutor - No prefix is configured
2024-07-24 14:30:11.979 [Test worker] DEBUG o.t.utility.ImageNameSubstitutor - Did not find a substitute image for postgres:latest (using image substitutor: DefaultImageNameSubstitutor (composite of 'ConfigurationFileImageNameSubstitutor' and 'PrefixingImageNameSubstitutor'))
2024-07-24 14:30:11.979 [Test worker] TRACE tc.postgres:latest - postgres:latest is already in image name cache
2024-07-24 14:30:11.979 [Test worker] DEBUG o.t.images.AbstractImagePullPolicy - Using locally available and not pulling image: postgres:latest
2024-07-24 14:30:11.979 [Test worker] DEBUG tc.postgres:latest - Starting container: postgres:latest
2024-07-24 14:30:11.979 [Test worker] DEBUG tc.postgres:latest - Trying to start container: postgres:latest (attempt 1/1)
2024-07-24 14:30:11.979 [Test worker] DEBUG tc.postgres:latest - Starting container: postgres:latest
2024-07-24 14:30:11.979 [Test worker] INFO  tc.postgres:latest - Creating container for image: postgres:latest
2024-07-24 14:30:11.979 [Test worker] DEBUG o.t.utility.RegistryAuthLocator - Looking up auth config for image: postgres:latest at registry: https://index.docker.io/v1/
2024-07-24 14:30:11.979 [Test worker] DEBUG o.t.utility.RegistryAuthLocator - No matching Auth Configs - falling back to defaultAuthConfig [null]
2024-07-24 14:30:11.979 [Test worker] DEBUG o.t.d.AuthDelegatingDockerClientConfig - Effective auth config [null]
2024-07-24 14:30:11.979 [Test worker] DEBUG o.t.s.c.g.d.c.command.AbstrDockerCmd - Cmd: org.testcontainers.shaded.com.github.dockerjava.core.command.CreateContainerCmdImpl@198536f6[aliases=<null>,argsEscaped=<null>,attachStderr=<null>,attachStdin=<null>,attachStdout=<null>,authConfig=<null>,cmd={postgres,-c,fsync=off},domainName=<null>,entrypoint=<null>,env={POSTGRES_USER=user,POSTGRES_PASSWORD=password,POSTGRES_DB=db},exposedPorts=ExposedPorts(exposedPorts=[5432/tcp]),healthcheck=<null>,hostConfig=HostConfig(binds=[], blkioWeight=null, blkioWeightDevice=null, blkioDeviceReadBps=null, blkioDeviceWriteBps=null, blkioDeviceReadIOps=null, blkioDeviceWriteIOps=null, memorySwappiness=null, nanoCPUs=null, capAdd=null, capDrop=null, containerIDFile=null, cpuPeriod=null, cpuRealtimePeriod=null, cpuRealtimeRuntime=null, cpuShares=null, cpuQuota=null, cpusetCpus=null, cpusetMems=null, devices=null, deviceCgroupRules=null, deviceRequests=null, diskQuota=null, dns=null, dnsOptions=null, dnsSearch=null, extraHosts=[], groupAdd=null, ipcMode=null, cgroup=null, links=[], logConfig=LogConfig(type=null, config=null), lxcConf=null, memory=null, memorySwap=null, memoryReservation=null, kernelMemory=null, networkMode=null, oomKillDisable=null, init=null, autoRemove=null, oomScoreAdj=null, portBindings={5432/tcp=[Lcom.github.dockerjava.api.model.Ports$Binding;@594131f2}, privileged=null, publishAllPorts=null, readonlyRootfs=null, restartPolicy=null, ulimits=null, cpuCount=null, cpuPercent=null, ioMaximumIOps=null, ioMaximumBandwidth=null, volumesFrom=[], mounts=null, pidMode=null, isolation=null, securityOpts=null, storageOpt=null, cgroupParent=null, volumeDriver=null, shmSize=null, pidsLimit=null, runtime=null, tmpFs=null, utSMode=null, usernsMode=null, sysctls=null, consoleSize=null, cgroupnsMode=null),hostName=<null>,image=postgres:latest,ipv4Address=<null>,ipv6Address=<null>,labels={org.testcontainers=true, org.testcontainers.lang=java, org.testcontainers.version=1.19.8, org.testcontainers.sessionId=280e6229-7396-4d60-b1e3-a5de48b5d49b},macAddress=<null>,name=<null>,networkDisabled=<null>,networkingConfig=<null>,onBuild=<null>,platform=<null>,portSpecs=<null>,shell=<null>,stdInOnce=<null>,stdinOpen=<null>,stopSignal=<null>,stopTimeout=<null>,tty=<null>,user=<null>,volumes=Volumes(volumes=[]),workingDir=<null>]
2024-07-24 14:30:11.980 [Test worker] TRACE o.t.s.c.g.d.c.e.CreateContainerCmdExec - POST: DefaultWebTarget{path=[/containers/create], queryParams={}} 
2024-07-24 14:30:11.981 [Test worker] DEBUG c.g.d.z.s.o.a.h.c.h.i.c.InternalHttpClient - ex-0000004C: preparing request execution
2024-07-24 14:30:11.981 [Test worker] DEBUG c.g.d.z.s.o.a.h.c.h.p.RequestAddCookies - Cookie spec selected: strict
2024-07-24 14:30:11.981 [Test worker] DEBUG c.g.d.z.s.o.a.h.c.h.p.RequestAuthCache - Auth cache not set in the context
2024-07-24 14:30:11.981 [Test worker] DEBUG c.g.d.z.s.o.a.h.c.h.i.c.ProtocolExec - ex-0000004C: target auth state: UNCHALLENGED
2024-07-24 14:30:11.981 [Test worker] DEBUG c.g.d.z.s.o.a.h.c.h.i.c.ProtocolExec - ex-0000004C: proxy auth state: UNCHALLENGED
2024-07-24 14:30:11.981 [Test worker] DEBUG c.g.d.z.s.o.a.h.c.h.i.c.ConnectExec - ex-0000004C: acquiring connection with route {}->npipe://localhost:2375
2024-07-24 14:30:11.981 [Test worker] DEBUG c.g.d.z.s.o.a.h.c.h.i.c.InternalHttpClient - ex-0000004C: acquiring endpoint (3 MINUTES)
2024-07-24 14:30:11.981 [Test worker] DEBUG c.g.d.z.s.o.a.h.c.h.i.i.PoolingHttpClientConnectionManager - ex-0000004C: endpoint lease request (3 MINUTES) [route: {}->npipe://localhost:2375][total available: 1; route allocated: 1 of 2147483647; total allocated: 1 of 2147483647]
2024-07-24 14:30:11.981 [Test worker] DEBUG c.g.d.z.s.o.a.h.c.h.i.i.PoolingHttpClientConnectionManager - ex-0000004C: endpoint leased [route: {}->npipe://localhost:2375][total available: 0; route allocated: 1 of 2147483647; total allocated: 1 of 2147483647]
2024-07-24 14:30:11.981 [Test worker] DEBUG c.g.d.z.s.o.a.h.c.h.i.i.PoolingHttpClientConnectionManager - ex-0000004C: acquired ep-0000004B
2024-07-24 14:30:11.981 [Test worker] DEBUG c.g.d.z.s.o.a.h.c.h.i.c.InternalHttpClient - ex-0000004C: acquired endpoint ep-0000004B
2024-07-24 14:30:11.982 [Test worker] DEBUG c.g.d.z.s.o.a.h.c.h.i.c.MainClientExec - ex-0000004C: executing POST /v1.32/containers/create HTTP/1.1
2024-07-24 14:30:11.982 [Test worker] DEBUG c.g.d.z.s.o.a.h.c.h.i.c.InternalHttpClient - ep-0000004B: start execution ex-0000004C
2024-07-24 14:30:11.982 [Test worker] DEBUG c.g.d.z.s.o.a.h.c.h.i.i.PoolingHttpClientConnectionManager - ep-0000004B: executing exchange ex-0000004C over http-outgoing-7
2024-07-24 14:30:11.982 [Test worker] DEBUG c.g.d.z.s.o.a.h.client5.http.headers - http-outgoing-7 >> POST /v1.32/containers/create HTTP/1.1
2024-07-24 14:30:11.982 [Test worker] DEBUG c.g.d.z.s.o.a.h.client5.http.headers - http-outgoing-7 >> accept: application/json
2024-07-24 14:30:11.982 [Test worker] DEBUG c.g.d.z.s.o.a.h.client5.http.headers - http-outgoing-7 >> content-type: application/json
2024-07-24 14:30:11.982 [Test worker] DEBUG c.g.d.z.s.o.a.h.client5.http.headers - http-outgoing-7 >> x-tc-sid: 280e6229-7396-4d60-b1e3-a5de48b5d49b
2024-07-24 14:30:11.982 [Test worker] DEBUG c.g.d.z.s.o.a.h.client5.http.headers - http-outgoing-7 >> User-Agent: tc-java/1.19.8
2024-07-24 14:30:11.982 [Test worker] DEBUG c.g.d.z.s.o.a.h.client5.http.headers - http-outgoing-7 >> Accept-Encoding: gzip, x-gzip, deflate
2024-07-24 14:30:11.982 [Test worker] DEBUG c.g.d.z.s.o.a.h.client5.http.headers - http-outgoing-7 >> Content-Length: 2061
2024-07-24 14:30:11.982 [Test worker] DEBUG c.g.d.z.s.o.a.h.client5.http.headers - http-outgoing-7 >> Host: localhost:2375
2024-07-24 14:30:11.982 [Test worker] DEBUG c.g.d.z.s.o.a.h.client5.http.headers - http-outgoing-7 >> Connection: keep-alive
2024-07-24 14:30:11.982 [Test worker] DEBUG c.g.d.z.s.o.a.hc.client5.http.wire - http-outgoing-7 >> "POST /v1.32/containers/create HTTP/1.1[\r][\n]"
2024-07-24 14:30:11.982 [Test worker] DEBUG c.g.d.z.s.o.a.hc.client5.http.wire - http-outgoing-7 >> "accept: application/json[\r][\n]"
2024-07-24 14:30:11.982 [Test worker] DEBUG c.g.d.z.s.o.a.hc.client5.http.wire - http-outgoing-7 >> "content-type: application/json[\r][\n]"
2024-07-24 14:30:11.982 [Test worker] DEBUG c.g.d.z.s.o.a.hc.client5.http.wire - http-outgoing-7 >> "x-tc-sid: 280e6229-7396-4d60-b1e3-a5de48b5d49b[\r][\n]"
2024-07-24 14:30:11.982 [Test worker] DEBUG c.g.d.z.s.o.a.hc.client5.http.wire - http-outgoing-7 >> "User-Agent: tc-java/1.19.8[\r][\n]"
2024-07-24 14:30:11.982 [Test worker] DEBUG c.g.d.z.s.o.a.hc.client5.http.wire - http-outgoing-7 >> "Accept-Encoding: gzip, x-gzip, deflate[\r][\n]"
2024-07-24 14:30:11.982 [Test worker] DEBUG c.g.d.z.s.o.a.hc.client5.http.wire - http-outgoing-7 >> "Content-Length: 2061[\r][\n]"
2024-07-24 14:30:11.982 [Test worker] DEBUG c.g.d.z.s.o.a.hc.client5.http.wire - http-outgoing-7 >> "Host: localhost:2375[\r][\n]"
2024-07-24 14:30:11.982 [Test worker] DEBUG c.g.d.z.s.o.a.hc.client5.http.wire - http-outgoing-7 >> "Connection: keep-alive[\r][\n]"
2024-07-24 14:30:11.982 [Test worker] DEBUG c.g.d.z.s.o.a.hc.client5.http.wire - http-outgoing-7 >> "[\r][\n]"
2024-07-24 14:30:11.982 [Test worker] DEBUG c.g.d.z.s.o.a.hc.client5.http.wire - http-outgoing-7 >> "{"Hostname":null,"Domainname":null,"User":null,"AttachStdin":null,"AttachStdout":null,"AttachStderr":null,"PortSpecs":null,"Tty":null,"OpenStdin":null,"StdinOnce":null,"Env":["POSTGRES_USER=user","POSTGRES_PASSWORD=password","POSTGRES_DB=db"],"Cmd":["postgres","-c","fsync=off"],"Healthcheck":null,"ArgsEscaped":null,"Entrypoint":null,"Image":"postgres:latest","Volumes":{},"WorkingDir":null,"MacAddress":null,"OnBuild":null,"NetworkDisabled":null,"ExposedPorts":{"5432/tcp":{}},"StopSignal":null,"StopTimeout":null,"HostConfig":{"Binds":[],"BlkioWeight":null,"BlkioWeightDevice":null,"BlkioDeviceReadBps":null,"BlkioDeviceWriteBps":null,"BlkioDeviceReadIOps":null,"BlkioDeviceWriteIOps":null,"MemorySwappiness":null,"NanoCpus":null,"CapAdd":null,"CapDrop":null,"ContainerIDFile":null,"CpuPeriod":null,"CpuRealtimePeriod":null,"CpuRealtimeRuntime":null,"CpuShares":null,"CpuQuota":null,"CpusetCpus":null,"CpusetMems":null,"Devices":null,"DeviceCgroupRules":null,"DeviceRequests":null,"DiskQuota":null,"Dns":null,"DnsOptions":null,"DnsSearch":null,"ExtraHosts":[],"GroupAdd":null,"IpcMode":null,"Cgroup":null,"Links":[],"LogConfig":null,"LxcConf":null,"Memory":null,"MemorySwap":null,"MemoryReservation":null,"KernelMemory":null,"NetworkMode":null,"OomKillDisable":null,"Init":null,"AutoRemove":null,"OomScoreAdj":null,"PortBindings":{"5432/tcp":[{"HostIp":"","HostPort":""}]},"Privileged":null,"PublishAllPorts":null,"ReadonlyRootfs":null,"RestartPolicy":null,"Ulimits":null,"CpuCount":null,"CpuPercent":null,"IOMaximumIOps":null,"IOMaximumBandwidth":null,"VolumesFrom":[],"Mounts":null,"PidMode":null,"Isolation":null,"SecurityOpt":null,"StorageOpt":null,"CgroupParent":null,"VolumeDriver":null,"ShmSize":null,"PidsLimit":null,"Runtime":null,"Tmpfs":null,"UTSMode":null,"UsernsMode":null,"Sysctls":null,"ConsoleSize":null,"CgroupnsMode":null},"Labels":{"org.testcontainers":"true","org.testcontainers.lang":"java","org.testcontainers.version":"1.19.8","org.testcontainers.sessionId":"280e6229-7396-4d60-b1e3-a5de48b5d49b"},"Shell":null,"NetworkingConfig":null}"
2024-07-24 14:30:12.130 [Test worker] DEBUG c.g.d.z.s.o.a.hc.client5.http.wire - http-outgoing-7 << "HTTP/1.1 201 Created[\r][\n]"
2024-07-24 14:30:12.130 [Test worker] DEBUG c.g.d.z.s.o.a.hc.client5.http.wire - http-outgoing-7 << "Api-Version: 1.45[\r][\n]"
2024-07-24 14:30:12.130 [Test worker] DEBUG c.g.d.z.s.o.a.hc.client5.http.wire - http-outgoing-7 << "Content-Type: application/json[\r][\n]"
2024-07-24 14:30:12.130 [Test worker] DEBUG c.g.d.z.s.o.a.hc.client5.http.wire - http-outgoing-7 << "Date: Wed, 24 Jul 2024 02:30:12 GMT[\r][\n]"
2024-07-24 14:30:12.130 [Test worker] DEBUG c.g.d.z.s.o.a.hc.client5.http.wire - http-outgoing-7 << "Docker-Experimental: false[\r][\n]"
2024-07-24 14:30:12.130 [Test worker] DEBUG c.g.d.z.s.o.a.hc.client5.http.wire - http-outgoing-7 << "Ostype: linux[\r][\n]"
2024-07-24 14:30:12.130 [Test worker] DEBUG c.g.d.z.s.o.a.hc.client5.http.wire - http-outgoing-7 << "Server: Docker/26.0.0 (linux)[\r][\n]"
2024-07-24 14:30:12.130 [Test worker] DEBUG c.g.d.z.s.o.a.hc.client5.http.wire - http-outgoing-7 << "Transfer-Encoding: chunked[\r][\n]"
2024-07-24 14:30:12.130 [Test worker] DEBUG c.g.d.z.s.o.a.hc.client5.http.wire - http-outgoing-7 << "[\r][\n]"
2024-07-24 14:30:12.130 [Test worker] DEBUG c.g.d.z.s.o.a.h.client5.http.headers - http-outgoing-7 << HTTP/1.1 201 Created
2024-07-24 14:30:12.130 [Test worker] DEBUG c.g.d.z.s.o.a.h.client5.http.headers - http-outgoing-7 << Api-Version: 1.45
2024-07-24 14:30:12.130 [Test worker] DEBUG c.g.d.z.s.o.a.h.client5.http.headers - http-outgoing-7 << Content-Type: application/json
2024-07-24 14:30:12.130 [Test worker] DEBUG c.g.d.z.s.o.a.h.client5.http.headers - http-outgoing-7 << Date: Wed, 24 Jul 2024 02:30:12 GMT
2024-07-24 14:30:12.130 [Test worker] DEBUG c.g.d.z.s.o.a.h.client5.http.headers - http-outgoing-7 << Docker-Experimental: false
2024-07-24 14:30:12.130 [Test worker] DEBUG c.g.d.z.s.o.a.h.client5.http.headers - http-outgoing-7 << Ostype: linux
2024-07-24 14:30:12.130 [Test worker] DEBUG c.g.d.z.s.o.a.h.client5.http.headers - http-outgoing-7 << Server: Docker/26.0.0 (linux)
2024-07-24 14:30:12.130 [Test worker] DEBUG c.g.d.z.s.o.a.h.client5.http.headers - http-outgoing-7 << Transfer-Encoding: chunked
2024-07-24 14:30:12.130 [Test worker] DEBUG c.g.d.z.s.o.a.h.c.h.i.c.MainClientExec - ex-0000004C: connection can be kept alive for 3 MINUTES
2024-07-24 14:30:12.130 [Test worker] DEBUG c.g.d.z.s.o.a.hc.client5.http.wire - http-outgoing-7 << "58[\r][\n]"
2024-07-24 14:30:12.130 [Test worker] DEBUG c.g.d.z.s.o.a.hc.client5.http.wire - http-outgoing-7 << "{"Id":"f6824cc3e48beaf9093cc70aed8d31001c4b00cdd250e1cb64046aff093d4169","Warnings":[]}[\n]"
2024-07-24 14:30:12.130 [Test worker] DEBUG c.g.d.z.s.o.a.hc.client5.http.wire - http-outgoing-7 << "[\r][\n]"
2024-07-24 14:30:12.130 [Test worker] DEBUG c.g.d.z.s.o.a.hc.client5.http.wire - http-outgoing-7 << "0[\r][\n]"
2024-07-24 14:30:12.130 [Test worker] DEBUG c.g.d.z.s.o.a.hc.client5.http.wire - http-outgoing-7 << "[\r][\n]"
2024-07-24 14:30:12.131 [Test worker] DEBUG c.g.d.z.s.o.a.h.c.h.i.c.InternalHttpClient - ep-0000004B: releasing valid endpoint
2024-07-24 14:30:12.131 [Test worker] DEBUG c.g.d.z.s.o.a.h.c.h.i.i.PoolingHttpClientConnectionManager - ep-0000004B: releasing endpoint
2024-07-24 14:30:12.131 [Test worker] DEBUG c.g.d.z.s.o.a.h.c.h.i.i.PoolingHttpClientConnectionManager - ep-0000004B: connection http-outgoing-7 can be kept alive for 3 MINUTES
2024-07-24 14:30:12.131 [Test worker] DEBUG c.g.d.z.s.o.a.h.c.h.i.i.PoolingHttpClientConnectionManager - ep-0000004B: connection released [route: {}->npipe://localhost:2375][total available: 1; route allocated: 1 of 2147483647; total allocated: 1 of 2147483647]
2024-07-24 14:30:12.131 [Test worker] INFO  tc.postgres:latest - Container postgres:latest is starting: f6824cc3e48beaf9093cc70aed8d31001c4b00cdd250e1cb64046aff093d4169
2024-07-24 14:30:12.131 [Test worker] DEBUG o.t.s.c.g.d.c.command.AbstrDockerCmd - Cmd: f6824cc3e48beaf9093cc70aed8d31001c4b00cdd250e1cb64046aff093d4169
2024-07-24 14:30:12.131 [Test worker] TRACE o.t.s.c.g.d.c.e.StartContainerCmdExec - POST: DefaultWebTarget{path=[/containers/f6824cc3e48beaf9093cc70aed8d31001c4b00cdd250e1cb64046aff093d4169/start], queryParams={}}
2024-07-24 14:30:12.131 [Test worker] DEBUG c.g.d.z.s.o.a.h.c.h.i.c.InternalHttpClient - ex-0000004D: preparing request execution
2024-07-24 14:30:12.131 [Test worker] DEBUG c.g.d.z.s.o.a.h.c.h.p.RequestAddCookies - Cookie spec selected: strict
2024-07-24 14:30:12.131 [Test worker] DEBUG c.g.d.z.s.o.a.h.c.h.p.RequestAuthCache - Auth cache not set in the context
2024-07-24 14:30:12.131 [Test worker] DEBUG c.g.d.z.s.o.a.h.c.h.i.c.ProtocolExec - ex-0000004D: target auth state: UNCHALLENGED
2024-07-24 14:30:12.131 [Test worker] DEBUG c.g.d.z.s.o.a.h.c.h.i.c.ProtocolExec - ex-0000004D: proxy auth state: UNCHALLENGED
2024-07-24 14:30:12.131 [Test worker] DEBUG c.g.d.z.s.o.a.h.c.h.i.c.ConnectExec - ex-0000004D: acquiring connection with route {}->npipe://localhost:2375
2024-07-24 14:30:12.131 [Test worker] DEBUG c.g.d.z.s.o.a.h.c.h.i.c.InternalHttpClient - ex-0000004D: acquiring endpoint (3 MINUTES)
2024-07-24 14:30:12.132 [Test worker] DEBUG c.g.d.z.s.o.a.h.c.h.i.i.PoolingHttpClientConnectionManager - ex-0000004D: endpoint lease request (3 MINUTES) [route: {}->npipe://localhost:2375][total available: 1; route allocated: 1 of 2147483647; total allocated: 1 of 2147483647]
2024-07-24 14:30:12.132 [Test worker] DEBUG c.g.d.z.s.o.a.h.c.h.i.i.PoolingHttpClientConnectionManager - ex-0000004D: endpoint leased [route: {}->npipe://localhost:2375][total available: 0; route allocated: 1 of 2147483647; total allocated: 1 of 2147483647]
2024-07-24 14:30:12.132 [Test worker] DEBUG c.g.d.z.s.o.a.h.c.h.i.i.PoolingHttpClientConnectionManager - ex-0000004D: acquired ep-0000004C
2024-07-24 14:30:12.132 [Test worker] DEBUG c.g.d.z.s.o.a.h.c.h.i.c.InternalHttpClient - ex-0000004D: acquired endpoint ep-0000004C
2024-07-24 14:30:12.132 [Test worker] DEBUG c.g.d.z.s.o.a.h.c.h.i.c.MainClientExec - ex-0000004D: executing POST /v1.32/containers/f6824cc3e48beaf9093cc70aed8d31001c4b00cdd250e1cb64046aff093d4169/start HTTP/1.1
2024-07-24 14:30:12.132 [Test worker] DEBUG c.g.d.z.s.o.a.h.c.h.i.c.InternalHttpClient - ep-0000004C: start execution ex-0000004D
2024-07-24 14:30:12.132 [Test worker] DEBUG c.g.d.z.s.o.a.h.c.h.i.i.PoolingHttpClientConnectionManager - ep-0000004C: executing exchange ex-0000004D over http-outgoing-7
2024-07-24 14:30:12.132 [Test worker] DEBUG c.g.d.z.s.o.a.h.client5.http.headers - http-outgoing-7 >> POST /v1.32/containers/f6824cc3e48beaf9093cc70aed8d31001c4b00cdd250e1cb64046aff093d4169/start HTTP/1.1
2024-07-24 14:30:12.132 [Test worker] DEBUG c.g.d.z.s.o.a.h.client5.http.headers - http-outgoing-7 >> accept: application/json
2024-07-24 14:30:12.132 [Test worker] DEBUG c.g.d.z.s.o.a.h.client5.http.headers - http-outgoing-7 >> content-type: application/json
2024-07-24 14:30:12.132 [Test worker] DEBUG c.g.d.z.s.o.a.h.client5.http.headers - http-outgoing-7 >> x-tc-sid: 280e6229-7396-4d60-b1e3-a5de48b5d49b
2024-07-24 14:30:12.132 [Test worker] DEBUG c.g.d.z.s.o.a.h.client5.http.headers - http-outgoing-7 >> User-Agent: tc-java/1.19.8
2024-07-24 14:30:12.132 [Test worker] DEBUG c.g.d.z.s.o.a.h.client5.http.headers - http-outgoing-7 >> Accept-Encoding: gzip, x-gzip, deflate
2024-07-24 14:30:12.132 [Test worker] DEBUG c.g.d.z.s.o.a.h.client5.http.headers - http-outgoing-7 >> Host: localhost:2375
2024-07-24 14:30:12.132 [Test worker] DEBUG c.g.d.z.s.o.a.h.client5.http.headers - http-outgoing-7 >> Connection: keep-alive
2024-07-24 14:30:12.132 [Test worker] DEBUG c.g.d.z.s.o.a.hc.client5.http.wire - http-outgoing-7 >> "POST /v1.32/containers/f6824cc3e48beaf9093cc70aed8d31001c4b00cdd250e1cb64046aff093d4169/start HTTP/1.1[\r][\n]"
2024-07-24 14:30:12.132 [Test worker] DEBUG c.g.d.z.s.o.a.hc.client5.http.wire - http-outgoing-7 >> "accept: application/json[\r][\n]"
2024-07-24 14:30:12.132 [Test worker] DEBUG c.g.d.z.s.o.a.hc.client5.http.wire - http-outgoing-7 >> "content-type: application/json[\r][\n]"
2024-07-24 14:30:12.132 [Test worker] DEBUG c.g.d.z.s.o.a.hc.client5.http.wire - http-outgoing-7 >> "x-tc-sid: 280e6229-7396-4d60-b1e3-a5de48b5d49b[\r][\n]"
2024-07-24 14:30:12.132 [Test worker] DEBUG c.g.d.z.s.o.a.hc.client5.http.wire - http-outgoing-7 >> "User-Agent: tc-java/1.19.8[\r][\n]"
2024-07-24 14:30:12.132 [Test worker] DEBUG c.g.d.z.s.o.a.hc.client5.http.wire - http-outgoing-7 >> "Accept-Encoding: gzip, x-gzip, deflate[\r][\n]"
2024-07-24 14:30:12.132 [Test worker] DEBUG c.g.d.z.s.o.a.hc.client5.http.wire - http-outgoing-7 >> "Host: localhost:2375[\r][\n]"
2024-07-24 14:30:12.132 [Test worker] DEBUG c.g.d.z.s.o.a.hc.client5.http.wire - http-outgoing-7 >> "Connection: keep-alive[\r][\n]"
2024-07-24 14:30:12.132 [Test worker] DEBUG c.g.d.z.s.o.a.hc.client5.http.wire - http-outgoing-7 >> "[\r][\n]"
2024-07-24 14:30:12.488 [Test worker] DEBUG c.g.d.z.s.o.a.hc.client5.http.wire - http-outgoing-7 << "HTTP/1.1 204 No Content[\r][\n]"
2024-07-24 14:30:12.488 [Test worker] DEBUG c.g.d.z.s.o.a.hc.client5.http.wire - http-outgoing-7 << "Api-Version: 1.45[\r][\n]"
2024-07-24 14:30:12.488 [Test worker] DEBUG c.g.d.z.s.o.a.hc.client5.http.wire - http-outgoing-7 << "Date: Wed, 24 Jul 2024 02:30:12 GMT[\r][\n]"
2024-07-24 14:30:12.488 [Test worker] DEBUG c.g.d.z.s.o.a.hc.client5.http.wire - http-outgoing-7 << "Docker-Experimental: false[\r][\n]"
2024-07-24 14:30:12.488 [Test worker] DEBUG c.g.d.z.s.o.a.hc.client5.http.wire - http-outgoing-7 << "Ostype: linux[\r][\n]"
2024-07-24 14:30:12.488 [Test worker] DEBUG c.g.d.z.s.o.a.hc.client5.http.wire - http-outgoing-7 << "Server: Docker/26.0.0 (linux)[\r][\n]"
2024-07-24 14:30:12.489 [Test worker] DEBUG c.g.d.z.s.o.a.hc.client5.http.wire - http-outgoing-7 << "[\r][\n]"
2024-07-24 14:30:12.489 [Test worker] DEBUG c.g.d.z.s.o.a.h.client5.http.headers - http-outgoing-7 << HTTP/1.1 204 No Content
2024-07-24 14:30:12.489 [Test worker] DEBUG c.g.d.z.s.o.a.h.client5.http.headers - http-outgoing-7 << Api-Version: 1.45
2024-07-24 14:30:12.489 [Test worker] DEBUG c.g.d.z.s.o.a.h.client5.http.headers - http-outgoing-7 << Date: Wed, 24 Jul 2024 02:30:12 GMT
2024-07-24 14:30:12.489 [Test worker] DEBUG c.g.d.z.s.o.a.h.client5.http.headers - http-outgoing-7 << Docker-Experimental: false
2024-07-24 14:30:12.489 [Test worker] DEBUG c.g.d.z.s.o.a.h.client5.http.headers - http-outgoing-7 << Ostype: linux
2024-07-24 14:30:12.489 [Test worker] DEBUG c.g.d.z.s.o.a.h.client5.http.headers - http-outgoing-7 << Server: Docker/26.0.0 (linux)
2024-07-24 14:30:12.489 [Test worker] DEBUG c.g.d.z.s.o.a.h.c.h.i.c.MainClientExec - ex-0000004D: connection can be kept alive for 3 MINUTES
2024-07-24 14:30:12.490 [Test worker] DEBUG c.g.d.z.s.o.a.h.c.h.i.c.InternalHttpClient - ep-0000004C: releasing valid endpoint
2024-07-24 14:30:12.490 [Test worker] DEBUG c.g.d.z.s.o.a.h.c.h.i.i.PoolingHttpClientConnectionManager - ep-0000004C: releasing endpoint
2024-07-24 14:30:12.490 [Test worker] DEBUG c.g.d.z.s.o.a.h.c.h.i.i.PoolingHttpClientConnectionManager - ep-0000004C: connection http-outgoing-7 can be kept alive for 3 MINUTES
2024-07-24 14:30:12.490 [Test worker] DEBUG c.g.d.z.s.o.a.h.c.h.i.i.PoolingHttpClientConnectionManager - ep-0000004C: connection released [route: {}->npipe://localhost:2375][total available: 1; route allocated: 1 of 2147483647; total allocated: 1 of 2147483647]
2024-07-24 14:30:12.490 [Test worker] DEBUG o.t.s.c.g.d.c.command.AbstrDockerCmd - Cmd: f6824cc3e48beaf9093cc70aed8d31001c4b00cdd250e1cb64046aff093d4169,false
2024-07-24 14:30:12.490 [Test worker] DEBUG o.t.s.c.g.d.c.e.InspectContainerCmdExec - GET: DefaultWebTarget{path=[/containers/f6824cc3e48beaf9093cc70aed8d31001c4b00cdd250e1cb64046aff093d4169/json], queryParams={}}
2024-07-24 14:30:12.492 [Test worker] DEBUG c.g.d.z.s.o.a.h.c.h.i.c.InternalHttpClient - ex-0000004E: preparing request execution
2024-07-24 14:30:12.492 [Test worker] DEBUG c.g.d.z.s.o.a.h.c.h.p.RequestAddCookies - Cookie spec selected: strict
2024-07-24 14:30:12.492 [Test worker] DEBUG c.g.d.z.s.o.a.h.c.h.p.RequestAuthCache - Auth cache not set in the context
2024-07-24 14:30:12.492 [Test worker] DEBUG c.g.d.z.s.o.a.h.c.h.i.c.ProtocolExec - ex-0000004E: target auth state: UNCHALLENGED
2024-07-24 14:30:12.492 [Test worker] DEBUG c.g.d.z.s.o.a.h.c.h.i.c.ProtocolExec - ex-0000004E: proxy auth state: UNCHALLENGED
2024-07-24 14:30:12.492 [Test worker] DEBUG c.g.d.z.s.o.a.h.c.h.i.c.ConnectExec - ex-0000004E: acquiring connection with route {}->npipe://localhost:2375
2024-07-24 14:30:12.492 [Test worker] DEBUG c.g.d.z.s.o.a.h.c.h.i.c.InternalHttpClient - ex-0000004E: acquiring endpoint (3 MINUTES)
2024-07-24 14:30:12.492 [Test worker] DEBUG c.g.d.z.s.o.a.h.c.h.i.i.PoolingHttpClientConnectionManager - ex-0000004E: endpoint lease request (3 MINUTES) [route: {}->npipe://localhost:2375][total available: 1; route allocated: 1 of 2147483647; total allocated: 1 of 2147483647]
2024-07-24 14:30:12.492 [Test worker] DEBUG c.g.d.z.s.o.a.h.c.h.i.i.PoolingHttpClientConnectionManager - ex-0000004E: endpoint leased [route: {}->npipe://localhost:2375][total available: 0; route allocated: 1 of 2147483647; total allocated: 1 of 2147483647]
2024-07-24 14:30:12.492 [Test worker] DEBUG c.g.d.z.s.o.a.h.c.h.i.i.PoolingHttpClientConnectionManager - ex-0000004E: acquired ep-0000004D
2024-07-24 14:30:12.492 [Test worker] DEBUG c.g.d.z.s.o.a.h.c.h.i.c.InternalHttpClient - ex-0000004E: acquired endpoint ep-0000004D
2024-07-24 14:30:12.492 [Test worker] DEBUG c.g.d.z.s.o.a.h.c.h.i.c.MainClientExec - ex-0000004E: executing GET /v1.32/containers/f6824cc3e48beaf9093cc70aed8d31001c4b00cdd250e1cb64046aff093d4169/json HTTP/1.1
2024-07-24 14:30:12.492 [Test worker] DEBUG c.g.d.z.s.o.a.h.c.h.i.c.InternalHttpClient - ep-0000004D: start execution ex-0000004E
2024-07-24 14:30:12.492 [Test worker] DEBUG c.g.d.z.s.o.a.h.c.h.i.i.PoolingHttpClientConnectionManager - ep-0000004D: executing exchange ex-0000004E over http-outgoing-7
2024-07-24 14:30:12.492 [Test worker] DEBUG c.g.d.z.s.o.a.h.client5.http.headers - http-outgoing-7 >> GET /v1.32/containers/f6824cc3e48beaf9093cc70aed8d31001c4b00cdd250e1cb64046aff093d4169/json HTTP/1.1
2024-07-24 14:30:12.492 [Test worker] DEBUG c.g.d.z.s.o.a.h.client5.http.headers - http-outgoing-7 >> accept: application/json
2024-07-24 14:30:12.492 [Test worker] DEBUG c.g.d.z.s.o.a.h.client5.http.headers - http-outgoing-7 >> x-tc-sid: 280e6229-7396-4d60-b1e3-a5de48b5d49b
2024-07-24 14:30:12.492 [Test worker] DEBUG c.g.d.z.s.o.a.h.client5.http.headers - http-outgoing-7 >> User-Agent: tc-java/1.19.8
2024-07-24 14:30:12.492 [Test worker] DEBUG c.g.d.z.s.o.a.h.client5.http.headers - http-outgoing-7 >> Accept-Encoding: gzip, x-gzip, deflate
2024-07-24 14:30:12.492 [Test worker] DEBUG c.g.d.z.s.o.a.h.client5.http.headers - http-outgoing-7 >> Host: localhost:2375
2024-07-24 14:30:12.492 [Test worker] DEBUG c.g.d.z.s.o.a.h.client5.http.headers - http-outgoing-7 >> Connection: keep-alive
2024-07-24 14:30:12.492 [Test worker] DEBUG c.g.d.z.s.o.a.hc.client5.http.wire - http-outgoing-7 >> "GET /v1.32/containers/f6824cc3e48beaf9093cc70aed8d31001c4b00cdd250e1cb64046aff093d4169/json HTTP/1.1[\r][\n]"
2024-07-24 14:30:12.492 [Test worker] DEBUG c.g.d.z.s.o.a.hc.client5.http.wire - http-outgoing-7 >> "accept: application/json[\r][\n]"
2024-07-24 14:30:12.492 [Test worker] DEBUG c.g.d.z.s.o.a.hc.client5.http.wire - http-outgoing-7 >> "x-tc-sid: 280e6229-7396-4d60-b1e3-a5de48b5d49b[\r][\n]"
2024-07-24 14:30:12.492 [Test worker] DEBUG c.g.d.z.s.o.a.hc.client5.http.wire - http-outgoing-7 >> "User-Agent: tc-java/1.19.8[\r][\n]"
2024-07-24 14:30:12.492 [Test worker] DEBUG c.g.d.z.s.o.a.hc.client5.http.wire - http-outgoing-7 >> "Accept-Encoding: gzip, x-gzip, deflate[\r][\n]"
2024-07-24 14:30:12.492 [Test worker] DEBUG c.g.d.z.s.o.a.hc.client5.http.wire - http-outgoing-7 >> "Host: localhost:2375[\r][\n]"
2024-07-24 14:30:12.492 [Test worker] DEBUG c.g.d.z.s.o.a.hc.client5.http.wire - http-outgoing-7 >> "Connection: keep-alive[\r][\n]"
2024-07-24 14:30:12.492 [Test worker] DEBUG c.g.d.z.s.o.a.hc.client5.http.wire - http-outgoing-7 >> "[\r][\n]"
2024-07-24 14:30:12.496 [Test worker] DEBUG c.g.d.z.s.o.a.hc.client5.http.wire - http-outgoing-7 << "HTTP/1.1 200 OK[\r][\n]"
2024-07-24 14:30:12.496 [Test worker] DEBUG c.g.d.z.s.o.a.hc.client5.http.wire - http-outgoing-7 << "Api-Version: 1.45[\r][\n]"
2024-07-24 14:30:12.496 [Test worker] DEBUG c.g.d.z.s.o.a.hc.client5.http.wire - http-outgoing-7 << "Content-Type: application/json[\r][\n]"
2024-07-24 14:30:12.496 [Test worker] DEBUG c.g.d.z.s.o.a.hc.client5.http.wire - http-outgoing-7 << "Date: Wed, 24 Jul 2024 02:30:12 GMT[\r][\n]"
2024-07-24 14:30:12.496 [Test worker] DEBUG c.g.d.z.s.o.a.hc.client5.http.wire - http-outgoing-7 << "Docker-Experimental: false[\r][\n]"
2024-07-24 14:30:12.496 [Test worker] DEBUG c.g.d.z.s.o.a.hc.client5.http.wire - http-outgoing-7 << "Ostype: linux[\r][\n]"
2024-07-24 14:30:12.496 [Test worker] DEBUG c.g.d.z.s.o.a.hc.client5.http.wire - http-outgoing-7 << "Server: Docker/26.0.0 (linux)[\r][\n]"
2024-07-24 14:30:12.496 [Test worker] DEBUG c.g.d.z.s.o.a.hc.client5.http.wire - http-outgoing-7 << "Transfer-Encoding: chunked[\r][\n]"
2024-07-24 14:30:12.496 [Test worker] DEBUG c.g.d.z.s.o.a.hc.client5.http.wire - http-outgoing-7 << "[\r][\n]"
2024-07-24 14:30:12.497 [Test worker] DEBUG c.g.d.z.s.o.a.h.client5.http.headers - http-outgoing-7 << HTTP/1.1 200 OK
2024-07-24 14:30:12.497 [Test worker] DEBUG c.g.d.z.s.o.a.h.client5.http.headers - http-outgoing-7 << Api-Version: 1.45
2024-07-24 14:30:12.497 [Test worker] DEBUG c.g.d.z.s.o.a.h.client5.http.headers - http-outgoing-7 << Content-Type: application/json
2024-07-24 14:30:12.497 [Test worker] DEBUG c.g.d.z.s.o.a.h.client5.http.headers - http-outgoing-7 << Date: Wed, 24 Jul 2024 02:30:12 GMT
2024-07-24 14:30:12.497 [Test worker] DEBUG c.g.d.z.s.o.a.h.client5.http.headers - http-outgoing-7 << Docker-Experimental: false
2024-07-24 14:30:12.497 [Test worker] DEBUG c.g.d.z.s.o.a.h.client5.http.headers - http-outgoing-7 << Ostype: linux
2024-07-24 14:30:12.497 [Test worker] DEBUG c.g.d.z.s.o.a.h.client5.http.headers - http-outgoing-7 << Server: Docker/26.0.0 (linux)
2024-07-24 14:30:12.497 [Test worker] DEBUG c.g.d.z.s.o.a.h.client5.http.headers - http-outgoing-7 << Transfer-Encoding: chunked
2024-07-24 14:30:12.497 [Test worker] DEBUG c.g.d.z.s.o.a.h.c.h.i.c.MainClientExec - ex-0000004E: connection can be kept alive for 3 MINUTES
2024-07-24 14:30:12.498 [Test worker] DEBUG c.g.d.z.s.o.a.hc.client5.http.wire - http-outgoing-7 << "1a35[\r][\n]"
2024-07-24 14:30:12.498 [Test worker] DEBUG c.g.d.z.s.o.a.hc.client5.http.wire - http-outgoing-7 << "{"Id":"f6824cc3e48beaf9093cc70aed8d31001c4b00cdd250e1cb64046aff093d4169","Created":"2024-07-24T02:30:11.988755723Z","Path":"docker-entrypoint.sh","Args":["postgres","-c","fsync=off"],"State":{"Status":"running","Running":true,"Paused":false,"Restarting":false,"OOMKilled":false,"Dead":false,"Pid":28699,"ExitCode":0,"Error":"","StartedAt":"2024-07-24T02:30:12.4726898Z","FinishedAt":"0001-01-01T00:00:00Z"},"Image":"sha256:8e4fc9e184899a58735e7ee333f5e272d7d2298cf59302006b71f33e217be130","ResolvConfPath":"/var/lib/docker/containers/f6824cc3e48beaf9093cc70aed8d31001c4b00cdd250e1cb64046aff093d4169/resolv.conf","HostnamePath":"/var/lib/docker/containers/f6824cc3e48beaf9093cc70aed8d31001c4b00cdd250e1cb64046aff093d4169/hostname","HostsPath":"/var/lib/docker/containers/f6824cc3e48beaf9093cc70aed8d31001c4b00cdd250e1cb64046aff093d4169/hosts","LogPath":"/var/lib/docker/containers/f6824cc3e48beaf9093cc70aed8d31001c4b00cdd250e1cb64046aff093d4169/f6824cc3e48beaf9093cc70aed8d31001c4b00cdd250e1cb64046aff093d4169-json.log","Name":"/blissful_gauss","RestartCount":0,"Driver":"overlay2","Platform":"linux","MountLabel":"","ProcessLabel":"","AppArmorProfile":"","ExecIDs":null,"HostConfig":{"Binds":[],"ContainerIDFile":"","LogConfig":{"Type":"json-file","Config":{}},"NetworkMode":"default","PortBindings":{"5432/tcp":[{"HostIp":"0.0.0.0","HostPort":"0"}]},"RestartPolicy":{"Name":"no","MaximumRetryCount":0},"AutoRemove":false,"VolumeDriver":"","VolumesFrom":[],"ConsoleSize":[0,0],"CapAdd":null,"CapDrop":null,"CgroupnsMode":"host","Dns":null,"DnsOptions":null,"DnsSearch":null,"ExtraHosts":[],"GroupAdd":null,"IpcMode":"shareable","Cgroup":"","Links":null,"OomScoreAdj":0,"PidMode":"","Privileged":false,"PublishAllPorts":false,"ReadonlyRootfs":false,"SecurityOpt":null,"UTSMode":"","UsernsMode":"","ShmSize":67108864,"Runtime":"runc","Isolation":"","CpuShares":0,"Memory":0,"NanoCpus":0,"CgroupParent":"","BlkioWeight":0,"BlkioWeightDevice":null,"BlkioDeviceReadBps":null,"BlkioDeviceWriteBps":null,"BlkioDeviceReadIOps":null,"BlkioDeviceWriteIOps":null,"CpuPeriod":0,"CpuQuota":0,"CpuRealtimePeriod":0,"CpuRealtimeRuntime":0,"CpusetCpus":"","CpusetMems":"","Devices":null,"DeviceCgroupRules":null,"DeviceRequests":null,"MemoryReservation":0,"MemorySwap":0,"MemorySwappiness":null,"OomKillDisable":false,"PidsLimit":null,"Ulimits":null,"CpuCount":0,"CpuPercent":0,"IOMaximumIOps":0,"IOMaximumBandwidth":0,"MaskedPaths":["/proc/asound","/proc/acpi","/proc/kcore","/proc/keys","/proc/latency_stats","/proc/timer_list","/proc/timer_stats","/proc/sched_debug","/proc/scsi","/sys/firmware","/sys/devices/virtual/powercap"],"ReadonlyPaths":["/proc/bus","/proc/fs","/proc/irq","/proc/sys","/proc/sysrq-trigger"]},"GraphDriver":{"Data":{"LowerDir":"/var/lib/docker/overlay2/6c129f1fe20127bbf5f6d4936694b973d9fc171a95509be50860acab587bd302-init/diff:/var/lib/docker/overlay2/8f0ddbd386af0785c2e348570516955816ab350305d698d363962d488eeb15ec/diff:/var/lib/docker/overlay2/0eb0ca73e9b0be7c3d7fa8762ef4778a68f38391bc84c037c2e90b88e781b475/diff:/var/lib/docker/overlay2/74e634bddc785c5d436b10a5158cd82e21dc2065fd1cf8ff9c1c12e01575a2d8/diff:/var/lib/docker/overlay2/bb918b2851cd2f508f1e3fdbfff8b7f8b041d61e65fe8c368288bf399e80b818/diff:/var/lib/docker/overlay2/2abab2946cbdc2941ee8ec4024c51dac7313dee9de5fbedd1ca33388c59eb3c8/diff:/var/lib/docker/overlay2/e12f6083ee669bd92743ceb339a896bb25dbe461b718705bb39eb410b80c0ecd/diff:/var/lib/docker/overlay2/ced1e86d670d097da5ed4da7288c22507735918959161c2cd8bf083fb30d169a/diff:/var/lib/docker/overlay2/94e9ac7b74923285ae73af20aeccb964ca9079e2305db367cb85d1603560472d/diff:/var/lib/docker/overlay2/a396b6dfd63f0c228c519871183c614cccf4d366a43460f27ecf97113c3c4be8/diff:/var/lib/docker/overlay2/f58ada5d5080c2bac553c734f81127660a90581a35ed2a92cebe3c59e340875b/diff:/var/lib/docker/overlay2/84f85636f37bf55d945e217b4f87a856eba7932284beaf042561007b66f48977/diff:/var/lib/docker/overlay2/1e6e519613884e91a2b74a588ba35dc8a2f789371ab798ef6e7d9836d756042f/diff:/var/lib/docker/overlay2/14a3151cc8b4f9d27d2e64f1a8abc0c7809309580f2d7e8dc8545055c1d56194/diff:/var/lib/docker"
2024-07-24 14:30:12.498 [Test worker] DEBUG c.g.d.z.s.o.a.hc.client5.http.wire - http-outgoing-7 << "/overlay2/5b354b9e793401517fe2f1da697653fdaadffc54888eaf76d67e0600b8c68bdc/diff","MergedDir":"/var/lib/docker/overlay2/6c129f1fe20127bbf5f6d4936694b973d9fc171a95509be50860acab587bd302/merged","UpperDir":"/var/lib/docker/overlay2/6c129f1fe20127bbf5f6d4936694b973d9fc171a95509be50860acab587bd302/diff","WorkDir":"/var/lib/docker/overlay2/6c129f1fe20127bbf5f6d4936694b973d9fc171a95509be50860acab587bd302/work"},"Name":"overlay2"},"Mounts":[{"Type":"volume","Name":"997ab324db5fb154482a3281a24cff6a5a39616ecd8a2823fadf0303dce11035","Source":"/var/lib/docker/volumes/997ab324db5fb154482a3281a24cff6a5a39616ecd8a2823fadf0303dce11035/_data","Destination":"/var/lib/postgresql/data","Driver":"local","Mode":"","RW":true,"Propagation":""}],"Config":{"Hostname":"f6824cc3e48b","Domainname":"","User":"","AttachStdin":false,"AttachStdout":false,"AttachStderr":false,"ExposedPorts":{"5432/tcp":{}},"Tty":false,"OpenStdin":false,"StdinOnce":false,"Env":["POSTGRES_USER=user","POSTGRES_PASSWORD=password","POSTGRES_DB=db","PATH=/usr/local/sbin:/usr/local/bin:/usr/sbin:/usr/bin:/sbin:/bin:/usr/lib/postgresql/16/bin","GOSU_VERSION=1.17","LANG=en_US.utf8","PG_MAJOR=16","PG_VERSION=16.2-1.pgdg120+2","PGDATA=/var/lib/postgresql/data"],"Cmd":["postgres","-c","fsync=off"],"Image":"postgres:latest","Volumes":{"/var/lib/postgresql/data":{}},"WorkingDir":"","Entrypoint":["docker-entrypoint.sh"],"OnBuild":null,"Labels":{"org.testcontainers":"true","org.testcontainers.lang":"java","org.testcontainers.sessionId":"280e6229-7396-4d60-b1e3-a5de48b5d49b","org.testcontainers.version":"1.19.8"},"StopSignal":"SIGINT"},"NetworkSettings":{"Bridge":"","SandboxID":"d1c784fd5d2aa5086833d71b3dec9153488b6076a614e1f0968c4a34b89086ec","SandboxKey":"/var/run/docker/netns/d1c784fd5d2a","Ports":{"5432/tcp":[{"HostIp":"0.0.0.0","HostPort":"51526"}]},"HairpinMode":false,"LinkLocalIPv6Address":"","LinkLocalIPv6PrefixLen":0,"SecondaryIPAddresses":null,"SecondaryIPv6Addresses":null,"EndpointID":"ec85cad65e1cfac8231f27a144cc521b0892f76ad00f5a20049dd36db75024d8","Gateway":"172.17.0.1","GlobalIPv6Address":"","GlobalIPv6PrefixLen":0,"IPAddress":"172.17.0.3","IPPrefixLen":16,"IPv6Gateway":"","MacAddress":"02:42:ac:11:00:03","Networks":{"bridge":{"IPAMConfig":null,"Links":null,"Aliases":null,"MacAddress":"02:42:ac:11:00:03","NetworkID":"3c842496be344cbdae878c1dee0957e7bc7c0a2236009c92752030f2b053e72f","EndpointID":"ec85cad65e1cfac8231f27a144cc521b0892f76ad00f5a20049dd36db75024d8","Gateway":"172.17.0.1","IPAddress":"172.17.0.3","IPPrefixLen":16,"IPv6Gateway":"","GlobalIPv6Address":"","GlobalIPv6PrefixLen":0,"DriverOpts":null,"DNSNames":null}}}}[\n]"
2024-07-24 14:30:12.499 [Test worker] DEBUG c.g.d.z.s.o.a.hc.client5.http.wire - http-outgoing-7 << "[\r][\n]"
2024-07-24 14:30:12.499 [Test worker] DEBUG c.g.d.z.s.o.a.hc.client5.http.wire - http-outgoing-7 << "0[\r][\n]"
2024-07-24 14:30:12.499 [Test worker] DEBUG c.g.d.z.s.o.a.hc.client5.http.wire - http-outgoing-7 << "[\r][\n]"
2024-07-24 14:30:12.499 [Test worker] DEBUG c.g.d.z.s.o.a.h.c.h.i.c.InternalHttpClient - ep-0000004D: releasing valid endpoint
2024-07-24 14:30:12.499 [Test worker] DEBUG c.g.d.z.s.o.a.h.c.h.i.i.PoolingHttpClientConnectionManager - ep-0000004D: releasing endpoint
2024-07-24 14:30:12.499 [Test worker] DEBUG c.g.d.z.s.o.a.h.c.h.i.i.PoolingHttpClientConnectionManager - ep-0000004D: connection http-outgoing-7 can be kept alive for 3 MINUTES
2024-07-24 14:30:12.499 [Test worker] DEBUG c.g.d.z.s.o.a.h.c.h.i.i.PoolingHttpClientConnectionManager - ep-0000004D: connection released [route: {}->npipe://localhost:2375][total available: 1; route allocated: 1 of 2147483647; total allocated: 1 of 2147483647]
2024-07-24 14:30:12.499 [Test worker] DEBUG o.t.s.c.g.d.c.command.AbstrDockerCmd - Cmd: sha256:8e4fc9e184899a58735e7ee333f5e272d7d2298cf59302006b71f33e217be130
2024-07-24 14:30:12.499 [Test worker] TRACE o.t.s.c.g.d.c.e.InspectImageCmdExec - GET: DefaultWebTarget{path=[/images/sha256:8e4fc9e184899a58735e7ee333f5e272d7d2298cf59302006b71f33e217be130/json], queryParams={}}
2024-07-24 14:30:12.500 [Test worker] DEBUG c.g.d.z.s.o.a.h.c.h.i.c.InternalHttpClient - ex-0000004F: preparing request execution
2024-07-24 14:30:12.500 [Test worker] DEBUG c.g.d.z.s.o.a.h.c.h.p.RequestAddCookies - Cookie spec selected: strict
2024-07-24 14:30:12.500 [Test worker] DEBUG c.g.d.z.s.o.a.h.c.h.p.RequestAuthCache - Auth cache not set in the context
2024-07-24 14:30:12.500 [Test worker] DEBUG c.g.d.z.s.o.a.h.c.h.i.c.ProtocolExec - ex-0000004F: target auth state: UNCHALLENGED
2024-07-24 14:30:12.500 [Test worker] DEBUG c.g.d.z.s.o.a.h.c.h.i.c.ProtocolExec - ex-0000004F: proxy auth state: UNCHALLENGED
2024-07-24 14:30:12.500 [Test worker] DEBUG c.g.d.z.s.o.a.h.c.h.i.c.ConnectExec - ex-0000004F: acquiring connection with route {}->npipe://localhost:2375
2024-07-24 14:30:12.500 [Test worker] DEBUG c.g.d.z.s.o.a.h.c.h.i.c.InternalHttpClient - ex-0000004F: acquiring endpoint (3 MINUTES)
2024-07-24 14:30:12.500 [Test worker] DEBUG c.g.d.z.s.o.a.h.c.h.i.i.PoolingHttpClientConnectionManager - ex-0000004F: endpoint lease request (3 MINUTES) [route: {}->npipe://localhost:2375][total available: 1; route allocated: 1 of 2147483647; total allocated: 1 of 2147483647]
2024-07-24 14:30:12.500 [Test worker] DEBUG c.g.d.z.s.o.a.h.c.h.i.i.PoolingHttpClientConnectionManager - ex-0000004F: endpoint leased [route: {}->npipe://localhost:2375][total available: 0; route allocated: 1 of 2147483647; total allocated: 1 of 2147483647]
2024-07-24 14:30:12.501 [Test worker] DEBUG c.g.d.z.s.o.a.h.c.h.i.i.PoolingHttpClientConnectionManager - ex-0000004F: acquired ep-0000004E
2024-07-24 14:30:12.501 [Test worker] DEBUG c.g.d.z.s.o.a.h.c.h.i.c.InternalHttpClient - ex-0000004F: acquired endpoint ep-0000004E
2024-07-24 14:30:12.501 [Test worker] DEBUG c.g.d.z.s.o.a.h.c.h.i.c.MainClientExec - ex-0000004F: executing GET /v1.32/images/sha256:8e4fc9e184899a58735e7ee333f5e272d7d2298cf59302006b71f33e217be130/json HTTP/1.1
2024-07-24 14:30:12.501 [Test worker] DEBUG c.g.d.z.s.o.a.h.c.h.i.c.InternalHttpClient - ep-0000004E: start execution ex-0000004F
2024-07-24 14:30:12.501 [Test worker] DEBUG c.g.d.z.s.o.a.h.c.h.i.i.PoolingHttpClientConnectionManager - ep-0000004E: executing exchange ex-0000004F over http-outgoing-7
2024-07-24 14:30:12.501 [Test worker] DEBUG c.g.d.z.s.o.a.h.client5.http.headers - http-outgoing-7 >> GET /v1.32/images/sha256:8e4fc9e184899a58735e7ee333f5e272d7d2298cf59302006b71f33e217be130/json HTTP/1.1
2024-07-24 14:30:12.501 [Test worker] DEBUG c.g.d.z.s.o.a.h.client5.http.headers - http-outgoing-7 >> accept: application/json
2024-07-24 14:30:12.501 [Test worker] DEBUG c.g.d.z.s.o.a.h.client5.http.headers - http-outgoing-7 >> x-tc-sid: 280e6229-7396-4d60-b1e3-a5de48b5d49b
2024-07-24 14:30:12.501 [Test worker] DEBUG c.g.d.z.s.o.a.h.client5.http.headers - http-outgoing-7 >> User-Agent: tc-java/1.19.8
2024-07-24 14:30:12.501 [Test worker] DEBUG c.g.d.z.s.o.a.h.client5.http.headers - http-outgoing-7 >> Accept-Encoding: gzip, x-gzip, deflate
2024-07-24 14:30:12.501 [Test worker] DEBUG c.g.d.z.s.o.a.h.client5.http.headers - http-outgoing-7 >> Host: localhost:2375
2024-07-24 14:30:12.501 [Test worker] DEBUG c.g.d.z.s.o.a.h.client5.http.headers - http-outgoing-7 >> Connection: keep-alive
2024-07-24 14:30:12.501 [Test worker] DEBUG c.g.d.z.s.o.a.hc.client5.http.wire - http-outgoing-7 >> "GET /v1.32/images/sha256:8e4fc9e184899a58735e7ee333f5e272d7d2298cf59302006b71f33e217be130/json HTTP/1.1[\r][\n]"
2024-07-24 14:30:12.501 [Test worker] DEBUG c.g.d.z.s.o.a.hc.client5.http.wire - http-outgoing-7 >> "accept: application/json[\r][\n]"
2024-07-24 14:30:12.501 [Test worker] DEBUG c.g.d.z.s.o.a.hc.client5.http.wire - http-outgoing-7 >> "x-tc-sid: 280e6229-7396-4d60-b1e3-a5de48b5d49b[\r][\n]"
2024-07-24 14:30:12.501 [Test worker] DEBUG c.g.d.z.s.o.a.hc.client5.http.wire - http-outgoing-7 >> "User-Agent: tc-java/1.19.8[\r][\n]"
2024-07-24 14:30:12.501 [Test worker] DEBUG c.g.d.z.s.o.a.hc.client5.http.wire - http-outgoing-7 >> "Accept-Encoding: gzip, x-gzip, deflate[\r][\n]"
2024-07-24 14:30:12.501 [Test worker] DEBUG c.g.d.z.s.o.a.hc.client5.http.wire - http-outgoing-7 >> "Host: localhost:2375[\r][\n]"
2024-07-24 14:30:12.501 [Test worker] DEBUG c.g.d.z.s.o.a.hc.client5.http.wire - http-outgoing-7 >> "Connection: keep-alive[\r][\n]"
2024-07-24 14:30:12.501 [Test worker] DEBUG c.g.d.z.s.o.a.hc.client5.http.wire - http-outgoing-7 >> "[\r][\n]"
2024-07-24 14:30:12.505 [Test worker] DEBUG c.g.d.z.s.o.a.hc.client5.http.wire - http-outgoing-7 << "HTTP/1.1 200 OK[\r][\n]"
2024-07-24 14:30:12.505 [Test worker] DEBUG c.g.d.z.s.o.a.hc.client5.http.wire - http-outgoing-7 << "Api-Version: 1.45[\r][\n]"
2024-07-24 14:30:12.505 [Test worker] DEBUG c.g.d.z.s.o.a.hc.client5.http.wire - http-outgoing-7 << "Content-Type: application/json[\r][\n]"
2024-07-24 14:30:12.505 [Test worker] DEBUG c.g.d.z.s.o.a.hc.client5.http.wire - http-outgoing-7 << "Date: Wed, 24 Jul 2024 02:30:12 GMT[\r][\n]"
2024-07-24 14:30:12.505 [Test worker] DEBUG c.g.d.z.s.o.a.hc.client5.http.wire - http-outgoing-7 << "Docker-Experimental: false[\r][\n]"
2024-07-24 14:30:12.505 [Test worker] DEBUG c.g.d.z.s.o.a.hc.client5.http.wire - http-outgoing-7 << "Ostype: linux[\r][\n]"
2024-07-24 14:30:12.505 [Test worker] DEBUG c.g.d.z.s.o.a.hc.client5.http.wire - http-outgoing-7 << "Server: Docker/26.0.0 (linux)[\r][\n]"
2024-07-24 14:30:12.505 [Test worker] DEBUG c.g.d.z.s.o.a.hc.client5.http.wire - http-outgoing-7 << "Transfer-Encoding: chunked[\r][\n]"
2024-07-24 14:30:12.505 [Test worker] DEBUG c.g.d.z.s.o.a.hc.client5.http.wire - http-outgoing-7 << "[\r][\n]"
2024-07-24 14:30:12.505 [Test worker] DEBUG c.g.d.z.s.o.a.h.client5.http.headers - http-outgoing-7 << HTTP/1.1 200 OK
2024-07-24 14:30:12.505 [Test worker] DEBUG c.g.d.z.s.o.a.h.client5.http.headers - http-outgoing-7 << Api-Version: 1.45
2024-07-24 14:30:12.505 [Test worker] DEBUG c.g.d.z.s.o.a.h.client5.http.headers - http-outgoing-7 << Content-Type: application/json
2024-07-24 14:30:12.505 [Test worker] DEBUG c.g.d.z.s.o.a.h.client5.http.headers - http-outgoing-7 << Date: Wed, 24 Jul 2024 02:30:12 GMT
2024-07-24 14:30:12.505 [Test worker] DEBUG c.g.d.z.s.o.a.h.client5.http.headers - http-outgoing-7 << Docker-Experimental: false
2024-07-24 14:30:12.505 [Test worker] DEBUG c.g.d.z.s.o.a.h.client5.http.headers - http-outgoing-7 << Ostype: linux
2024-07-24 14:30:12.505 [Test worker] DEBUG c.g.d.z.s.o.a.h.client5.http.headers - http-outgoing-7 << Server: Docker/26.0.0 (linux)
2024-07-24 14:30:12.505 [Test worker] DEBUG c.g.d.z.s.o.a.h.client5.http.headers - http-outgoing-7 << Transfer-Encoding: chunked
2024-07-24 14:30:12.505 [Test worker] DEBUG c.g.d.z.s.o.a.h.c.h.i.c.MainClientExec - ex-0000004F: connection can be kept alive for 3 MINUTES
2024-07-24 14:30:12.505 [Test worker] DEBUG c.g.d.z.s.o.a.hc.client5.http.wire - http-outgoing-7 << "fcb[\r][\n]"
2024-07-24 14:30:12.505 [Test worker] DEBUG c.g.d.z.s.o.a.hc.client5.http.wire - http-outgoing-7 << "{"Id":"sha256:8e4fc9e184899a58735e7ee333f5e272d7d2298cf59302006b71f33e217be130","RepoTags":["postgres:latest"],"RepoDigests":["postgres@sha256:4aea012537edfad80f98d870a36e6b90b4c09b27be7f4b4759d72db863baeebb"],"Parent":"","Comment":"buildkit.dockerfile.v0","Created":"2024-02-21T00:46:13Z","ContainerConfig":{"Hostname":"","Domainname":"","User":"","AttachStdin":false,"AttachStdout":false,"AttachStderr":false,"Tty":false,"OpenStdin":false,"StdinOnce":false,"Env":null,"Cmd":null,"Image":"","Volumes":null,"WorkingDir":"","Entrypoint":null,"OnBuild":null,"Labels":null},"DockerVersion":"","Author":"","Config":{"Hostname":"","Domainname":"","User":"","AttachStdin":false,"AttachStdout":false,"AttachStderr":false,"ExposedPorts":{"5432/tcp":{}},"Tty":false,"OpenStdin":false,"StdinOnce":false,"Env":["PATH=/usr/local/sbin:/usr/local/bin:/usr/sbin:/usr/bin:/sbin:/bin:/usr/lib/postgresql/16/bin","GOSU_VERSION=1.17","LANG=en_US.utf8","PG_MAJOR=16","PG_VERSION=16.2-1.pgdg120+2","PGDATA=/var/lib/postgresql/data"],"Cmd":["postgres"],"ArgsEscaped":true,"Image":"","Volumes":{"/var/lib/postgresql/data":{}},"WorkingDir":"","Entrypoint":["docker-entrypoint.sh"],"OnBuild":null,"Labels":null,"StopSignal":"SIGINT"},"Architecture":"amd64","Os":"linux","Size":431496964,"VirtualSize":431496964,"GraphDriver":{"Data":{"LowerDir":"/var/lib/docker/overlay2/0eb0ca73e9b0be7c3d7fa8762ef4778a68f38391bc84c037c2e90b88e781b475/diff:/var/lib/docker/overlay2/74e634bddc785c5d436b10a5158cd82e21dc2065fd1cf8ff9c1c12e01575a2d8/diff:/var/lib/docker/overlay2/bb918b2851cd2f508f1e3fdbfff8b7f8b041d61e65fe8c368288bf399e80b818/diff:/var/lib/docker/overlay2/2abab2946cbdc2941ee8ec4024c51dac7313dee9de5fbedd1ca33388c59eb3c8/diff:/var/lib/docker/overlay2/e12f6083ee669bd92743ceb339a896bb25dbe461b718705bb39eb410b80c0ecd/diff:/var/lib/docker/overlay2/ced1e86d670d097da5ed4da7288c22507735918959161c2cd8bf083fb30d169a/diff:/var/lib/docker/overlay2/94e9ac7b74923285ae73af20aeccb964ca9079e2305db367cb85d1603560472d/diff:/var/lib/docker/overlay2/a396b6dfd63f0c228c519871183c614cccf4d366a43460f27ecf97113c3c4be8/diff:/var/lib/docker/overlay2/f58ada5d5080c2bac553c734f81127660a90581a35ed2a92cebe3c59e340875b/diff:/var/lib/docker/overlay2/84f85636f37bf55d945e217b4f87a856eba7932284beaf042561007b66f48977/diff:/var/lib/docker/overlay2/1e6e519613884e91a2b74a588ba35dc8a2f789371ab798ef6e7d9836d756042f/diff:/var/lib/docker/overlay2/14a3151cc8b4f9d27d2e64f1a8abc0c7809309580f2d7e8dc8545055c1d56194/diff:/var/lib/docker/overlay2/5b354b9e793401517fe2f1da697653fdaadffc54888eaf76d67e0600b8c68bdc/diff","MergedDir":"/var/lib/docker/overlay2/8f0ddbd386af0785c2e348570516955816ab350305d698d363962d488eeb15ec/merged","UpperDir":"/var/lib/docker/overlay2/8f0ddbd386af0785c2e348570516955816ab350305d698d363962d488eeb15ec/diff","WorkDir":"/var/lib/docker/overlay2/8f0ddbd386af0785c2e348570516955816ab350305d698d363962d488eeb15ec/work"},"Name":"overlay2"},"RootFS":{"Type":"layers","Layers":["sha256:52ec5a4316fadc09a4a51f82b8d7b66ead0d71bea4f75e81e25b4094c4219061","sha256:5a99d63e3aef066b4fa085cf24d0281681d5530c22f0c93391b854ba5741b62e","sha256:12694c6edf8321950446751b5acc175137946701b72febd6a32ab6e6cb89403b","sha256:beceb355ef35df0b8123db4eddd8f734e7414a3828e463354a913dda6738571d","sha256:0f86e6985ca32f3adeb9f65e3f80b3f2aa37a697d345c84011b2421e5608bc06","sha256:22c31f24613cd6a7b43f3074166d79619574e76f430035be15d909ae45fb97da","sha256:7c32a1ce1cc084a148145553666d5b64e3b6551491d1c3c6cc545b5b69daf5da","sha256:192de40051e6f5b468a60be4e6d162a1bbf3dc4af2dfb0a7aa8db25f86b6e68e","sha256:257f3fc789f6526019470322285b4bfe55e3e09f41150576c0997f370407af14","sha256:2993953b2c109056b0d580a549dae9f902a84a29f3907d96d7329746a8df7fc2","sha256:0bc02fbb093e939812a0ca64bd21a807d815b89c5e034e73026d14535053f4e2","sha256:3866ad927dc8101b32941f0fe6e36e656eba398b92164688ce1d1afdeca7eb09","sha256:2621fdc21b32f8210d30df7b9f44c068fa347ce07f7e1935a2383e5f7e7ddecb","sha256:c116a9ba3dbfe8c6135659ba009883a03bdc660abfedc64e2528baa6d736dbc9"]},"Metadata":{"LastTagTime":"0001-01-01T00:00:00Z"},"Container":""}[\n]"
2024-07-24 14:30:12.505 [Test worker] DEBUG c.g.d.z.s.o.a.hc.client5.http.wire - http-outgoing-7 << "[\r][\n]"
2024-07-24 14:30:12.505 [Test worker] DEBUG c.g.d.z.s.o.a.hc.client5.http.wire - http-outgoing-7 << "0[\r][\n]"
2024-07-24 14:30:12.505 [Test worker] DEBUG c.g.d.z.s.o.a.hc.client5.http.wire - http-outgoing-7 << "[\r][\n]"
2024-07-24 14:30:12.506 [Test worker] DEBUG c.g.d.z.s.o.a.h.c.h.i.c.InternalHttpClient - ep-0000004E: releasing valid endpoint
2024-07-24 14:30:12.506 [Test worker] DEBUG c.g.d.z.s.o.a.h.c.h.i.i.PoolingHttpClientConnectionManager - ep-0000004E: releasing endpoint
2024-07-24 14:30:12.506 [Test worker] DEBUG c.g.d.z.s.o.a.h.c.h.i.i.PoolingHttpClientConnectionManager - ep-0000004E: connection http-outgoing-7 can be kept alive for 3 MINUTES
2024-07-24 14:30:12.506 [Test worker] DEBUG c.g.d.z.s.o.a.h.c.h.i.i.PoolingHttpClientConnectionManager - ep-0000004E: connection released [route: {}->npipe://localhost:2375][total available: 1; route allocated: 1 of 2147483647; total allocated: 1 of 2147483647]
2024-07-24 14:30:12.507 [Test worker] DEBUG o.t.s.c.g.d.c.command.AbstrDockerCmd - Cmd: 
2024-07-24 14:30:12.507 [Test worker] TRACE o.t.s.c.g.d.core.exec.VersionCmdExec - GET: DefaultWebTarget{path=[/version], queryParams={}}
2024-07-24 14:30:12.507 [Test worker] DEBUG c.g.d.z.s.o.a.h.c.h.i.c.InternalHttpClient - ex-00000050: preparing request execution
2024-07-24 14:30:12.507 [Test worker] DEBUG c.g.d.z.s.o.a.h.c.h.p.RequestAddCookies - Cookie spec selected: strict
2024-07-24 14:30:12.507 [Test worker] DEBUG c.g.d.z.s.o.a.h.c.h.p.RequestAuthCache - Auth cache not set in the context
2024-07-24 14:30:12.507 [Test worker] DEBUG c.g.d.z.s.o.a.h.c.h.i.c.ProtocolExec - ex-00000050: target auth state: UNCHALLENGED
2024-07-24 14:30:12.507 [Test worker] DEBUG c.g.d.z.s.o.a.h.c.h.i.c.ProtocolExec - ex-00000050: proxy auth state: UNCHALLENGED
2024-07-24 14:30:12.507 [Test worker] DEBUG c.g.d.z.s.o.a.h.c.h.i.c.ConnectExec - ex-00000050: acquiring connection with route {}->npipe://localhost:2375
2024-07-24 14:30:12.507 [Test worker] DEBUG c.g.d.z.s.o.a.h.c.h.i.c.InternalHttpClient - ex-00000050: acquiring endpoint (3 MINUTES)
2024-07-24 14:30:12.507 [Test worker] DEBUG c.g.d.z.s.o.a.h.c.h.i.i.PoolingHttpClientConnectionManager - ex-00000050: endpoint lease request (3 MINUTES) [route: {}->npipe://localhost:2375][total available: 1; route allocated: 1 of 2147483647; total allocated: 1 of 2147483647]
2024-07-24 14:30:12.507 [Test worker] DEBUG c.g.d.z.s.o.a.h.c.h.i.i.PoolingHttpClientConnectionManager - ex-00000050: endpoint leased [route: {}->npipe://localhost:2375][total available: 0; route allocated: 1 of 2147483647; total allocated: 1 of 2147483647]
2024-07-24 14:30:12.507 [Test worker] DEBUG c.g.d.z.s.o.a.h.c.h.i.i.PoolingHttpClientConnectionManager - ex-00000050: acquired ep-0000004F
2024-07-24 14:30:12.507 [Test worker] DEBUG c.g.d.z.s.o.a.h.c.h.i.c.InternalHttpClient - ex-00000050: acquired endpoint ep-0000004F
2024-07-24 14:30:12.507 [Test worker] DEBUG c.g.d.z.s.o.a.h.c.h.i.c.MainClientExec - ex-00000050: executing GET /v1.32/version HTTP/1.1
2024-07-24 14:30:12.507 [Test worker] DEBUG c.g.d.z.s.o.a.h.c.h.i.c.InternalHttpClient - ep-0000004F: start execution ex-00000050
2024-07-24 14:30:12.507 [Test worker] DEBUG c.g.d.z.s.o.a.h.c.h.i.i.PoolingHttpClientConnectionManager - ep-0000004F: executing exchange ex-00000050 over http-outgoing-7
2024-07-24 14:30:12.507 [Test worker] DEBUG c.g.d.z.s.o.a.h.client5.http.headers - http-outgoing-7 >> GET /v1.32/version HTTP/1.1
2024-07-24 14:30:12.507 [Test worker] DEBUG c.g.d.z.s.o.a.h.client5.http.headers - http-outgoing-7 >> accept: application/json
2024-07-24 14:30:12.507 [Test worker] DEBUG c.g.d.z.s.o.a.h.client5.http.headers - http-outgoing-7 >> x-tc-sid: 280e6229-7396-4d60-b1e3-a5de48b5d49b
2024-07-24 14:30:12.507 [Test worker] DEBUG c.g.d.z.s.o.a.h.client5.http.headers - http-outgoing-7 >> User-Agent: tc-java/1.19.8
2024-07-24 14:30:12.507 [Test worker] DEBUG c.g.d.z.s.o.a.h.client5.http.headers - http-outgoing-7 >> Accept-Encoding: gzip, x-gzip, deflate
2024-07-24 14:30:12.507 [Test worker] DEBUG c.g.d.z.s.o.a.h.client5.http.headers - http-outgoing-7 >> Host: localhost:2375
2024-07-24 14:30:12.507 [Test worker] DEBUG c.g.d.z.s.o.a.h.client5.http.headers - http-outgoing-7 >> Connection: keep-alive
2024-07-24 14:30:12.507 [Test worker] DEBUG c.g.d.z.s.o.a.hc.client5.http.wire - http-outgoing-7 >> "GET /v1.32/version HTTP/1.1[\r][\n]"
2024-07-24 14:30:12.507 [Test worker] DEBUG c.g.d.z.s.o.a.hc.client5.http.wire - http-outgoing-7 >> "accept: application/json[\r][\n]"
2024-07-24 14:30:12.507 [Test worker] DEBUG c.g.d.z.s.o.a.hc.client5.http.wire - http-outgoing-7 >> "x-tc-sid: 280e6229-7396-4d60-b1e3-a5de48b5d49b[\r][\n]"
2024-07-24 14:30:12.507 [Test worker] DEBUG c.g.d.z.s.o.a.hc.client5.http.wire - http-outgoing-7 >> "User-Agent: tc-java/1.19.8[\r][\n]"
2024-07-24 14:30:12.507 [Test worker] DEBUG c.g.d.z.s.o.a.hc.client5.http.wire - http-outgoing-7 >> "Accept-Encoding: gzip, x-gzip, deflate[\r][\n]"
2024-07-24 14:30:12.507 [Test worker] DEBUG c.g.d.z.s.o.a.hc.client5.http.wire - http-outgoing-7 >> "Host: localhost:2375[\r][\n]"
2024-07-24 14:30:12.507 [Test worker] DEBUG c.g.d.z.s.o.a.hc.client5.http.wire - http-outgoing-7 >> "Connection: keep-alive[\r][\n]"
2024-07-24 14:30:12.507 [Test worker] DEBUG c.g.d.z.s.o.a.hc.client5.http.wire - http-outgoing-7 >> "[\r][\n]"
2024-07-24 14:30:12.519 [Test worker] DEBUG c.g.d.z.s.o.a.hc.client5.http.wire - http-outgoing-7 << "HTTP/1.1 200 OK[\r][\n]"
2024-07-24 14:30:12.519 [Test worker] DEBUG c.g.d.z.s.o.a.hc.client5.http.wire - http-outgoing-7 << "Api-Version: 1.45[\r][\n]"
2024-07-24 14:30:12.519 [Test worker] DEBUG c.g.d.z.s.o.a.hc.client5.http.wire - http-outgoing-7 << "Content-Type: application/json[\r][\n]"
2024-07-24 14:30:12.519 [Test worker] DEBUG c.g.d.z.s.o.a.hc.client5.http.wire - http-outgoing-7 << "Date: Wed, 24 Jul 2024 02:30:12 GMT[\r][\n]"
2024-07-24 14:30:12.519 [Test worker] DEBUG c.g.d.z.s.o.a.hc.client5.http.wire - http-outgoing-7 << "Docker-Experimental: false[\r][\n]"
2024-07-24 14:30:12.519 [Test worker] DEBUG c.g.d.z.s.o.a.hc.client5.http.wire - http-outgoing-7 << "Ostype: linux[\r][\n]"
2024-07-24 14:30:12.519 [Test worker] DEBUG c.g.d.z.s.o.a.hc.client5.http.wire - http-outgoing-7 << "Server: Docker/26.0.0 (linux)[\r][\n]"
2024-07-24 14:30:12.519 [Test worker] DEBUG c.g.d.z.s.o.a.hc.client5.http.wire - http-outgoing-7 << "Transfer-Encoding: chunked[\r][\n]"
2024-07-24 14:30:12.519 [Test worker] DEBUG c.g.d.z.s.o.a.hc.client5.http.wire - http-outgoing-7 << "[\r][\n]"
2024-07-24 14:30:12.519 [Test worker] DEBUG c.g.d.z.s.o.a.h.client5.http.headers - http-outgoing-7 << HTTP/1.1 200 OK
2024-07-24 14:30:12.519 [Test worker] DEBUG c.g.d.z.s.o.a.h.client5.http.headers - http-outgoing-7 << Api-Version: 1.45
2024-07-24 14:30:12.519 [Test worker] DEBUG c.g.d.z.s.o.a.h.client5.http.headers - http-outgoing-7 << Content-Type: application/json
2024-07-24 14:30:12.519 [Test worker] DEBUG c.g.d.z.s.o.a.h.client5.http.headers - http-outgoing-7 << Date: Wed, 24 Jul 2024 02:30:12 GMT
2024-07-24 14:30:12.519 [Test worker] DEBUG c.g.d.z.s.o.a.h.client5.http.headers - http-outgoing-7 << Docker-Experimental: false
2024-07-24 14:30:12.519 [Test worker] DEBUG c.g.d.z.s.o.a.h.client5.http.headers - http-outgoing-7 << Ostype: linux
2024-07-24 14:30:12.519 [Test worker] DEBUG c.g.d.z.s.o.a.h.client5.http.headers - http-outgoing-7 << Server: Docker/26.0.0 (linux)
2024-07-24 14:30:12.519 [Test worker] DEBUG c.g.d.z.s.o.a.h.client5.http.headers - http-outgoing-7 << Transfer-Encoding: chunked
2024-07-24 14:30:12.520 [Test worker] DEBUG c.g.d.z.s.o.a.h.c.h.i.c.MainClientExec - ex-00000050: connection can be kept alive for 3 MINUTES
2024-07-24 14:30:12.520 [Test worker] DEBUG c.g.d.z.s.o.a.hc.client5.http.wire - http-outgoing-7 << "35f[\r][\n]"
2024-07-24 14:30:12.520 [Test worker] DEBUG c.g.d.z.s.o.a.hc.client5.http.wire - http-outgoing-7 << "{"Platform":{"Name":"Docker Desktop 4.29.0 (145265)"},"Components":[{"Name":"Engine","Version":"26.0.0","Details":{"ApiVersion":"1.45","Arch":"amd64","BuildTime":"2024-03-20T15:18:01.000000000+00:00","Experimental":"false","GitCommit":"8b79278","GoVersion":"go1.21.8","KernelVersion":"5.15.153.1-microsoft-standard-WSL2","MinAPIVersion":"1.24","Os":"linux"}},{"Name":"containerd","Version":"1.6.28","Details":{"GitCommit":"ae07eda36dd25f8a1b98dfbf587313b99c0190bb"}},{"Name":"runc","Version":"1.1.12","Details":{"GitCommit":"v1.1.12-0-g51d5e94"}},{"Name":"docker-init","Version":"0.19.0","Details":{"GitCommit":"de40ad0"}}],"Version":"26.0.0","ApiVersion":"1.45","MinAPIVersion":"1.24","GitCommit":"8b79278","GoVersion":"go1.21.8","Os":"linux","Arch":"amd64","KernelVersion":"5.15.153.1-microsoft-standard-WSL2","BuildTime":"2024-03-20T15:18:01.000000000+00:00"}[\n]"
2024-07-24 14:30:12.520 [Test worker] DEBUG c.g.d.z.s.o.a.hc.client5.http.wire - http-outgoing-7 << "[\r][\n]"
2024-07-24 14:30:12.520 [Test worker] DEBUG c.g.d.z.s.o.a.hc.client5.http.wire - http-outgoing-7 << "0[\r][\n]"
2024-07-24 14:30:12.520 [Test worker] DEBUG c.g.d.z.s.o.a.hc.client5.http.wire - http-outgoing-7 << "[\r][\n]"
2024-07-24 14:30:12.520 [Test worker] DEBUG c.g.d.z.s.o.a.h.c.h.i.c.InternalHttpClient - ep-0000004F: releasing valid endpoint
2024-07-24 14:30:12.520 [Test worker] DEBUG c.g.d.z.s.o.a.h.c.h.i.i.PoolingHttpClientConnectionManager - ep-0000004F: releasing endpoint
2024-07-24 14:30:12.520 [Test worker] DEBUG c.g.d.z.s.o.a.h.c.h.i.i.PoolingHttpClientConnectionManager - ep-0000004F: connection http-outgoing-7 can be kept alive for 3 MINUTES
2024-07-24 14:30:12.520 [Test worker] DEBUG c.g.d.z.s.o.a.h.c.h.i.i.PoolingHttpClientConnectionManager - ep-0000004F: connection released [route: {}->npipe://localhost:2375][total available: 1; route allocated: 1 of 2147483647; total allocated: 1 of 2147483647]
2024-07-24 14:30:12.521 [Test worker] TRACE o.t.s.c.g.d.c.e.LogContainerCmdExec - GET: DefaultWebTarget{path=[/containers/f6824cc3e48beaf9093cc70aed8d31001c4b00cdd250e1cb64046aff093d4169/logs], queryParams={stdout=[true], stderr=[true], follow=[true], since=[0]}}
2024-07-24 14:30:12.522 [docker-java-stream--1988017837] DEBUG c.g.d.z.s.o.a.h.c.h.i.c.InternalHttpClient - ex-00000051: preparing request execution
2024-07-24 14:30:12.522 [docker-java-stream--1988017837] DEBUG c.g.d.z.s.o.a.h.c.h.p.RequestAddCookies - Cookie spec selected: strict
2024-07-24 14:30:12.522 [docker-java-stream--1988017837] DEBUG c.g.d.z.s.o.a.h.c.h.p.RequestAuthCache - Auth cache not set in the context
2024-07-24 14:30:12.522 [docker-java-stream--1988017837] DEBUG c.g.d.z.s.o.a.h.c.h.i.c.ProtocolExec - ex-00000051: target auth state: UNCHALLENGED
2024-07-24 14:30:12.522 [docker-java-stream--1988017837] DEBUG c.g.d.z.s.o.a.h.c.h.i.c.ProtocolExec - ex-00000051: proxy auth state: UNCHALLENGED
2024-07-24 14:30:12.522 [docker-java-stream--1988017837] DEBUG c.g.d.z.s.o.a.h.c.h.i.c.ConnectExec - ex-00000051: acquiring connection with route {}->npipe://localhost:2375
2024-07-24 14:30:12.522 [docker-java-stream--1988017837] DEBUG c.g.d.z.s.o.a.h.c.h.i.c.InternalHttpClient - ex-00000051: acquiring endpoint (3 MINUTES)
2024-07-24 14:30:12.522 [docker-java-stream--1988017837] DEBUG c.g.d.z.s.o.a.h.c.h.i.i.PoolingHttpClientConnectionManager - ex-00000051: endpoint lease request (3 MINUTES) [route: {}->npipe://localhost:2375][total available: 1; route allocated: 1 of 2147483647; total allocated: 1 of 2147483647]
2024-07-24 14:30:12.522 [docker-java-stream--1988017837] DEBUG c.g.d.z.s.o.a.h.c.h.i.i.PoolingHttpClientConnectionManager - ex-00000051: endpoint leased [route: {}->npipe://localhost:2375][total available: 0; route allocated: 1 of 2147483647; total allocated: 1 of 2147483647]
2024-07-24 14:30:12.522 [docker-java-stream--1988017837] DEBUG c.g.d.z.s.o.a.h.c.h.i.i.PoolingHttpClientConnectionManager - ex-00000051: acquired ep-00000050
2024-07-24 14:30:12.522 [docker-java-stream--1988017837] DEBUG c.g.d.z.s.o.a.h.c.h.i.c.InternalHttpClient - ex-00000051: acquired endpoint ep-00000050
2024-07-24 14:30:12.522 [docker-java-stream--1988017837] DEBUG c.g.d.z.s.o.a.h.c.h.i.c.MainClientExec - ex-00000051: executing GET /v1.32/containers/f6824cc3e48beaf9093cc70aed8d31001c4b00cdd250e1cb64046aff093d4169/logs?stdout=true&stderr=true&follow=true&since=0 HTTP/1.1
2024-07-24 14:30:12.522 [docker-java-stream--1988017837] DEBUG c.g.d.z.s.o.a.h.c.h.i.c.InternalHttpClient - ep-00000050: start execution ex-00000051
2024-07-24 14:30:12.522 [docker-java-stream--1988017837] DEBUG c.g.d.z.s.o.a.h.c.h.i.i.PoolingHttpClientConnectionManager - ep-00000050: executing exchange ex-00000051 over http-outgoing-7
2024-07-24 14:30:12.522 [docker-java-stream--1988017837] DEBUG c.g.d.z.s.o.a.h.client5.http.headers - http-outgoing-7 >> GET /v1.32/containers/f6824cc3e48beaf9093cc70aed8d31001c4b00cdd250e1cb64046aff093d4169/logs?stdout=true&stderr=true&follow=true&since=0 HTTP/1.1
2024-07-24 14:30:12.522 [docker-java-stream--1988017837] DEBUG c.g.d.z.s.o.a.h.client5.http.headers - http-outgoing-7 >> x-tc-sid: 280e6229-7396-4d60-b1e3-a5de48b5d49b
2024-07-24 14:30:12.522 [docker-java-stream--1988017837] DEBUG c.g.d.z.s.o.a.h.client5.http.headers - http-outgoing-7 >> User-Agent: tc-java/1.19.8
2024-07-24 14:30:12.522 [docker-java-stream--1988017837] DEBUG c.g.d.z.s.o.a.h.client5.http.headers - http-outgoing-7 >> Accept-Encoding: gzip, x-gzip, deflate
2024-07-24 14:30:12.522 [docker-java-stream--1988017837] DEBUG c.g.d.z.s.o.a.h.client5.http.headers - http-outgoing-7 >> Host: localhost:2375
2024-07-24 14:30:12.522 [docker-java-stream--1988017837] DEBUG c.g.d.z.s.o.a.h.client5.http.headers - http-outgoing-7 >> Connection: keep-alive
2024-07-24 14:30:12.523 [docker-java-stream--1988017837] DEBUG c.g.d.z.s.o.a.hc.client5.http.wire - http-outgoing-7 >> "GET /v1.32/containers/f6824cc3e48beaf9093cc70aed8d31001c4b00cdd250e1cb64046aff093d4169/logs?stdout=true&stderr=true&follow=true&since=0 HTTP/1.1[\r][\n]"
2024-07-24 14:30:12.523 [docker-java-stream--1988017837] DEBUG c.g.d.z.s.o.a.hc.client5.http.wire - http-outgoing-7 >> "x-tc-sid: 280e6229-7396-4d60-b1e3-a5de48b5d49b[\r][\n]"
2024-07-24 14:30:12.523 [docker-java-stream--1988017837] DEBUG c.g.d.z.s.o.a.hc.client5.http.wire - http-outgoing-7 >> "User-Agent: tc-java/1.19.8[\r][\n]"
2024-07-24 14:30:12.523 [docker-java-stream--1988017837] DEBUG c.g.d.z.s.o.a.hc.client5.http.wire - http-outgoing-7 >> "Accept-Encoding: gzip, x-gzip, deflate[\r][\n]"
2024-07-24 14:30:12.523 [docker-java-stream--1988017837] DEBUG c.g.d.z.s.o.a.hc.client5.http.wire - http-outgoing-7 >> "Host: localhost:2375[\r][\n]"
2024-07-24 14:30:12.523 [docker-java-stream--1988017837] DEBUG c.g.d.z.s.o.a.hc.client5.http.wire - http-outgoing-7 >> "Connection: keep-alive[\r][\n]"
2024-07-24 14:30:12.523 [docker-java-stream--1988017837] DEBUG c.g.d.z.s.o.a.hc.client5.http.wire - http-outgoing-7 >> "[\r][\n]"
2024-07-24 14:30:12.526 [docker-java-stream--1988017837] DEBUG c.g.d.z.s.o.a.hc.client5.http.wire - http-outgoing-7 << "HTTP/1.1 200 OK[\r][\n]"
2024-07-24 14:30:12.526 [docker-java-stream--1988017837] DEBUG c.g.d.z.s.o.a.hc.client5.http.wire - http-outgoing-7 << "Api-Version: 1.45[\r][\n]"
2024-07-24 14:30:12.526 [docker-java-stream--1988017837] DEBUG c.g.d.z.s.o.a.hc.client5.http.wire - http-outgoing-7 << "Content-Type: application/vnd.docker.raw-stream[\r][\n]"
2024-07-24 14:30:12.526 [docker-java-stream--1988017837] DEBUG c.g.d.z.s.o.a.hc.client5.http.wire - http-outgoing-7 << "Date: Wed, 24 Jul 2024 02:30:12 GMT[\r][\n]"
2024-07-24 14:30:12.526 [docker-java-stream--1988017837] DEBUG c.g.d.z.s.o.a.hc.client5.http.wire - http-outgoing-7 << "Docker-Experimental: false[\r][\n]"
2024-07-24 14:30:12.526 [docker-java-stream--1988017837] DEBUG c.g.d.z.s.o.a.hc.client5.http.wire - http-outgoing-7 << "Ostype: linux[\r][\n]"
2024-07-24 14:30:12.526 [docker-java-stream--1988017837] DEBUG c.g.d.z.s.o.a.hc.client5.http.wire - http-outgoing-7 << "Server: Docker/26.0.0 (linux)[\r][\n]"
2024-07-24 14:30:12.526 [docker-java-stream--1988017837] DEBUG c.g.d.z.s.o.a.hc.client5.http.wire - http-outgoing-7 << "Transfer-Encoding: chunked[\r][\n]"
2024-07-24 14:30:12.526 [docker-java-stream--1988017837] DEBUG c.g.d.z.s.o.a.hc.client5.http.wire - http-outgoing-7 << "[\r][\n]"
2024-07-24 14:30:12.526 [docker-java-stream--1988017837] DEBUG c.g.d.z.s.o.a.h.client5.http.headers - http-outgoing-7 << HTTP/1.1 200 OK
2024-07-24 14:30:12.526 [docker-java-stream--1988017837] DEBUG c.g.d.z.s.o.a.h.client5.http.headers - http-outgoing-7 << Api-Version: 1.45
2024-07-24 14:30:12.526 [docker-java-stream--1988017837] DEBUG c.g.d.z.s.o.a.h.client5.http.headers - http-outgoing-7 << Content-Type: application/vnd.docker.raw-stream
2024-07-24 14:30:12.526 [docker-java-stream--1988017837] DEBUG c.g.d.z.s.o.a.h.client5.http.headers - http-outgoing-7 << Date: Wed, 24 Jul 2024 02:30:12 GMT
2024-07-24 14:30:12.526 [docker-java-stream--1988017837] DEBUG c.g.d.z.s.o.a.h.client5.http.headers - http-outgoing-7 << Docker-Experimental: false
2024-07-24 14:30:12.526 [docker-java-stream--1988017837] DEBUG c.g.d.z.s.o.a.h.client5.http.headers - http-outgoing-7 << Ostype: linux
2024-07-24 14:30:12.526 [docker-java-stream--1988017837] DEBUG c.g.d.z.s.o.a.h.client5.http.headers - http-outgoing-7 << Server: Docker/26.0.0 (linux)
2024-07-24 14:30:12.526 [docker-java-stream--1988017837] DEBUG c.g.d.z.s.o.a.h.client5.http.headers - http-outgoing-7 << Transfer-Encoding: chunked
2024-07-24 14:30:12.526 [docker-java-stream--1988017837] DEBUG c.g.d.z.s.o.a.h.c.h.i.c.MainClientExec - ex-00000051: connection can be kept alive for 3 MINUTES
2024-07-24 14:30:12.532 [docker-java-stream--1988017837] DEBUG c.g.d.z.s.o.a.hc.client5.http.wire - http-outgoing-7 << "1fd[\r][\n]"
2024-07-24 14:30:12.532 [docker-java-stream--1988017837] DEBUG c.g.d.z.s.o.a.hc.client5.http.wire - http-outgoing-7 << "[0x1][0x0][0x0][0x0][0x0][0x0][0x0]NThe files belonging to this database system will be owned by user "postgres".[\n]"
2024-07-24 14:30:12.532 [docker-java-stream--1988017837] DEBUG c.g.d.z.s.o.a.hc.client5.http.wire - http-outgoing-7 << "[0x1][0x0][0x0][0x0][0x0][0x0][0x0],This user must also own the server process.[\n]"
2024-07-24 14:30:12.532 [docker-java-stream--1988017837] DEBUG c.g.d.z.s.o.a.hc.client5.http.wire - http-outgoing-7 << "[0x1][0x0][0x0][0x0][0x0][0x0][0x0][0x1][\n]"
2024-07-24 14:30:12.532 [docker-java-stream--1988017837] DEBUG c.g.d.z.s.o.a.hc.client5.http.wire - http-outgoing-7 << "[0x1][0x0][0x0][0x0][0x0][0x0][0x0]CThe database cluster will be initialized with locale "en_US.utf8".[\n]"
2024-07-24 14:30:12.532 [docker-java-stream--1988017837] DEBUG c.g.d.z.s.o.a.hc.client5.http.wire - http-outgoing-7 << "[0x1][0x0][0x0][0x0][0x0][0x0][0x0]BThe default database encoding has accordingly been set to "UTF8".[\n]"
2024-07-24 14:30:12.532 [docker-java-stream--1988017837] DEBUG c.g.d.z.s.o.a.hc.client5.http.wire - http-outgoing-7 << "[0x1][0x0][0x0][0x0][0x0][0x0][0x0]@The default text search configuration will be set to "english".[\n]"
2024-07-24 14:30:12.532 [docker-java-stream--1988017837] DEBUG c.g.d.z.s.o.a.hc.client5.http.wire - http-outgoing-7 << "[0x1][0x0][0x0][0x0][0x0][0x0][0x0][0x1][\n]"
2024-07-24 14:30:12.532 [docker-java-stream--1988017837] DEBUG c.g.d.z.s.o.a.hc.client5.http.wire - http-outgoing-7 << "[0x1][0x0][0x0][0x0][0x0][0x0][0x0]"Data page checksums are disabled.[\n]"
2024-07-24 14:30:12.532 [docker-java-stream--1988017837] DEBUG c.g.d.z.s.o.a.hc.client5.http.wire - http-outgoing-7 << "[0x1][0x0][0x0][0x0][0x0][0x0][0x0][0x1][\n]"
2024-07-24 14:30:12.532 [docker-java-stream--1988017837] DEBUG c.g.d.z.s.o.a.hc.client5.http.wire - http-outgoing-7 << "[0x1][0x0][0x0][0x0][0x0][0x0][0x0]Ifixing permissions on existing directory /var/lib/postgresql/data ... ok[\n]"
2024-07-24 14:30:12.532 [docker-java-stream--1988017837] DEBUG c.g.d.z.s.o.a.hc.client5.http.wire - http-outgoing-7 << "[\r][\n]"
2024-07-24 14:30:12.532 [Test worker] DEBUG o.t.c.output.WaitingConsumer - STDOUT: The default database encoding has accordingly been set to "UTF8".
2024-07-24 14:30:12.532 [Test worker] DEBUG o.t.c.output.WaitingConsumer - STDOUT: fixing permissions on existing directory /var/lib/postgresql/data ... ok
2024-07-24 14:30:12.532 [Test worker] DEBUG o.t.c.output.WaitingConsumer - STDOUT: 
2024-07-24 14:30:12.532 [Test worker] DEBUG o.t.c.output.WaitingConsumer - STDOUT: Data page checksums are disabled.
2024-07-24 14:30:12.532 [Test worker] DEBUG o.t.c.output.WaitingConsumer - STDOUT: 
2024-07-24 14:30:12.532 [Test worker] DEBUG o.t.c.output.WaitingConsumer - STDOUT: The default text search configuration will be set to "english".
2024-07-24 14:30:12.532 [Test worker] DEBUG o.t.c.output.WaitingConsumer - STDOUT: The database cluster will be initialized with locale "en_US.utf8".
2024-07-24 14:30:12.532 [Test worker] DEBUG o.t.c.output.WaitingConsumer - STDOUT: 
2024-07-24 14:30:12.532 [Test worker] DEBUG o.t.c.output.WaitingConsumer - STDOUT: This user must also own the server process.
2024-07-24 14:30:12.532 [Test worker] DEBUG o.t.c.output.WaitingConsumer - STDOUT: The files belonging to this database system will be owned by user "postgres".
2024-07-24 14:30:12.537 [docker-java-stream--1988017837] DEBUG c.g.d.z.s.o.a.hc.client5.http.wire - http-outgoing-7 << "68[\r][\n]"
2024-07-24 14:30:12.537 [docker-java-stream--1988017837] DEBUG c.g.d.z.s.o.a.hc.client5.http.wire - http-outgoing-7 << "[0x1][0x0][0x0][0x0][0x0][0x0][0x0][0x1f]creating subdirectories ... ok[\n]"
2024-07-24 14:30:12.537 [docker-java-stream--1988017837] DEBUG c.g.d.z.s.o.a.hc.client5.http.wire - http-outgoing-7 << "[0x1][0x0][0x0][0x0][0x0][0x0][0x0]9selecting dynamic shared memory implementation ... posix[\n]"
2024-07-24 14:30:12.537 [docker-java-stream--1988017837] DEBUG c.g.d.z.s.o.a.hc.client5.http.wire - http-outgoing-7 << "[\r][\n]"
2024-07-24 14:30:12.545 [Test worker] DEBUG o.t.c.output.WaitingConsumer - STDOUT: selecting dynamic shared memory implementation ... posix
2024-07-24 14:30:12.545 [Test worker] DEBUG o.t.c.output.WaitingConsumer - STDOUT: creating subdirectories ... ok
2024-07-24 14:30:12.557 [docker-java-stream--1988017837] DEBUG c.g.d.z.s.o.a.hc.client5.http.wire - http-outgoing-7 << "32[\r][\n]"
2024-07-24 14:30:12.557 [docker-java-stream--1988017837] DEBUG c.g.d.z.s.o.a.hc.client5.http.wire - http-outgoing-7 << "[0x1][0x0][0x0][0x0][0x0][0x0][0x0]*selecting default max_connections ... 100[\n]"
2024-07-24 14:30:12.557 [docker-java-stream--1988017837] DEBUG c.g.d.z.s.o.a.hc.client5.http.wire - http-outgoing-7 << "[\r][\n]"
2024-07-24 14:30:12.560 [Test worker] DEBUG o.t.c.output.WaitingConsumer - STDOUT: selecting default max_connections ... 100
2024-07-24 14:30:12.583 [docker-java-stream--1988017837] DEBUG c.g.d.z.s.o.a.hc.client5.http.wire - http-outgoing-7 << "33[\r][\n]"
2024-07-24 14:30:12.583 [docker-java-stream--1988017837] DEBUG c.g.d.z.s.o.a.hc.client5.http.wire - http-outgoing-7 << "[0x1][0x0][0x0][0x0][0x0][0x0][0x0]+selecting default shared_buffers ... 128MB[\n]"
2024-07-24 14:30:12.583 [docker-java-stream--1988017837] DEBUG c.g.d.z.s.o.a.hc.client5.http.wire - http-outgoing-7 << "[\r][\n]"
2024-07-24 14:30:12.584 [Test worker] DEBUG o.t.c.output.WaitingConsumer - STDOUT: selecting default shared_buffers ... 128MB
2024-07-24 14:30:12.603 [docker-java-stream--1988017837] DEBUG c.g.d.z.s.o.a.hc.client5.http.wire - http-outgoing-7 << "30[\r][\n]"
2024-07-24 14:30:12.603 [docker-java-stream--1988017837] DEBUG c.g.d.z.s.o.a.hc.client5.http.wire - http-outgoing-7 << "[0x1][0x0][0x0][0x0][0x0][0x0][0x0](selecting default time zone ... Etc/UTC[\n]"
2024-07-24 14:30:12.603 [docker-java-stream--1988017837] DEBUG c.g.d.z.s.o.a.hc.client5.http.wire - http-outgoing-7 << "[\r][\n]"
2024-07-24 14:30:12.604 [docker-java-stream--1988017837] DEBUG c.g.d.z.s.o.a.hc.client5.http.wire - http-outgoing-7 << "2c[\r][\n]"
2024-07-24 14:30:12.604 [docker-java-stream--1988017837] DEBUG c.g.d.z.s.o.a.hc.client5.http.wire - http-outgoing-7 << "[0x1][0x0][0x0][0x0][0x0][0x0][0x0]$creating configuration files ... ok[\n]"
2024-07-24 14:30:12.604 [docker-java-stream--1988017837] DEBUG c.g.d.z.s.o.a.hc.client5.http.wire - http-outgoing-7 << "[\r][\n]"
2024-07-24 14:30:12.606 [Test worker] DEBUG o.t.c.output.WaitingConsumer - STDOUT: creating configuration files ... ok
2024-07-24 14:30:12.606 [Test worker] DEBUG o.t.c.output.WaitingConsumer - STDOUT: selecting default time zone ... Etc/UTC
2024-07-24 14:30:12.770 [docker-java-stream--1988017837] DEBUG c.g.d.z.s.o.a.hc.client5.http.wire - http-outgoing-7 << "28[\r][\n]"
2024-07-24 14:30:12.770 [docker-java-stream--1988017837] DEBUG c.g.d.z.s.o.a.hc.client5.http.wire - http-outgoing-7 << "[0x1][0x0][0x0][0x0][0x0][0x0][0x0] running bootstrap script ... ok[\n]"
2024-07-24 14:30:12.770 [docker-java-stream--1988017837] DEBUG c.g.d.z.s.o.a.hc.client5.http.wire - http-outgoing-7 << "[\r][\n]"
2024-07-24 14:30:12.770 [Test worker] DEBUG o.t.c.output.WaitingConsumer - STDOUT: running bootstrap script ... ok
2024-07-24 14:30:13.113 [docker-java-stream--1988017837] DEBUG c.g.d.z.s.o.a.hc.client5.http.wire - http-outgoing-7 << "38[\r][\n]"
2024-07-24 14:30:13.113 [docker-java-stream--1988017837] DEBUG c.g.d.z.s.o.a.hc.client5.http.wire - http-outgoing-7 << "[0x1][0x0][0x0][0x0][0x0][0x0][0x0]0performing post-bootstrap initialization ... ok[\n]"
2024-07-24 14:30:13.113 [docker-java-stream--1988017837] DEBUG c.g.d.z.s.o.a.hc.client5.http.wire - http-outgoing-7 << "[\r][\n]"
2024-07-24 14:30:13.113 [Test worker] DEBUG o.t.c.output.WaitingConsumer - STDOUT: performing post-bootstrap initialization ... ok
2024-07-24 14:30:13.634 [docker-java-stream--1988017837] DEBUG c.g.d.z.s.o.a.hc.client5.http.wire - http-outgoing-7 << "1ad[\r][\n]"
2024-07-24 14:30:13.634 [docker-java-stream--1988017837] DEBUG c.g.d.z.s.o.a.hc.client5.http.wire - http-outgoing-7 << "[0x2][0x0][0x0][0x0][0x0][0x0][0x0]Ginitdb: warning: enabling "trust" authentication for local connections[\n]"
2024-07-24 14:30:13.634 [docker-java-stream--1988017837] DEBUG c.g.d.z.s.o.a.hc.client5.http.wire - http-outgoing-7 << "[0x2][0x0][0x0][0x0][0x0][0x0][0x0][0xffffff90]initdb: hint: You can change this by editing pg_hba.conf or using the option -A, or --auth-local and --auth-host, the next time you run initdb.[\n]"
2024-07-24 14:30:13.634 [docker-java-stream--1988017837] DEBUG c.g.d.z.s.o.a.hc.client5.http.wire - http-outgoing-7 << "[0x1][0x0][0x0][0x0][0x0][0x0][0x0][0x1c]syncing data to disk ... ok[\n]"
2024-07-24 14:30:13.634 [docker-java-stream--1988017837] DEBUG c.g.d.z.s.o.a.hc.client5.http.wire - http-outgoing-7 << "[0x1][0x0][0x0][0x0][0x0][0x0][0x0][0x1][\n]"
2024-07-24 14:30:13.634 [docker-java-stream--1988017837] DEBUG c.g.d.z.s.o.a.hc.client5.http.wire - http-outgoing-7 << "[0x1][0x0][0x0][0x0][0x0][0x0][0x0][0x1][\n]"
2024-07-24 14:30:13.634 [docker-java-stream--1988017837] DEBUG c.g.d.z.s.o.a.hc.client5.http.wire - http-outgoing-7 << "[0x1][0x0][0x0][0x0][0x0][0x0][0x0]6Success. You can now start the database server using:[\n]"
2024-07-24 14:30:13.634 [docker-java-stream--1988017837] DEBUG c.g.d.z.s.o.a.hc.client5.http.wire - http-outgoing-7 << "[0x1][0x0][0x0][0x0][0x0][0x0][0x0][0x1][\n]"
2024-07-24 14:30:13.634 [docker-java-stream--1988017837] DEBUG c.g.d.z.s.o.a.hc.client5.http.wire - http-outgoing-7 << "[0x1][0x0][0x0][0x0][0x0][0x0][0x0]8    pg_ctl -D /var/lib/postgresql/data -l logfile start[\n]"
2024-07-24 14:30:13.634 [docker-java-stream--1988017837] DEBUG c.g.d.z.s.o.a.hc.client5.http.wire - http-outgoing-7 << "[0x1][0x0][0x0][0x0][0x0][0x0][0x0][0x1][\n]"
2024-07-24 14:30:13.634 [docker-java-stream--1988017837] DEBUG c.g.d.z.s.o.a.hc.client5.http.wire - http-outgoing-7 << "[\r][\n]"
2024-07-24 14:30:13.634 [Test worker] DEBUG o.t.c.output.WaitingConsumer - STDERR: initdb: warning: enabling "trust" authentication for local connections
2024-07-24 14:30:13.634 [Test worker] DEBUG o.t.c.output.WaitingConsumer - STDOUT: 
2024-07-24 14:30:13.634 [Test worker] DEBUG o.t.c.output.WaitingConsumer - STDOUT:     pg_ctl -D /var/lib/postgresql/data -l logfile start
2024-07-24 14:30:13.634 [Test worker] DEBUG o.t.c.output.WaitingConsumer - STDOUT: 
2024-07-24 14:30:13.634 [Test worker] DEBUG o.t.c.output.WaitingConsumer - STDOUT: Success. You can now start the database server using:
2024-07-24 14:30:13.634 [Test worker] DEBUG o.t.c.output.WaitingConsumer - STDOUT: 
2024-07-24 14:30:13.634 [Test worker] DEBUG o.t.c.output.WaitingConsumer - STDOUT: 
2024-07-24 14:30:13.634 [Test worker] DEBUG o.t.c.output.WaitingConsumer - STDOUT: syncing data to disk ... ok
2024-07-24 14:30:13.634 [Test worker] DEBUG o.t.c.output.WaitingConsumer - STDERR: initdb: hint: You can change this by editing pg_hba.conf or using the option -A, or --auth-local and --auth-host, the next time you run initdb.
2024-07-24 14:30:13.672 [docker-java-stream--1988017837] DEBUG c.g.d.z.s.o.a.hc.client5.http.wire - http-outgoing-7 << "137[\r][\n]"
2024-07-24 14:30:13.672 [docker-java-stream--1988017837] DEBUG c.g.d.z.s.o.a.hc.client5.http.wire - http-outgoing-7 << "[0x1][0x0][0x0][0x0][0x0][0x0][0x0][0xffffffc3]waiting for server to start....2024-07-24 02:30:13.672 UTC [48] LOG:  starting PostgreSQL 16.2 (Debian 16.2-1.pgdg120+2) on x86_64-pc-linux-gnu, compiled by gcc (Debian 12.2.0-14) 12.2.0, 64-bit[\n]"
2024-07-24 14:30:13.672 [docker-java-stream--1988017837] DEBUG c.g.d.z.s.o.a.hc.client5.http.wire - http-outgoing-7 << "[0x1][0x0][0x0][0x0][0x0][0x0][0x0]d2024-07-24 02:30:13.672 UTC [48] LOG:  listening on Unix socket "/var/run/postgresql/.s.PGSQL.5432"[\n]"
2024-07-24 14:30:13.672 [docker-java-stream--1988017837] DEBUG c.g.d.z.s.o.a.hc.client5.http.wire - http-outgoing-7 << "[\r][\n]"
2024-07-24 14:30:13.672 [Test worker] DEBUG o.t.c.output.WaitingConsumer - STDOUT: 2024-07-24 02:30:13.672 UTC [48] LOG:  listening on Unix socket "/var/run/postgresql/.s.PGSQL.5432"
2024-07-24 14:30:13.672 [Test worker] DEBUG o.t.c.output.WaitingConsumer - STDOUT: waiting for server to start....2024-07-24 02:30:13.672 UTC [48] LOG:  starting PostgreSQL 16.2 (Debian 16.2-1.pgdg120+2) on x86_64-pc-linux-gnu, compiled by gcc (Debian 12.2.0-14) 12.2.0, 64-bit
2024-07-24 14:30:13.674 [docker-java-stream--1988017837] DEBUG c.g.d.z.s.o.a.hc.client5.http.wire - http-outgoing-7 << "68[\r][\n]"
[...]
2024-07-24 14:30:19.808 [Test worker] DEBUG c.g.d.z.s.o.a.h.client5.http.headers - http-outgoing-10 >> accept: application/json
2024-07-24 14:30:19.808 [Test worker] DEBUG c.g.d.z.s.o.a.h.client5.http.headers - http-outgoing-10 >> x-tc-sid: 280e6229-7396-4d60-b1e3-a5de48b5d49b
2024-07-24 14:30:19.808 [Test worker] DEBUG c.g.d.z.s.o.a.h.client5.http.headers - http-outgoing-10 >> User-Agent: tc-java/1.19.8
2024-07-24 14:30:19.808 [Test worker] DEBUG c.g.d.z.s.o.a.h.client5.http.headers - http-outgoing-10 >> Accept-Encoding: gzip, x-gzip, deflate
2024-07-24 14:30:19.808 [Test worker] DEBUG c.g.d.z.s.o.a.h.client5.http.headers - http-outgoing-10 >> Host: localhost:2375
2024-07-24 14:30:19.808 [Test worker] DEBUG c.g.d.z.s.o.a.h.client5.http.headers - http-outgoing-10 >> Connection: keep-alive
2024-07-24 14:30:19.808 [Test worker] DEBUG c.g.d.z.s.o.a.hc.client5.http.wire - http-outgoing-10 >> "GET /v1.32/containers/63a1e7bd52208ba2b0004d8992520255d7ee4493135bdc038e27b2d089793733/json HTTP/1.1[\r][\n]"
2024-07-24 14:30:19.808 [Test worker] DEBUG c.g.d.z.s.o.a.hc.client5.http.wire - http-outgoing-10 >> "accept: application/json[\r][\n]"
2024-07-24 14:30:19.808 [Test worker] DEBUG c.g.d.z.s.o.a.hc.client5.http.wire - http-outgoing-10 >> "x-tc-sid: 280e6229-7396-4d60-b1e3-a5de48b5d49b[\r][\n]"
2024-07-24 14:30:19.808 [Test worker] DEBUG c.g.d.z.s.o.a.hc.client5.http.wire - http-outgoing-10 >> "User-Agent: tc-java/1.19.8[\r][\n]"
2024-07-24 14:30:19.808 [Test worker] DEBUG c.g.d.z.s.o.a.hc.client5.http.wire - http-outgoing-10 >> "Accept-Encoding: gzip, x-gzip, deflate[\r][\n]"
2024-07-24 14:30:19.808 [Test worker] DEBUG c.g.d.z.s.o.a.hc.client5.http.wire - http-outgoing-10 >> "Host: localhost:2375[\r][\n]"
2024-07-24 14:30:19.808 [Test worker] DEBUG c.g.d.z.s.o.a.hc.client5.http.wire - http-outgoing-10 >> "Connection: keep-alive[\r][\n]"
2024-07-24 14:30:19.808 [Test worker] DEBUG c.g.d.z.s.o.a.hc.client5.http.wire - http-outgoing-10 >> "[\r][\n]"
2024-07-24 14:30:19.821 [Test worker] DEBUG c.g.d.z.s.o.a.hc.client5.http.wire - http-outgoing-10 << "HTTP/1.1 200 OK[\r][\n]"
2024-07-24 14:30:19.821 [Test worker] DEBUG c.g.d.z.s.o.a.hc.client5.http.wire - http-outgoing-10 << "Api-Version: 1.45[\r][\n]"
2024-07-24 14:30:19.821 [Test worker] DEBUG c.g.d.z.s.o.a.hc.client5.http.wire - http-outgoing-10 << "Content-Type: application/json[\r][\n]"
2024-07-24 14:30:19.821 [Test worker] DEBUG c.g.d.z.s.o.a.hc.client5.http.wire - http-outgoing-10 << "Date: Wed, 24 Jul 2024 02:30:19 GMT[\r][\n]"
2024-07-24 14:30:19.821 [Test worker] DEBUG c.g.d.z.s.o.a.hc.client5.http.wire - http-outgoing-10 << "Docker-Experimental: false[\r][\n]"
2024-07-24 14:30:19.821 [Test worker] DEBUG c.g.d.z.s.o.a.hc.client5.http.wire - http-outgoing-10 << "Ostype: linux[\r][\n]"
2024-07-24 14:30:19.821 [Test worker] DEBUG c.g.d.z.s.o.a.hc.client5.http.wire - http-outgoing-10 << "Server: Docker/26.0.0 (linux)[\r][\n]"
2024-07-24 14:30:19.821 [Test worker] DEBUG c.g.d.z.s.o.a.hc.client5.http.wire - http-outgoing-10 << "Transfer-Encoding: chunked[\r][\n]"
2024-07-24 14:30:19.821 [Test worker] DEBUG c.g.d.z.s.o.a.hc.client5.http.wire - http-outgoing-10 << "[\r][\n]"
2024-07-24 14:30:19.821 [Test worker] DEBUG c.g.d.z.s.o.a.h.client5.http.headers - http-outgoing-10 << HTTP/1.1 200 OK
2024-07-24 14:30:19.822 [Test worker] DEBUG c.g.d.z.s.o.a.h.client5.http.headers - http-outgoing-10 << Api-Version: 1.45
2024-07-24 14:30:19.822 [Test worker] DEBUG c.g.d.z.s.o.a.h.client5.http.headers - http-outgoing-10 << Content-Type: application/json
2024-07-24 14:30:19.822 [Test worker] DEBUG c.g.d.z.s.o.a.h.client5.http.headers - http-outgoing-10 << Date: Wed, 24 Jul 2024 02:30:19 GMT
2024-07-24 14:30:19.822 [Test worker] DEBUG c.g.d.z.s.o.a.h.client5.http.headers - http-outgoing-10 << Docker-Experimental: false
2024-07-24 14:30:19.822 [Test worker] DEBUG c.g.d.z.s.o.a.h.client5.http.headers - http-outgoing-10 << Ostype: linux
2024-07-24 14:30:19.822 [Test worker] DEBUG c.g.d.z.s.o.a.h.client5.http.headers - http-outgoing-10 << Server: Docker/26.0.0 (linux)
2024-07-24 14:30:19.822 [Test worker] DEBUG c.g.d.z.s.o.a.h.client5.http.headers - http-outgoing-10 << Transfer-Encoding: chunked
2024-07-24 14:30:19.822 [Test worker] DEBUG c.g.d.z.s.o.a.h.c.h.i.c.MainClientExec - ex-0000006B: connection can be kept alive for 3 MINUTES
2024-07-24 14:30:19.822 [Test worker] DEBUG c.g.d.z.s.o.a.hc.client5.http.wire - http-outgoing-10 << "1943[\r][\n]"
2024-07-24 14:30:19.822 [Test worker] DEBUG c.g.d.z.s.o.a.hc.client5.http.wire - http-outgoing-10 << "{"Id":"63a1e7bd52208ba2b0004d8992520255d7ee4493135bdc038e27b2d089793733","Created":"2024-07-24T02:30:17.363229499Z","Path":"docker-entrypoint.sh","Args":["postgres","-c","fsync=off"],"State":{"Status":"exited","Running":false,"Paused":false,"Restarting":false,"OOMKilled":false,"Dead":false,"Pid":0,"ExitCode":137,"Error":"","StartedAt":"2024-07-24T02:30:17.851417464Z","FinishedAt":"2024-07-24T02:30:19.321266277Z"},"Image":"sha256:8e4fc9e184899a58735e7ee333f5e272d7d2298cf59302006b71f33e217be130","ResolvConfPath":"/var/lib/docker/containers/63a1e7bd52208ba2b0004d8992520255d7ee4493135bdc038e27b2d089793733/resolv.conf","HostnamePath":"/var/lib/docker/containers/63a1e7bd52208ba2b0004d8992520255d7ee4493135bdc038e27b2d089793733/hostname","HostsPath":"/var/lib/docker/containers/63a1e7bd52208ba2b0004d8992520255d7ee4493135bdc038e27b2d089793733/hosts","LogPath":"/var/lib/docker/containers/63a1e7bd52208ba2b0004d8992520255d7ee4493135bdc038e27b2d089793733/63a1e7bd52208ba2b0004d8992520255d7ee4493135bdc038e27b2d089793733-json.log","Name":"/recursing_brattain","RestartCount":0,"Driver":"overlay2","Platform":"linux","MountLabel":"","ProcessLabel":"","AppArmorProfile":"","ExecIDs":null,"HostConfig":{"Binds":[],"ContainerIDFile":"","LogConfig":{"Type":"json-file","Config":{}},"NetworkMode":"default","PortBindings":{"5432/tcp":[{"HostIp":"0.0.0.0","HostPort":"0"}]},"RestartPolicy":{"Name":"no","MaximumRetryCount":0},"AutoRemove":false,"VolumeDriver":"","VolumesFrom":[],"ConsoleSize":[0,0],"CapAdd":null,"CapDrop":null,"CgroupnsMode":"host","Dns":null,"DnsOptions":null,"DnsSearch":null,"ExtraHosts":[],"GroupAdd":null,"IpcMode":"shareable","Cgroup":"","Links":null,"OomScoreAdj":0,"PidMode":"","Privileged":false,"PublishAllPorts":false,"ReadonlyRootfs":false,"SecurityOpt":null,"UTSMode":"","UsernsMode":"","ShmSize":67108864,"Runtime":"runc","Isolation":"","CpuShares":0,"Memory":0,"NanoCpus":0,"CgroupParent":"","BlkioWeight":0,"BlkioWeightDevice":null,"BlkioDeviceReadBps":null,"BlkioDeviceWriteBps":null,"BlkioDeviceReadIOps":null,"BlkioDeviceWriteIOps":null,"CpuPeriod":0,"CpuQuota":0,"CpuRealtimePeriod":0,"CpuRealtimeRuntime":0,"CpusetCpus":"","CpusetMems":"","Devices":null,"DeviceCgroupRules":null,"DeviceRequests":null,"MemoryReservation":0,"MemorySwap":0,"MemorySwappiness":null,"OomKillDisable":false,"PidsLimit":null,"Ulimits":null,"CpuCount":0,"CpuPercent":0,"IOMaximumIOps":0,"IOMaximumBandwidth":0,"MaskedPaths":["/proc/asound","/proc/acpi","/proc/kcore","/proc/keys","/proc/latency_stats","/proc/timer_list","/proc/timer_stats","/proc/sched_debug","/proc/scsi","/sys/firmware","/sys/devices/virtual/powercap"],"ReadonlyPaths":["/proc/bus","/proc/fs","/proc/irq","/proc/sys","/proc/sysrq-trigger"]},"GraphDriver":{"Data":{"LowerDir":"/var/lib/docker/overlay2/520c1e4cd6018f260352ab4b9b78f3195442b8258577bc1351b4f6e49fe5b557-init/diff:/var/lib/docker/overlay2/8f0ddbd386af0785c2e348570516955816ab350305d698d363962d488eeb15ec/diff:/var/lib/docker/overlay2/0eb0ca73e9b0be7c3d7fa8762ef4778a68f38391bc84c037c2e90b88e781b475/diff:/var/lib/docker/overlay2/74e634bddc785c5d436b10a5158cd82e21dc2065fd1cf8ff9c1c12e01575a2d8/diff:/var/lib/docker/overlay2/bb918b2851cd2f508f1e3fdbfff8b7f8b041d61e65fe8c368288bf399e80b818/diff:/var/lib/docker/overlay2/2abab2946cbdc2941ee8ec4024c51dac7313dee9de5fbedd1ca33388c59eb3c8/diff:/var/lib/docker/overlay2/e12f6083ee669bd92743ceb339a896bb25dbe461b718705bb39eb410b80c0ecd/diff:/var/lib/docker/overlay2/ced1e86d670d097da5ed4da7288c22507735918959161c2cd8bf083fb30d169a/diff:/var/lib/docker/overlay2/94e9ac7b74923285ae73af20aeccb964ca9079e2305db367cb85d1603560472d/diff:/var/lib/docker/overlay2/a396b6dfd63f0c228c519871183c614cccf4d366a43460f27ecf97113c3c4be8/diff:/var/lib/docker/overlay2/f58ada5d5080c2bac553c734f81127660a90581a35ed2a92cebe3c59e340875b/diff:/var/lib/docker/overlay2/84f85636f37bf55d945e217b4f87a856eba7932284beaf042561007b66f48977/diff:/var/lib/docker/overlay2/1e6e519613884e91a2b74a588ba35dc8a2f789371ab798ef6e7d9836d756042f/diff:/var/lib/docker/overlay2/14a3151cc8b4f9d27d2e64f1a8abc0c7809309580f2d7e8dc8545055c1d56194/diff:/"
2024-07-24 14:30:19.823 [Test worker] DEBUG c.g.d.z.s.o.a.hc.client5.http.wire - http-outgoing-10 << "var/lib/docker/overlay2/5b354b9e793401517fe2f1da697653fdaadffc54888eaf76d67e0600b8c68bdc/diff","MergedDir":"/var/lib/docker/overlay2/520c1e4cd6018f260352ab4b9b78f3195442b8258577bc1351b4f6e49fe5b557/merged","UpperDir":"/var/lib/docker/overlay2/520c1e4cd6018f260352ab4b9b78f3195442b8258577bc1351b4f6e49fe5b557/diff","WorkDir":"/var/lib/docker/overlay2/520c1e4cd6018f260352ab4b9b78f3195442b8258577bc1351b4f6e49fe5b557/work"},"Name":"overlay2"},"Mounts":[{"Type":"volume","Name":"094fdd260d6c78a5631aa7fb5d3e773db249e7ece5092519ece07bf4742d1a9e","Source":"/var/lib/docker/volumes/094fdd260d6c78a5631aa7fb5d3e773db249e7ece5092519ece07bf4742d1a9e/_data","Destination":"/var/lib/postgresql/data","Driver":"local","Mode":"","RW":true,"Propagation":""}],"Config":{"Hostname":"63a1e7bd5220","Domainname":"","User":"","AttachStdin":false,"AttachStdout":false,"AttachStderr":false,"ExposedPorts":{"5432/tcp":{}},"Tty":false,"OpenStdin":false,"StdinOnce":false,"Env":["POSTGRES_USER=user","POSTGRES_PASSWORD=password","POSTGRES_DB=db","PATH=/usr/local/sbin:/usr/local/bin:/usr/sbin:/usr/bin:/sbin:/bin:/usr/lib/postgresql/16/bin","GOSU_VERSION=1.17","LANG=en_US.utf8","PG_MAJOR=16","PG_VERSION=16.2-1.pgdg120+2","PGDATA=/var/lib/postgresql/data"],"Cmd":["postgres","-c","fsync=off"],"Image":"postgres:latest","Volumes":{"/var/lib/postgresql/data":{}},"WorkingDir":"","Entrypoint":["docker-entrypoint.sh"],"OnBuild":null,"Labels":{"org.testcontainers":"true","org.testcontainers.lang":"java","org.testcontainers.sessionId":"280e6229-7396-4d60-b1e3-a5de48b5d49b","org.testcontainers.version":"1.19.8"},"StopSignal":"SIGINT"},"NetworkSettings":{"Bridge":"","SandboxID":"9440d0bfca68788ef75468173db9dcbdef6912218bfe721ab65b133d94b97be1","SandboxKey":"/var/run/docker/netns/9440d0bfca68","Ports":{},"HairpinMode":false,"LinkLocalIPv6Address":"","LinkLocalIPv6PrefixLen":0,"SecondaryIPAddresses":null,"SecondaryIPv6Addresses":null,"EndpointID":"","Gateway":"","GlobalIPv6Address":"","GlobalIPv6PrefixLen":0,"IPAddress":"","IPPrefixLen":0,"IPv6Gateway":"","MacAddress":"","Networks":{"bridge":{"IPAMConfig":null,"Links":null,"Aliases":null,"MacAddress":"","NetworkID":"3c842496be344cbdae878c1dee0957e7bc7c0a2236009c92752030f2b053e72f","EndpointID":"","Gateway":"","IPAddress":"","IPPrefixLen":0,"IPv6Gateway":"","GlobalIPv6Address":"","GlobalIPv6PrefixLen":0,"DriverOpts":null,"DNSNames":null}}}}[\n]"
2024-07-24 14:30:19.823 [Test worker] DEBUG c.g.d.z.s.o.a.hc.client5.http.wire - http-outgoing-10 << "[\r][\n]"
2024-07-24 14:30:19.823 [Test worker] DEBUG c.g.d.z.s.o.a.hc.client5.http.wire - http-outgoing-10 << "0[\r][\n]"
2024-07-24 14:30:19.823 [Test worker] DEBUG c.g.d.z.s.o.a.hc.client5.http.wire - http-outgoing-10 << "[\r][\n]"
2024-07-24 14:30:19.823 [Test worker] DEBUG c.g.d.z.s.o.a.h.c.h.i.c.InternalHttpClient - ep-0000006A: releasing valid endpoint
2024-07-24 14:30:19.823 [Test worker] DEBUG c.g.d.z.s.o.a.h.c.h.i.i.PoolingHttpClientConnectionManager - ep-0000006A: releasing endpoint
2024-07-24 14:30:19.824 [Test worker] DEBUG c.g.d.z.s.o.a.h.c.h.i.i.PoolingHttpClientConnectionManager - ep-0000006A: connection http-outgoing-10 can be kept alive for 3 MINUTES
2024-07-24 14:30:19.824 [Test worker] DEBUG c.g.d.z.s.o.a.h.c.h.i.i.PoolingHttpClientConnectionManager - ep-0000006A: connection released [route: {}->npipe://localhost:2375][total available: 1; route allocated: 1 of 2147483647; total allocated: 1 of 2147483647]
2024-07-24 14:30:19.824 [Test worker] TRACE o.t.utility.ResourceReaper - Removing container: 63a1e7bd52208ba2b0004d8992520255d7ee4493135bdc038e27b2d089793733
2024-07-24 14:30:19.824 [Test worker] DEBUG o.t.s.c.g.d.c.command.AbstrDockerCmd - Cmd: 63a1e7bd52208ba2b0004d8992520255d7ee4493135bdc038e27b2d089793733,true,true
2024-07-24 14:30:19.824 [Test worker] TRACE o.t.s.c.g.d.c.e.RemoveContainerCmdExec - DELETE: DefaultWebTarget{path=[/containers/63a1e7bd52208ba2b0004d8992520255d7ee4493135bdc038e27b2d089793733], queryParams={v=[true], force=[true]}}
2024-07-24 14:30:19.824 [Test worker] DEBUG c.g.d.z.s.o.a.h.c.h.i.c.InternalHttpClient - ex-0000006C: preparing request execution
2024-07-24 14:30:19.824 [Test worker] DEBUG c.g.d.z.s.o.a.h.c.h.p.RequestAddCookies - Cookie spec selected: strict
2024-07-24 14:30:19.824 [Test worker] DEBUG c.g.d.z.s.o.a.h.c.h.p.RequestAuthCache - Auth cache not set in the context
2024-07-24 14:30:19.824 [Test worker] DEBUG c.g.d.z.s.o.a.h.c.h.i.c.ProtocolExec - ex-0000006C: target auth state: UNCHALLENGED
2024-07-24 14:30:19.824 [Test worker] DEBUG c.g.d.z.s.o.a.h.c.h.i.c.ProtocolExec - ex-0000006C: proxy auth state: UNCHALLENGED
2024-07-24 14:30:19.824 [Test worker] DEBUG c.g.d.z.s.o.a.h.c.h.i.c.ConnectExec - ex-0000006C: acquiring connection with route {}->npipe://localhost:2375
2024-07-24 14:30:19.824 [Test worker] DEBUG c.g.d.z.s.o.a.h.c.h.i.c.InternalHttpClient - ex-0000006C: acquiring endpoint (3 MINUTES)
2024-07-24 14:30:19.824 [Test worker] DEBUG c.g.d.z.s.o.a.h.c.h.i.i.PoolingHttpClientConnectionManager - ex-0000006C: endpoint lease request (3 MINUTES) [route: {}->npipe://localhost:2375][total available: 1; route allocated: 1 of 2147483647; total allocated: 1 of 2147483647]
2024-07-24 14:30:19.825 [Test worker] DEBUG c.g.d.z.s.o.a.h.c.h.i.i.PoolingHttpClientConnectionManager - ex-0000006C: endpoint leased [route: {}->npipe://localhost:2375][total available: 0; route allocated: 1 of 2147483647; total allocated: 1 of 2147483647]
2024-07-24 14:30:19.825 [Test worker] DEBUG c.g.d.z.s.o.a.h.c.h.i.i.PoolingHttpClientConnectionManager - ex-0000006C: acquired ep-0000006B
2024-07-24 14:30:19.825 [Test worker] DEBUG c.g.d.z.s.o.a.h.c.h.i.c.InternalHttpClient - ex-0000006C: acquired endpoint ep-0000006B
2024-07-24 14:30:19.825 [Test worker] DEBUG c.g.d.z.s.o.a.h.c.h.i.c.MainClientExec - ex-0000006C: executing DELETE /v1.32/containers/63a1e7bd52208ba2b0004d8992520255d7ee4493135bdc038e27b2d089793733?v=true&force=true HTTP/1.1
2024-07-24 14:30:19.825 [Test worker] DEBUG c.g.d.z.s.o.a.h.c.h.i.c.InternalHttpClient - ep-0000006B: start execution ex-0000006C
2024-07-24 14:30:19.825 [Test worker] DEBUG c.g.d.z.s.o.a.h.c.h.i.i.PoolingHttpClientConnectionManager - ep-0000006B: executing exchange ex-0000006C over http-outgoing-10
2024-07-24 14:30:19.825 [Test worker] DEBUG c.g.d.z.s.o.a.h.client5.http.headers - http-outgoing-10 >> DELETE /v1.32/containers/63a1e7bd52208ba2b0004d8992520255d7ee4493135bdc038e27b2d089793733?v=true&force=true HTTP/1.1
2024-07-24 14:30:19.825 [Test worker] DEBUG c.g.d.z.s.o.a.h.client5.http.headers - http-outgoing-10 >> accept: application/json
2024-07-24 14:30:19.825 [Test worker] DEBUG c.g.d.z.s.o.a.h.client5.http.headers - http-outgoing-10 >> x-tc-sid: 280e6229-7396-4d60-b1e3-a5de48b5d49b
2024-07-24 14:30:19.825 [Test worker] DEBUG c.g.d.z.s.o.a.h.client5.http.headers - http-outgoing-10 >> User-Agent: tc-java/1.19.8
2024-07-24 14:30:19.825 [Test worker] DEBUG c.g.d.z.s.o.a.h.client5.http.headers - http-outgoing-10 >> Accept-Encoding: gzip, x-gzip, deflate
2024-07-24 14:30:19.825 [Test worker] DEBUG c.g.d.z.s.o.a.h.client5.http.headers - http-outgoing-10 >> Host: localhost:2375
2024-07-24 14:30:19.825 [Test worker] DEBUG c.g.d.z.s.o.a.h.client5.http.headers - http-outgoing-10 >> Connection: keep-alive
2024-07-24 14:30:19.825 [Test worker] DEBUG c.g.d.z.s.o.a.hc.client5.http.wire - http-outgoing-10 >> "DELETE /v1.32/containers/63a1e7bd52208ba2b0004d8992520255d7ee4493135bdc038e27b2d089793733?v=true&force=true HTTP/1.1[\r][\n]"
2024-07-24 14:30:19.825 [Test worker] DEBUG c.g.d.z.s.o.a.hc.client5.http.wire - http-outgoing-10 >> "accept: application/json[\r][\n]"
2024-07-24 14:30:19.825 [Test worker] DEBUG c.g.d.z.s.o.a.hc.client5.http.wire - http-outgoing-10 >> "x-tc-sid: 280e6229-7396-4d60-b1e3-a5de48b5d49b[\r][\n]"
2024-07-24 14:30:19.825 [Test worker] DEBUG c.g.d.z.s.o.a.hc.client5.http.wire - http-outgoing-10 >> "User-Agent: tc-java/1.19.8[\r][\n]"
2024-07-24 14:30:19.825 [Test worker] DEBUG c.g.d.z.s.o.a.hc.client5.http.wire - http-outgoing-10 >> "Accept-Encoding: gzip, x-gzip, deflate[\r][\n]"
2024-07-24 14:30:19.825 [Test worker] DEBUG c.g.d.z.s.o.a.hc.client5.http.wire - http-outgoing-10 >> "Host: localhost:2375[\r][\n]"
2024-07-24 14:30:19.825 [Test worker] DEBUG c.g.d.z.s.o.a.hc.client5.http.wire - http-outgoing-10 >> "Connection: keep-alive[\r][\n]"
2024-07-24 14:30:19.825 [Test worker] DEBUG c.g.d.z.s.o.a.hc.client5.http.wire - http-outgoing-10 >> "[\r][\n]"
2024-07-24 14:30:19.896 [Test worker] DEBUG c.g.d.z.s.o.a.hc.client5.http.wire - http-outgoing-10 << "HTTP/1.1 204 No Content[\r][\n]"
2024-07-24 14:30:19.896 [Test worker] DEBUG c.g.d.z.s.o.a.hc.client5.http.wire - http-outgoing-10 << "Api-Version: 1.45[\r][\n]"
2024-07-24 14:30:19.896 [Test worker] DEBUG c.g.d.z.s.o.a.hc.client5.http.wire - http-outgoing-10 << "Date: Wed, 24 Jul 2024 02:30:19 GMT[\r][\n]"
2024-07-24 14:30:19.896 [Test worker] DEBUG c.g.d.z.s.o.a.hc.client5.http.wire - http-outgoing-10 << "Docker-Experimental: false[\r][\n]"
2024-07-24 14:30:19.896 [Test worker] DEBUG c.g.d.z.s.o.a.hc.client5.http.wire - http-outgoing-10 << "Ostype: linux[\r][\n]"
2024-07-24 14:30:19.896 [Test worker] DEBUG c.g.d.z.s.o.a.hc.client5.http.wire - http-outgoing-10 << "Server: Docker/26.0.0 (linux)[\r][\n]"
2024-07-24 14:30:19.896 [Test worker] DEBUG c.g.d.z.s.o.a.hc.client5.http.wire - http-outgoing-10 << "[\r][\n]"
2024-07-24 14:30:19.896 [Test worker] DEBUG c.g.d.z.s.o.a.h.client5.http.headers - http-outgoing-10 << HTTP/1.1 204 No Content
2024-07-24 14:30:19.896 [Test worker] DEBUG c.g.d.z.s.o.a.h.client5.http.headers - http-outgoing-10 << Api-Version: 1.45
2024-07-24 14:30:19.896 [Test worker] DEBUG c.g.d.z.s.o.a.h.client5.http.headers - http-outgoing-10 << Date: Wed, 24 Jul 2024 02:30:19 GMT
2024-07-24 14:30:19.896 [Test worker] DEBUG c.g.d.z.s.o.a.h.client5.http.headers - http-outgoing-10 << Docker-Experimental: false
2024-07-24 14:30:19.896 [Test worker] DEBUG c.g.d.z.s.o.a.h.client5.http.headers - http-outgoing-10 << Ostype: linux
2024-07-24 14:30:19.896 [Test worker] DEBUG c.g.d.z.s.o.a.h.client5.http.headers - http-outgoing-10 << Server: Docker/26.0.0 (linux)
2024-07-24 14:30:19.896 [Test worker] DEBUG c.g.d.z.s.o.a.h.c.h.i.c.MainClientExec - ex-0000006C: connection can be kept alive for 3 MINUTES
2024-07-24 14:30:19.896 [Test worker] DEBUG c.g.d.z.s.o.a.h.c.h.i.c.InternalHttpClient - ep-0000006B: releasing valid endpoint
2024-07-24 14:30:19.896 [Test worker] DEBUG c.g.d.z.s.o.a.h.c.h.i.i.PoolingHttpClientConnectionManager - ep-0000006B: releasing endpoint
2024-07-24 14:30:19.896 [Test worker] DEBUG c.g.d.z.s.o.a.h.c.h.i.i.PoolingHttpClientConnectionManager - ep-0000006B: connection http-outgoing-10 can be kept alive for 3 MINUTES
2024-07-24 14:30:19.896 [Test worker] DEBUG c.g.d.z.s.o.a.h.c.h.i.i.PoolingHttpClientConnectionManager - ep-0000006B: connection released [route: {}->npipe://localhost:2375][total available: 1; route allocated: 1 of 2147483647; total allocated: 1 of 2147483647]
2024-07-24 14:30:19.897 [Test worker] DEBUG o.t.utility.ResourceReaper - Removed container and associated volume(s): postgres:latest
]]></system-out>
  <system-err><![CDATA[]]></system-err>
</testsuite>
