<?xml version="1.0" encoding="UTF-8"?>
<testsuite name="com.unitedApi.SequenceLineDAOTest" tests="4" skipped="0" failures="0" errors="0" timestamp="2024-07-24T02:30:33" hostname="DESKTOP-FRUHT2G" time="10.232">
  <properties/>
  <testcase name="getSequenceline" classname="com.unitedApi.SequenceLineDAOTest" time="2.766"/>
  <testcase name="getSequencelines" classname="com.unitedApi.SequenceLineDAOTest" time="2.509"/>
  <testcase name="getSequenceLineByHeader" classname="com.unitedApi.SequenceLineDAOTest" time="2.53"/>
  <testcase name="getSequenceLineByWork" classname="com.unitedApi.SequenceLineDAOTest" time="2.426"/>
  <system-out><![CDATA[2024-07-24 14:30:33.482 [Test worker] DEBUG o.t.u.PrefixingImageNameSubstitutor - No prefix is configured
2024-07-24 14:30:33.483 [Test worker] DEBUG o.t.utility.ImageNameSubstitutor - Did not find a substitute image for postgres:latest (using image substitutor: DefaultImageNameSubstitutor (composite of 'ConfigurationFileImageNameSubstitutor' and 'PrefixingImageNameSubstitutor'))
2024-07-24 14:30:33.483 [Test worker] TRACE tc.postgres:latest - postgres:latest is already in image name cache
2024-07-24 14:30:33.483 [Test worker] DEBUG o.t.images.AbstractImagePullPolicy - Using locally available and not pulling image: postgres:latest
2024-07-24 14:30:33.483 [Test worker] DEBUG tc.postgres:latest - Starting container: postgres:latest
2024-07-24 14:30:33.483 [Test worker] DEBUG tc.postgres:latest - Trying to start container: postgres:latest (attempt 1/1)
2024-07-24 14:30:33.483 [Test worker] DEBUG tc.postgres:latest - Starting container: postgres:latest
2024-07-24 14:30:33.483 [Test worker] INFO  tc.postgres:latest - Creating container for image: postgres:latest
2024-07-24 14:30:33.483 [Test worker] DEBUG o.t.utility.RegistryAuthLocator - Looking up auth config for image: postgres:latest at registry: https://index.docker.io/v1/
2024-07-24 14:30:33.483 [Test worker] DEBUG o.t.utility.RegistryAuthLocator - No matching Auth Configs - falling back to defaultAuthConfig [null]
2024-07-24 14:30:33.483 [Test worker] DEBUG o.t.d.AuthDelegatingDockerClientConfig - Effective auth config [null]
2024-07-24 14:30:33.483 [Test worker] DEBUG o.t.s.c.g.d.c.command.AbstrDockerCmd - Cmd: org.testcontainers.shaded.com.github.dockerjava.core.command.CreateContainerCmdImpl@7f97bc14[aliases=<null>,argsEscaped=<null>,attachStderr=<null>,attachStdin=<null>,attachStdout=<null>,authConfig=<null>,cmd={postgres,-c,fsync=off},domainName=<null>,entrypoint=<null>,env={POSTGRES_USER=user,POSTGRES_PASSWORD=password,POSTGRES_DB=db},exposedPorts=ExposedPorts(exposedPorts=[5432/tcp]),healthcheck=<null>,hostConfig=HostConfig(binds=[], blkioWeight=null, blkioWeightDevice=null, blkioDeviceReadBps=null, blkioDeviceWriteBps=null, blkioDeviceReadIOps=null, blkioDeviceWriteIOps=null, memorySwappiness=null, nanoCPUs=null, capAdd=null, capDrop=null, containerIDFile=null, cpuPeriod=null, cpuRealtimePeriod=null, cpuRealtimeRuntime=null, cpuShares=null, cpuQuota=null, cpusetCpus=null, cpusetMems=null, devices=null, deviceCgroupRules=null, deviceRequests=null, diskQuota=null, dns=null, dnsOptions=null, dnsSearch=null, extraHosts=[], groupAdd=null, ipcMode=null, cgroup=null, links=[], logConfig=LogConfig(type=null, config=null), lxcConf=null, memory=null, memorySwap=null, memoryReservation=null, kernelMemory=null, networkMode=null, oomKillDisable=null, init=null, autoRemove=null, oomScoreAdj=null, portBindings={5432/tcp=[Lcom.github.dockerjava.api.model.Ports$Binding;@4b325930}, privileged=null, publishAllPorts=null, readonlyRootfs=null, restartPolicy=null, ulimits=null, cpuCount=null, cpuPercent=null, ioMaximumIOps=null, ioMaximumBandwidth=null, volumesFrom=[], mounts=null, pidMode=null, isolation=null, securityOpts=null, storageOpt=null, cgroupParent=null, volumeDriver=null, shmSize=null, pidsLimit=null, runtime=null, tmpFs=null, utSMode=null, usernsMode=null, sysctls=null, consoleSize=null, cgroupnsMode=null),hostName=<null>,image=postgres:latest,ipv4Address=<null>,ipv6Address=<null>,labels={org.testcontainers=true, org.testcontainers.lang=java, org.testcontainers.version=1.19.8, org.testcontainers.sessionId=280e6229-7396-4d60-b1e3-a5de48b5d49b},macAddress=<null>,name=<null>,networkDisabled=<null>,networkingConfig=<null>,onBuild=<null>,platform=<null>,portSpecs=<null>,shell=<null>,stdInOnce=<null>,stdinOpen=<null>,stopSignal=<null>,stopTimeout=<null>,tty=<null>,user=<null>,volumes=Volumes(volumes=[]),workingDir=<null>]
2024-07-24 14:30:33.484 [Test worker] TRACE o.t.s.c.g.d.c.e.CreateContainerCmdExec - POST: DefaultWebTarget{path=[/containers/create], queryParams={}} 
2024-07-24 14:30:33.495 [Test worker] DEBUG c.g.d.z.s.o.a.h.c.h.i.c.InternalHttpClient - ex-000000A4: preparing request execution
2024-07-24 14:30:33.495 [Test worker] DEBUG c.g.d.z.s.o.a.h.c.h.p.RequestAddCookies - Cookie spec selected: strict
2024-07-24 14:30:33.495 [Test worker] DEBUG c.g.d.z.s.o.a.h.c.h.p.RequestAuthCache - Auth cache not set in the context
2024-07-24 14:30:33.495 [Test worker] DEBUG c.g.d.z.s.o.a.h.c.h.i.c.ProtocolExec - ex-000000A4: target auth state: UNCHALLENGED
2024-07-24 14:30:33.495 [Test worker] DEBUG c.g.d.z.s.o.a.h.c.h.i.c.ProtocolExec - ex-000000A4: proxy auth state: UNCHALLENGED
2024-07-24 14:30:33.495 [Test worker] DEBUG c.g.d.z.s.o.a.h.c.h.i.c.ConnectExec - ex-000000A4: acquiring connection with route {}->npipe://localhost:2375
2024-07-24 14:30:33.495 [Test worker] DEBUG c.g.d.z.s.o.a.h.c.h.i.c.InternalHttpClient - ex-000000A4: acquiring endpoint (3 MINUTES)
2024-07-24 14:30:33.495 [Test worker] DEBUG c.g.d.z.s.o.a.h.c.h.i.i.PoolingHttpClientConnectionManager - ex-000000A4: endpoint lease request (3 MINUTES) [route: {}->npipe://localhost:2375][total available: 1; route allocated: 1 of 2147483647; total allocated: 1 of 2147483647]
2024-07-24 14:30:33.495 [Test worker] DEBUG c.g.d.z.s.o.a.h.c.h.i.i.PoolingHttpClientConnectionManager - ex-000000A4: endpoint leased [route: {}->npipe://localhost:2375][total available: 0; route allocated: 1 of 2147483647; total allocated: 1 of 2147483647]
2024-07-24 14:30:33.496 [Test worker] DEBUG c.g.d.z.s.o.a.h.c.h.i.i.PoolingHttpClientConnectionManager - ex-000000A4: acquired ep-000000A3
2024-07-24 14:30:33.496 [Test worker] DEBUG c.g.d.z.s.o.a.h.c.h.i.c.InternalHttpClient - ex-000000A4: acquired endpoint ep-000000A3
2024-07-24 14:30:33.496 [Test worker] DEBUG c.g.d.z.s.o.a.h.c.h.i.c.MainClientExec - ex-000000A4: executing POST /v1.32/containers/create HTTP/1.1
2024-07-24 14:30:33.496 [Test worker] DEBUG c.g.d.z.s.o.a.h.c.h.i.c.InternalHttpClient - ep-000000A3: start execution ex-000000A4
2024-07-24 14:30:33.496 [Test worker] DEBUG c.g.d.z.s.o.a.h.c.h.i.i.PoolingHttpClientConnectionManager - ep-000000A3: executing exchange ex-000000A4 over http-outgoing-15
2024-07-24 14:30:33.496 [Test worker] DEBUG c.g.d.z.s.o.a.h.client5.http.headers - http-outgoing-15 >> POST /v1.32/containers/create HTTP/1.1
2024-07-24 14:30:33.496 [Test worker] DEBUG c.g.d.z.s.o.a.h.client5.http.headers - http-outgoing-15 >> accept: application/json
2024-07-24 14:30:33.496 [Test worker] DEBUG c.g.d.z.s.o.a.h.client5.http.headers - http-outgoing-15 >> content-type: application/json
2024-07-24 14:30:33.496 [Test worker] DEBUG c.g.d.z.s.o.a.h.client5.http.headers - http-outgoing-15 >> x-tc-sid: 280e6229-7396-4d60-b1e3-a5de48b5d49b
2024-07-24 14:30:33.496 [Test worker] DEBUG c.g.d.z.s.o.a.h.client5.http.headers - http-outgoing-15 >> User-Agent: tc-java/1.19.8
2024-07-24 14:30:33.496 [Test worker] DEBUG c.g.d.z.s.o.a.h.client5.http.headers - http-outgoing-15 >> Accept-Encoding: gzip, x-gzip, deflate
2024-07-24 14:30:33.496 [Test worker] DEBUG c.g.d.z.s.o.a.h.client5.http.headers - http-outgoing-15 >> Content-Length: 2061
2024-07-24 14:30:33.496 [Test worker] DEBUG c.g.d.z.s.o.a.h.client5.http.headers - http-outgoing-15 >> Host: localhost:2375
2024-07-24 14:30:33.496 [Test worker] DEBUG c.g.d.z.s.o.a.h.client5.http.headers - http-outgoing-15 >> Connection: keep-alive
2024-07-24 14:30:33.496 [Test worker] DEBUG c.g.d.z.s.o.a.hc.client5.http.wire - http-outgoing-15 >> "POST /v1.32/containers/create HTTP/1.1[\r][\n]"
2024-07-24 14:30:33.496 [Test worker] DEBUG c.g.d.z.s.o.a.hc.client5.http.wire - http-outgoing-15 >> "accept: application/json[\r][\n]"
2024-07-24 14:30:33.496 [Test worker] DEBUG c.g.d.z.s.o.a.hc.client5.http.wire - http-outgoing-15 >> "content-type: application/json[\r][\n]"
2024-07-24 14:30:33.496 [Test worker] DEBUG c.g.d.z.s.o.a.hc.client5.http.wire - http-outgoing-15 >> "x-tc-sid: 280e6229-7396-4d60-b1e3-a5de48b5d49b[\r][\n]"
2024-07-24 14:30:33.496 [Test worker] DEBUG c.g.d.z.s.o.a.hc.client5.http.wire - http-outgoing-15 >> "User-Agent: tc-java/1.19.8[\r][\n]"
2024-07-24 14:30:33.496 [Test worker] DEBUG c.g.d.z.s.o.a.hc.client5.http.wire - http-outgoing-15 >> "Accept-Encoding: gzip, x-gzip, deflate[\r][\n]"
2024-07-24 14:30:33.496 [Test worker] DEBUG c.g.d.z.s.o.a.hc.client5.http.wire - http-outgoing-15 >> "Content-Length: 2061[\r][\n]"
2024-07-24 14:30:33.496 [Test worker] DEBUG c.g.d.z.s.o.a.hc.client5.http.wire - http-outgoing-15 >> "Host: localhost:2375[\r][\n]"
2024-07-24 14:30:33.496 [Test worker] DEBUG c.g.d.z.s.o.a.hc.client5.http.wire - http-outgoing-15 >> "Connection: keep-alive[\r][\n]"
2024-07-24 14:30:33.496 [Test worker] DEBUG c.g.d.z.s.o.a.hc.client5.http.wire - http-outgoing-15 >> "[\r][\n]"
2024-07-24 14:30:33.496 [Test worker] DEBUG c.g.d.z.s.o.a.hc.client5.http.wire - http-outgoing-15 >> "{"Hostname":null,"Domainname":null,"User":null,"AttachStdin":null,"AttachStdout":null,"AttachStderr":null,"PortSpecs":null,"Tty":null,"OpenStdin":null,"StdinOnce":null,"Env":["POSTGRES_USER=user","POSTGRES_PASSWORD=password","POSTGRES_DB=db"],"Cmd":["postgres","-c","fsync=off"],"Healthcheck":null,"ArgsEscaped":null,"Entrypoint":null,"Image":"postgres:latest","Volumes":{},"WorkingDir":null,"MacAddress":null,"OnBuild":null,"NetworkDisabled":null,"ExposedPorts":{"5432/tcp":{}},"StopSignal":null,"StopTimeout":null,"HostConfig":{"Binds":[],"BlkioWeight":null,"BlkioWeightDevice":null,"BlkioDeviceReadBps":null,"BlkioDeviceWriteBps":null,"BlkioDeviceReadIOps":null,"BlkioDeviceWriteIOps":null,"MemorySwappiness":null,"NanoCpus":null,"CapAdd":null,"CapDrop":null,"ContainerIDFile":null,"CpuPeriod":null,"CpuRealtimePeriod":null,"CpuRealtimeRuntime":null,"CpuShares":null,"CpuQuota":null,"CpusetCpus":null,"CpusetMems":null,"Devices":null,"DeviceCgroupRules":null,"DeviceRequests":null,"DiskQuota":null,"Dns":null,"DnsOptions":null,"DnsSearch":null,"ExtraHosts":[],"GroupAdd":null,"IpcMode":null,"Cgroup":null,"Links":[],"LogConfig":null,"LxcConf":null,"Memory":null,"MemorySwap":null,"MemoryReservation":null,"KernelMemory":null,"NetworkMode":null,"OomKillDisable":null,"Init":null,"AutoRemove":null,"OomScoreAdj":null,"PortBindings":{"5432/tcp":[{"HostIp":"","HostPort":""}]},"Privileged":null,"PublishAllPorts":null,"ReadonlyRootfs":null,"RestartPolicy":null,"Ulimits":null,"CpuCount":null,"CpuPercent":null,"IOMaximumIOps":null,"IOMaximumBandwidth":null,"VolumesFrom":[],"Mounts":null,"PidMode":null,"Isolation":null,"SecurityOpt":null,"StorageOpt":null,"CgroupParent":null,"VolumeDriver":null,"ShmSize":null,"PidsLimit":null,"Runtime":null,"Tmpfs":null,"UTSMode":null,"UsernsMode":null,"Sysctls":null,"ConsoleSize":null,"CgroupnsMode":null},"Labels":{"org.testcontainers":"true","org.testcontainers.lang":"java","org.testcontainers.version":"1.19.8","org.testcontainers.sessionId":"280e6229-7396-4d60-b1e3-a5de48b5d49b"},"Shell":null,"NetworkingConfig":null}"
2024-07-24 14:30:33.657 [Test worker] DEBUG c.g.d.z.s.o.a.hc.client5.http.wire - http-outgoing-15 << "HTTP/1.1 201 Created[\r][\n]"
2024-07-24 14:30:33.657 [Test worker] DEBUG c.g.d.z.s.o.a.hc.client5.http.wire - http-outgoing-15 << "Api-Version: 1.45[\r][\n]"
2024-07-24 14:30:33.658 [Test worker] DEBUG c.g.d.z.s.o.a.hc.client5.http.wire - http-outgoing-15 << "Content-Type: application/json[\r][\n]"
2024-07-24 14:30:33.658 [Test worker] DEBUG c.g.d.z.s.o.a.hc.client5.http.wire - http-outgoing-15 << "Date: Wed, 24 Jul 2024 02:30:33 GMT[\r][\n]"
2024-07-24 14:30:33.658 [Test worker] DEBUG c.g.d.z.s.o.a.hc.client5.http.wire - http-outgoing-15 << "Docker-Experimental: false[\r][\n]"
2024-07-24 14:30:33.658 [Test worker] DEBUG c.g.d.z.s.o.a.hc.client5.http.wire - http-outgoing-15 << "Ostype: linux[\r][\n]"
2024-07-24 14:30:33.658 [Test worker] DEBUG c.g.d.z.s.o.a.hc.client5.http.wire - http-outgoing-15 << "Server: Docker/26.0.0 (linux)[\r][\n]"
2024-07-24 14:30:33.658 [Test worker] DEBUG c.g.d.z.s.o.a.hc.client5.http.wire - http-outgoing-15 << "Transfer-Encoding: chunked[\r][\n]"
2024-07-24 14:30:33.658 [Test worker] DEBUG c.g.d.z.s.o.a.hc.client5.http.wire - http-outgoing-15 << "[\r][\n]"
2024-07-24 14:30:33.658 [Test worker] DEBUG c.g.d.z.s.o.a.h.client5.http.headers - http-outgoing-15 << HTTP/1.1 201 Created
2024-07-24 14:30:33.658 [Test worker] DEBUG c.g.d.z.s.o.a.h.client5.http.headers - http-outgoing-15 << Api-Version: 1.45
2024-07-24 14:30:33.658 [Test worker] DEBUG c.g.d.z.s.o.a.h.client5.http.headers - http-outgoing-15 << Content-Type: application/json
2024-07-24 14:30:33.658 [Test worker] DEBUG c.g.d.z.s.o.a.h.client5.http.headers - http-outgoing-15 << Date: Wed, 24 Jul 2024 02:30:33 GMT
2024-07-24 14:30:33.658 [Test worker] DEBUG c.g.d.z.s.o.a.h.client5.http.headers - http-outgoing-15 << Docker-Experimental: false
2024-07-24 14:30:33.658 [Test worker] DEBUG c.g.d.z.s.o.a.h.client5.http.headers - http-outgoing-15 << Ostype: linux
2024-07-24 14:30:33.658 [Test worker] DEBUG c.g.d.z.s.o.a.h.client5.http.headers - http-outgoing-15 << Server: Docker/26.0.0 (linux)
2024-07-24 14:30:33.658 [Test worker] DEBUG c.g.d.z.s.o.a.h.client5.http.headers - http-outgoing-15 << Transfer-Encoding: chunked
2024-07-24 14:30:33.658 [Test worker] DEBUG c.g.d.z.s.o.a.h.c.h.i.c.MainClientExec - ex-000000A4: connection can be kept alive for 3 MINUTES
2024-07-24 14:30:33.658 [Test worker] DEBUG c.g.d.z.s.o.a.hc.client5.http.wire - http-outgoing-15 << "58[\r][\n]"
2024-07-24 14:30:33.658 [Test worker] DEBUG c.g.d.z.s.o.a.hc.client5.http.wire - http-outgoing-15 << "{"Id":"429aad1742374679350f33e4dd3981aa6466f782d7699865f9fe1f1ba15de6ab","Warnings":[]}[\n]"
2024-07-24 14:30:33.658 [Test worker] DEBUG c.g.d.z.s.o.a.hc.client5.http.wire - http-outgoing-15 << "[\r][\n]"
2024-07-24 14:30:33.658 [Test worker] DEBUG c.g.d.z.s.o.a.hc.client5.http.wire - http-outgoing-15 << "0[\r][\n]"
2024-07-24 14:30:33.658 [Test worker] DEBUG c.g.d.z.s.o.a.hc.client5.http.wire - http-outgoing-15 << "[\r][\n]"
2024-07-24 14:30:33.659 [Test worker] DEBUG c.g.d.z.s.o.a.h.c.h.i.c.InternalHttpClient - ep-000000A3: releasing valid endpoint
2024-07-24 14:30:33.659 [Test worker] DEBUG c.g.d.z.s.o.a.h.c.h.i.i.PoolingHttpClientConnectionManager - ep-000000A3: releasing endpoint
2024-07-24 14:30:33.660 [Test worker] DEBUG c.g.d.z.s.o.a.h.c.h.i.i.PoolingHttpClientConnectionManager - ep-000000A3: connection http-outgoing-15 can be kept alive for 3 MINUTES
2024-07-24 14:30:33.660 [Test worker] DEBUG c.g.d.z.s.o.a.h.c.h.i.i.PoolingHttpClientConnectionManager - ep-000000A3: connection released [route: {}->npipe://localhost:2375][total available: 1; route allocated: 1 of 2147483647; total allocated: 1 of 2147483647]
2024-07-24 14:30:33.660 [Test worker] INFO  tc.postgres:latest - Container postgres:latest is starting: 429aad1742374679350f33e4dd3981aa6466f782d7699865f9fe1f1ba15de6ab
2024-07-24 14:30:33.660 [Test worker] DEBUG o.t.s.c.g.d.c.command.AbstrDockerCmd - Cmd: 429aad1742374679350f33e4dd3981aa6466f782d7699865f9fe1f1ba15de6ab
2024-07-24 14:30:33.660 [Test worker] TRACE o.t.s.c.g.d.c.e.StartContainerCmdExec - POST: DefaultWebTarget{path=[/containers/429aad1742374679350f33e4dd3981aa6466f782d7699865f9fe1f1ba15de6ab/start], queryParams={}}
2024-07-24 14:30:33.660 [Test worker] DEBUG c.g.d.z.s.o.a.h.c.h.i.c.InternalHttpClient - ex-000000A5: preparing request execution
2024-07-24 14:30:33.660 [Test worker] DEBUG c.g.d.z.s.o.a.h.c.h.p.RequestAddCookies - Cookie spec selected: strict
2024-07-24 14:30:33.660 [Test worker] DEBUG c.g.d.z.s.o.a.h.c.h.p.RequestAuthCache - Auth cache not set in the context
2024-07-24 14:30:33.660 [Test worker] DEBUG c.g.d.z.s.o.a.h.c.h.i.c.ProtocolExec - ex-000000A5: target auth state: UNCHALLENGED
2024-07-24 14:30:33.660 [Test worker] DEBUG c.g.d.z.s.o.a.h.c.h.i.c.ProtocolExec - ex-000000A5: proxy auth state: UNCHALLENGED
2024-07-24 14:30:33.660 [Test worker] DEBUG c.g.d.z.s.o.a.h.c.h.i.c.ConnectExec - ex-000000A5: acquiring connection with route {}->npipe://localhost:2375
2024-07-24 14:30:33.660 [Test worker] DEBUG c.g.d.z.s.o.a.h.c.h.i.c.InternalHttpClient - ex-000000A5: acquiring endpoint (3 MINUTES)
2024-07-24 14:30:33.661 [Test worker] DEBUG c.g.d.z.s.o.a.h.c.h.i.i.PoolingHttpClientConnectionManager - ex-000000A5: endpoint lease request (3 MINUTES) [route: {}->npipe://localhost:2375][total available: 1; route allocated: 1 of 2147483647; total allocated: 1 of 2147483647]
2024-07-24 14:30:33.661 [Test worker] DEBUG c.g.d.z.s.o.a.h.c.h.i.i.PoolingHttpClientConnectionManager - ex-000000A5: endpoint leased [route: {}->npipe://localhost:2375][total available: 0; route allocated: 1 of 2147483647; total allocated: 1 of 2147483647]
2024-07-24 14:30:33.661 [Test worker] DEBUG c.g.d.z.s.o.a.h.c.h.i.i.PoolingHttpClientConnectionManager - ex-000000A5: acquired ep-000000A4
2024-07-24 14:30:33.661 [Test worker] DEBUG c.g.d.z.s.o.a.h.c.h.i.c.InternalHttpClient - ex-000000A5: acquired endpoint ep-000000A4
2024-07-24 14:30:33.661 [Test worker] DEBUG c.g.d.z.s.o.a.h.c.h.i.c.MainClientExec - ex-000000A5: executing POST /v1.32/containers/429aad1742374679350f33e4dd3981aa6466f782d7699865f9fe1f1ba15de6ab/start HTTP/1.1
2024-07-24 14:30:33.661 [Test worker] DEBUG c.g.d.z.s.o.a.h.c.h.i.c.InternalHttpClient - ep-000000A4: start execution ex-000000A5
2024-07-24 14:30:33.661 [Test worker] DEBUG c.g.d.z.s.o.a.h.c.h.i.i.PoolingHttpClientConnectionManager - ep-000000A4: executing exchange ex-000000A5 over http-outgoing-15
2024-07-24 14:30:33.661 [Test worker] DEBUG c.g.d.z.s.o.a.h.client5.http.headers - http-outgoing-15 >> POST /v1.32/containers/429aad1742374679350f33e4dd3981aa6466f782d7699865f9fe1f1ba15de6ab/start HTTP/1.1
2024-07-24 14:30:33.661 [Test worker] DEBUG c.g.d.z.s.o.a.h.client5.http.headers - http-outgoing-15 >> accept: application/json
2024-07-24 14:30:33.661 [Test worker] DEBUG c.g.d.z.s.o.a.h.client5.http.headers - http-outgoing-15 >> content-type: application/json
2024-07-24 14:30:33.661 [Test worker] DEBUG c.g.d.z.s.o.a.h.client5.http.headers - http-outgoing-15 >> x-tc-sid: 280e6229-7396-4d60-b1e3-a5de48b5d49b
2024-07-24 14:30:33.661 [Test worker] DEBUG c.g.d.z.s.o.a.h.client5.http.headers - http-outgoing-15 >> User-Agent: tc-java/1.19.8
2024-07-24 14:30:33.661 [Test worker] DEBUG c.g.d.z.s.o.a.h.client5.http.headers - http-outgoing-15 >> Accept-Encoding: gzip, x-gzip, deflate
2024-07-24 14:30:33.661 [Test worker] DEBUG c.g.d.z.s.o.a.h.client5.http.headers - http-outgoing-15 >> Host: localhost:2375
2024-07-24 14:30:33.661 [Test worker] DEBUG c.g.d.z.s.o.a.h.client5.http.headers - http-outgoing-15 >> Connection: keep-alive
2024-07-24 14:30:33.661 [Test worker] DEBUG c.g.d.z.s.o.a.hc.client5.http.wire - http-outgoing-15 >> "POST /v1.32/containers/429aad1742374679350f33e4dd3981aa6466f782d7699865f9fe1f1ba15de6ab/start HTTP/1.1[\r][\n]"
2024-07-24 14:30:33.661 [Test worker] DEBUG c.g.d.z.s.o.a.hc.client5.http.wire - http-outgoing-15 >> "accept: application/json[\r][\n]"
2024-07-24 14:30:33.661 [Test worker] DEBUG c.g.d.z.s.o.a.hc.client5.http.wire - http-outgoing-15 >> "content-type: application/json[\r][\n]"
2024-07-24 14:30:33.661 [Test worker] DEBUG c.g.d.z.s.o.a.hc.client5.http.wire - http-outgoing-15 >> "x-tc-sid: 280e6229-7396-4d60-b1e3-a5de48b5d49b[\r][\n]"
2024-07-24 14:30:33.661 [Test worker] DEBUG c.g.d.z.s.o.a.hc.client5.http.wire - http-outgoing-15 >> "User-Agent: tc-java/1.19.8[\r][\n]"
2024-07-24 14:30:33.661 [Test worker] DEBUG c.g.d.z.s.o.a.hc.client5.http.wire - http-outgoing-15 >> "Accept-Encoding: gzip, x-gzip, deflate[\r][\n]"
2024-07-24 14:30:33.661 [Test worker] DEBUG c.g.d.z.s.o.a.hc.client5.http.wire - http-outgoing-15 >> "Host: localhost:2375[\r][\n]"
2024-07-24 14:30:33.661 [Test worker] DEBUG c.g.d.z.s.o.a.hc.client5.http.wire - http-outgoing-15 >> "Connection: keep-alive[\r][\n]"
2024-07-24 14:30:33.661 [Test worker] DEBUG c.g.d.z.s.o.a.hc.client5.http.wire - http-outgoing-15 >> "[\r][\n]"
2024-07-24 14:30:34.041 [Test worker] DEBUG c.g.d.z.s.o.a.hc.client5.http.wire - http-outgoing-15 << "HTTP/1.1 204 No Content[\r][\n]"
2024-07-24 14:30:34.041 [Test worker] DEBUG c.g.d.z.s.o.a.hc.client5.http.wire - http-outgoing-15 << "Api-Version: 1.45[\r][\n]"
2024-07-24 14:30:34.041 [Test worker] DEBUG c.g.d.z.s.o.a.hc.client5.http.wire - http-outgoing-15 << "Date: Wed, 24 Jul 2024 02:30:34 GMT[\r][\n]"
2024-07-24 14:30:34.041 [Test worker] DEBUG c.g.d.z.s.o.a.hc.client5.http.wire - http-outgoing-15 << "Docker-Experimental: false[\r][\n]"
2024-07-24 14:30:34.041 [Test worker] DEBUG c.g.d.z.s.o.a.hc.client5.http.wire - http-outgoing-15 << "Ostype: linux[\r][\n]"
2024-07-24 14:30:34.041 [Test worker] DEBUG c.g.d.z.s.o.a.hc.client5.http.wire - http-outgoing-15 << "Server: Docker/26.0.0 (linux)[\r][\n]"
2024-07-24 14:30:34.041 [Test worker] DEBUG c.g.d.z.s.o.a.hc.client5.http.wire - http-outgoing-15 << "[\r][\n]"
2024-07-24 14:30:34.041 [Test worker] DEBUG c.g.d.z.s.o.a.h.client5.http.headers - http-outgoing-15 << HTTP/1.1 204 No Content
2024-07-24 14:30:34.041 [Test worker] DEBUG c.g.d.z.s.o.a.h.client5.http.headers - http-outgoing-15 << Api-Version: 1.45
2024-07-24 14:30:34.041 [Test worker] DEBUG c.g.d.z.s.o.a.h.client5.http.headers - http-outgoing-15 << Date: Wed, 24 Jul 2024 02:30:34 GMT
2024-07-24 14:30:34.041 [Test worker] DEBUG c.g.d.z.s.o.a.h.client5.http.headers - http-outgoing-15 << Docker-Experimental: false
2024-07-24 14:30:34.041 [Test worker] DEBUG c.g.d.z.s.o.a.h.client5.http.headers - http-outgoing-15 << Ostype: linux
2024-07-24 14:30:34.041 [Test worker] DEBUG c.g.d.z.s.o.a.h.client5.http.headers - http-outgoing-15 << Server: Docker/26.0.0 (linux)
2024-07-24 14:30:34.041 [Test worker] DEBUG c.g.d.z.s.o.a.h.c.h.i.c.MainClientExec - ex-000000A5: connection can be kept alive for 3 MINUTES
2024-07-24 14:30:34.041 [Test worker] DEBUG c.g.d.z.s.o.a.h.c.h.i.c.InternalHttpClient - ep-000000A4: releasing valid endpoint
2024-07-24 14:30:34.041 [Test worker] DEBUG c.g.d.z.s.o.a.h.c.h.i.i.PoolingHttpClientConnectionManager - ep-000000A4: releasing endpoint
2024-07-24 14:30:34.041 [Test worker] DEBUG c.g.d.z.s.o.a.h.c.h.i.i.PoolingHttpClientConnectionManager - ep-000000A4: connection http-outgoing-15 can be kept alive for 3 MINUTES
2024-07-24 14:30:34.041 [Test worker] DEBUG c.g.d.z.s.o.a.h.c.h.i.i.PoolingHttpClientConnectionManager - ep-000000A4: connection released [route: {}->npipe://localhost:2375][total available: 1; route allocated: 1 of 2147483647; total allocated: 1 of 2147483647]
2024-07-24 14:30:34.042 [Test worker] DEBUG o.t.s.c.g.d.c.command.AbstrDockerCmd - Cmd: 429aad1742374679350f33e4dd3981aa6466f782d7699865f9fe1f1ba15de6ab,false
2024-07-24 14:30:34.042 [Test worker] DEBUG o.t.s.c.g.d.c.e.InspectContainerCmdExec - GET: DefaultWebTarget{path=[/containers/429aad1742374679350f33e4dd3981aa6466f782d7699865f9fe1f1ba15de6ab/json], queryParams={}}
2024-07-24 14:30:34.042 [Test worker] DEBUG c.g.d.z.s.o.a.h.c.h.i.c.InternalHttpClient - ex-000000A6: preparing request execution
2024-07-24 14:30:34.043 [Test worker] DEBUG c.g.d.z.s.o.a.h.c.h.p.RequestAddCookies - Cookie spec selected: strict
2024-07-24 14:30:34.043 [Test worker] DEBUG c.g.d.z.s.o.a.h.c.h.p.RequestAuthCache - Auth cache not set in the context
2024-07-24 14:30:34.043 [Test worker] DEBUG c.g.d.z.s.o.a.h.c.h.i.c.ProtocolExec - ex-000000A6: target auth state: UNCHALLENGED
2024-07-24 14:30:34.043 [Test worker] DEBUG c.g.d.z.s.o.a.h.c.h.i.c.ProtocolExec - ex-000000A6: proxy auth state: UNCHALLENGED
2024-07-24 14:30:34.043 [Test worker] DEBUG c.g.d.z.s.o.a.h.c.h.i.c.ConnectExec - ex-000000A6: acquiring connection with route {}->npipe://localhost:2375
2024-07-24 14:30:34.043 [Test worker] DEBUG c.g.d.z.s.o.a.h.c.h.i.c.InternalHttpClient - ex-000000A6: acquiring endpoint (3 MINUTES)
2024-07-24 14:30:34.043 [Test worker] DEBUG c.g.d.z.s.o.a.h.c.h.i.i.PoolingHttpClientConnectionManager - ex-000000A6: endpoint lease request (3 MINUTES) [route: {}->npipe://localhost:2375][total available: 1; route allocated: 1 of 2147483647; total allocated: 1 of 2147483647]
2024-07-24 14:30:34.043 [Test worker] DEBUG c.g.d.z.s.o.a.h.c.h.i.i.PoolingHttpClientConnectionManager - ex-000000A6: endpoint leased [route: {}->npipe://localhost:2375][total available: 0; route allocated: 1 of 2147483647; total allocated: 1 of 2147483647]
2024-07-24 14:30:34.043 [Test worker] DEBUG c.g.d.z.s.o.a.h.c.h.i.i.PoolingHttpClientConnectionManager - ex-000000A6: acquired ep-000000A5
2024-07-24 14:30:34.043 [Test worker] DEBUG c.g.d.z.s.o.a.h.c.h.i.c.InternalHttpClient - ex-000000A6: acquired endpoint ep-000000A5
2024-07-24 14:30:34.043 [Test worker] DEBUG c.g.d.z.s.o.a.h.c.h.i.c.MainClientExec - ex-000000A6: executing GET /v1.32/containers/429aad1742374679350f33e4dd3981aa6466f782d7699865f9fe1f1ba15de6ab/json HTTP/1.1
2024-07-24 14:30:34.043 [Test worker] DEBUG c.g.d.z.s.o.a.h.c.h.i.c.InternalHttpClient - ep-000000A5: start execution ex-000000A6
2024-07-24 14:30:34.043 [Test worker] DEBUG c.g.d.z.s.o.a.h.c.h.i.i.PoolingHttpClientConnectionManager - ep-000000A5: executing exchange ex-000000A6 over http-outgoing-15
2024-07-24 14:30:34.043 [Test worker] DEBUG c.g.d.z.s.o.a.h.client5.http.headers - http-outgoing-15 >> GET /v1.32/containers/429aad1742374679350f33e4dd3981aa6466f782d7699865f9fe1f1ba15de6ab/json HTTP/1.1
2024-07-24 14:30:34.043 [Test worker] DEBUG c.g.d.z.s.o.a.h.client5.http.headers - http-outgoing-15 >> accept: application/json
2024-07-24 14:30:34.043 [Test worker] DEBUG c.g.d.z.s.o.a.h.client5.http.headers - http-outgoing-15 >> x-tc-sid: 280e6229-7396-4d60-b1e3-a5de48b5d49b
2024-07-24 14:30:34.043 [Test worker] DEBUG c.g.d.z.s.o.a.h.client5.http.headers - http-outgoing-15 >> User-Agent: tc-java/1.19.8
2024-07-24 14:30:34.043 [Test worker] DEBUG c.g.d.z.s.o.a.h.client5.http.headers - http-outgoing-15 >> Accept-Encoding: gzip, x-gzip, deflate
2024-07-24 14:30:34.043 [Test worker] DEBUG c.g.d.z.s.o.a.h.client5.http.headers - http-outgoing-15 >> Host: localhost:2375
2024-07-24 14:30:34.043 [Test worker] DEBUG c.g.d.z.s.o.a.h.client5.http.headers - http-outgoing-15 >> Connection: keep-alive
2024-07-24 14:30:34.043 [Test worker] DEBUG c.g.d.z.s.o.a.hc.client5.http.wire - http-outgoing-15 >> "GET /v1.32/containers/429aad1742374679350f33e4dd3981aa6466f782d7699865f9fe1f1ba15de6ab/json HTTP/1.1[\r][\n]"
2024-07-24 14:30:34.043 [Test worker] DEBUG c.g.d.z.s.o.a.hc.client5.http.wire - http-outgoing-15 >> "accept: application/json[\r][\n]"
2024-07-24 14:30:34.043 [Test worker] DEBUG c.g.d.z.s.o.a.hc.client5.http.wire - http-outgoing-15 >> "x-tc-sid: 280e6229-7396-4d60-b1e3-a5de48b5d49b[\r][\n]"
2024-07-24 14:30:34.043 [Test worker] DEBUG c.g.d.z.s.o.a.hc.client5.http.wire - http-outgoing-15 >> "User-Agent: tc-java/1.19.8[\r][\n]"
2024-07-24 14:30:34.043 [Test worker] DEBUG c.g.d.z.s.o.a.hc.client5.http.wire - http-outgoing-15 >> "Accept-Encoding: gzip, x-gzip, deflate[\r][\n]"
2024-07-24 14:30:34.043 [Test worker] DEBUG c.g.d.z.s.o.a.hc.client5.http.wire - http-outgoing-15 >> "Host: localhost:2375[\r][\n]"
2024-07-24 14:30:34.043 [Test worker] DEBUG c.g.d.z.s.o.a.hc.client5.http.wire - http-outgoing-15 >> "Connection: keep-alive[\r][\n]"
2024-07-24 14:30:34.043 [Test worker] DEBUG c.g.d.z.s.o.a.hc.client5.http.wire - http-outgoing-15 >> "[\r][\n]"
2024-07-24 14:30:34.047 [Test worker] DEBUG c.g.d.z.s.o.a.hc.client5.http.wire - http-outgoing-15 << "HTTP/1.1 200 OK[\r][\n]"
2024-07-24 14:30:34.047 [Test worker] DEBUG c.g.d.z.s.o.a.hc.client5.http.wire - http-outgoing-15 << "Api-Version: 1.45[\r][\n]"
2024-07-24 14:30:34.047 [Test worker] DEBUG c.g.d.z.s.o.a.hc.client5.http.wire - http-outgoing-15 << "Content-Type: application/json[\r][\n]"
2024-07-24 14:30:34.047 [Test worker] DEBUG c.g.d.z.s.o.a.hc.client5.http.wire - http-outgoing-15 << "Date: Wed, 24 Jul 2024 02:30:34 GMT[\r][\n]"
2024-07-24 14:30:34.047 [Test worker] DEBUG c.g.d.z.s.o.a.hc.client5.http.wire - http-outgoing-15 << "Docker-Experimental: false[\r][\n]"
2024-07-24 14:30:34.047 [Test worker] DEBUG c.g.d.z.s.o.a.hc.client5.http.wire - http-outgoing-15 << "Ostype: linux[\r][\n]"
2024-07-24 14:30:34.047 [Test worker] DEBUG c.g.d.z.s.o.a.hc.client5.http.wire - http-outgoing-15 << "Server: Docker/26.0.0 (linux)[\r][\n]"
2024-07-24 14:30:34.047 [Test worker] DEBUG c.g.d.z.s.o.a.hc.client5.http.wire - http-outgoing-15 << "Transfer-Encoding: chunked[\r][\n]"
2024-07-24 14:30:34.047 [Test worker] DEBUG c.g.d.z.s.o.a.hc.client5.http.wire - http-outgoing-15 << "[\r][\n]"
2024-07-24 14:30:34.047 [Test worker] DEBUG c.g.d.z.s.o.a.h.client5.http.headers - http-outgoing-15 << HTTP/1.1 200 OK
2024-07-24 14:30:34.047 [Test worker] DEBUG c.g.d.z.s.o.a.h.client5.http.headers - http-outgoing-15 << Api-Version: 1.45
2024-07-24 14:30:34.047 [Test worker] DEBUG c.g.d.z.s.o.a.h.client5.http.headers - http-outgoing-15 << Content-Type: application/json
2024-07-24 14:30:34.047 [Test worker] DEBUG c.g.d.z.s.o.a.h.client5.http.headers - http-outgoing-15 << Date: Wed, 24 Jul 2024 02:30:34 GMT
2024-07-24 14:30:34.047 [Test worker] DEBUG c.g.d.z.s.o.a.h.client5.http.headers - http-outgoing-15 << Docker-Experimental: false
2024-07-24 14:30:34.047 [Test worker] DEBUG c.g.d.z.s.o.a.h.client5.http.headers - http-outgoing-15 << Ostype: linux
2024-07-24 14:30:34.047 [Test worker] DEBUG c.g.d.z.s.o.a.h.client5.http.headers - http-outgoing-15 << Server: Docker/26.0.0 (linux)
2024-07-24 14:30:34.047 [Test worker] DEBUG c.g.d.z.s.o.a.h.client5.http.headers - http-outgoing-15 << Transfer-Encoding: chunked
2024-07-24 14:30:34.048 [Test worker] DEBUG c.g.d.z.s.o.a.h.c.h.i.c.MainClientExec - ex-000000A6: connection can be kept alive for 3 MINUTES
2024-07-24 14:30:34.049 [Test worker] DEBUG c.g.d.z.s.o.a.hc.client5.http.wire - http-outgoing-15 << "1a39[\r][\n]"
2024-07-24 14:30:34.049 [Test worker] DEBUG c.g.d.z.s.o.a.hc.client5.http.wire - http-outgoing-15 << "{"Id":"429aad1742374679350f33e4dd3981aa6466f782d7699865f9fe1f1ba15de6ab","Created":"2024-07-24T02:30:33.505485953Z","Path":"docker-entrypoint.sh","Args":["postgres","-c","fsync=off"],"State":{"Status":"running","Running":true,"Paused":false,"Restarting":false,"OOMKilled":false,"Dead":false,"Pid":29874,"ExitCode":0,"Error":"","StartedAt":"2024-07-24T02:30:34.021730059Z","FinishedAt":"0001-01-01T00:00:00Z"},"Image":"sha256:8e4fc9e184899a58735e7ee333f5e272d7d2298cf59302006b71f33e217be130","ResolvConfPath":"/var/lib/docker/containers/429aad1742374679350f33e4dd3981aa6466f782d7699865f9fe1f1ba15de6ab/resolv.conf","HostnamePath":"/var/lib/docker/containers/429aad1742374679350f33e4dd3981aa6466f782d7699865f9fe1f1ba15de6ab/hostname","HostsPath":"/var/lib/docker/containers/429aad1742374679350f33e4dd3981aa6466f782d7699865f9fe1f1ba15de6ab/hosts","LogPath":"/var/lib/docker/containers/429aad1742374679350f33e4dd3981aa6466f782d7699865f9fe1f1ba15de6ab/429aad1742374679350f33e4dd3981aa6466f782d7699865f9fe1f1ba15de6ab-json.log","Name":"/exciting_hellman","RestartCount":0,"Driver":"overlay2","Platform":"linux","MountLabel":"","ProcessLabel":"","AppArmorProfile":"","ExecIDs":null,"HostConfig":{"Binds":[],"ContainerIDFile":"","LogConfig":{"Type":"json-file","Config":{}},"NetworkMode":"default","PortBindings":{"5432/tcp":[{"HostIp":"0.0.0.0","HostPort":"0"}]},"RestartPolicy":{"Name":"no","MaximumRetryCount":0},"AutoRemove":false,"VolumeDriver":"","VolumesFrom":[],"ConsoleSize":[0,0],"CapAdd":null,"CapDrop":null,"CgroupnsMode":"host","Dns":null,"DnsOptions":null,"DnsSearch":null,"ExtraHosts":[],"GroupAdd":null,"IpcMode":"shareable","Cgroup":"","Links":null,"OomScoreAdj":0,"PidMode":"","Privileged":false,"PublishAllPorts":false,"ReadonlyRootfs":false,"SecurityOpt":null,"UTSMode":"","UsernsMode":"","ShmSize":67108864,"Runtime":"runc","Isolation":"","CpuShares":0,"Memory":0,"NanoCpus":0,"CgroupParent":"","BlkioWeight":0,"BlkioWeightDevice":null,"BlkioDeviceReadBps":null,"BlkioDeviceWriteBps":null,"BlkioDeviceReadIOps":null,"BlkioDeviceWriteIOps":null,"CpuPeriod":0,"CpuQuota":0,"CpuRealtimePeriod":0,"CpuRealtimeRuntime":0,"CpusetCpus":"","CpusetMems":"","Devices":null,"DeviceCgroupRules":null,"DeviceRequests":null,"MemoryReservation":0,"MemorySwap":0,"MemorySwappiness":null,"OomKillDisable":false,"PidsLimit":null,"Ulimits":null,"CpuCount":0,"CpuPercent":0,"IOMaximumIOps":0,"IOMaximumBandwidth":0,"MaskedPaths":["/proc/asound","/proc/acpi","/proc/kcore","/proc/keys","/proc/latency_stats","/proc/timer_list","/proc/timer_stats","/proc/sched_debug","/proc/scsi","/sys/firmware","/sys/devices/virtual/powercap"],"ReadonlyPaths":["/proc/bus","/proc/fs","/proc/irq","/proc/sys","/proc/sysrq-trigger"]},"GraphDriver":{"Data":{"LowerDir":"/var/lib/docker/overlay2/e529093064c8a1447fec215af33cff57860cbb5cd0c95bebf6d94f04e5e217d1-init/diff:/var/lib/docker/overlay2/8f0ddbd386af0785c2e348570516955816ab350305d698d363962d488eeb15ec/diff:/var/lib/docker/overlay2/0eb0ca73e9b0be7c3d7fa8762ef4778a68f38391bc84c037c2e90b88e781b475/diff:/var/lib/docker/overlay2/74e634bddc785c5d436b10a5158cd82e21dc2065fd1cf8ff9c1c12e01575a2d8/diff:/var/lib/docker/overlay2/bb918b2851cd2f508f1e3fdbfff8b7f8b041d61e65fe8c368288bf399e80b818/diff:/var/lib/docker/overlay2/2abab2946cbdc2941ee8ec4024c51dac7313dee9de5fbedd1ca33388c59eb3c8/diff:/var/lib/docker/overlay2/e12f6083ee669bd92743ceb339a896bb25dbe461b718705bb39eb410b80c0ecd/diff:/var/lib/docker/overlay2/ced1e86d670d097da5ed4da7288c22507735918959161c2cd8bf083fb30d169a/diff:/var/lib/docker/overlay2/94e9ac7b74923285ae73af20aeccb964ca9079e2305db367cb85d1603560472d/diff:/var/lib/docker/overlay2/a396b6dfd63f0c228c519871183c614cccf4d366a43460f27ecf97113c3c4be8/diff:/var/lib/docker/overlay2/f58ada5d5080c2bac553c734f81127660a90581a35ed2a92cebe3c59e340875b/diff:/var/lib/docker/overlay2/84f85636f37bf55d945e217b4f87a856eba7932284beaf042561007b66f48977/diff:/var/lib/docker/overlay2/1e6e519613884e91a2b74a588ba35dc8a2f789371ab798ef6e7d9836d756042f/diff:/var/lib/docker/overlay2/14a3151cc8b4f9d27d2e64f1a8abc0c7809309580f2d7e8dc8545055c1d56194/diff:/var/lib/do"
2024-07-24 14:30:34.049 [Test worker] DEBUG c.g.d.z.s.o.a.hc.client5.http.wire - http-outgoing-15 << "cker/overlay2/5b354b9e793401517fe2f1da697653fdaadffc54888eaf76d67e0600b8c68bdc/diff","MergedDir":"/var/lib/docker/overlay2/e529093064c8a1447fec215af33cff57860cbb5cd0c95bebf6d94f04e5e217d1/merged","UpperDir":"/var/lib/docker/overlay2/e529093064c8a1447fec215af33cff57860cbb5cd0c95bebf6d94f04e5e217d1/diff","WorkDir":"/var/lib/docker/overlay2/e529093064c8a1447fec215af33cff57860cbb5cd0c95bebf6d94f04e5e217d1/work"},"Name":"overlay2"},"Mounts":[{"Type":"volume","Name":"fcae6d7e0b845944749fe1726a415bd36b3ef150214df9694e3b85d6003318b1","Source":"/var/lib/docker/volumes/fcae6d7e0b845944749fe1726a415bd36b3ef150214df9694e3b85d6003318b1/_data","Destination":"/var/lib/postgresql/data","Driver":"local","Mode":"","RW":true,"Propagation":""}],"Config":{"Hostname":"429aad174237","Domainname":"","User":"","AttachStdin":false,"AttachStdout":false,"AttachStderr":false,"ExposedPorts":{"5432/tcp":{}},"Tty":false,"OpenStdin":false,"StdinOnce":false,"Env":["POSTGRES_USER=user","POSTGRES_PASSWORD=password","POSTGRES_DB=db","PATH=/usr/local/sbin:/usr/local/bin:/usr/sbin:/usr/bin:/sbin:/bin:/usr/lib/postgresql/16/bin","GOSU_VERSION=1.17","LANG=en_US.utf8","PG_MAJOR=16","PG_VERSION=16.2-1.pgdg120+2","PGDATA=/var/lib/postgresql/data"],"Cmd":["postgres","-c","fsync=off"],"Image":"postgres:latest","Volumes":{"/var/lib/postgresql/data":{}},"WorkingDir":"","Entrypoint":["docker-entrypoint.sh"],"OnBuild":null,"Labels":{"org.testcontainers":"true","org.testcontainers.lang":"java","org.testcontainers.sessionId":"280e6229-7396-4d60-b1e3-a5de48b5d49b","org.testcontainers.version":"1.19.8"},"StopSignal":"SIGINT"},"NetworkSettings":{"Bridge":"","SandboxID":"4804db6f4569f55abc22dfa1562f4769350ddc364bf6d78f549fe3ac1fa214c2","SandboxKey":"/var/run/docker/netns/4804db6f4569","Ports":{"5432/tcp":[{"HostIp":"0.0.0.0","HostPort":"51558"}]},"HairpinMode":false,"LinkLocalIPv6Address":"","LinkLocalIPv6PrefixLen":0,"SecondaryIPAddresses":null,"SecondaryIPv6Addresses":null,"EndpointID":"23b9784a8b02f9ece1a41f1054d59df74fffa20fd889926faa89efe469cfdb30","Gateway":"172.17.0.1","GlobalIPv6Address":"","GlobalIPv6PrefixLen":0,"IPAddress":"172.17.0.3","IPPrefixLen":16,"IPv6Gateway":"","MacAddress":"02:42:ac:11:00:03","Networks":{"bridge":{"IPAMConfig":null,"Links":null,"Aliases":null,"MacAddress":"02:42:ac:11:00:03","NetworkID":"3c842496be344cbdae878c1dee0957e7bc7c0a2236009c92752030f2b053e72f","EndpointID":"23b9784a8b02f9ece1a41f1054d59df74fffa20fd889926faa89efe469cfdb30","Gateway":"172.17.0.1","IPAddress":"172.17.0.3","IPPrefixLen":16,"IPv6Gateway":"","GlobalIPv6Address":"","GlobalIPv6PrefixLen":0,"DriverOpts":null,"DNSNames":null}}}}[\n]"
2024-07-24 14:30:34.050 [Test worker] DEBUG c.g.d.z.s.o.a.hc.client5.http.wire - http-outgoing-15 << "[\r][\n]"
2024-07-24 14:30:34.050 [Test worker] DEBUG c.g.d.z.s.o.a.hc.client5.http.wire - http-outgoing-15 << "0[\r][\n]"
2024-07-24 14:30:34.050 [Test worker] DEBUG c.g.d.z.s.o.a.hc.client5.http.wire - http-outgoing-15 << "[\r][\n]"
2024-07-24 14:30:34.050 [Test worker] DEBUG c.g.d.z.s.o.a.h.c.h.i.c.InternalHttpClient - ep-000000A5: releasing valid endpoint
2024-07-24 14:30:34.050 [Test worker] DEBUG c.g.d.z.s.o.a.h.c.h.i.i.PoolingHttpClientConnectionManager - ep-000000A5: releasing endpoint
2024-07-24 14:30:34.050 [Test worker] DEBUG c.g.d.z.s.o.a.h.c.h.i.i.PoolingHttpClientConnectionManager - ep-000000A5: connection http-outgoing-15 can be kept alive for 3 MINUTES
2024-07-24 14:30:34.050 [Test worker] DEBUG c.g.d.z.s.o.a.h.c.h.i.i.PoolingHttpClientConnectionManager - ep-000000A5: connection released [route: {}->npipe://localhost:2375][total available: 1; route allocated: 1 of 2147483647; total allocated: 1 of 2147483647]
2024-07-24 14:30:34.051 [Test worker] DEBUG o.t.s.c.g.d.c.command.AbstrDockerCmd - Cmd: sha256:8e4fc9e184899a58735e7ee333f5e272d7d2298cf59302006b71f33e217be130
2024-07-24 14:30:34.051 [Test worker] TRACE o.t.s.c.g.d.c.e.InspectImageCmdExec - GET: DefaultWebTarget{path=[/images/sha256:8e4fc9e184899a58735e7ee333f5e272d7d2298cf59302006b71f33e217be130/json], queryParams={}}
2024-07-24 14:30:34.051 [Test worker] DEBUG c.g.d.z.s.o.a.h.c.h.i.c.InternalHttpClient - ex-000000A7: preparing request execution
2024-07-24 14:30:34.051 [Test worker] DEBUG c.g.d.z.s.o.a.h.c.h.p.RequestAddCookies - Cookie spec selected: strict
2024-07-24 14:30:34.051 [Test worker] DEBUG c.g.d.z.s.o.a.h.c.h.p.RequestAuthCache - Auth cache not set in the context
2024-07-24 14:30:34.051 [Test worker] DEBUG c.g.d.z.s.o.a.h.c.h.i.c.ProtocolExec - ex-000000A7: target auth state: UNCHALLENGED
2024-07-24 14:30:34.051 [Test worker] DEBUG c.g.d.z.s.o.a.h.c.h.i.c.ProtocolExec - ex-000000A7: proxy auth state: UNCHALLENGED
2024-07-24 14:30:34.051 [Test worker] DEBUG c.g.d.z.s.o.a.h.c.h.i.c.ConnectExec - ex-000000A7: acquiring connection with route {}->npipe://localhost:2375
2024-07-24 14:30:34.051 [Test worker] DEBUG c.g.d.z.s.o.a.h.c.h.i.c.InternalHttpClient - ex-000000A7: acquiring endpoint (3 MINUTES)
2024-07-24 14:30:34.051 [Test worker] DEBUG c.g.d.z.s.o.a.h.c.h.i.i.PoolingHttpClientConnectionManager - ex-000000A7: endpoint lease request (3 MINUTES) [route: {}->npipe://localhost:2375][total available: 1; route allocated: 1 of 2147483647; total allocated: 1 of 2147483647]
2024-07-24 14:30:34.051 [Test worker] DEBUG c.g.d.z.s.o.a.h.c.h.i.i.PoolingHttpClientConnectionManager - ex-000000A7: endpoint leased [route: {}->npipe://localhost:2375][total available: 0; route allocated: 1 of 2147483647; total allocated: 1 of 2147483647]
2024-07-24 14:30:34.051 [Test worker] DEBUG c.g.d.z.s.o.a.h.c.h.i.i.PoolingHttpClientConnectionManager - ex-000000A7: acquired ep-000000A6
2024-07-24 14:30:34.051 [Test worker] DEBUG c.g.d.z.s.o.a.h.c.h.i.c.InternalHttpClient - ex-000000A7: acquired endpoint ep-000000A6
2024-07-24 14:30:34.051 [Test worker] DEBUG c.g.d.z.s.o.a.h.c.h.i.c.MainClientExec - ex-000000A7: executing GET /v1.32/images/sha256:8e4fc9e184899a58735e7ee333f5e272d7d2298cf59302006b71f33e217be130/json HTTP/1.1
2024-07-24 14:30:34.051 [Test worker] DEBUG c.g.d.z.s.o.a.h.c.h.i.c.InternalHttpClient - ep-000000A6: start execution ex-000000A7
2024-07-24 14:30:34.051 [Test worker] DEBUG c.g.d.z.s.o.a.h.c.h.i.i.PoolingHttpClientConnectionManager - ep-000000A6: executing exchange ex-000000A7 over http-outgoing-15
2024-07-24 14:30:34.051 [Test worker] DEBUG c.g.d.z.s.o.a.h.client5.http.headers - http-outgoing-15 >> GET /v1.32/images/sha256:8e4fc9e184899a58735e7ee333f5e272d7d2298cf59302006b71f33e217be130/json HTTP/1.1
2024-07-24 14:30:34.051 [Test worker] DEBUG c.g.d.z.s.o.a.h.client5.http.headers - http-outgoing-15 >> accept: application/json
2024-07-24 14:30:34.051 [Test worker] DEBUG c.g.d.z.s.o.a.h.client5.http.headers - http-outgoing-15 >> x-tc-sid: 280e6229-7396-4d60-b1e3-a5de48b5d49b
2024-07-24 14:30:34.051 [Test worker] DEBUG c.g.d.z.s.o.a.h.client5.http.headers - http-outgoing-15 >> User-Agent: tc-java/1.19.8
2024-07-24 14:30:34.051 [Test worker] DEBUG c.g.d.z.s.o.a.h.client5.http.headers - http-outgoing-15 >> Accept-Encoding: gzip, x-gzip, deflate
2024-07-24 14:30:34.051 [Test worker] DEBUG c.g.d.z.s.o.a.h.client5.http.headers - http-outgoing-15 >> Host: localhost:2375
2024-07-24 14:30:34.051 [Test worker] DEBUG c.g.d.z.s.o.a.h.client5.http.headers - http-outgoing-15 >> Connection: keep-alive
2024-07-24 14:30:34.051 [Test worker] DEBUG c.g.d.z.s.o.a.hc.client5.http.wire - http-outgoing-15 >> "GET /v1.32/images/sha256:8e4fc9e184899a58735e7ee333f5e272d7d2298cf59302006b71f33e217be130/json HTTP/1.1[\r][\n]"
2024-07-24 14:30:34.051 [Test worker] DEBUG c.g.d.z.s.o.a.hc.client5.http.wire - http-outgoing-15 >> "accept: application/json[\r][\n]"
2024-07-24 14:30:34.051 [Test worker] DEBUG c.g.d.z.s.o.a.hc.client5.http.wire - http-outgoing-15 >> "x-tc-sid: 280e6229-7396-4d60-b1e3-a5de48b5d49b[\r][\n]"
2024-07-24 14:30:34.051 [Test worker] DEBUG c.g.d.z.s.o.a.hc.client5.http.wire - http-outgoing-15 >> "User-Agent: tc-java/1.19.8[\r][\n]"
2024-07-24 14:30:34.051 [Test worker] DEBUG c.g.d.z.s.o.a.hc.client5.http.wire - http-outgoing-15 >> "Accept-Encoding: gzip, x-gzip, deflate[\r][\n]"
2024-07-24 14:30:34.051 [Test worker] DEBUG c.g.d.z.s.o.a.hc.client5.http.wire - http-outgoing-15 >> "Host: localhost:2375[\r][\n]"
2024-07-24 14:30:34.051 [Test worker] DEBUG c.g.d.z.s.o.a.hc.client5.http.wire - http-outgoing-15 >> "Connection: keep-alive[\r][\n]"
2024-07-24 14:30:34.051 [Test worker] DEBUG c.g.d.z.s.o.a.hc.client5.http.wire - http-outgoing-15 >> "[\r][\n]"
2024-07-24 14:30:34.055 [Test worker] DEBUG c.g.d.z.s.o.a.hc.client5.http.wire - http-outgoing-15 << "HTTP/1.1 200 OK[\r][\n]"
2024-07-24 14:30:34.055 [Test worker] DEBUG c.g.d.z.s.o.a.hc.client5.http.wire - http-outgoing-15 << "Api-Version: 1.45[\r][\n]"
2024-07-24 14:30:34.055 [Test worker] DEBUG c.g.d.z.s.o.a.hc.client5.http.wire - http-outgoing-15 << "Content-Type: application/json[\r][\n]"
2024-07-24 14:30:34.055 [Test worker] DEBUG c.g.d.z.s.o.a.hc.client5.http.wire - http-outgoing-15 << "Date: Wed, 24 Jul 2024 02:30:34 GMT[\r][\n]"
2024-07-24 14:30:34.055 [Test worker] DEBUG c.g.d.z.s.o.a.hc.client5.http.wire - http-outgoing-15 << "Docker-Experimental: false[\r][\n]"
2024-07-24 14:30:34.055 [Test worker] DEBUG c.g.d.z.s.o.a.hc.client5.http.wire - http-outgoing-15 << "Ostype: linux[\r][\n]"
2024-07-24 14:30:34.055 [Test worker] DEBUG c.g.d.z.s.o.a.hc.client5.http.wire - http-outgoing-15 << "Server: Docker/26.0.0 (linux)[\r][\n]"
2024-07-24 14:30:34.055 [Test worker] DEBUG c.g.d.z.s.o.a.hc.client5.http.wire - http-outgoing-15 << "Transfer-Encoding: chunked[\r][\n]"
2024-07-24 14:30:34.055 [Test worker] DEBUG c.g.d.z.s.o.a.hc.client5.http.wire - http-outgoing-15 << "[\r][\n]"
2024-07-24 14:30:34.055 [Test worker] DEBUG c.g.d.z.s.o.a.h.client5.http.headers - http-outgoing-15 << HTTP/1.1 200 OK
2024-07-24 14:30:34.055 [Test worker] DEBUG c.g.d.z.s.o.a.h.client5.http.headers - http-outgoing-15 << Api-Version: 1.45
2024-07-24 14:30:34.055 [Test worker] DEBUG c.g.d.z.s.o.a.h.client5.http.headers - http-outgoing-15 << Content-Type: application/json
2024-07-24 14:30:34.055 [Test worker] DEBUG c.g.d.z.s.o.a.h.client5.http.headers - http-outgoing-15 << Date: Wed, 24 Jul 2024 02:30:34 GMT
2024-07-24 14:30:34.055 [Test worker] DEBUG c.g.d.z.s.o.a.h.client5.http.headers - http-outgoing-15 << Docker-Experimental: false
2024-07-24 14:30:34.055 [Test worker] DEBUG c.g.d.z.s.o.a.h.client5.http.headers - http-outgoing-15 << Ostype: linux
2024-07-24 14:30:34.055 [Test worker] DEBUG c.g.d.z.s.o.a.h.client5.http.headers - http-outgoing-15 << Server: Docker/26.0.0 (linux)
2024-07-24 14:30:34.055 [Test worker] DEBUG c.g.d.z.s.o.a.h.client5.http.headers - http-outgoing-15 << Transfer-Encoding: chunked
2024-07-24 14:30:34.055 [Test worker] DEBUG c.g.d.z.s.o.a.h.c.h.i.c.MainClientExec - ex-000000A7: connection can be kept alive for 3 MINUTES
2024-07-24 14:30:34.055 [Test worker] DEBUG c.g.d.z.s.o.a.hc.client5.http.wire - http-outgoing-15 << "fcb[\r][\n]"
2024-07-24 14:30:34.055 [Test worker] DEBUG c.g.d.z.s.o.a.hc.client5.http.wire - http-outgoing-15 << "{"Id":"sha256:8e4fc9e184899a58735e7ee333f5e272d7d2298cf59302006b71f33e217be130","RepoTags":["postgres:latest"],"RepoDigests":["postgres@sha256:4aea012537edfad80f98d870a36e6b90b4c09b27be7f4b4759d72db863baeebb"],"Parent":"","Comment":"buildkit.dockerfile.v0","Created":"2024-02-21T00:46:13Z","ContainerConfig":{"Hostname":"","Domainname":"","User":"","AttachStdin":false,"AttachStdout":false,"AttachStderr":false,"Tty":false,"OpenStdin":false,"StdinOnce":false,"Env":null,"Cmd":null,"Image":"","Volumes":null,"WorkingDir":"","Entrypoint":null,"OnBuild":null,"Labels":null},"DockerVersion":"","Author":"","Config":{"Hostname":"","Domainname":"","User":"","AttachStdin":false,"AttachStdout":false,"AttachStderr":false,"ExposedPorts":{"5432/tcp":{}},"Tty":false,"OpenStdin":false,"StdinOnce":false,"Env":["PATH=/usr/local/sbin:/usr/local/bin:/usr/sbin:/usr/bin:/sbin:/bin:/usr/lib/postgresql/16/bin","GOSU_VERSION=1.17","LANG=en_US.utf8","PG_MAJOR=16","PG_VERSION=16.2-1.pgdg120+2","PGDATA=/var/lib/postgresql/data"],"Cmd":["postgres"],"ArgsEscaped":true,"Image":"","Volumes":{"/var/lib/postgresql/data":{}},"WorkingDir":"","Entrypoint":["docker-entrypoint.sh"],"OnBuild":null,"Labels":null,"StopSignal":"SIGINT"},"Architecture":"amd64","Os":"linux","Size":431496964,"VirtualSize":431496964,"GraphDriver":{"Data":{"LowerDir":"/var/lib/docker/overlay2/0eb0ca73e9b0be7c3d7fa8762ef4778a68f38391bc84c037c2e90b88e781b475/diff:/var/lib/docker/overlay2/74e634bddc785c5d436b10a5158cd82e21dc2065fd1cf8ff9c1c12e01575a2d8/diff:/var/lib/docker/overlay2/bb918b2851cd2f508f1e3fdbfff8b7f8b041d61e65fe8c368288bf399e80b818/diff:/var/lib/docker/overlay2/2abab2946cbdc2941ee8ec4024c51dac7313dee9de5fbedd1ca33388c59eb3c8/diff:/var/lib/docker/overlay2/e12f6083ee669bd92743ceb339a896bb25dbe461b718705bb39eb410b80c0ecd/diff:/var/lib/docker/overlay2/ced1e86d670d097da5ed4da7288c22507735918959161c2cd8bf083fb30d169a/diff:/var/lib/docker/overlay2/94e9ac7b74923285ae73af20aeccb964ca9079e2305db367cb85d1603560472d/diff:/var/lib/docker/overlay2/a396b6dfd63f0c228c519871183c614cccf4d366a43460f27ecf97113c3c4be8/diff:/var/lib/docker/overlay2/f58ada5d5080c2bac553c734f81127660a90581a35ed2a92cebe3c59e340875b/diff:/var/lib/docker/overlay2/84f85636f37bf55d945e217b4f87a856eba7932284beaf042561007b66f48977/diff:/var/lib/docker/overlay2/1e6e519613884e91a2b74a588ba35dc8a2f789371ab798ef6e7d9836d756042f/diff:/var/lib/docker/overlay2/14a3151cc8b4f9d27d2e64f1a8abc0c7809309580f2d7e8dc8545055c1d56194/diff:/var/lib/docker/overlay2/5b354b9e793401517fe2f1da697653fdaadffc54888eaf76d67e0600b8c68bdc/diff","MergedDir":"/var/lib/docker/overlay2/8f0ddbd386af0785c2e348570516955816ab350305d698d363962d488eeb15ec/merged","UpperDir":"/var/lib/docker/overlay2/8f0ddbd386af0785c2e348570516955816ab350305d698d363962d488eeb15ec/diff","WorkDir":"/var/lib/docker/overlay2/8f0ddbd386af0785c2e348570516955816ab350305d698d363962d488eeb15ec/work"},"Name":"overlay2"},"RootFS":{"Type":"layers","Layers":["sha256:52ec5a4316fadc09a4a51f82b8d7b66ead0d71bea4f75e81e25b4094c4219061","sha256:5a99d63e3aef066b4fa085cf24d0281681d5530c22f0c93391b854ba5741b62e","sha256:12694c6edf8321950446751b5acc175137946701b72febd6a32ab6e6cb89403b","sha256:beceb355ef35df0b8123db4eddd8f734e7414a3828e463354a913dda6738571d","sha256:0f86e6985ca32f3adeb9f65e3f80b3f2aa37a697d345c84011b2421e5608bc06","sha256:22c31f24613cd6a7b43f3074166d79619574e76f430035be15d909ae45fb97da","sha256:7c32a1ce1cc084a148145553666d5b64e3b6551491d1c3c6cc545b5b69daf5da","sha256:192de40051e6f5b468a60be4e6d162a1bbf3dc4af2dfb0a7aa8db25f86b6e68e","sha256:257f3fc789f6526019470322285b4bfe55e3e09f41150576c0997f370407af14","sha256:2993953b2c109056b0d580a549dae9f902a84a29f3907d96d7329746a8df7fc2","sha256:0bc02fbb093e939812a0ca64bd21a807d815b89c5e034e73026d14535053f4e2","sha256:3866ad927dc8101b32941f0fe6e36e656eba398b92164688ce1d1afdeca7eb09","sha256:2621fdc21b32f8210d30df7b9f44c068fa347ce07f7e1935a2383e5f7e7ddecb","sha256:c116a9ba3dbfe8c6135659ba009883a03bdc660abfedc64e2528baa6d736dbc9"]},"Metadata":{"LastTagTime":"0001-01-01T00:00:00Z"},"Container":""}[\n]"
2024-07-24 14:30:34.055 [Test worker] DEBUG c.g.d.z.s.o.a.hc.client5.http.wire - http-outgoing-15 << "[\r][\n]"
2024-07-24 14:30:34.055 [Test worker] DEBUG c.g.d.z.s.o.a.hc.client5.http.wire - http-outgoing-15 << "0[\r][\n]"
2024-07-24 14:30:34.055 [Test worker] DEBUG c.g.d.z.s.o.a.hc.client5.http.wire - http-outgoing-15 << "[\r][\n]"
2024-07-24 14:30:34.057 [Test worker] DEBUG c.g.d.z.s.o.a.h.c.h.i.c.InternalHttpClient - ep-000000A6: releasing valid endpoint
2024-07-24 14:30:34.057 [Test worker] DEBUG c.g.d.z.s.o.a.h.c.h.i.i.PoolingHttpClientConnectionManager - ep-000000A6: releasing endpoint
2024-07-24 14:30:34.057 [Test worker] DEBUG c.g.d.z.s.o.a.h.c.h.i.i.PoolingHttpClientConnectionManager - ep-000000A6: connection http-outgoing-15 can be kept alive for 3 MINUTES
2024-07-24 14:30:34.057 [Test worker] DEBUG c.g.d.z.s.o.a.h.c.h.i.i.PoolingHttpClientConnectionManager - ep-000000A6: connection released [route: {}->npipe://localhost:2375][total available: 1; route allocated: 1 of 2147483647; total allocated: 1 of 2147483647]
2024-07-24 14:30:34.057 [Test worker] DEBUG o.t.s.c.g.d.c.command.AbstrDockerCmd - Cmd: 
2024-07-24 14:30:34.057 [Test worker] TRACE o.t.s.c.g.d.core.exec.VersionCmdExec - GET: DefaultWebTarget{path=[/version], queryParams={}}
2024-07-24 14:30:34.057 [Test worker] DEBUG c.g.d.z.s.o.a.h.c.h.i.c.InternalHttpClient - ex-000000A8: preparing request execution
2024-07-24 14:30:34.057 [Test worker] DEBUG c.g.d.z.s.o.a.h.c.h.p.RequestAddCookies - Cookie spec selected: strict
2024-07-24 14:30:34.057 [Test worker] DEBUG c.g.d.z.s.o.a.h.c.h.p.RequestAuthCache - Auth cache not set in the context
2024-07-24 14:30:34.057 [Test worker] DEBUG c.g.d.z.s.o.a.h.c.h.i.c.ProtocolExec - ex-000000A8: target auth state: UNCHALLENGED
2024-07-24 14:30:34.057 [Test worker] DEBUG c.g.d.z.s.o.a.h.c.h.i.c.ProtocolExec - ex-000000A8: proxy auth state: UNCHALLENGED
2024-07-24 14:30:34.057 [Test worker] DEBUG c.g.d.z.s.o.a.h.c.h.i.c.ConnectExec - ex-000000A8: acquiring connection with route {}->npipe://localhost:2375
2024-07-24 14:30:34.057 [Test worker] DEBUG c.g.d.z.s.o.a.h.c.h.i.c.InternalHttpClient - ex-000000A8: acquiring endpoint (3 MINUTES)
2024-07-24 14:30:34.057 [Test worker] DEBUG c.g.d.z.s.o.a.h.c.h.i.i.PoolingHttpClientConnectionManager - ex-000000A8: endpoint lease request (3 MINUTES) [route: {}->npipe://localhost:2375][total available: 1; route allocated: 1 of 2147483647; total allocated: 1 of 2147483647]
2024-07-24 14:30:34.057 [Test worker] DEBUG c.g.d.z.s.o.a.h.c.h.i.i.PoolingHttpClientConnectionManager - ex-000000A8: endpoint leased [route: {}->npipe://localhost:2375][total available: 0; route allocated: 1 of 2147483647; total allocated: 1 of 2147483647]
2024-07-24 14:30:34.057 [Test worker] DEBUG c.g.d.z.s.o.a.h.c.h.i.i.PoolingHttpClientConnectionManager - ex-000000A8: acquired ep-000000A7
2024-07-24 14:30:34.057 [Test worker] DEBUG c.g.d.z.s.o.a.h.c.h.i.c.InternalHttpClient - ex-000000A8: acquired endpoint ep-000000A7
2024-07-24 14:30:34.057 [Test worker] DEBUG c.g.d.z.s.o.a.h.c.h.i.c.MainClientExec - ex-000000A8: executing GET /v1.32/version HTTP/1.1
2024-07-24 14:30:34.057 [Test worker] DEBUG c.g.d.z.s.o.a.h.c.h.i.c.InternalHttpClient - ep-000000A7: start execution ex-000000A8
2024-07-24 14:30:34.057 [Test worker] DEBUG c.g.d.z.s.o.a.h.c.h.i.i.PoolingHttpClientConnectionManager - ep-000000A7: executing exchange ex-000000A8 over http-outgoing-15
2024-07-24 14:30:34.057 [Test worker] DEBUG c.g.d.z.s.o.a.h.client5.http.headers - http-outgoing-15 >> GET /v1.32/version HTTP/1.1
2024-07-24 14:30:34.057 [Test worker] DEBUG c.g.d.z.s.o.a.h.client5.http.headers - http-outgoing-15 >> accept: application/json
2024-07-24 14:30:34.057 [Test worker] DEBUG c.g.d.z.s.o.a.h.client5.http.headers - http-outgoing-15 >> x-tc-sid: 280e6229-7396-4d60-b1e3-a5de48b5d49b
2024-07-24 14:30:34.057 [Test worker] DEBUG c.g.d.z.s.o.a.h.client5.http.headers - http-outgoing-15 >> User-Agent: tc-java/1.19.8
2024-07-24 14:30:34.057 [Test worker] DEBUG c.g.d.z.s.o.a.h.client5.http.headers - http-outgoing-15 >> Accept-Encoding: gzip, x-gzip, deflate
2024-07-24 14:30:34.057 [Test worker] DEBUG c.g.d.z.s.o.a.h.client5.http.headers - http-outgoing-15 >> Host: localhost:2375
2024-07-24 14:30:34.057 [Test worker] DEBUG c.g.d.z.s.o.a.h.client5.http.headers - http-outgoing-15 >> Connection: keep-alive
2024-07-24 14:30:34.057 [Test worker] DEBUG c.g.d.z.s.o.a.hc.client5.http.wire - http-outgoing-15 >> "GET /v1.32/version HTTP/1.1[\r][\n]"
2024-07-24 14:30:34.057 [Test worker] DEBUG c.g.d.z.s.o.a.hc.client5.http.wire - http-outgoing-15 >> "accept: application/json[\r][\n]"
2024-07-24 14:30:34.057 [Test worker] DEBUG c.g.d.z.s.o.a.hc.client5.http.wire - http-outgoing-15 >> "x-tc-sid: 280e6229-7396-4d60-b1e3-a5de48b5d49b[\r][\n]"
2024-07-24 14:30:34.057 [Test worker] DEBUG c.g.d.z.s.o.a.hc.client5.http.wire - http-outgoing-15 >> "User-Agent: tc-java/1.19.8[\r][\n]"
2024-07-24 14:30:34.057 [Test worker] DEBUG c.g.d.z.s.o.a.hc.client5.http.wire - http-outgoing-15 >> "Accept-Encoding: gzip, x-gzip, deflate[\r][\n]"
2024-07-24 14:30:34.057 [Test worker] DEBUG c.g.d.z.s.o.a.hc.client5.http.wire - http-outgoing-15 >> "Host: localhost:2375[\r][\n]"
2024-07-24 14:30:34.057 [Test worker] DEBUG c.g.d.z.s.o.a.hc.client5.http.wire - http-outgoing-15 >> "Connection: keep-alive[\r][\n]"
2024-07-24 14:30:34.057 [Test worker] DEBUG c.g.d.z.s.o.a.hc.client5.http.wire - http-outgoing-15 >> "[\r][\n]"
2024-07-24 14:30:34.066 [Test worker] DEBUG c.g.d.z.s.o.a.hc.client5.http.wire - http-outgoing-15 << "HTTP/1.1 200 OK[\r][\n]"
2024-07-24 14:30:34.067 [Test worker] DEBUG c.g.d.z.s.o.a.hc.client5.http.wire - http-outgoing-15 << "Api-Version: 1.45[\r][\n]"
2024-07-24 14:30:34.067 [Test worker] DEBUG c.g.d.z.s.o.a.hc.client5.http.wire - http-outgoing-15 << "Content-Type: application/json[\r][\n]"
2024-07-24 14:30:34.067 [Test worker] DEBUG c.g.d.z.s.o.a.hc.client5.http.wire - http-outgoing-15 << "Date: Wed, 24 Jul 2024 02:30:34 GMT[\r][\n]"
2024-07-24 14:30:34.067 [Test worker] DEBUG c.g.d.z.s.o.a.hc.client5.http.wire - http-outgoing-15 << "Docker-Experimental: false[\r][\n]"
2024-07-24 14:30:34.067 [Test worker] DEBUG c.g.d.z.s.o.a.hc.client5.http.wire - http-outgoing-15 << "Ostype: linux[\r][\n]"
2024-07-24 14:30:34.067 [Test worker] DEBUG c.g.d.z.s.o.a.hc.client5.http.wire - http-outgoing-15 << "Server: Docker/26.0.0 (linux)[\r][\n]"
2024-07-24 14:30:34.067 [Test worker] DEBUG c.g.d.z.s.o.a.hc.client5.http.wire - http-outgoing-15 << "Transfer-Encoding: chunked[\r][\n]"
2024-07-24 14:30:34.067 [Test worker] DEBUG c.g.d.z.s.o.a.hc.client5.http.wire - http-outgoing-15 << "[\r][\n]"
2024-07-24 14:30:34.067 [Test worker] DEBUG c.g.d.z.s.o.a.h.client5.http.headers - http-outgoing-15 << HTTP/1.1 200 OK
2024-07-24 14:30:34.067 [Test worker] DEBUG c.g.d.z.s.o.a.h.client5.http.headers - http-outgoing-15 << Api-Version: 1.45
2024-07-24 14:30:34.067 [Test worker] DEBUG c.g.d.z.s.o.a.h.client5.http.headers - http-outgoing-15 << Content-Type: application/json
2024-07-24 14:30:34.067 [Test worker] DEBUG c.g.d.z.s.o.a.h.client5.http.headers - http-outgoing-15 << Date: Wed, 24 Jul 2024 02:30:34 GMT
2024-07-24 14:30:34.067 [Test worker] DEBUG c.g.d.z.s.o.a.h.client5.http.headers - http-outgoing-15 << Docker-Experimental: false
2024-07-24 14:30:34.067 [Test worker] DEBUG c.g.d.z.s.o.a.h.client5.http.headers - http-outgoing-15 << Ostype: linux
2024-07-24 14:30:34.067 [Test worker] DEBUG c.g.d.z.s.o.a.h.client5.http.headers - http-outgoing-15 << Server: Docker/26.0.0 (linux)
2024-07-24 14:30:34.067 [Test worker] DEBUG c.g.d.z.s.o.a.h.client5.http.headers - http-outgoing-15 << Transfer-Encoding: chunked
2024-07-24 14:30:34.067 [Test worker] DEBUG c.g.d.z.s.o.a.h.c.h.i.c.MainClientExec - ex-000000A8: connection can be kept alive for 3 MINUTES
2024-07-24 14:30:34.067 [Test worker] DEBUG c.g.d.z.s.o.a.hc.client5.http.wire - http-outgoing-15 << "35f[\r][\n]"
2024-07-24 14:30:34.067 [Test worker] DEBUG c.g.d.z.s.o.a.hc.client5.http.wire - http-outgoing-15 << "{"Platform":{"Name":"Docker Desktop 4.29.0 (145265)"},"Components":[{"Name":"Engine","Version":"26.0.0","Details":{"ApiVersion":"1.45","Arch":"amd64","BuildTime":"2024-03-20T15:18:01.000000000+00:00","Experimental":"false","GitCommit":"8b79278","GoVersion":"go1.21.8","KernelVersion":"5.15.153.1-microsoft-standard-WSL2","MinAPIVersion":"1.24","Os":"linux"}},{"Name":"containerd","Version":"1.6.28","Details":{"GitCommit":"ae07eda36dd25f8a1b98dfbf587313b99c0190bb"}},{"Name":"runc","Version":"1.1.12","Details":{"GitCommit":"v1.1.12-0-g51d5e94"}},{"Name":"docker-init","Version":"0.19.0","Details":{"GitCommit":"de40ad0"}}],"Version":"26.0.0","ApiVersion":"1.45","MinAPIVersion":"1.24","GitCommit":"8b79278","GoVersion":"go1.21.8","Os":"linux","Arch":"amd64","KernelVersion":"5.15.153.1-microsoft-standard-WSL2","BuildTime":"2024-03-20T15:18:01.000000000+00:00"}[\n]"
2024-07-24 14:30:34.067 [Test worker] DEBUG c.g.d.z.s.o.a.hc.client5.http.wire - http-outgoing-15 << "[\r][\n]"
2024-07-24 14:30:34.067 [Test worker] DEBUG c.g.d.z.s.o.a.hc.client5.http.wire - http-outgoing-15 << "0[\r][\n]"
2024-07-24 14:30:34.067 [Test worker] DEBUG c.g.d.z.s.o.a.hc.client5.http.wire - http-outgoing-15 << "[\r][\n]"
2024-07-24 14:30:34.067 [Test worker] DEBUG c.g.d.z.s.o.a.h.c.h.i.c.InternalHttpClient - ep-000000A7: releasing valid endpoint
2024-07-24 14:30:34.067 [Test worker] DEBUG c.g.d.z.s.o.a.h.c.h.i.i.PoolingHttpClientConnectionManager - ep-000000A7: releasing endpoint
2024-07-24 14:30:34.068 [Test worker] DEBUG c.g.d.z.s.o.a.h.c.h.i.i.PoolingHttpClientConnectionManager - ep-000000A7: connection http-outgoing-15 can be kept alive for 3 MINUTES
2024-07-24 14:30:34.068 [Test worker] DEBUG c.g.d.z.s.o.a.h.c.h.i.i.PoolingHttpClientConnectionManager - ep-000000A7: connection released [route: {}->npipe://localhost:2375][total available: 1; route allocated: 1 of 2147483647; total allocated: 1 of 2147483647]
2024-07-24 14:30:34.068 [Test worker] TRACE o.t.s.c.g.d.c.e.LogContainerCmdExec - GET: DefaultWebTarget{path=[/containers/429aad1742374679350f33e4dd3981aa6466f782d7699865f9fe1f1ba15de6ab/logs], queryParams={stdout=[true], stderr=[true], follow=[true], since=[0]}}
2024-07-24 14:30:34.069 [docker-java-stream-1296536166] DEBUG c.g.d.z.s.o.a.h.c.h.i.c.InternalHttpClient - ex-000000A9: preparing request execution
2024-07-24 14:30:34.069 [docker-java-stream-1296536166] DEBUG c.g.d.z.s.o.a.h.c.h.p.RequestAddCookies - Cookie spec selected: strict
2024-07-24 14:30:34.069 [docker-java-stream-1296536166] DEBUG c.g.d.z.s.o.a.h.c.h.p.RequestAuthCache - Auth cache not set in the context
2024-07-24 14:30:34.069 [docker-java-stream-1296536166] DEBUG c.g.d.z.s.o.a.h.c.h.i.c.ProtocolExec - ex-000000A9: target auth state: UNCHALLENGED
2024-07-24 14:30:34.069 [docker-java-stream-1296536166] DEBUG c.g.d.z.s.o.a.h.c.h.i.c.ProtocolExec - ex-000000A9: proxy auth state: UNCHALLENGED
2024-07-24 14:30:34.069 [docker-java-stream-1296536166] DEBUG c.g.d.z.s.o.a.h.c.h.i.c.ConnectExec - ex-000000A9: acquiring connection with route {}->npipe://localhost:2375
2024-07-24 14:30:34.069 [docker-java-stream-1296536166] DEBUG c.g.d.z.s.o.a.h.c.h.i.c.InternalHttpClient - ex-000000A9: acquiring endpoint (3 MINUTES)
2024-07-24 14:30:34.069 [docker-java-stream-1296536166] DEBUG c.g.d.z.s.o.a.h.c.h.i.i.PoolingHttpClientConnectionManager - ex-000000A9: endpoint lease request (3 MINUTES) [route: {}->npipe://localhost:2375][total available: 1; route allocated: 1 of 2147483647; total allocated: 1 of 2147483647]
2024-07-24 14:30:34.069 [docker-java-stream-1296536166] DEBUG c.g.d.z.s.o.a.h.c.h.i.i.PoolingHttpClientConnectionManager - ex-000000A9: endpoint leased [route: {}->npipe://localhost:2375][total available: 0; route allocated: 1 of 2147483647; total allocated: 1 of 2147483647]
2024-07-24 14:30:34.069 [docker-java-stream-1296536166] DEBUG c.g.d.z.s.o.a.h.c.h.i.i.PoolingHttpClientConnectionManager - ex-000000A9: acquired ep-000000A8
2024-07-24 14:30:34.069 [docker-java-stream-1296536166] DEBUG c.g.d.z.s.o.a.h.c.h.i.c.InternalHttpClient - ex-000000A9: acquired endpoint ep-000000A8
2024-07-24 14:30:34.069 [docker-java-stream-1296536166] DEBUG c.g.d.z.s.o.a.h.c.h.i.c.MainClientExec - ex-000000A9: executing GET /v1.32/containers/429aad1742374679350f33e4dd3981aa6466f782d7699865f9fe1f1ba15de6ab/logs?stdout=true&stderr=true&follow=true&since=0 HTTP/1.1
2024-07-24 14:30:34.069 [docker-java-stream-1296536166] DEBUG c.g.d.z.s.o.a.h.c.h.i.c.InternalHttpClient - ep-000000A8: start execution ex-000000A9
2024-07-24 14:30:34.069 [docker-java-stream-1296536166] DEBUG c.g.d.z.s.o.a.h.c.h.i.i.PoolingHttpClientConnectionManager - ep-000000A8: executing exchange ex-000000A9 over http-outgoing-15
2024-07-24 14:30:34.069 [docker-java-stream-1296536166] DEBUG c.g.d.z.s.o.a.h.client5.http.headers - http-outgoing-15 >> GET /v1.32/containers/429aad1742374679350f33e4dd3981aa6466f782d7699865f9fe1f1ba15de6ab/logs?stdout=true&stderr=true&follow=true&since=0 HTTP/1.1
2024-07-24 14:30:34.069 [docker-java-stream-1296536166] DEBUG c.g.d.z.s.o.a.h.client5.http.headers - http-outgoing-15 >> x-tc-sid: 280e6229-7396-4d60-b1e3-a5de48b5d49b
2024-07-24 14:30:34.069 [docker-java-stream-1296536166] DEBUG c.g.d.z.s.o.a.h.client5.http.headers - http-outgoing-15 >> User-Agent: tc-java/1.19.8
2024-07-24 14:30:34.069 [docker-java-stream-1296536166] DEBUG c.g.d.z.s.o.a.h.client5.http.headers - http-outgoing-15 >> Accept-Encoding: gzip, x-gzip, deflate
2024-07-24 14:30:34.069 [docker-java-stream-1296536166] DEBUG c.g.d.z.s.o.a.h.client5.http.headers - http-outgoing-15 >> Host: localhost:2375
2024-07-24 14:30:34.069 [docker-java-stream-1296536166] DEBUG c.g.d.z.s.o.a.h.client5.http.headers - http-outgoing-15 >> Connection: keep-alive
2024-07-24 14:30:34.069 [docker-java-stream-1296536166] DEBUG c.g.d.z.s.o.a.hc.client5.http.wire - http-outgoing-15 >> "GET /v1.32/containers/429aad1742374679350f33e4dd3981aa6466f782d7699865f9fe1f1ba15de6ab/logs?stdout=true&stderr=true&follow=true&since=0 HTTP/1.1[\r][\n]"
2024-07-24 14:30:34.069 [docker-java-stream-1296536166] DEBUG c.g.d.z.s.o.a.hc.client5.http.wire - http-outgoing-15 >> "x-tc-sid: 280e6229-7396-4d60-b1e3-a5de48b5d49b[\r][\n]"
2024-07-24 14:30:34.069 [docker-java-stream-1296536166] DEBUG c.g.d.z.s.o.a.hc.client5.http.wire - http-outgoing-15 >> "User-Agent: tc-java/1.19.8[\r][\n]"
2024-07-24 14:30:34.069 [docker-java-stream-1296536166] DEBUG c.g.d.z.s.o.a.hc.client5.http.wire - http-outgoing-15 >> "Accept-Encoding: gzip, x-gzip, deflate[\r][\n]"
2024-07-24 14:30:34.069 [docker-java-stream-1296536166] DEBUG c.g.d.z.s.o.a.hc.client5.http.wire - http-outgoing-15 >> "Host: localhost:2375[\r][\n]"
2024-07-24 14:30:34.069 [docker-java-stream-1296536166] DEBUG c.g.d.z.s.o.a.hc.client5.http.wire - http-outgoing-15 >> "Connection: keep-alive[\r][\n]"
2024-07-24 14:30:34.069 [docker-java-stream-1296536166] DEBUG c.g.d.z.s.o.a.hc.client5.http.wire - http-outgoing-15 >> "[\r][\n]"
2024-07-24 14:30:34.072 [docker-java-stream-1296536166] DEBUG c.g.d.z.s.o.a.hc.client5.http.wire - http-outgoing-15 << "HTTP/1.1 200 OK[\r][\n]"
2024-07-24 14:30:34.073 [docker-java-stream-1296536166] DEBUG c.g.d.z.s.o.a.hc.client5.http.wire - http-outgoing-15 << "Api-Version: 1.45[\r][\n]"
2024-07-24 14:30:34.073 [docker-java-stream-1296536166] DEBUG c.g.d.z.s.o.a.hc.client5.http.wire - http-outgoing-15 << "Content-Type: application/vnd.docker.raw-stream[\r][\n]"
2024-07-24 14:30:34.073 [docker-java-stream-1296536166] DEBUG c.g.d.z.s.o.a.hc.client5.http.wire - http-outgoing-15 << "Date: Wed, 24 Jul 2024 02:30:34 GMT[\r][\n]"
2024-07-24 14:30:34.073 [docker-java-stream-1296536166] DEBUG c.g.d.z.s.o.a.hc.client5.http.wire - http-outgoing-15 << "Docker-Experimental: false[\r][\n]"
2024-07-24 14:30:34.073 [docker-java-stream-1296536166] DEBUG c.g.d.z.s.o.a.hc.client5.http.wire - http-outgoing-15 << "Ostype: linux[\r][\n]"
2024-07-24 14:30:34.073 [docker-java-stream-1296536166] DEBUG c.g.d.z.s.o.a.hc.client5.http.wire - http-outgoing-15 << "Server: Docker/26.0.0 (linux)[\r][\n]"
2024-07-24 14:30:34.073 [docker-java-stream-1296536166] DEBUG c.g.d.z.s.o.a.hc.client5.http.wire - http-outgoing-15 << "Transfer-Encoding: chunked[\r][\n]"
2024-07-24 14:30:34.073 [docker-java-stream-1296536166] DEBUG c.g.d.z.s.o.a.hc.client5.http.wire - http-outgoing-15 << "[\r][\n]"
2024-07-24 14:30:34.073 [docker-java-stream-1296536166] DEBUG c.g.d.z.s.o.a.h.client5.http.headers - http-outgoing-15 << HTTP/1.1 200 OK
2024-07-24 14:30:34.073 [docker-java-stream-1296536166] DEBUG c.g.d.z.s.o.a.h.client5.http.headers - http-outgoing-15 << Api-Version: 1.45
2024-07-24 14:30:34.073 [docker-java-stream-1296536166] DEBUG c.g.d.z.s.o.a.h.client5.http.headers - http-outgoing-15 << Content-Type: application/vnd.docker.raw-stream
2024-07-24 14:30:34.073 [docker-java-stream-1296536166] DEBUG c.g.d.z.s.o.a.h.client5.http.headers - http-outgoing-15 << Date: Wed, 24 Jul 2024 02:30:34 GMT
2024-07-24 14:30:34.073 [docker-java-stream-1296536166] DEBUG c.g.d.z.s.o.a.h.client5.http.headers - http-outgoing-15 << Docker-Experimental: false
2024-07-24 14:30:34.073 [docker-java-stream-1296536166] DEBUG c.g.d.z.s.o.a.h.client5.http.headers - http-outgoing-15 << Ostype: linux
2024-07-24 14:30:34.073 [docker-java-stream-1296536166] DEBUG c.g.d.z.s.o.a.h.client5.http.headers - http-outgoing-15 << Server: Docker/26.0.0 (linux)
2024-07-24 14:30:34.073 [docker-java-stream-1296536166] DEBUG c.g.d.z.s.o.a.h.client5.http.headers - http-outgoing-15 << Transfer-Encoding: chunked
2024-07-24 14:30:34.073 [docker-java-stream-1296536166] DEBUG c.g.d.z.s.o.a.h.c.h.i.c.MainClientExec - ex-000000A9: connection can be kept alive for 3 MINUTES
2024-07-24 14:30:34.073 [docker-java-stream-1296536166] DEBUG c.g.d.z.s.o.a.hc.client5.http.wire - http-outgoing-15 << "de[\r][\n]"
2024-07-24 14:30:34.073 [docker-java-stream-1296536166] DEBUG c.g.d.z.s.o.a.hc.client5.http.wire - http-outgoing-15 << "[0x1][0x0][0x0][0x0][0x0][0x0][0x0]NThe files belonging to this database system will be owned by user "postgres".[\n]"
2024-07-24 14:30:34.073 [docker-java-stream-1296536166] DEBUG c.g.d.z.s.o.a.hc.client5.http.wire - http-outgoing-15 << "[0x1][0x0][0x0][0x0][0x0][0x0][0x0],This user must also own the server process.[\n]"
2024-07-24 14:30:34.073 [docker-java-stream-1296536166] DEBUG c.g.d.z.s.o.a.hc.client5.http.wire - http-outgoing-15 << "[0x1][0x0][0x0][0x0][0x0][0x0][0x0][0x1][\n]"
2024-07-24 14:30:34.073 [docker-java-stream-1296536166] DEBUG c.g.d.z.s.o.a.hc.client5.http.wire - http-outgoing-15 << "[0x1][0x0][0x0][0x0][0x0][0x0][0x0]CThe database cluster will be initialized with locale "en_US.utf8".[\n]"
2024-07-24 14:30:34.073 [docker-java-stream-1296536166] DEBUG c.g.d.z.s.o.a.hc.client5.http.wire - http-outgoing-15 << "[\r][\n]"
2024-07-24 14:30:34.073 [docker-java-stream-1296536166] DEBUG c.g.d.z.s.o.a.hc.client5.http.wire - http-outgoing-15 << "11f[\r][\n]"
2024-07-24 14:30:34.073 [docker-java-stream-1296536166] DEBUG c.g.d.z.s.o.a.hc.client5.http.wire - http-outgoing-15 << "[0x1][0x0][0x0][0x0][0x0][0x0][0x0]BThe default database encoding has accordingly been set to "UTF8".[\n]"
2024-07-24 14:30:34.073 [docker-java-stream-1296536166] DEBUG c.g.d.z.s.o.a.hc.client5.http.wire - http-outgoing-15 << "[0x1][0x0][0x0][0x0][0x0][0x0][0x0]@The default text search configuration will be set to "english".[\n]"
2024-07-24 14:30:34.073 [docker-java-stream-1296536166] DEBUG c.g.d.z.s.o.a.hc.client5.http.wire - http-outgoing-15 << "[0x1][0x0][0x0][0x0][0x0][0x0][0x0][0x1][\n]"
2024-07-24 14:30:34.073 [docker-java-stream-1296536166] DEBUG c.g.d.z.s.o.a.hc.client5.http.wire - http-outgoing-15 << "[0x1][0x0][0x0][0x0][0x0][0x0][0x0]"Data page checksums are disabled.[\n]"
2024-07-24 14:30:34.073 [docker-java-stream-1296536166] DEBUG c.g.d.z.s.o.a.hc.client5.http.wire - http-outgoing-15 << "[0x1][0x0][0x0][0x0][0x0][0x0][0x0][0x1][\n]"
2024-07-24 14:30:34.073 [docker-java-stream-1296536166] DEBUG c.g.d.z.s.o.a.hc.client5.http.wire - http-outgoing-15 << "[0x1][0x0][0x0][0x0][0x0][0x0][0x0]Ifixing permissions on existing directory /var/lib/postgresql/data ... ok[\n]"
2024-07-24 14:30:34.073 [docker-java-stream-1296536166] DEBUG c.g.d.z.s.o.a.hc.client5.http.wire - http-outgoing-15 << "[\r][\n]"
2024-07-24 14:30:34.073 [Test worker] DEBUG o.t.c.output.WaitingConsumer - STDOUT: The database cluster will be initialized with locale "en_US.utf8".
2024-07-24 14:30:34.073 [Test worker] DEBUG o.t.c.output.WaitingConsumer - STDOUT: fixing permissions on existing directory /var/lib/postgresql/data ... ok
2024-07-24 14:30:34.073 [Test worker] DEBUG o.t.c.output.WaitingConsumer - STDOUT: 
2024-07-24 14:30:34.073 [Test worker] DEBUG o.t.c.output.WaitingConsumer - STDOUT: Data page checksums are disabled.
2024-07-24 14:30:34.073 [Test worker] DEBUG o.t.c.output.WaitingConsumer - STDOUT: 
2024-07-24 14:30:34.073 [Test worker] DEBUG o.t.c.output.WaitingConsumer - STDOUT: The default text search configuration will be set to "english".
2024-07-24 14:30:34.073 [Test worker] DEBUG o.t.c.output.WaitingConsumer - STDOUT: The default database encoding has accordingly been set to "UTF8".
2024-07-24 14:30:34.073 [Test worker] DEBUG o.t.c.output.WaitingConsumer - STDOUT: 
2024-07-24 14:30:34.073 [Test worker] DEBUG o.t.c.output.WaitingConsumer - STDOUT: This user must also own the server process.
2024-07-24 14:30:34.073 [Test worker] DEBUG o.t.c.output.WaitingConsumer - STDOUT: The files belonging to this database system will be owned by user "postgres".
2024-07-24 14:30:34.077 [docker-java-stream-1296536166] DEBUG c.g.d.z.s.o.a.hc.client5.http.wire - http-outgoing-15 << "27[\r][\n]"
2024-07-24 14:30:34.077 [docker-java-stream-1296536166] DEBUG c.g.d.z.s.o.a.hc.client5.http.wire - http-outgoing-15 << "[0x1][0x0][0x0][0x0][0x0][0x0][0x0][0x1f]creating subdirectories ... ok[\n]"
2024-07-24 14:30:34.077 [docker-java-stream-1296536166] DEBUG c.g.d.z.s.o.a.hc.client5.http.wire - http-outgoing-15 << "[\r][\n]"
2024-07-24 14:30:34.077 [docker-java-stream-1296536166] DEBUG c.g.d.z.s.o.a.hc.client5.http.wire - http-outgoing-15 << "41[\r][\n]"
2024-07-24 14:30:34.077 [docker-java-stream-1296536166] DEBUG c.g.d.z.s.o.a.hc.client5.http.wire - http-outgoing-15 << "[0x1][0x0][0x0][0x0][0x0][0x0][0x0]9selecting dynamic shared memory implementation ... posix[\n]"
2024-07-24 14:30:34.077 [docker-java-stream-1296536166] DEBUG c.g.d.z.s.o.a.hc.client5.http.wire - http-outgoing-15 << "[\r][\n]"
2024-07-24 14:30:34.096 [docker-java-stream-1296536166] DEBUG c.g.d.z.s.o.a.hc.client5.http.wire - http-outgoing-15 << "32[\r][\n]"
2024-07-24 14:30:34.096 [docker-java-stream-1296536166] DEBUG c.g.d.z.s.o.a.hc.client5.http.wire - http-outgoing-15 << "[0x1][0x0][0x0][0x0][0x0][0x0][0x0]*selecting default max_connections ... 100[\n]"
2024-07-24 14:30:34.096 [docker-java-stream-1296536166] DEBUG c.g.d.z.s.o.a.hc.client5.http.wire - http-outgoing-15 << "[\r][\n]"
2024-07-24 14:30:34.096 [Test worker] DEBUG o.t.c.output.WaitingConsumer - STDOUT: selecting default max_connections ... 100
2024-07-24 14:30:34.096 [Test worker] DEBUG o.t.c.output.WaitingConsumer - STDOUT: selecting dynamic shared memory implementation ... posix
2024-07-24 14:30:34.096 [Test worker] DEBUG o.t.c.output.WaitingConsumer - STDOUT: creating subdirectories ... ok
2024-07-24 14:30:34.117 [docker-java-stream-1296536166] DEBUG c.g.d.z.s.o.a.hc.client5.http.wire - http-outgoing-15 << "33[\r][\n]"
2024-07-24 14:30:34.118 [docker-java-stream-1296536166] DEBUG c.g.d.z.s.o.a.hc.client5.http.wire - http-outgoing-15 << "[0x1][0x0][0x0][0x0][0x0][0x0][0x0]+selecting default shared_buffers ... 128MB[\n]"
2024-07-24 14:30:34.118 [docker-java-stream-1296536166] DEBUG c.g.d.z.s.o.a.hc.client5.http.wire - http-outgoing-15 << "[\r][\n]"
2024-07-24 14:30:34.118 [Test worker] DEBUG o.t.c.output.WaitingConsumer - STDOUT: selecting default shared_buffers ... 128MB
2024-07-24 14:30:34.137 [docker-java-stream-1296536166] DEBUG c.g.d.z.s.o.a.hc.client5.http.wire - http-outgoing-15 << "30[\r][\n]"
2024-07-24 14:30:34.138 [docker-java-stream-1296536166] DEBUG c.g.d.z.s.o.a.hc.client5.http.wire - http-outgoing-15 << "[0x1][0x0][0x0][0x0][0x0][0x0][0x0](selecting default time zone ... Etc/UTC[\n]"
2024-07-24 14:30:34.138 [docker-java-stream-1296536166] DEBUG c.g.d.z.s.o.a.hc.client5.http.wire - http-outgoing-15 << "[\r][\n]"
2024-07-24 14:30:34.138 [docker-java-stream-1296536166] DEBUG c.g.d.z.s.o.a.hc.client5.http.wire - http-outgoing-15 << "2c[\r][\n]"
2024-07-24 14:30:34.138 [docker-java-stream-1296536166] DEBUG c.g.d.z.s.o.a.hc.client5.http.wire - http-outgoing-15 << "[0x1][0x0][0x0][0x0][0x0][0x0][0x0]$creating configuration files ... ok[\n]"
2024-07-24 14:30:34.138 [docker-java-stream-1296536166] DEBUG c.g.d.z.s.o.a.hc.client5.http.wire - http-outgoing-15 << "[\r][\n]"
2024-07-24 14:30:34.142 [Test worker] DEBUG o.t.c.output.WaitingConsumer - STDOUT: creating configuration files ... ok
2024-07-24 14:30:34.143 [Test worker] DEBUG o.t.c.output.WaitingConsumer - STDOUT: selecting default time zone ... Etc/UTC
2024-07-24 14:30:34.270 [docker-java-stream-1296536166] DEBUG c.g.d.z.s.o.a.hc.client5.http.wire - http-outgoing-15 << "28[\r][\n]"
2024-07-24 14:30:34.270 [docker-java-stream-1296536166] DEBUG c.g.d.z.s.o.a.hc.client5.http.wire - http-outgoing-15 << "[0x1][0x0][0x0][0x0][0x0][0x0][0x0] running bootstrap script ... ok[\n]"
2024-07-24 14:30:34.270 [docker-java-stream-1296536166] DEBUG c.g.d.z.s.o.a.hc.client5.http.wire - http-outgoing-15 << "[\r][\n]"
2024-07-24 14:30:34.283 [Test worker] DEBUG o.t.c.output.WaitingConsumer - STDOUT: running bootstrap script ... ok
2024-07-24 14:30:34.604 [docker-java-stream-1296536166] DEBUG c.g.d.z.s.o.a.hc.client5.http.wire - http-outgoing-15 << "38[\r][\n]"
2024-07-24 14:30:34.604 [docker-java-stream-1296536166] DEBUG c.g.d.z.s.o.a.hc.client5.http.wire - http-outgoing-15 << "[0x1][0x0][0x0][0x0][0x0][0x0][0x0]0performing post-bootstrap initialization ... ok[\n]"
2024-07-24 14:30:34.604 [docker-java-stream-1296536166] DEBUG c.g.d.z.s.o.a.hc.client5.http.wire - http-outgoing-15 << "[\r][\n]"
2024-07-24 14:30:34.604 [Test worker] DEBUG o.t.c.output.WaitingConsumer - STDOUT: performing post-bootstrap initialization ... ok
2024-07-24 14:30:35.134 [docker-java-stream-1296536166] DEBUG c.g.d.z.s.o.a.hc.client5.http.wire - http-outgoing-15 << "1ad[\r][\n]"
2024-07-24 14:30:35.134 [docker-java-stream-1296536166] DEBUG c.g.d.z.s.o.a.hc.client5.http.wire - http-outgoing-15 << "[0x2][0x0][0x0][0x0][0x0][0x0][0x0]Ginitdb: warning: enabling "trust" authentication for local connections[\n]"
2024-07-24 14:30:35.134 [docker-java-stream-1296536166] DEBUG c.g.d.z.s.o.a.hc.client5.http.wire - http-outgoing-15 << "[0x2][0x0][0x0][0x0][0x0][0x0][0x0][0xffffff90]initdb: hint: You can change this by editing pg_hba.conf or using the option -A, or --auth-local and --auth-host, the next time you run initdb.[\n]"
2024-07-24 14:30:35.134 [docker-java-stream-1296536166] DEBUG c.g.d.z.s.o.a.hc.client5.http.wire - http-outgoing-15 << "[0x1][0x0][0x0][0x0][0x0][0x0][0x0][0x1c]syncing data to disk ... ok[\n]"
2024-07-24 14:30:35.134 [docker-java-stream-1296536166] DEBUG c.g.d.z.s.o.a.hc.client5.http.wire - http-outgoing-15 << "[0x1][0x0][0x0][0x0][0x0][0x0][0x0][0x1][\n]"
2024-07-24 14:30:35.134 [docker-java-stream-1296536166] DEBUG c.g.d.z.s.o.a.hc.client5.http.wire - http-outgoing-15 << "[0x1][0x0][0x0][0x0][0x0][0x0][0x0][0x1][\n]"
2024-07-24 14:30:35.134 [docker-java-stream-1296536166] DEBUG c.g.d.z.s.o.a.hc.client5.http.wire - http-outgoing-15 << "[0x1][0x0][0x0][0x0][0x0][0x0][0x0]6Success. You can now start the database server using:[\n]"
2024-07-24 14:30:35.134 [docker-java-stream-1296536166] DEBUG c.g.d.z.s.o.a.hc.client5.http.wire - http-outgoing-15 << "[0x1][0x0][0x0][0x0][0x0][0x0][0x0][0x1][\n]"
2024-07-24 14:30:35.134 [docker-java-stream-1296536166] DEBUG c.g.d.z.s.o.a.hc.client5.http.wire - http-outgoing-15 << "[0x1][0x0][0x0][0x0][0x0][0x0][0x0]8    pg_ctl -D /var/lib/postgresql/data -l logfile start[\n]"
2024-07-24 14:30:35.134 [docker-java-stream-1296536166] DEBUG c.g.d.z.s.o.a.hc.client5.http.wire - http-outgoing-15 << "[0x1][0x0][0x0][0x0][0x0][0x0][0x0][0x1][\n]"
2024-07-24 14:30:35.134 [docker-java-stream-1296536166] DEBUG c.g.d.z.s.o.a.hc.client5.http.wire - http-outgoing-15 << "[\r][\n]"
2024-07-24 14:30:35.134 [Test worker] DEBUG o.t.c.output.WaitingConsumer - STDOUT: 
2024-07-24 14:30:35.135 [Test worker] DEBUG o.t.c.output.WaitingConsumer - STDOUT: 
2024-07-24 14:30:35.135 [Test worker] DEBUG o.t.c.output.WaitingConsumer - STDOUT:     pg_ctl -D /var/lib/postgresql/data -l logfile start
2024-07-24 14:30:35.135 [Test worker] DEBUG o.t.c.output.WaitingConsumer - STDOUT: Success. You can now start the database server using:
2024-07-24 14:30:35.135 [Test worker] DEBUG o.t.c.output.WaitingConsumer - STDOUT: 
2024-07-24 14:30:35.135 [Test worker] DEBUG o.t.c.output.WaitingConsumer - STDOUT: 
2024-07-24 14:30:35.135 [Test worker] DEBUG o.t.c.output.WaitingConsumer - STDOUT: syncing data to disk ... ok
2024-07-24 14:30:35.135 [Test worker] DEBUG o.t.c.output.WaitingConsumer - STDERR: initdb: hint: You can change this by editing pg_hba.conf or using the option -A, or --auth-local and --auth-host, the next time you run initdb.
2024-07-24 14:30:35.135 [Test worker] DEBUG o.t.c.output.WaitingConsumer - STDERR: initdb: warning: enabling "trust" authentication for local connections
2024-07-24 14:30:35.172 [docker-java-stream-1296536166] DEBUG c.g.d.z.s.o.a.hc.client5.http.wire - http-outgoing-15 << "137[\r][\n]"
2024-07-24 14:30:35.172 [docker-java-stream-1296536166] DEBUG c.g.d.z.s.o.a.hc.client5.http.wire - http-outgoing-15 << "[0x1][0x0][0x0][0x0][0x0][0x0][0x0][0xffffffc3]waiting for server to start....2024-07-24 02:30:35.171 UTC [48] LOG:  starting PostgreSQL 16.2 (Debian 16.2-1.pgdg120+2) on x86_64-pc-linux-gnu, compiled by gcc (Debian 12.2.0-14) 12.2.0, 64-bit[\n]"
2024-07-24 14:30:35.172 [docker-java-stream-1296536166] DEBUG c.g.d.z.s.o.a.hc.client5.http.wire - http-outgoing-15 << "[0x1][0x0][0x0][0x0][0x0][0x0][0x0]d2024-07-24 02:30:35.171 UTC [48] LOG:  listening on Unix socket "/var/run/postgresql/.s.PGSQL.5432"[\n]"
2024-07-24 14:30:35.172 [docker-java-stream-1296536166] DEBUG c.g.d.z.s.o.a.hc.client5.http.wire - http-outgoing-15 << "[\r][\n]"
[...]
2024-07-24 14:30:43.614 [Test worker] DEBUG c.g.d.z.s.o.a.h.client5.http.headers - http-outgoing-19 >> accept: application/json
2024-07-24 14:30:43.614 [Test worker] DEBUG c.g.d.z.s.o.a.h.client5.http.headers - http-outgoing-19 >> x-tc-sid: 280e6229-7396-4d60-b1e3-a5de48b5d49b
2024-07-24 14:30:43.614 [Test worker] DEBUG c.g.d.z.s.o.a.h.client5.http.headers - http-outgoing-19 >> User-Agent: tc-java/1.19.8
2024-07-24 14:30:43.614 [Test worker] DEBUG c.g.d.z.s.o.a.h.client5.http.headers - http-outgoing-19 >> Accept-Encoding: gzip, x-gzip, deflate
2024-07-24 14:30:43.614 [Test worker] DEBUG c.g.d.z.s.o.a.h.client5.http.headers - http-outgoing-19 >> Host: localhost:2375
2024-07-24 14:30:43.614 [Test worker] DEBUG c.g.d.z.s.o.a.h.client5.http.headers - http-outgoing-19 >> Connection: keep-alive
2024-07-24 14:30:43.614 [Test worker] DEBUG c.g.d.z.s.o.a.hc.client5.http.wire - http-outgoing-19 >> "GET /v1.32/containers/7c9a29c4879ab957d8fc1965a67b4eae934f2b817dd9d4ff072501431c5d46bf/json HTTP/1.1[\r][\n]"
2024-07-24 14:30:43.614 [Test worker] DEBUG c.g.d.z.s.o.a.hc.client5.http.wire - http-outgoing-19 >> "accept: application/json[\r][\n]"
2024-07-24 14:30:43.614 [Test worker] DEBUG c.g.d.z.s.o.a.hc.client5.http.wire - http-outgoing-19 >> "x-tc-sid: 280e6229-7396-4d60-b1e3-a5de48b5d49b[\r][\n]"
2024-07-24 14:30:43.614 [Test worker] DEBUG c.g.d.z.s.o.a.hc.client5.http.wire - http-outgoing-19 >> "User-Agent: tc-java/1.19.8[\r][\n]"
2024-07-24 14:30:43.614 [Test worker] DEBUG c.g.d.z.s.o.a.hc.client5.http.wire - http-outgoing-19 >> "Accept-Encoding: gzip, x-gzip, deflate[\r][\n]"
2024-07-24 14:30:43.614 [Test worker] DEBUG c.g.d.z.s.o.a.hc.client5.http.wire - http-outgoing-19 >> "Host: localhost:2375[\r][\n]"
2024-07-24 14:30:43.614 [Test worker] DEBUG c.g.d.z.s.o.a.hc.client5.http.wire - http-outgoing-19 >> "Connection: keep-alive[\r][\n]"
2024-07-24 14:30:43.614 [Test worker] DEBUG c.g.d.z.s.o.a.hc.client5.http.wire - http-outgoing-19 >> "[\r][\n]"
2024-07-24 14:30:43.629 [Test worker] DEBUG c.g.d.z.s.o.a.hc.client5.http.wire - http-outgoing-19 << "HTTP/1.1 200 OK[\r][\n]"
2024-07-24 14:30:43.629 [Test worker] DEBUG c.g.d.z.s.o.a.hc.client5.http.wire - http-outgoing-19 << "Api-Version: 1.45[\r][\n]"
2024-07-24 14:30:43.629 [Test worker] DEBUG c.g.d.z.s.o.a.hc.client5.http.wire - http-outgoing-19 << "Content-Type: application/json[\r][\n]"
2024-07-24 14:30:43.629 [Test worker] DEBUG c.g.d.z.s.o.a.hc.client5.http.wire - http-outgoing-19 << "Date: Wed, 24 Jul 2024 02:30:43 GMT[\r][\n]"
2024-07-24 14:30:43.629 [Test worker] DEBUG c.g.d.z.s.o.a.hc.client5.http.wire - http-outgoing-19 << "Docker-Experimental: false[\r][\n]"
2024-07-24 14:30:43.629 [Test worker] DEBUG c.g.d.z.s.o.a.hc.client5.http.wire - http-outgoing-19 << "Ostype: linux[\r][\n]"
2024-07-24 14:30:43.629 [Test worker] DEBUG c.g.d.z.s.o.a.hc.client5.http.wire - http-outgoing-19 << "Server: Docker/26.0.0 (linux)[\r][\n]"
2024-07-24 14:30:43.629 [Test worker] DEBUG c.g.d.z.s.o.a.hc.client5.http.wire - http-outgoing-19 << "Transfer-Encoding: chunked[\r][\n]"
2024-07-24 14:30:43.629 [Test worker] DEBUG c.g.d.z.s.o.a.hc.client5.http.wire - http-outgoing-19 << "[\r][\n]"
2024-07-24 14:30:43.629 [Test worker] DEBUG c.g.d.z.s.o.a.h.client5.http.headers - http-outgoing-19 << HTTP/1.1 200 OK
2024-07-24 14:30:43.629 [Test worker] DEBUG c.g.d.z.s.o.a.h.client5.http.headers - http-outgoing-19 << Api-Version: 1.45
2024-07-24 14:30:43.629 [Test worker] DEBUG c.g.d.z.s.o.a.h.client5.http.headers - http-outgoing-19 << Content-Type: application/json
2024-07-24 14:30:43.629 [Test worker] DEBUG c.g.d.z.s.o.a.h.client5.http.headers - http-outgoing-19 << Date: Wed, 24 Jul 2024 02:30:43 GMT
2024-07-24 14:30:43.629 [Test worker] DEBUG c.g.d.z.s.o.a.h.client5.http.headers - http-outgoing-19 << Docker-Experimental: false
2024-07-24 14:30:43.629 [Test worker] DEBUG c.g.d.z.s.o.a.h.client5.http.headers - http-outgoing-19 << Ostype: linux
2024-07-24 14:30:43.629 [Test worker] DEBUG c.g.d.z.s.o.a.h.client5.http.headers - http-outgoing-19 << Server: Docker/26.0.0 (linux)
2024-07-24 14:30:43.629 [Test worker] DEBUG c.g.d.z.s.o.a.h.client5.http.headers - http-outgoing-19 << Transfer-Encoding: chunked
2024-07-24 14:30:43.629 [Test worker] DEBUG c.g.d.z.s.o.a.h.c.h.i.c.MainClientExec - ex-000000CE: connection can be kept alive for 3 MINUTES
2024-07-24 14:30:43.630 [Test worker] DEBUG c.g.d.z.s.o.a.hc.client5.http.wire - http-outgoing-19 << "193e[\r][\n]"
2024-07-24 14:30:43.630 [Test worker] DEBUG c.g.d.z.s.o.a.hc.client5.http.wire - http-outgoing-19 << "{"Id":"7c9a29c4879ab957d8fc1965a67b4eae934f2b817dd9d4ff072501431c5d46bf","Created":"2024-07-24T02:30:41.295697693Z","Path":"docker-entrypoint.sh","Args":["postgres","-c","fsync=off"],"State":{"Status":"exited","Running":false,"Paused":false,"Restarting":false,"OOMKilled":false,"Dead":false,"Pid":0,"ExitCode":137,"Error":"","StartedAt":"2024-07-24T02:30:41.755979014Z","FinishedAt":"2024-07-24T02:30:43.20306126Z"},"Image":"sha256:8e4fc9e184899a58735e7ee333f5e272d7d2298cf59302006b71f33e217be130","ResolvConfPath":"/var/lib/docker/containers/7c9a29c4879ab957d8fc1965a67b4eae934f2b817dd9d4ff072501431c5d46bf/resolv.conf","HostnamePath":"/var/lib/docker/containers/7c9a29c4879ab957d8fc1965a67b4eae934f2b817dd9d4ff072501431c5d46bf/hostname","HostsPath":"/var/lib/docker/containers/7c9a29c4879ab957d8fc1965a67b4eae934f2b817dd9d4ff072501431c5d46bf/hosts","LogPath":"/var/lib/docker/containers/7c9a29c4879ab957d8fc1965a67b4eae934f2b817dd9d4ff072501431c5d46bf/7c9a29c4879ab957d8fc1965a67b4eae934f2b817dd9d4ff072501431c5d46bf-json.log","Name":"/funny_einstein","RestartCount":0,"Driver":"overlay2","Platform":"linux","MountLabel":"","ProcessLabel":"","AppArmorProfile":"","ExecIDs":null,"HostConfig":{"Binds":[],"ContainerIDFile":"","LogConfig":{"Type":"json-file","Config":{}},"NetworkMode":"default","PortBindings":{"5432/tcp":[{"HostIp":"0.0.0.0","HostPort":"0"}]},"RestartPolicy":{"Name":"no","MaximumRetryCount":0},"AutoRemove":false,"VolumeDriver":"","VolumesFrom":[],"ConsoleSize":[0,0],"CapAdd":null,"CapDrop":null,"CgroupnsMode":"host","Dns":null,"DnsOptions":null,"DnsSearch":null,"ExtraHosts":[],"GroupAdd":null,"IpcMode":"shareable","Cgroup":"","Links":null,"OomScoreAdj":0,"PidMode":"","Privileged":false,"PublishAllPorts":false,"ReadonlyRootfs":false,"SecurityOpt":null,"UTSMode":"","UsernsMode":"","ShmSize":67108864,"Runtime":"runc","Isolation":"","CpuShares":0,"Memory":0,"NanoCpus":0,"CgroupParent":"","BlkioWeight":0,"BlkioWeightDevice":null,"BlkioDeviceReadBps":null,"BlkioDeviceWriteBps":null,"BlkioDeviceReadIOps":null,"BlkioDeviceWriteIOps":null,"CpuPeriod":0,"CpuQuota":0,"CpuRealtimePeriod":0,"CpuRealtimeRuntime":0,"CpusetCpus":"","CpusetMems":"","Devices":null,"DeviceCgroupRules":null,"DeviceRequests":null,"MemoryReservation":0,"MemorySwap":0,"MemorySwappiness":null,"OomKillDisable":false,"PidsLimit":null,"Ulimits":null,"CpuCount":0,"CpuPercent":0,"IOMaximumIOps":0,"IOMaximumBandwidth":0,"MaskedPaths":["/proc/asound","/proc/acpi","/proc/kcore","/proc/keys","/proc/latency_stats","/proc/timer_list","/proc/timer_stats","/proc/sched_debug","/proc/scsi","/sys/firmware","/sys/devices/virtual/powercap"],"ReadonlyPaths":["/proc/bus","/proc/fs","/proc/irq","/proc/sys","/proc/sysrq-trigger"]},"GraphDriver":{"Data":{"LowerDir":"/var/lib/docker/overlay2/b4cde8ad73319d3089a403a7334e54c5c11b8c7780a010a0ed4078d455379a75-init/diff:/var/lib/docker/overlay2/8f0ddbd386af0785c2e348570516955816ab350305d698d363962d488eeb15ec/diff:/var/lib/docker/overlay2/0eb0ca73e9b0be7c3d7fa8762ef4778a68f38391bc84c037c2e90b88e781b475/diff:/var/lib/docker/overlay2/74e634bddc785c5d436b10a5158cd82e21dc2065fd1cf8ff9c1c12e01575a2d8/diff:/var/lib/docker/overlay2/bb918b2851cd2f508f1e3fdbfff8b7f8b041d61e65fe8c368288bf399e80b818/diff:/var/lib/docker/overlay2/2abab2946cbdc2941ee8ec4024c51dac7313dee9de5fbedd1ca33388c59eb3c8/diff:/var/lib/docker/overlay2/e12f6083ee669bd92743ceb339a896bb25dbe461b718705bb39eb410b80c0ecd/diff:/var/lib/docker/overlay2/ced1e86d670d097da5ed4da7288c22507735918959161c2cd8bf083fb30d169a/diff:/var/lib/docker/overlay2/94e9ac7b74923285ae73af20aeccb964ca9079e2305db367cb85d1603560472d/diff:/var/lib/docker/overlay2/a396b6dfd63f0c228c519871183c614cccf4d366a43460f27ecf97113c3c4be8/diff:/var/lib/docker/overlay2/f58ada5d5080c2bac553c734f81127660a90581a35ed2a92cebe3c59e340875b/diff:/var/lib/docker/overlay2/84f85636f37bf55d945e217b4f87a856eba7932284beaf042561007b66f48977/diff:/var/lib/docker/overlay2/1e6e519613884e91a2b74a588ba35dc8a2f789371ab798ef6e7d9836d756042f/diff:/var/lib/docker/overlay2/14a3151cc8b4f9d27d2e64f1a8abc0c7809309580f2d7e8dc8545055c1d56194/diff:/var/l"
2024-07-24 14:30:43.631 [Test worker] DEBUG c.g.d.z.s.o.a.hc.client5.http.wire - http-outgoing-19 << "ib/docker/overlay2/5b354b9e793401517fe2f1da697653fdaadffc54888eaf76d67e0600b8c68bdc/diff","MergedDir":"/var/lib/docker/overlay2/b4cde8ad73319d3089a403a7334e54c5c11b8c7780a010a0ed4078d455379a75/merged","UpperDir":"/var/lib/docker/overlay2/b4cde8ad73319d3089a403a7334e54c5c11b8c7780a010a0ed4078d455379a75/diff","WorkDir":"/var/lib/docker/overlay2/b4cde8ad73319d3089a403a7334e54c5c11b8c7780a010a0ed4078d455379a75/work"},"Name":"overlay2"},"Mounts":[{"Type":"volume","Name":"602df9ea8607dc1c4a99e522242a9e5e630be425a10e0caab7b4028f3ff06740","Source":"/var/lib/docker/volumes/602df9ea8607dc1c4a99e522242a9e5e630be425a10e0caab7b4028f3ff06740/_data","Destination":"/var/lib/postgresql/data","Driver":"local","Mode":"","RW":true,"Propagation":""}],"Config":{"Hostname":"7c9a29c4879a","Domainname":"","User":"","AttachStdin":false,"AttachStdout":false,"AttachStderr":false,"ExposedPorts":{"5432/tcp":{}},"Tty":false,"OpenStdin":false,"StdinOnce":false,"Env":["POSTGRES_USER=user","POSTGRES_PASSWORD=password","POSTGRES_DB=db","PATH=/usr/local/sbin:/usr/local/bin:/usr/sbin:/usr/bin:/sbin:/bin:/usr/lib/postgresql/16/bin","GOSU_VERSION=1.17","LANG=en_US.utf8","PG_MAJOR=16","PG_VERSION=16.2-1.pgdg120+2","PGDATA=/var/lib/postgresql/data"],"Cmd":["postgres","-c","fsync=off"],"Image":"postgres:latest","Volumes":{"/var/lib/postgresql/data":{}},"WorkingDir":"","Entrypoint":["docker-entrypoint.sh"],"OnBuild":null,"Labels":{"org.testcontainers":"true","org.testcontainers.lang":"java","org.testcontainers.sessionId":"280e6229-7396-4d60-b1e3-a5de48b5d49b","org.testcontainers.version":"1.19.8"},"StopSignal":"SIGINT"},"NetworkSettings":{"Bridge":"","SandboxID":"d28fc92553f55d1526c06301b51fe1864840b3c28944104fd18553af5a28bb9f","SandboxKey":"/var/run/docker/netns/d28fc92553f5","Ports":{},"HairpinMode":false,"LinkLocalIPv6Address":"","LinkLocalIPv6PrefixLen":0,"SecondaryIPAddresses":null,"SecondaryIPv6Addresses":null,"EndpointID":"","Gateway":"","GlobalIPv6Address":"","GlobalIPv6PrefixLen":0,"IPAddress":"","IPPrefixLen":0,"IPv6Gateway":"","MacAddress":"","Networks":{"bridge":{"IPAMConfig":null,"Links":null,"Aliases":null,"MacAddress":"","NetworkID":"3c842496be344cbdae878c1dee0957e7bc7c0a2236009c92752030f2b053e72f","EndpointID":"","Gateway":"","IPAddress":"","IPPrefixLen":0,"IPv6Gateway":"","GlobalIPv6Address":"","GlobalIPv6PrefixLen":0,"DriverOpts":null,"DNSNames":null}}}}[\n]"
2024-07-24 14:30:43.632 [Test worker] DEBUG c.g.d.z.s.o.a.hc.client5.http.wire - http-outgoing-19 << "[\r][\n]"
2024-07-24 14:30:43.632 [Test worker] DEBUG c.g.d.z.s.o.a.hc.client5.http.wire - http-outgoing-19 << "0[\r][\n]"
2024-07-24 14:30:43.632 [Test worker] DEBUG c.g.d.z.s.o.a.hc.client5.http.wire - http-outgoing-19 << "[\r][\n]"
2024-07-24 14:30:43.632 [Test worker] DEBUG c.g.d.z.s.o.a.h.c.h.i.c.InternalHttpClient - ep-000000CD: releasing valid endpoint
2024-07-24 14:30:43.632 [Test worker] DEBUG c.g.d.z.s.o.a.h.c.h.i.i.PoolingHttpClientConnectionManager - ep-000000CD: releasing endpoint
2024-07-24 14:30:43.632 [Test worker] DEBUG c.g.d.z.s.o.a.h.c.h.i.i.PoolingHttpClientConnectionManager - ep-000000CD: connection http-outgoing-19 can be kept alive for 3 MINUTES
2024-07-24 14:30:43.632 [Test worker] DEBUG c.g.d.z.s.o.a.h.c.h.i.i.PoolingHttpClientConnectionManager - ep-000000CD: connection released [route: {}->npipe://localhost:2375][total available: 1; route allocated: 1 of 2147483647; total allocated: 1 of 2147483647]
2024-07-24 14:30:43.632 [Test worker] TRACE o.t.utility.ResourceReaper - Removing container: 7c9a29c4879ab957d8fc1965a67b4eae934f2b817dd9d4ff072501431c5d46bf
2024-07-24 14:30:43.632 [Test worker] DEBUG o.t.s.c.g.d.c.command.AbstrDockerCmd - Cmd: 7c9a29c4879ab957d8fc1965a67b4eae934f2b817dd9d4ff072501431c5d46bf,true,true
2024-07-24 14:30:43.632 [Test worker] TRACE o.t.s.c.g.d.c.e.RemoveContainerCmdExec - DELETE: DefaultWebTarget{path=[/containers/7c9a29c4879ab957d8fc1965a67b4eae934f2b817dd9d4ff072501431c5d46bf], queryParams={v=[true], force=[true]}}
2024-07-24 14:30:43.633 [Test worker] DEBUG c.g.d.z.s.o.a.h.c.h.i.c.InternalHttpClient - ex-000000CF: preparing request execution
2024-07-24 14:30:43.633 [Test worker] DEBUG c.g.d.z.s.o.a.h.c.h.p.RequestAddCookies - Cookie spec selected: strict
2024-07-24 14:30:43.633 [Test worker] DEBUG c.g.d.z.s.o.a.h.c.h.p.RequestAuthCache - Auth cache not set in the context
2024-07-24 14:30:43.633 [Test worker] DEBUG c.g.d.z.s.o.a.h.c.h.i.c.ProtocolExec - ex-000000CF: target auth state: UNCHALLENGED
2024-07-24 14:30:43.633 [Test worker] DEBUG c.g.d.z.s.o.a.h.c.h.i.c.ProtocolExec - ex-000000CF: proxy auth state: UNCHALLENGED
2024-07-24 14:30:43.633 [Test worker] DEBUG c.g.d.z.s.o.a.h.c.h.i.c.ConnectExec - ex-000000CF: acquiring connection with route {}->npipe://localhost:2375
2024-07-24 14:30:43.633 [Test worker] DEBUG c.g.d.z.s.o.a.h.c.h.i.c.InternalHttpClient - ex-000000CF: acquiring endpoint (3 MINUTES)
2024-07-24 14:30:43.633 [Test worker] DEBUG c.g.d.z.s.o.a.h.c.h.i.i.PoolingHttpClientConnectionManager - ex-000000CF: endpoint lease request (3 MINUTES) [route: {}->npipe://localhost:2375][total available: 1; route allocated: 1 of 2147483647; total allocated: 1 of 2147483647]
2024-07-24 14:30:43.633 [Test worker] DEBUG c.g.d.z.s.o.a.h.c.h.i.i.PoolingHttpClientConnectionManager - ex-000000CF: endpoint leased [route: {}->npipe://localhost:2375][total available: 0; route allocated: 1 of 2147483647; total allocated: 1 of 2147483647]
2024-07-24 14:30:43.633 [Test worker] DEBUG c.g.d.z.s.o.a.h.c.h.i.i.PoolingHttpClientConnectionManager - ex-000000CF: acquired ep-000000CE
2024-07-24 14:30:43.633 [Test worker] DEBUG c.g.d.z.s.o.a.h.c.h.i.c.InternalHttpClient - ex-000000CF: acquired endpoint ep-000000CE
2024-07-24 14:30:43.633 [Test worker] DEBUG c.g.d.z.s.o.a.h.c.h.i.c.MainClientExec - ex-000000CF: executing DELETE /v1.32/containers/7c9a29c4879ab957d8fc1965a67b4eae934f2b817dd9d4ff072501431c5d46bf?v=true&force=true HTTP/1.1
2024-07-24 14:30:43.633 [Test worker] DEBUG c.g.d.z.s.o.a.h.c.h.i.c.InternalHttpClient - ep-000000CE: start execution ex-000000CF
2024-07-24 14:30:43.633 [Test worker] DEBUG c.g.d.z.s.o.a.h.c.h.i.i.PoolingHttpClientConnectionManager - ep-000000CE: executing exchange ex-000000CF over http-outgoing-19
2024-07-24 14:30:43.633 [Test worker] DEBUG c.g.d.z.s.o.a.h.client5.http.headers - http-outgoing-19 >> DELETE /v1.32/containers/7c9a29c4879ab957d8fc1965a67b4eae934f2b817dd9d4ff072501431c5d46bf?v=true&force=true HTTP/1.1
2024-07-24 14:30:43.633 [Test worker] DEBUG c.g.d.z.s.o.a.h.client5.http.headers - http-outgoing-19 >> accept: application/json
2024-07-24 14:30:43.633 [Test worker] DEBUG c.g.d.z.s.o.a.h.client5.http.headers - http-outgoing-19 >> x-tc-sid: 280e6229-7396-4d60-b1e3-a5de48b5d49b
2024-07-24 14:30:43.633 [Test worker] DEBUG c.g.d.z.s.o.a.h.client5.http.headers - http-outgoing-19 >> User-Agent: tc-java/1.19.8
2024-07-24 14:30:43.633 [Test worker] DEBUG c.g.d.z.s.o.a.h.client5.http.headers - http-outgoing-19 >> Accept-Encoding: gzip, x-gzip, deflate
2024-07-24 14:30:43.633 [Test worker] DEBUG c.g.d.z.s.o.a.h.client5.http.headers - http-outgoing-19 >> Host: localhost:2375
2024-07-24 14:30:43.633 [Test worker] DEBUG c.g.d.z.s.o.a.h.client5.http.headers - http-outgoing-19 >> Connection: keep-alive
2024-07-24 14:30:43.633 [Test worker] DEBUG c.g.d.z.s.o.a.hc.client5.http.wire - http-outgoing-19 >> "DELETE /v1.32/containers/7c9a29c4879ab957d8fc1965a67b4eae934f2b817dd9d4ff072501431c5d46bf?v=true&force=true HTTP/1.1[\r][\n]"
2024-07-24 14:30:43.633 [Test worker] DEBUG c.g.d.z.s.o.a.hc.client5.http.wire - http-outgoing-19 >> "accept: application/json[\r][\n]"
2024-07-24 14:30:43.633 [Test worker] DEBUG c.g.d.z.s.o.a.hc.client5.http.wire - http-outgoing-19 >> "x-tc-sid: 280e6229-7396-4d60-b1e3-a5de48b5d49b[\r][\n]"
2024-07-24 14:30:43.633 [Test worker] DEBUG c.g.d.z.s.o.a.hc.client5.http.wire - http-outgoing-19 >> "User-Agent: tc-java/1.19.8[\r][\n]"
2024-07-24 14:30:43.633 [Test worker] DEBUG c.g.d.z.s.o.a.hc.client5.http.wire - http-outgoing-19 >> "Accept-Encoding: gzip, x-gzip, deflate[\r][\n]"
2024-07-24 14:30:43.633 [Test worker] DEBUG c.g.d.z.s.o.a.hc.client5.http.wire - http-outgoing-19 >> "Host: localhost:2375[\r][\n]"
2024-07-24 14:30:43.633 [Test worker] DEBUG c.g.d.z.s.o.a.hc.client5.http.wire - http-outgoing-19 >> "Connection: keep-alive[\r][\n]"
2024-07-24 14:30:43.633 [Test worker] DEBUG c.g.d.z.s.o.a.hc.client5.http.wire - http-outgoing-19 >> "[\r][\n]"
2024-07-24 14:30:43.711 [Test worker] DEBUG c.g.d.z.s.o.a.hc.client5.http.wire - http-outgoing-19 << "HTTP/1.1 204 No Content[\r][\n]"
2024-07-24 14:30:43.711 [Test worker] DEBUG c.g.d.z.s.o.a.hc.client5.http.wire - http-outgoing-19 << "Api-Version: 1.45[\r][\n]"
2024-07-24 14:30:43.711 [Test worker] DEBUG c.g.d.z.s.o.a.hc.client5.http.wire - http-outgoing-19 << "Date: Wed, 24 Jul 2024 02:30:43 GMT[\r][\n]"
2024-07-24 14:30:43.711 [Test worker] DEBUG c.g.d.z.s.o.a.hc.client5.http.wire - http-outgoing-19 << "Docker-Experimental: false[\r][\n]"
2024-07-24 14:30:43.711 [Test worker] DEBUG c.g.d.z.s.o.a.hc.client5.http.wire - http-outgoing-19 << "Ostype: linux[\r][\n]"
2024-07-24 14:30:43.711 [Test worker] DEBUG c.g.d.z.s.o.a.hc.client5.http.wire - http-outgoing-19 << "Server: Docker/26.0.0 (linux)[\r][\n]"
2024-07-24 14:30:43.711 [Test worker] DEBUG c.g.d.z.s.o.a.hc.client5.http.wire - http-outgoing-19 << "[\r][\n]"
2024-07-24 14:30:43.711 [Test worker] DEBUG c.g.d.z.s.o.a.h.client5.http.headers - http-outgoing-19 << HTTP/1.1 204 No Content
2024-07-24 14:30:43.711 [Test worker] DEBUG c.g.d.z.s.o.a.h.client5.http.headers - http-outgoing-19 << Api-Version: 1.45
2024-07-24 14:30:43.711 [Test worker] DEBUG c.g.d.z.s.o.a.h.client5.http.headers - http-outgoing-19 << Date: Wed, 24 Jul 2024 02:30:43 GMT
2024-07-24 14:30:43.711 [Test worker] DEBUG c.g.d.z.s.o.a.h.client5.http.headers - http-outgoing-19 << Docker-Experimental: false
2024-07-24 14:30:43.711 [Test worker] DEBUG c.g.d.z.s.o.a.h.client5.http.headers - http-outgoing-19 << Ostype: linux
2024-07-24 14:30:43.711 [Test worker] DEBUG c.g.d.z.s.o.a.h.client5.http.headers - http-outgoing-19 << Server: Docker/26.0.0 (linux)
2024-07-24 14:30:43.712 [Test worker] DEBUG c.g.d.z.s.o.a.h.c.h.i.c.MainClientExec - ex-000000CF: connection can be kept alive for 3 MINUTES
2024-07-24 14:30:43.712 [Test worker] DEBUG c.g.d.z.s.o.a.h.c.h.i.c.InternalHttpClient - ep-000000CE: releasing valid endpoint
2024-07-24 14:30:43.712 [Test worker] DEBUG c.g.d.z.s.o.a.h.c.h.i.i.PoolingHttpClientConnectionManager - ep-000000CE: releasing endpoint
2024-07-24 14:30:43.712 [Test worker] DEBUG c.g.d.z.s.o.a.h.c.h.i.i.PoolingHttpClientConnectionManager - ep-000000CE: connection http-outgoing-19 can be kept alive for 3 MINUTES
2024-07-24 14:30:43.712 [Test worker] DEBUG c.g.d.z.s.o.a.h.c.h.i.i.PoolingHttpClientConnectionManager - ep-000000CE: connection released [route: {}->npipe://localhost:2375][total available: 1; route allocated: 1 of 2147483647; total allocated: 1 of 2147483647]
2024-07-24 14:30:43.712 [Test worker] DEBUG o.t.utility.ResourceReaper - Removed container and associated volume(s): postgres:latest
]]></system-out>
  <system-err><![CDATA[]]></system-err>
</testsuite>
