<?xml version="1.0" encoding="UTF-8"?>
<testsuite name="com.unitedApi.CustomerDAOTest" tests="2" skipped="0" failures="0" errors="0" timestamp="2024-07-24T02:29:59" hostname="DESKTOP-FRUHT2G" time="6.737">
  <properties/>
  <testcase name="getCustomerTest" classname="com.unitedApi.CustomerDAOTest" time="3.949"/>
  <testcase name="getCustomersTest" classname="com.unitedApi.CustomerDAOTest" time="2.788"/>
  <system-out><![CDATA[2024-07-24 14:29:59.861 [Test worker] DEBUG o.t.u.PrefixingImageNameSubstitutor - No prefix is configured
2024-07-24 14:29:59.861 [Test worker] DEBUG o.t.utility.ImageNameSubstitutor - Did not find a substitute image for postgres:latest (using image substitutor: DefaultImageNameSubstitutor (composite of 'ConfigurationFileImageNameSubstitutor' and 'PrefixingImageNameSubstitutor'))
2024-07-24 14:29:59.861 [Test worker] TRACE tc.postgres:latest - postgres:latest is already in image name cache
2024-07-24 14:29:59.861 [Test worker] DEBUG o.t.images.AbstractImagePullPolicy - Using locally available and not pulling image: postgres:latest
2024-07-24 14:29:59.861 [Test worker] DEBUG tc.postgres:latest - Starting container: postgres:latest
2024-07-24 14:29:59.862 [Test worker] DEBUG tc.postgres:latest - Trying to start container: postgres:latest (attempt 1/1)
2024-07-24 14:29:59.862 [Test worker] DEBUG tc.postgres:latest - Starting container: postgres:latest
2024-07-24 14:29:59.862 [Test worker] INFO  tc.postgres:latest - Creating container for image: postgres:latest
2024-07-24 14:29:59.862 [Test worker] DEBUG o.t.utility.RegistryAuthLocator - Looking up auth config for image: postgres:latest at registry: https://index.docker.io/v1/
2024-07-24 14:29:59.862 [Test worker] DEBUG o.t.utility.RegistryAuthLocator - No matching Auth Configs - falling back to defaultAuthConfig [null]
2024-07-24 14:29:59.862 [Test worker] DEBUG o.t.d.AuthDelegatingDockerClientConfig - Effective auth config [null]
2024-07-24 14:29:59.862 [Test worker] DEBUG o.t.s.c.g.d.c.command.AbstrDockerCmd - Cmd: org.testcontainers.shaded.com.github.dockerjava.core.command.CreateContainerCmdImpl@4f281aaf[aliases=<null>,argsEscaped=<null>,attachStderr=<null>,attachStdin=<null>,attachStdout=<null>,authConfig=<null>,cmd={postgres,-c,fsync=off},domainName=<null>,entrypoint=<null>,env={POSTGRES_USER=user,POSTGRES_PASSWORD=password,POSTGRES_DB=db},exposedPorts=ExposedPorts(exposedPorts=[5432/tcp]),healthcheck=<null>,hostConfig=HostConfig(binds=[], blkioWeight=null, blkioWeightDevice=null, blkioDeviceReadBps=null, blkioDeviceWriteBps=null, blkioDeviceReadIOps=null, blkioDeviceWriteIOps=null, memorySwappiness=null, nanoCPUs=null, capAdd=null, capDrop=null, containerIDFile=null, cpuPeriod=null, cpuRealtimePeriod=null, cpuRealtimeRuntime=null, cpuShares=null, cpuQuota=null, cpusetCpus=null, cpusetMems=null, devices=null, deviceCgroupRules=null, deviceRequests=null, diskQuota=null, dns=null, dnsOptions=null, dnsSearch=null, extraHosts=[], groupAdd=null, ipcMode=null, cgroup=null, links=[], logConfig=LogConfig(type=null, config=null), lxcConf=null, memory=null, memorySwap=null, memoryReservation=null, kernelMemory=null, networkMode=null, oomKillDisable=null, init=null, autoRemove=null, oomScoreAdj=null, portBindings={5432/tcp=[Lcom.github.dockerjava.api.model.Ports$Binding;@251c4280}, privileged=null, publishAllPorts=null, readonlyRootfs=null, restartPolicy=null, ulimits=null, cpuCount=null, cpuPercent=null, ioMaximumIOps=null, ioMaximumBandwidth=null, volumesFrom=[], mounts=null, pidMode=null, isolation=null, securityOpts=null, storageOpt=null, cgroupParent=null, volumeDriver=null, shmSize=null, pidsLimit=null, runtime=null, tmpFs=null, utSMode=null, usernsMode=null, sysctls=null, consoleSize=null, cgroupnsMode=null),hostName=<null>,image=postgres:latest,ipv4Address=<null>,ipv6Address=<null>,labels={org.testcontainers=true, org.testcontainers.lang=java, org.testcontainers.version=1.19.8, org.testcontainers.sessionId=280e6229-7396-4d60-b1e3-a5de48b5d49b},macAddress=<null>,name=<null>,networkDisabled=<null>,networkingConfig=<null>,onBuild=<null>,platform=<null>,portSpecs=<null>,shell=<null>,stdInOnce=<null>,stdinOpen=<null>,stopSignal=<null>,stopTimeout=<null>,tty=<null>,user=<null>,volumes=Volumes(volumes=[]),workingDir=<null>]
2024-07-24 14:29:59.863 [Test worker] TRACE o.t.s.c.g.d.c.e.CreateContainerCmdExec - POST: DefaultWebTarget{path=[/containers/create], queryParams={}} 
2024-07-24 14:29:59.864 [Test worker] DEBUG c.g.d.z.s.o.a.h.c.h.i.c.InternalHttpClient - ex-00000020: preparing request execution
2024-07-24 14:29:59.864 [Test worker] DEBUG c.g.d.z.s.o.a.h.c.h.p.RequestAddCookies - Cookie spec selected: strict
2024-07-24 14:29:59.864 [Test worker] DEBUG c.g.d.z.s.o.a.h.c.h.p.RequestAuthCache - Auth cache not set in the context
2024-07-24 14:29:59.864 [Test worker] DEBUG c.g.d.z.s.o.a.h.c.h.i.c.ProtocolExec - ex-00000020: target auth state: UNCHALLENGED
2024-07-24 14:29:59.864 [Test worker] DEBUG c.g.d.z.s.o.a.h.c.h.i.c.ProtocolExec - ex-00000020: proxy auth state: UNCHALLENGED
2024-07-24 14:29:59.864 [Test worker] DEBUG c.g.d.z.s.o.a.h.c.h.i.c.ConnectExec - ex-00000020: acquiring connection with route {}->npipe://localhost:2375
2024-07-24 14:29:59.864 [Test worker] DEBUG c.g.d.z.s.o.a.h.c.h.i.c.InternalHttpClient - ex-00000020: acquiring endpoint (3 MINUTES)
2024-07-24 14:29:59.864 [Test worker] DEBUG c.g.d.z.s.o.a.h.c.h.i.i.PoolingHttpClientConnectionManager - ex-00000020: endpoint lease request (3 MINUTES) [route: {}->npipe://localhost:2375][total available: 1; route allocated: 1 of 2147483647; total allocated: 1 of 2147483647]
2024-07-24 14:29:59.864 [Test worker] DEBUG c.g.d.z.s.o.a.h.c.h.i.i.PoolingHttpClientConnectionManager - ex-00000020: endpoint leased [route: {}->npipe://localhost:2375][total available: 0; route allocated: 1 of 2147483647; total allocated: 1 of 2147483647]
2024-07-24 14:29:59.864 [Test worker] DEBUG c.g.d.z.s.o.a.h.c.h.i.i.PoolingHttpClientConnectionManager - ex-00000020: acquired ep-0000001F
2024-07-24 14:29:59.864 [Test worker] DEBUG c.g.d.z.s.o.a.h.c.h.i.c.InternalHttpClient - ex-00000020: acquired endpoint ep-0000001F
2024-07-24 14:29:59.864 [Test worker] DEBUG c.g.d.z.s.o.a.h.c.h.i.c.MainClientExec - ex-00000020: executing POST /v1.32/containers/create HTTP/1.1
2024-07-24 14:29:59.864 [Test worker] DEBUG c.g.d.z.s.o.a.h.c.h.i.c.InternalHttpClient - ep-0000001F: start execution ex-00000020
2024-07-24 14:29:59.864 [Test worker] DEBUG c.g.d.z.s.o.a.h.c.h.i.i.PoolingHttpClientConnectionManager - ep-0000001F: executing exchange ex-00000020 over http-outgoing-3
2024-07-24 14:29:59.865 [Test worker] DEBUG c.g.d.z.s.o.a.h.client5.http.headers - http-outgoing-3 >> POST /v1.32/containers/create HTTP/1.1
2024-07-24 14:29:59.865 [Test worker] DEBUG c.g.d.z.s.o.a.h.client5.http.headers - http-outgoing-3 >> accept: application/json
2024-07-24 14:29:59.865 [Test worker] DEBUG c.g.d.z.s.o.a.h.client5.http.headers - http-outgoing-3 >> content-type: application/json
2024-07-24 14:29:59.865 [Test worker] DEBUG c.g.d.z.s.o.a.h.client5.http.headers - http-outgoing-3 >> x-tc-sid: 280e6229-7396-4d60-b1e3-a5de48b5d49b
2024-07-24 14:29:59.865 [Test worker] DEBUG c.g.d.z.s.o.a.h.client5.http.headers - http-outgoing-3 >> User-Agent: tc-java/1.19.8
2024-07-24 14:29:59.865 [Test worker] DEBUG c.g.d.z.s.o.a.h.client5.http.headers - http-outgoing-3 >> Accept-Encoding: gzip, x-gzip, deflate
2024-07-24 14:29:59.865 [Test worker] DEBUG c.g.d.z.s.o.a.h.client5.http.headers - http-outgoing-3 >> Content-Length: 2061
2024-07-24 14:29:59.865 [Test worker] DEBUG c.g.d.z.s.o.a.h.client5.http.headers - http-outgoing-3 >> Host: localhost:2375
2024-07-24 14:29:59.865 [Test worker] DEBUG c.g.d.z.s.o.a.h.client5.http.headers - http-outgoing-3 >> Connection: keep-alive
2024-07-24 14:29:59.865 [Test worker] DEBUG c.g.d.z.s.o.a.hc.client5.http.wire - http-outgoing-3 >> "POST /v1.32/containers/create HTTP/1.1[\r][\n]"
2024-07-24 14:29:59.865 [Test worker] DEBUG c.g.d.z.s.o.a.hc.client5.http.wire - http-outgoing-3 >> "accept: application/json[\r][\n]"
2024-07-24 14:29:59.865 [Test worker] DEBUG c.g.d.z.s.o.a.hc.client5.http.wire - http-outgoing-3 >> "content-type: application/json[\r][\n]"
2024-07-24 14:29:59.865 [Test worker] DEBUG c.g.d.z.s.o.a.hc.client5.http.wire - http-outgoing-3 >> "x-tc-sid: 280e6229-7396-4d60-b1e3-a5de48b5d49b[\r][\n]"
2024-07-24 14:29:59.865 [Test worker] DEBUG c.g.d.z.s.o.a.hc.client5.http.wire - http-outgoing-3 >> "User-Agent: tc-java/1.19.8[\r][\n]"
2024-07-24 14:29:59.865 [Test worker] DEBUG c.g.d.z.s.o.a.hc.client5.http.wire - http-outgoing-3 >> "Accept-Encoding: gzip, x-gzip, deflate[\r][\n]"
2024-07-24 14:29:59.865 [Test worker] DEBUG c.g.d.z.s.o.a.hc.client5.http.wire - http-outgoing-3 >> "Content-Length: 2061[\r][\n]"
2024-07-24 14:29:59.865 [Test worker] DEBUG c.g.d.z.s.o.a.hc.client5.http.wire - http-outgoing-3 >> "Host: localhost:2375[\r][\n]"
2024-07-24 14:29:59.865 [Test worker] DEBUG c.g.d.z.s.o.a.hc.client5.http.wire - http-outgoing-3 >> "Connection: keep-alive[\r][\n]"
2024-07-24 14:29:59.865 [Test worker] DEBUG c.g.d.z.s.o.a.hc.client5.http.wire - http-outgoing-3 >> "[\r][\n]"
2024-07-24 14:29:59.865 [Test worker] DEBUG c.g.d.z.s.o.a.hc.client5.http.wire - http-outgoing-3 >> "{"Hostname":null,"Domainname":null,"User":null,"AttachStdin":null,"AttachStdout":null,"AttachStderr":null,"PortSpecs":null,"Tty":null,"OpenStdin":null,"StdinOnce":null,"Env":["POSTGRES_USER=user","POSTGRES_PASSWORD=password","POSTGRES_DB=db"],"Cmd":["postgres","-c","fsync=off"],"Healthcheck":null,"ArgsEscaped":null,"Entrypoint":null,"Image":"postgres:latest","Volumes":{},"WorkingDir":null,"MacAddress":null,"OnBuild":null,"NetworkDisabled":null,"ExposedPorts":{"5432/tcp":{}},"StopSignal":null,"StopTimeout":null,"HostConfig":{"Binds":[],"BlkioWeight":null,"BlkioWeightDevice":null,"BlkioDeviceReadBps":null,"BlkioDeviceWriteBps":null,"BlkioDeviceReadIOps":null,"BlkioDeviceWriteIOps":null,"MemorySwappiness":null,"NanoCpus":null,"CapAdd":null,"CapDrop":null,"ContainerIDFile":null,"CpuPeriod":null,"CpuRealtimePeriod":null,"CpuRealtimeRuntime":null,"CpuShares":null,"CpuQuota":null,"CpusetCpus":null,"CpusetMems":null,"Devices":null,"DeviceCgroupRules":null,"DeviceRequests":null,"DiskQuota":null,"Dns":null,"DnsOptions":null,"DnsSearch":null,"ExtraHosts":[],"GroupAdd":null,"IpcMode":null,"Cgroup":null,"Links":[],"LogConfig":null,"LxcConf":null,"Memory":null,"MemorySwap":null,"MemoryReservation":null,"KernelMemory":null,"NetworkMode":null,"OomKillDisable":null,"Init":null,"AutoRemove":null,"OomScoreAdj":null,"PortBindings":{"5432/tcp":[{"HostIp":"","HostPort":""}]},"Privileged":null,"PublishAllPorts":null,"ReadonlyRootfs":null,"RestartPolicy":null,"Ulimits":null,"CpuCount":null,"CpuPercent":null,"IOMaximumIOps":null,"IOMaximumBandwidth":null,"VolumesFrom":[],"Mounts":null,"PidMode":null,"Isolation":null,"SecurityOpt":null,"StorageOpt":null,"CgroupParent":null,"VolumeDriver":null,"ShmSize":null,"PidsLimit":null,"Runtime":null,"Tmpfs":null,"UTSMode":null,"UsernsMode":null,"Sysctls":null,"ConsoleSize":null,"CgroupnsMode":null},"Labels":{"org.testcontainers":"true","org.testcontainers.lang":"java","org.testcontainers.version":"1.19.8","org.testcontainers.sessionId":"280e6229-7396-4d60-b1e3-a5de48b5d49b"},"Shell":null,"NetworkingConfig":null}"
2024-07-24 14:30:00.046 [Test worker] DEBUG c.g.d.z.s.o.a.hc.client5.http.wire - http-outgoing-3 << "HTTP/1.1 201 Created[\r][\n]"
2024-07-24 14:30:00.046 [Test worker] DEBUG c.g.d.z.s.o.a.hc.client5.http.wire - http-outgoing-3 << "Api-Version: 1.45[\r][\n]"
2024-07-24 14:30:00.046 [Test worker] DEBUG c.g.d.z.s.o.a.hc.client5.http.wire - http-outgoing-3 << "Content-Type: application/json[\r][\n]"
2024-07-24 14:30:00.046 [Test worker] DEBUG c.g.d.z.s.o.a.hc.client5.http.wire - http-outgoing-3 << "Date: Wed, 24 Jul 2024 02:30:00 GMT[\r][\n]"
2024-07-24 14:30:00.046 [Test worker] DEBUG c.g.d.z.s.o.a.hc.client5.http.wire - http-outgoing-3 << "Docker-Experimental: false[\r][\n]"
2024-07-24 14:30:00.046 [Test worker] DEBUG c.g.d.z.s.o.a.hc.client5.http.wire - http-outgoing-3 << "Ostype: linux[\r][\n]"
2024-07-24 14:30:00.047 [Test worker] DEBUG c.g.d.z.s.o.a.hc.client5.http.wire - http-outgoing-3 << "Server: Docker/26.0.0 (linux)[\r][\n]"
2024-07-24 14:30:00.047 [Test worker] DEBUG c.g.d.z.s.o.a.hc.client5.http.wire - http-outgoing-3 << "Transfer-Encoding: chunked[\r][\n]"
2024-07-24 14:30:00.047 [Test worker] DEBUG c.g.d.z.s.o.a.hc.client5.http.wire - http-outgoing-3 << "[\r][\n]"
2024-07-24 14:30:00.047 [Test worker] DEBUG c.g.d.z.s.o.a.h.client5.http.headers - http-outgoing-3 << HTTP/1.1 201 Created
2024-07-24 14:30:00.047 [Test worker] DEBUG c.g.d.z.s.o.a.h.client5.http.headers - http-outgoing-3 << Api-Version: 1.45
2024-07-24 14:30:00.047 [Test worker] DEBUG c.g.d.z.s.o.a.h.client5.http.headers - http-outgoing-3 << Content-Type: application/json
2024-07-24 14:30:00.047 [Test worker] DEBUG c.g.d.z.s.o.a.h.client5.http.headers - http-outgoing-3 << Date: Wed, 24 Jul 2024 02:30:00 GMT
2024-07-24 14:30:00.047 [Test worker] DEBUG c.g.d.z.s.o.a.h.client5.http.headers - http-outgoing-3 << Docker-Experimental: false
2024-07-24 14:30:00.047 [Test worker] DEBUG c.g.d.z.s.o.a.h.client5.http.headers - http-outgoing-3 << Ostype: linux
2024-07-24 14:30:00.047 [Test worker] DEBUG c.g.d.z.s.o.a.h.client5.http.headers - http-outgoing-3 << Server: Docker/26.0.0 (linux)
2024-07-24 14:30:00.047 [Test worker] DEBUG c.g.d.z.s.o.a.h.client5.http.headers - http-outgoing-3 << Transfer-Encoding: chunked
2024-07-24 14:30:00.048 [Test worker] DEBUG c.g.d.z.s.o.a.h.c.h.i.c.MainClientExec - ex-00000020: connection can be kept alive for 3 MINUTES
2024-07-24 14:30:00.048 [Test worker] DEBUG c.g.d.z.s.o.a.hc.client5.http.wire - http-outgoing-3 << "58[\r][\n]"
2024-07-24 14:30:00.048 [Test worker] DEBUG c.g.d.z.s.o.a.hc.client5.http.wire - http-outgoing-3 << "{"Id":"3fe330d29fde647769d434393d0e5c3ab11791a8feea1b27914dafe0c67d7462","Warnings":[]}[\n]"
2024-07-24 14:30:00.048 [Test worker] DEBUG c.g.d.z.s.o.a.hc.client5.http.wire - http-outgoing-3 << "[\r][\n]"
2024-07-24 14:30:00.048 [Test worker] DEBUG c.g.d.z.s.o.a.hc.client5.http.wire - http-outgoing-3 << "0[\r][\n]"
2024-07-24 14:30:00.048 [Test worker] DEBUG c.g.d.z.s.o.a.hc.client5.http.wire - http-outgoing-3 << "[\r][\n]"
2024-07-24 14:30:00.048 [Test worker] DEBUG c.g.d.z.s.o.a.h.c.h.i.c.InternalHttpClient - ep-0000001F: releasing valid endpoint
2024-07-24 14:30:00.048 [Test worker] DEBUG c.g.d.z.s.o.a.h.c.h.i.i.PoolingHttpClientConnectionManager - ep-0000001F: releasing endpoint
2024-07-24 14:30:00.049 [Test worker] DEBUG c.g.d.z.s.o.a.h.c.h.i.i.PoolingHttpClientConnectionManager - ep-0000001F: connection http-outgoing-3 can be kept alive for 3 MINUTES
2024-07-24 14:30:00.049 [Test worker] DEBUG c.g.d.z.s.o.a.h.c.h.i.i.PoolingHttpClientConnectionManager - ep-0000001F: connection released [route: {}->npipe://localhost:2375][total available: 1; route allocated: 1 of 2147483647; total allocated: 1 of 2147483647]
2024-07-24 14:30:00.049 [Test worker] INFO  tc.postgres:latest - Container postgres:latest is starting: 3fe330d29fde647769d434393d0e5c3ab11791a8feea1b27914dafe0c67d7462
2024-07-24 14:30:00.049 [Test worker] DEBUG o.t.s.c.g.d.c.command.AbstrDockerCmd - Cmd: 3fe330d29fde647769d434393d0e5c3ab11791a8feea1b27914dafe0c67d7462
2024-07-24 14:30:00.049 [Test worker] TRACE o.t.s.c.g.d.c.e.StartContainerCmdExec - POST: DefaultWebTarget{path=[/containers/3fe330d29fde647769d434393d0e5c3ab11791a8feea1b27914dafe0c67d7462/start], queryParams={}}
2024-07-24 14:30:00.049 [Test worker] DEBUG c.g.d.z.s.o.a.h.c.h.i.c.InternalHttpClient - ex-00000021: preparing request execution
2024-07-24 14:30:00.049 [Test worker] DEBUG c.g.d.z.s.o.a.h.c.h.p.RequestAddCookies - Cookie spec selected: strict
2024-07-24 14:30:00.050 [Test worker] DEBUG c.g.d.z.s.o.a.h.c.h.p.RequestAuthCache - Auth cache not set in the context
2024-07-24 14:30:00.050 [Test worker] DEBUG c.g.d.z.s.o.a.h.c.h.i.c.ProtocolExec - ex-00000021: target auth state: UNCHALLENGED
2024-07-24 14:30:00.050 [Test worker] DEBUG c.g.d.z.s.o.a.h.c.h.i.c.ProtocolExec - ex-00000021: proxy auth state: UNCHALLENGED
2024-07-24 14:30:00.050 [Test worker] DEBUG c.g.d.z.s.o.a.h.c.h.i.c.ConnectExec - ex-00000021: acquiring connection with route {}->npipe://localhost:2375
2024-07-24 14:30:00.050 [Test worker] DEBUG c.g.d.z.s.o.a.h.c.h.i.c.InternalHttpClient - ex-00000021: acquiring endpoint (3 MINUTES)
2024-07-24 14:30:00.050 [Test worker] DEBUG c.g.d.z.s.o.a.h.c.h.i.i.PoolingHttpClientConnectionManager - ex-00000021: endpoint lease request (3 MINUTES) [route: {}->npipe://localhost:2375][total available: 1; route allocated: 1 of 2147483647; total allocated: 1 of 2147483647]
2024-07-24 14:30:00.050 [Test worker] DEBUG c.g.d.z.s.o.a.h.c.h.i.i.PoolingHttpClientConnectionManager - ex-00000021: endpoint leased [route: {}->npipe://localhost:2375][total available: 0; route allocated: 1 of 2147483647; total allocated: 1 of 2147483647]
2024-07-24 14:30:00.050 [Test worker] DEBUG c.g.d.z.s.o.a.h.c.h.i.i.PoolingHttpClientConnectionManager - ex-00000021: acquired ep-00000020
2024-07-24 14:30:00.050 [Test worker] DEBUG c.g.d.z.s.o.a.h.c.h.i.c.InternalHttpClient - ex-00000021: acquired endpoint ep-00000020
2024-07-24 14:30:00.050 [Test worker] DEBUG c.g.d.z.s.o.a.h.c.h.i.c.MainClientExec - ex-00000021: executing POST /v1.32/containers/3fe330d29fde647769d434393d0e5c3ab11791a8feea1b27914dafe0c67d7462/start HTTP/1.1
2024-07-24 14:30:00.050 [Test worker] DEBUG c.g.d.z.s.o.a.h.c.h.i.c.InternalHttpClient - ep-00000020: start execution ex-00000021
2024-07-24 14:30:00.050 [Test worker] DEBUG c.g.d.z.s.o.a.h.c.h.i.i.PoolingHttpClientConnectionManager - ep-00000020: executing exchange ex-00000021 over http-outgoing-3
2024-07-24 14:30:00.050 [Test worker] DEBUG c.g.d.z.s.o.a.h.client5.http.headers - http-outgoing-3 >> POST /v1.32/containers/3fe330d29fde647769d434393d0e5c3ab11791a8feea1b27914dafe0c67d7462/start HTTP/1.1
2024-07-24 14:30:00.050 [Test worker] DEBUG c.g.d.z.s.o.a.h.client5.http.headers - http-outgoing-3 >> accept: application/json
2024-07-24 14:30:00.050 [Test worker] DEBUG c.g.d.z.s.o.a.h.client5.http.headers - http-outgoing-3 >> content-type: application/json
2024-07-24 14:30:00.050 [Test worker] DEBUG c.g.d.z.s.o.a.h.client5.http.headers - http-outgoing-3 >> x-tc-sid: 280e6229-7396-4d60-b1e3-a5de48b5d49b
2024-07-24 14:30:00.050 [Test worker] DEBUG c.g.d.z.s.o.a.h.client5.http.headers - http-outgoing-3 >> User-Agent: tc-java/1.19.8
2024-07-24 14:30:00.050 [Test worker] DEBUG c.g.d.z.s.o.a.h.client5.http.headers - http-outgoing-3 >> Accept-Encoding: gzip, x-gzip, deflate
2024-07-24 14:30:00.050 [Test worker] DEBUG c.g.d.z.s.o.a.h.client5.http.headers - http-outgoing-3 >> Host: localhost:2375
2024-07-24 14:30:00.050 [Test worker] DEBUG c.g.d.z.s.o.a.h.client5.http.headers - http-outgoing-3 >> Connection: keep-alive
2024-07-24 14:30:00.050 [Test worker] DEBUG c.g.d.z.s.o.a.hc.client5.http.wire - http-outgoing-3 >> "POST /v1.32/containers/3fe330d29fde647769d434393d0e5c3ab11791a8feea1b27914dafe0c67d7462/start HTTP/1.1[\r][\n]"
2024-07-24 14:30:00.050 [Test worker] DEBUG c.g.d.z.s.o.a.hc.client5.http.wire - http-outgoing-3 >> "accept: application/json[\r][\n]"
2024-07-24 14:30:00.050 [Test worker] DEBUG c.g.d.z.s.o.a.hc.client5.http.wire - http-outgoing-3 >> "content-type: application/json[\r][\n]"
2024-07-24 14:30:00.050 [Test worker] DEBUG c.g.d.z.s.o.a.hc.client5.http.wire - http-outgoing-3 >> "x-tc-sid: 280e6229-7396-4d60-b1e3-a5de48b5d49b[\r][\n]"
2024-07-24 14:30:00.050 [Test worker] DEBUG c.g.d.z.s.o.a.hc.client5.http.wire - http-outgoing-3 >> "User-Agent: tc-java/1.19.8[\r][\n]"
2024-07-24 14:30:00.050 [Test worker] DEBUG c.g.d.z.s.o.a.hc.client5.http.wire - http-outgoing-3 >> "Accept-Encoding: gzip, x-gzip, deflate[\r][\n]"
2024-07-24 14:30:00.050 [Test worker] DEBUG c.g.d.z.s.o.a.hc.client5.http.wire - http-outgoing-3 >> "Host: localhost:2375[\r][\n]"
2024-07-24 14:30:00.050 [Test worker] DEBUG c.g.d.z.s.o.a.hc.client5.http.wire - http-outgoing-3 >> "Connection: keep-alive[\r][\n]"
2024-07-24 14:30:00.050 [Test worker] DEBUG c.g.d.z.s.o.a.hc.client5.http.wire - http-outgoing-3 >> "[\r][\n]"
2024-07-24 14:30:00.484 [Test worker] DEBUG c.g.d.z.s.o.a.hc.client5.http.wire - http-outgoing-3 << "HTTP/1.1 204 No Content[\r][\n]"
2024-07-24 14:30:00.484 [Test worker] DEBUG c.g.d.z.s.o.a.hc.client5.http.wire - http-outgoing-3 << "Api-Version: 1.45[\r][\n]"
2024-07-24 14:30:00.484 [Test worker] DEBUG c.g.d.z.s.o.a.hc.client5.http.wire - http-outgoing-3 << "Date: Wed, 24 Jul 2024 02:30:00 GMT[\r][\n]"
2024-07-24 14:30:00.484 [Test worker] DEBUG c.g.d.z.s.o.a.hc.client5.http.wire - http-outgoing-3 << "Docker-Experimental: false[\r][\n]"
2024-07-24 14:30:00.484 [Test worker] DEBUG c.g.d.z.s.o.a.hc.client5.http.wire - http-outgoing-3 << "Ostype: linux[\r][\n]"
2024-07-24 14:30:00.484 [Test worker] DEBUG c.g.d.z.s.o.a.hc.client5.http.wire - http-outgoing-3 << "Server: Docker/26.0.0 (linux)[\r][\n]"
2024-07-24 14:30:00.484 [Test worker] DEBUG c.g.d.z.s.o.a.hc.client5.http.wire - http-outgoing-3 << "[\r][\n]"
2024-07-24 14:30:00.484 [Test worker] DEBUG c.g.d.z.s.o.a.h.client5.http.headers - http-outgoing-3 << HTTP/1.1 204 No Content
2024-07-24 14:30:00.485 [Test worker] DEBUG c.g.d.z.s.o.a.h.client5.http.headers - http-outgoing-3 << Api-Version: 1.45
2024-07-24 14:30:00.485 [Test worker] DEBUG c.g.d.z.s.o.a.h.client5.http.headers - http-outgoing-3 << Date: Wed, 24 Jul 2024 02:30:00 GMT
2024-07-24 14:30:00.485 [Test worker] DEBUG c.g.d.z.s.o.a.h.client5.http.headers - http-outgoing-3 << Docker-Experimental: false
2024-07-24 14:30:00.485 [Test worker] DEBUG c.g.d.z.s.o.a.h.client5.http.headers - http-outgoing-3 << Ostype: linux
2024-07-24 14:30:00.485 [Test worker] DEBUG c.g.d.z.s.o.a.h.client5.http.headers - http-outgoing-3 << Server: Docker/26.0.0 (linux)
2024-07-24 14:30:00.486 [Test worker] DEBUG c.g.d.z.s.o.a.h.c.h.i.c.MainClientExec - ex-00000021: connection can be kept alive for 3 MINUTES
2024-07-24 14:30:00.486 [Test worker] DEBUG c.g.d.z.s.o.a.h.c.h.i.c.InternalHttpClient - ep-00000020: releasing valid endpoint
2024-07-24 14:30:00.486 [Test worker] DEBUG c.g.d.z.s.o.a.h.c.h.i.i.PoolingHttpClientConnectionManager - ep-00000020: releasing endpoint
2024-07-24 14:30:00.486 [Test worker] DEBUG c.g.d.z.s.o.a.h.c.h.i.i.PoolingHttpClientConnectionManager - ep-00000020: connection http-outgoing-3 can be kept alive for 3 MINUTES
2024-07-24 14:30:00.486 [Test worker] DEBUG c.g.d.z.s.o.a.h.c.h.i.i.PoolingHttpClientConnectionManager - ep-00000020: connection released [route: {}->npipe://localhost:2375][total available: 1; route allocated: 1 of 2147483647; total allocated: 1 of 2147483647]
2024-07-24 14:30:00.486 [Test worker] DEBUG o.t.s.c.g.d.c.command.AbstrDockerCmd - Cmd: 3fe330d29fde647769d434393d0e5c3ab11791a8feea1b27914dafe0c67d7462,false
2024-07-24 14:30:00.487 [Test worker] DEBUG o.t.s.c.g.d.c.e.InspectContainerCmdExec - GET: DefaultWebTarget{path=[/containers/3fe330d29fde647769d434393d0e5c3ab11791a8feea1b27914dafe0c67d7462/json], queryParams={}}
2024-07-24 14:30:00.487 [Test worker] DEBUG c.g.d.z.s.o.a.h.c.h.i.c.InternalHttpClient - ex-00000022: preparing request execution
2024-07-24 14:30:00.487 [Test worker] DEBUG c.g.d.z.s.o.a.h.c.h.p.RequestAddCookies - Cookie spec selected: strict
2024-07-24 14:30:00.487 [Test worker] DEBUG c.g.d.z.s.o.a.h.c.h.p.RequestAuthCache - Auth cache not set in the context
2024-07-24 14:30:00.487 [Test worker] DEBUG c.g.d.z.s.o.a.h.c.h.i.c.ProtocolExec - ex-00000022: target auth state: UNCHALLENGED
2024-07-24 14:30:00.487 [Test worker] DEBUG c.g.d.z.s.o.a.h.c.h.i.c.ProtocolExec - ex-00000022: proxy auth state: UNCHALLENGED
2024-07-24 14:30:00.487 [Test worker] DEBUG c.g.d.z.s.o.a.h.c.h.i.c.ConnectExec - ex-00000022: acquiring connection with route {}->npipe://localhost:2375
2024-07-24 14:30:00.487 [Test worker] DEBUG c.g.d.z.s.o.a.h.c.h.i.c.InternalHttpClient - ex-00000022: acquiring endpoint (3 MINUTES)
2024-07-24 14:30:00.487 [Test worker] DEBUG c.g.d.z.s.o.a.h.c.h.i.i.PoolingHttpClientConnectionManager - ex-00000022: endpoint lease request (3 MINUTES) [route: {}->npipe://localhost:2375][total available: 1; route allocated: 1 of 2147483647; total allocated: 1 of 2147483647]
2024-07-24 14:30:00.488 [Test worker] DEBUG c.g.d.z.s.o.a.h.c.h.i.i.PoolingHttpClientConnectionManager - ex-00000022: endpoint leased [route: {}->npipe://localhost:2375][total available: 0; route allocated: 1 of 2147483647; total allocated: 1 of 2147483647]
2024-07-24 14:30:00.488 [Test worker] DEBUG c.g.d.z.s.o.a.h.c.h.i.i.PoolingHttpClientConnectionManager - ex-00000022: acquired ep-00000021
2024-07-24 14:30:00.488 [Test worker] DEBUG c.g.d.z.s.o.a.h.c.h.i.c.InternalHttpClient - ex-00000022: acquired endpoint ep-00000021
2024-07-24 14:30:00.488 [Test worker] DEBUG c.g.d.z.s.o.a.h.c.h.i.c.MainClientExec - ex-00000022: executing GET /v1.32/containers/3fe330d29fde647769d434393d0e5c3ab11791a8feea1b27914dafe0c67d7462/json HTTP/1.1
2024-07-24 14:30:00.488 [Test worker] DEBUG c.g.d.z.s.o.a.h.c.h.i.c.InternalHttpClient - ep-00000021: start execution ex-00000022
2024-07-24 14:30:00.488 [Test worker] DEBUG c.g.d.z.s.o.a.h.c.h.i.i.PoolingHttpClientConnectionManager - ep-00000021: executing exchange ex-00000022 over http-outgoing-3
2024-07-24 14:30:00.488 [Test worker] DEBUG c.g.d.z.s.o.a.h.client5.http.headers - http-outgoing-3 >> GET /v1.32/containers/3fe330d29fde647769d434393d0e5c3ab11791a8feea1b27914dafe0c67d7462/json HTTP/1.1
2024-07-24 14:30:00.488 [Test worker] DEBUG c.g.d.z.s.o.a.h.client5.http.headers - http-outgoing-3 >> accept: application/json
2024-07-24 14:30:00.488 [Test worker] DEBUG c.g.d.z.s.o.a.h.client5.http.headers - http-outgoing-3 >> x-tc-sid: 280e6229-7396-4d60-b1e3-a5de48b5d49b
2024-07-24 14:30:00.488 [Test worker] DEBUG c.g.d.z.s.o.a.h.client5.http.headers - http-outgoing-3 >> User-Agent: tc-java/1.19.8
2024-07-24 14:30:00.488 [Test worker] DEBUG c.g.d.z.s.o.a.h.client5.http.headers - http-outgoing-3 >> Accept-Encoding: gzip, x-gzip, deflate
2024-07-24 14:30:00.488 [Test worker] DEBUG c.g.d.z.s.o.a.h.client5.http.headers - http-outgoing-3 >> Host: localhost:2375
2024-07-24 14:30:00.488 [Test worker] DEBUG c.g.d.z.s.o.a.h.client5.http.headers - http-outgoing-3 >> Connection: keep-alive
2024-07-24 14:30:00.488 [Test worker] DEBUG c.g.d.z.s.o.a.hc.client5.http.wire - http-outgoing-3 >> "GET /v1.32/containers/3fe330d29fde647769d434393d0e5c3ab11791a8feea1b27914dafe0c67d7462/json HTTP/1.1[\r][\n]"
2024-07-24 14:30:00.488 [Test worker] DEBUG c.g.d.z.s.o.a.hc.client5.http.wire - http-outgoing-3 >> "accept: application/json[\r][\n]"
2024-07-24 14:30:00.488 [Test worker] DEBUG c.g.d.z.s.o.a.hc.client5.http.wire - http-outgoing-3 >> "x-tc-sid: 280e6229-7396-4d60-b1e3-a5de48b5d49b[\r][\n]"
2024-07-24 14:30:00.488 [Test worker] DEBUG c.g.d.z.s.o.a.hc.client5.http.wire - http-outgoing-3 >> "User-Agent: tc-java/1.19.8[\r][\n]"
2024-07-24 14:30:00.488 [Test worker] DEBUG c.g.d.z.s.o.a.hc.client5.http.wire - http-outgoing-3 >> "Accept-Encoding: gzip, x-gzip, deflate[\r][\n]"
2024-07-24 14:30:00.488 [Test worker] DEBUG c.g.d.z.s.o.a.hc.client5.http.wire - http-outgoing-3 >> "Host: localhost:2375[\r][\n]"
2024-07-24 14:30:00.488 [Test worker] DEBUG c.g.d.z.s.o.a.hc.client5.http.wire - http-outgoing-3 >> "Connection: keep-alive[\r][\n]"
2024-07-24 14:30:00.488 [Test worker] DEBUG c.g.d.z.s.o.a.hc.client5.http.wire - http-outgoing-3 >> "[\r][\n]"
2024-07-24 14:30:00.492 [Test worker] DEBUG c.g.d.z.s.o.a.hc.client5.http.wire - http-outgoing-3 << "HTTP/1.1 200 OK[\r][\n]"
2024-07-24 14:30:00.492 [Test worker] DEBUG c.g.d.z.s.o.a.hc.client5.http.wire - http-outgoing-3 << "Api-Version: 1.45[\r][\n]"
2024-07-24 14:30:00.492 [Test worker] DEBUG c.g.d.z.s.o.a.hc.client5.http.wire - http-outgoing-3 << "Content-Type: application/json[\r][\n]"
2024-07-24 14:30:00.492 [Test worker] DEBUG c.g.d.z.s.o.a.hc.client5.http.wire - http-outgoing-3 << "Date: Wed, 24 Jul 2024 02:30:00 GMT[\r][\n]"
2024-07-24 14:30:00.492 [Test worker] DEBUG c.g.d.z.s.o.a.hc.client5.http.wire - http-outgoing-3 << "Docker-Experimental: false[\r][\n]"
2024-07-24 14:30:00.492 [Test worker] DEBUG c.g.d.z.s.o.a.hc.client5.http.wire - http-outgoing-3 << "Ostype: linux[\r][\n]"
2024-07-24 14:30:00.492 [Test worker] DEBUG c.g.d.z.s.o.a.hc.client5.http.wire - http-outgoing-3 << "Server: Docker/26.0.0 (linux)[\r][\n]"
2024-07-24 14:30:00.492 [Test worker] DEBUG c.g.d.z.s.o.a.hc.client5.http.wire - http-outgoing-3 << "Transfer-Encoding: chunked[\r][\n]"
2024-07-24 14:30:00.492 [Test worker] DEBUG c.g.d.z.s.o.a.hc.client5.http.wire - http-outgoing-3 << "[\r][\n]"
2024-07-24 14:30:00.493 [Test worker] DEBUG c.g.d.z.s.o.a.h.client5.http.headers - http-outgoing-3 << HTTP/1.1 200 OK
2024-07-24 14:30:00.493 [Test worker] DEBUG c.g.d.z.s.o.a.h.client5.http.headers - http-outgoing-3 << Api-Version: 1.45
2024-07-24 14:30:00.493 [Test worker] DEBUG c.g.d.z.s.o.a.h.client5.http.headers - http-outgoing-3 << Content-Type: application/json
2024-07-24 14:30:00.493 [Test worker] DEBUG c.g.d.z.s.o.a.h.client5.http.headers - http-outgoing-3 << Date: Wed, 24 Jul 2024 02:30:00 GMT
2024-07-24 14:30:00.493 [Test worker] DEBUG c.g.d.z.s.o.a.h.client5.http.headers - http-outgoing-3 << Docker-Experimental: false
2024-07-24 14:30:00.493 [Test worker] DEBUG c.g.d.z.s.o.a.h.client5.http.headers - http-outgoing-3 << Ostype: linux
2024-07-24 14:30:00.493 [Test worker] DEBUG c.g.d.z.s.o.a.h.client5.http.headers - http-outgoing-3 << Server: Docker/26.0.0 (linux)
2024-07-24 14:30:00.493 [Test worker] DEBUG c.g.d.z.s.o.a.h.client5.http.headers - http-outgoing-3 << Transfer-Encoding: chunked
2024-07-24 14:30:00.493 [Test worker] DEBUG c.g.d.z.s.o.a.h.c.h.i.c.MainClientExec - ex-00000022: connection can be kept alive for 3 MINUTES
2024-07-24 14:30:00.495 [Test worker] DEBUG c.g.d.z.s.o.a.hc.client5.http.wire - http-outgoing-3 << "1a3c[\r][\n]"
2024-07-24 14:30:00.496 [Test worker] DEBUG c.g.d.z.s.o.a.hc.client5.http.wire - http-outgoing-3 << "{"Id":"3fe330d29fde647769d434393d0e5c3ab11791a8feea1b27914dafe0c67d7462","Created":"2024-07-24T02:29:59.872884989Z","Path":"docker-entrypoint.sh","Args":["postgres","-c","fsync=off"],"State":{"Status":"running","Running":true,"Paused":false,"Restarting":false,"OOMKilled":false,"Dead":false,"Pid":28112,"ExitCode":0,"Error":"","StartedAt":"2024-07-24T02:30:00.467501884Z","FinishedAt":"0001-01-01T00:00:00Z"},"Image":"sha256:8e4fc9e184899a58735e7ee333f5e272d7d2298cf59302006b71f33e217be130","ResolvConfPath":"/var/lib/docker/containers/3fe330d29fde647769d434393d0e5c3ab11791a8feea1b27914dafe0c67d7462/resolv.conf","HostnamePath":"/var/lib/docker/containers/3fe330d29fde647769d434393d0e5c3ab11791a8feea1b27914dafe0c67d7462/hostname","HostsPath":"/var/lib/docker/containers/3fe330d29fde647769d434393d0e5c3ab11791a8feea1b27914dafe0c67d7462/hosts","LogPath":"/var/lib/docker/containers/3fe330d29fde647769d434393d0e5c3ab11791a8feea1b27914dafe0c67d7462/3fe330d29fde647769d434393d0e5c3ab11791a8feea1b27914dafe0c67d7462-json.log","Name":"/reverent_cartwright","RestartCount":0,"Driver":"overlay2","Platform":"linux","MountLabel":"","ProcessLabel":"","AppArmorProfile":"","ExecIDs":null,"HostConfig":{"Binds":[],"ContainerIDFile":"","LogConfig":{"Type":"json-file","Config":{}},"NetworkMode":"default","PortBindings":{"5432/tcp":[{"HostIp":"0.0.0.0","HostPort":"0"}]},"RestartPolicy":{"Name":"no","MaximumRetryCount":0},"AutoRemove":false,"VolumeDriver":"","VolumesFrom":[],"ConsoleSize":[0,0],"CapAdd":null,"CapDrop":null,"CgroupnsMode":"host","Dns":null,"DnsOptions":null,"DnsSearch":null,"ExtraHosts":[],"GroupAdd":null,"IpcMode":"shareable","Cgroup":"","Links":null,"OomScoreAdj":0,"PidMode":"","Privileged":false,"PublishAllPorts":false,"ReadonlyRootfs":false,"SecurityOpt":null,"UTSMode":"","UsernsMode":"","ShmSize":67108864,"Runtime":"runc","Isolation":"","CpuShares":0,"Memory":0,"NanoCpus":0,"CgroupParent":"","BlkioWeight":0,"BlkioWeightDevice":null,"BlkioDeviceReadBps":null,"BlkioDeviceWriteBps":null,"BlkioDeviceReadIOps":null,"BlkioDeviceWriteIOps":null,"CpuPeriod":0,"CpuQuota":0,"CpuRealtimePeriod":0,"CpuRealtimeRuntime":0,"CpusetCpus":"","CpusetMems":"","Devices":null,"DeviceCgroupRules":null,"DeviceRequests":null,"MemoryReservation":0,"MemorySwap":0,"MemorySwappiness":null,"OomKillDisable":false,"PidsLimit":null,"Ulimits":null,"CpuCount":0,"CpuPercent":0,"IOMaximumIOps":0,"IOMaximumBandwidth":0,"MaskedPaths":["/proc/asound","/proc/acpi","/proc/kcore","/proc/keys","/proc/latency_stats","/proc/timer_list","/proc/timer_stats","/proc/sched_debug","/proc/scsi","/sys/firmware","/sys/devices/virtual/powercap"],"ReadonlyPaths":["/proc/bus","/proc/fs","/proc/irq","/proc/sys","/proc/sysrq-trigger"]},"GraphDriver":{"Data":{"LowerDir":"/var/lib/docker/overlay2/79ba473cd51a3adb859bda5d1d4240c6b7945ebbaac9f3faf0bd1905faf9d86a-init/diff:/var/lib/docker/overlay2/8f0ddbd386af0785c2e348570516955816ab350305d698d363962d488eeb15ec/diff:/var/lib/docker/overlay2/0eb0ca73e9b0be7c3d7fa8762ef4778a68f38391bc84c037c2e90b88e781b475/diff:/var/lib/docker/overlay2/74e634bddc785c5d436b10a5158cd82e21dc2065fd1cf8ff9c1c12e01575a2d8/diff:/var/lib/docker/overlay2/bb918b2851cd2f508f1e3fdbfff8b7f8b041d61e65fe8c368288bf399e80b818/diff:/var/lib/docker/overlay2/2abab2946cbdc2941ee8ec4024c51dac7313dee9de5fbedd1ca33388c59eb3c8/diff:/var/lib/docker/overlay2/e12f6083ee669bd92743ceb339a896bb25dbe461b718705bb39eb410b80c0ecd/diff:/var/lib/docker/overlay2/ced1e86d670d097da5ed4da7288c22507735918959161c2cd8bf083fb30d169a/diff:/var/lib/docker/overlay2/94e9ac7b74923285ae73af20aeccb964ca9079e2305db367cb85d1603560472d/diff:/var/lib/docker/overlay2/a396b6dfd63f0c228c519871183c614cccf4d366a43460f27ecf97113c3c4be8/diff:/var/lib/docker/overlay2/f58ada5d5080c2bac553c734f81127660a90581a35ed2a92cebe3c59e340875b/diff:/var/lib/docker/overlay2/84f85636f37bf55d945e217b4f87a856eba7932284beaf042561007b66f48977/diff:/var/lib/docker/overlay2/1e6e519613884e91a2b74a588ba35dc8a2f789371ab798ef6e7d9836d756042f/diff:/var/lib/docker/overlay2/14a3151cc8b4f9d27d2e64f1a8abc0c7809309580f2d7e8dc8545055c1d56194/diff:/var/lib"
2024-07-24 14:30:00.497 [Test worker] DEBUG c.g.d.z.s.o.a.hc.client5.http.wire - http-outgoing-3 << "/docker/overlay2/5b354b9e793401517fe2f1da697653fdaadffc54888eaf76d67e0600b8c68bdc/diff","MergedDir":"/var/lib/docker/overlay2/79ba473cd51a3adb859bda5d1d4240c6b7945ebbaac9f3faf0bd1905faf9d86a/merged","UpperDir":"/var/lib/docker/overlay2/79ba473cd51a3adb859bda5d1d4240c6b7945ebbaac9f3faf0bd1905faf9d86a/diff","WorkDir":"/var/lib/docker/overlay2/79ba473cd51a3adb859bda5d1d4240c6b7945ebbaac9f3faf0bd1905faf9d86a/work"},"Name":"overlay2"},"Mounts":[{"Type":"volume","Name":"e79c69aa397d5e2747f3bba977b3103a0ab5e19d008c9a2fae0edfc6e97ef257","Source":"/var/lib/docker/volumes/e79c69aa397d5e2747f3bba977b3103a0ab5e19d008c9a2fae0edfc6e97ef257/_data","Destination":"/var/lib/postgresql/data","Driver":"local","Mode":"","RW":true,"Propagation":""}],"Config":{"Hostname":"3fe330d29fde","Domainname":"","User":"","AttachStdin":false,"AttachStdout":false,"AttachStderr":false,"ExposedPorts":{"5432/tcp":{}},"Tty":false,"OpenStdin":false,"StdinOnce":false,"Env":["POSTGRES_USER=user","POSTGRES_PASSWORD=password","POSTGRES_DB=db","PATH=/usr/local/sbin:/usr/local/bin:/usr/sbin:/usr/bin:/sbin:/bin:/usr/lib/postgresql/16/bin","GOSU_VERSION=1.17","LANG=en_US.utf8","PG_MAJOR=16","PG_VERSION=16.2-1.pgdg120+2","PGDATA=/var/lib/postgresql/data"],"Cmd":["postgres","-c","fsync=off"],"Image":"postgres:latest","Volumes":{"/var/lib/postgresql/data":{}},"WorkingDir":"","Entrypoint":["docker-entrypoint.sh"],"OnBuild":null,"Labels":{"org.testcontainers":"true","org.testcontainers.lang":"java","org.testcontainers.sessionId":"280e6229-7396-4d60-b1e3-a5de48b5d49b","org.testcontainers.version":"1.19.8"},"StopSignal":"SIGINT"},"NetworkSettings":{"Bridge":"","SandboxID":"8548c47d7a0d59421039599c34e63f1ee70c676c976d7eb21b1d55d4c6b1f806","SandboxKey":"/var/run/docker/netns/8548c47d7a0d","Ports":{"5432/tcp":[{"HostIp":"0.0.0.0","HostPort":"51505"}]},"HairpinMode":false,"LinkLocalIPv6Address":"","LinkLocalIPv6PrefixLen":0,"SecondaryIPAddresses":null,"SecondaryIPv6Addresses":null,"EndpointID":"d9567a75f377c1b351e54f0684dd26feac9b20dc6a0f8acb9bdf2c05bbc71c09","Gateway":"172.17.0.1","GlobalIPv6Address":"","GlobalIPv6PrefixLen":0,"IPAddress":"172.17.0.3","IPPrefixLen":16,"IPv6Gateway":"","MacAddress":"02:42:ac:11:00:03","Networks":{"bridge":{"IPAMConfig":null,"Links":null,"Aliases":null,"MacAddress":"02:42:ac:11:00:03","NetworkID":"3c842496be344cbdae878c1dee0957e7bc7c0a2236009c92752030f2b053e72f","EndpointID":"d9567a75f377c1b351e54f0684dd26feac9b20dc6a0f8acb9bdf2c05bbc71c09","Gateway":"172.17.0.1","IPAddress":"172.17.0.3","IPPrefixLen":16,"IPv6Gateway":"","GlobalIPv6Address":"","GlobalIPv6PrefixLen":0,"DriverOpts":null,"DNSNames":null}}}}[\n]"
2024-07-24 14:30:00.500 [Test worker] DEBUG c.g.d.z.s.o.a.hc.client5.http.wire - http-outgoing-3 << "[\r][\n]"
2024-07-24 14:30:00.500 [Test worker] DEBUG c.g.d.z.s.o.a.hc.client5.http.wire - http-outgoing-3 << "0[\r][\n]"
2024-07-24 14:30:00.500 [Test worker] DEBUG c.g.d.z.s.o.a.hc.client5.http.wire - http-outgoing-3 << "[\r][\n]"
2024-07-24 14:30:00.500 [Test worker] DEBUG c.g.d.z.s.o.a.h.c.h.i.c.InternalHttpClient - ep-00000021: releasing valid endpoint
2024-07-24 14:30:00.500 [Test worker] DEBUG c.g.d.z.s.o.a.h.c.h.i.i.PoolingHttpClientConnectionManager - ep-00000021: releasing endpoint
2024-07-24 14:30:00.501 [Test worker] DEBUG c.g.d.z.s.o.a.h.c.h.i.i.PoolingHttpClientConnectionManager - ep-00000021: connection http-outgoing-3 can be kept alive for 3 MINUTES
2024-07-24 14:30:00.501 [Test worker] DEBUG c.g.d.z.s.o.a.h.c.h.i.i.PoolingHttpClientConnectionManager - ep-00000021: connection released [route: {}->npipe://localhost:2375][total available: 1; route allocated: 1 of 2147483647; total allocated: 1 of 2147483647]
2024-07-24 14:30:00.501 [Test worker] DEBUG o.t.s.c.g.d.c.command.AbstrDockerCmd - Cmd: sha256:8e4fc9e184899a58735e7ee333f5e272d7d2298cf59302006b71f33e217be130
2024-07-24 14:30:00.501 [Test worker] TRACE o.t.s.c.g.d.c.e.InspectImageCmdExec - GET: DefaultWebTarget{path=[/images/sha256:8e4fc9e184899a58735e7ee333f5e272d7d2298cf59302006b71f33e217be130/json], queryParams={}}
2024-07-24 14:30:00.502 [Test worker] DEBUG c.g.d.z.s.o.a.h.c.h.i.c.InternalHttpClient - ex-00000023: preparing request execution
2024-07-24 14:30:00.502 [Test worker] DEBUG c.g.d.z.s.o.a.h.c.h.p.RequestAddCookies - Cookie spec selected: strict
2024-07-24 14:30:00.502 [Test worker] DEBUG c.g.d.z.s.o.a.h.c.h.p.RequestAuthCache - Auth cache not set in the context
2024-07-24 14:30:00.502 [Test worker] DEBUG c.g.d.z.s.o.a.h.c.h.i.c.ProtocolExec - ex-00000023: target auth state: UNCHALLENGED
2024-07-24 14:30:00.502 [Test worker] DEBUG c.g.d.z.s.o.a.h.c.h.i.c.ProtocolExec - ex-00000023: proxy auth state: UNCHALLENGED
2024-07-24 14:30:00.502 [Test worker] DEBUG c.g.d.z.s.o.a.h.c.h.i.c.ConnectExec - ex-00000023: acquiring connection with route {}->npipe://localhost:2375
2024-07-24 14:30:00.502 [Test worker] DEBUG c.g.d.z.s.o.a.h.c.h.i.c.InternalHttpClient - ex-00000023: acquiring endpoint (3 MINUTES)
2024-07-24 14:30:00.502 [Test worker] DEBUG c.g.d.z.s.o.a.h.c.h.i.i.PoolingHttpClientConnectionManager - ex-00000023: endpoint lease request (3 MINUTES) [route: {}->npipe://localhost:2375][total available: 1; route allocated: 1 of 2147483647; total allocated: 1 of 2147483647]
2024-07-24 14:30:00.502 [Test worker] DEBUG c.g.d.z.s.o.a.h.c.h.i.i.PoolingHttpClientConnectionManager - ex-00000023: endpoint leased [route: {}->npipe://localhost:2375][total available: 0; route allocated: 1 of 2147483647; total allocated: 1 of 2147483647]
2024-07-24 14:30:00.502 [Test worker] DEBUG c.g.d.z.s.o.a.h.c.h.i.i.PoolingHttpClientConnectionManager - ex-00000023: acquired ep-00000022
2024-07-24 14:30:00.502 [Test worker] DEBUG c.g.d.z.s.o.a.h.c.h.i.c.InternalHttpClient - ex-00000023: acquired endpoint ep-00000022
2024-07-24 14:30:00.502 [Test worker] DEBUG c.g.d.z.s.o.a.h.c.h.i.c.MainClientExec - ex-00000023: executing GET /v1.32/images/sha256:8e4fc9e184899a58735e7ee333f5e272d7d2298cf59302006b71f33e217be130/json HTTP/1.1
2024-07-24 14:30:00.502 [Test worker] DEBUG c.g.d.z.s.o.a.h.c.h.i.c.InternalHttpClient - ep-00000022: start execution ex-00000023
2024-07-24 14:30:00.502 [Test worker] DEBUG c.g.d.z.s.o.a.h.c.h.i.i.PoolingHttpClientConnectionManager - ep-00000022: executing exchange ex-00000023 over http-outgoing-3
2024-07-24 14:30:00.502 [Test worker] DEBUG c.g.d.z.s.o.a.h.client5.http.headers - http-outgoing-3 >> GET /v1.32/images/sha256:8e4fc9e184899a58735e7ee333f5e272d7d2298cf59302006b71f33e217be130/json HTTP/1.1
2024-07-24 14:30:00.503 [Test worker] DEBUG c.g.d.z.s.o.a.h.client5.http.headers - http-outgoing-3 >> accept: application/json
2024-07-24 14:30:00.503 [Test worker] DEBUG c.g.d.z.s.o.a.h.client5.http.headers - http-outgoing-3 >> x-tc-sid: 280e6229-7396-4d60-b1e3-a5de48b5d49b
2024-07-24 14:30:00.503 [Test worker] DEBUG c.g.d.z.s.o.a.h.client5.http.headers - http-outgoing-3 >> User-Agent: tc-java/1.19.8
2024-07-24 14:30:00.503 [Test worker] DEBUG c.g.d.z.s.o.a.h.client5.http.headers - http-outgoing-3 >> Accept-Encoding: gzip, x-gzip, deflate
2024-07-24 14:30:00.503 [Test worker] DEBUG c.g.d.z.s.o.a.h.client5.http.headers - http-outgoing-3 >> Host: localhost:2375
2024-07-24 14:30:00.503 [Test worker] DEBUG c.g.d.z.s.o.a.h.client5.http.headers - http-outgoing-3 >> Connection: keep-alive
2024-07-24 14:30:00.503 [Test worker] DEBUG c.g.d.z.s.o.a.hc.client5.http.wire - http-outgoing-3 >> "GET /v1.32/images/sha256:8e4fc9e184899a58735e7ee333f5e272d7d2298cf59302006b71f33e217be130/json HTTP/1.1[\r][\n]"
2024-07-24 14:30:00.503 [Test worker] DEBUG c.g.d.z.s.o.a.hc.client5.http.wire - http-outgoing-3 >> "accept: application/json[\r][\n]"
2024-07-24 14:30:00.503 [Test worker] DEBUG c.g.d.z.s.o.a.hc.client5.http.wire - http-outgoing-3 >> "x-tc-sid: 280e6229-7396-4d60-b1e3-a5de48b5d49b[\r][\n]"
2024-07-24 14:30:00.503 [Test worker] DEBUG c.g.d.z.s.o.a.hc.client5.http.wire - http-outgoing-3 >> "User-Agent: tc-java/1.19.8[\r][\n]"
2024-07-24 14:30:00.503 [Test worker] DEBUG c.g.d.z.s.o.a.hc.client5.http.wire - http-outgoing-3 >> "Accept-Encoding: gzip, x-gzip, deflate[\r][\n]"
2024-07-24 14:30:00.503 [Test worker] DEBUG c.g.d.z.s.o.a.hc.client5.http.wire - http-outgoing-3 >> "Host: localhost:2375[\r][\n]"
2024-07-24 14:30:00.503 [Test worker] DEBUG c.g.d.z.s.o.a.hc.client5.http.wire - http-outgoing-3 >> "Connection: keep-alive[\r][\n]"
2024-07-24 14:30:00.503 [Test worker] DEBUG c.g.d.z.s.o.a.hc.client5.http.wire - http-outgoing-3 >> "[\r][\n]"
2024-07-24 14:30:00.510 [Test worker] DEBUG c.g.d.z.s.o.a.hc.client5.http.wire - http-outgoing-3 << "HTTP/1.1 200 OK[\r][\n]"
2024-07-24 14:30:00.510 [Test worker] DEBUG c.g.d.z.s.o.a.hc.client5.http.wire - http-outgoing-3 << "Api-Version: 1.45[\r][\n]"
2024-07-24 14:30:00.510 [Test worker] DEBUG c.g.d.z.s.o.a.hc.client5.http.wire - http-outgoing-3 << "Content-Type: application/json[\r][\n]"
2024-07-24 14:30:00.510 [Test worker] DEBUG c.g.d.z.s.o.a.hc.client5.http.wire - http-outgoing-3 << "Date: Wed, 24 Jul 2024 02:30:00 GMT[\r][\n]"
2024-07-24 14:30:00.510 [Test worker] DEBUG c.g.d.z.s.o.a.hc.client5.http.wire - http-outgoing-3 << "Docker-Experimental: false[\r][\n]"
2024-07-24 14:30:00.510 [Test worker] DEBUG c.g.d.z.s.o.a.hc.client5.http.wire - http-outgoing-3 << "Ostype: linux[\r][\n]"
2024-07-24 14:30:00.510 [Test worker] DEBUG c.g.d.z.s.o.a.hc.client5.http.wire - http-outgoing-3 << "Server: Docker/26.0.0 (linux)[\r][\n]"
2024-07-24 14:30:00.510 [Test worker] DEBUG c.g.d.z.s.o.a.hc.client5.http.wire - http-outgoing-3 << "Transfer-Encoding: chunked[\r][\n]"
2024-07-24 14:30:00.510 [Test worker] DEBUG c.g.d.z.s.o.a.hc.client5.http.wire - http-outgoing-3 << "[\r][\n]"
2024-07-24 14:30:00.510 [Test worker] DEBUG c.g.d.z.s.o.a.h.client5.http.headers - http-outgoing-3 << HTTP/1.1 200 OK
2024-07-24 14:30:00.510 [Test worker] DEBUG c.g.d.z.s.o.a.h.client5.http.headers - http-outgoing-3 << Api-Version: 1.45
2024-07-24 14:30:00.510 [Test worker] DEBUG c.g.d.z.s.o.a.h.client5.http.headers - http-outgoing-3 << Content-Type: application/json
2024-07-24 14:30:00.510 [Test worker] DEBUG c.g.d.z.s.o.a.h.client5.http.headers - http-outgoing-3 << Date: Wed, 24 Jul 2024 02:30:00 GMT
2024-07-24 14:30:00.510 [Test worker] DEBUG c.g.d.z.s.o.a.h.client5.http.headers - http-outgoing-3 << Docker-Experimental: false
2024-07-24 14:30:00.510 [Test worker] DEBUG c.g.d.z.s.o.a.h.client5.http.headers - http-outgoing-3 << Ostype: linux
2024-07-24 14:30:00.510 [Test worker] DEBUG c.g.d.z.s.o.a.h.client5.http.headers - http-outgoing-3 << Server: Docker/26.0.0 (linux)
2024-07-24 14:30:00.510 [Test worker] DEBUG c.g.d.z.s.o.a.h.client5.http.headers - http-outgoing-3 << Transfer-Encoding: chunked
2024-07-24 14:30:00.510 [Test worker] DEBUG c.g.d.z.s.o.a.h.c.h.i.c.MainClientExec - ex-00000023: connection can be kept alive for 3 MINUTES
2024-07-24 14:30:00.511 [Test worker] DEBUG c.g.d.z.s.o.a.hc.client5.http.wire - http-outgoing-3 << "fcb[\r][\n]"
2024-07-24 14:30:00.512 [Test worker] DEBUG c.g.d.z.s.o.a.hc.client5.http.wire - http-outgoing-3 << "{"Id":"sha256:8e4fc9e184899a58735e7ee333f5e272d7d2298cf59302006b71f33e217be130","RepoTags":["postgres:latest"],"RepoDigests":["postgres@sha256:4aea012537edfad80f98d870a36e6b90b4c09b27be7f4b4759d72db863baeebb"],"Parent":"","Comment":"buildkit.dockerfile.v0","Created":"2024-02-21T00:46:13Z","ContainerConfig":{"Hostname":"","Domainname":"","User":"","AttachStdin":false,"AttachStdout":false,"AttachStderr":false,"Tty":false,"OpenStdin":false,"StdinOnce":false,"Env":null,"Cmd":null,"Image":"","Volumes":null,"WorkingDir":"","Entrypoint":null,"OnBuild":null,"Labels":null},"DockerVersion":"","Author":"","Config":{"Hostname":"","Domainname":"","User":"","AttachStdin":false,"AttachStdout":false,"AttachStderr":false,"ExposedPorts":{"5432/tcp":{}},"Tty":false,"OpenStdin":false,"StdinOnce":false,"Env":["PATH=/usr/local/sbin:/usr/local/bin:/usr/sbin:/usr/bin:/sbin:/bin:/usr/lib/postgresql/16/bin","GOSU_VERSION=1.17","LANG=en_US.utf8","PG_MAJOR=16","PG_VERSION=16.2-1.pgdg120+2","PGDATA=/var/lib/postgresql/data"],"Cmd":["postgres"],"ArgsEscaped":true,"Image":"","Volumes":{"/var/lib/postgresql/data":{}},"WorkingDir":"","Entrypoint":["docker-entrypoint.sh"],"OnBuild":null,"Labels":null,"StopSignal":"SIGINT"},"Architecture":"amd64","Os":"linux","Size":431496964,"VirtualSize":431496964,"GraphDriver":{"Data":{"LowerDir":"/var/lib/docker/overlay2/0eb0ca73e9b0be7c3d7fa8762ef4778a68f38391bc84c037c2e90b88e781b475/diff:/var/lib/docker/overlay2/74e634bddc785c5d436b10a5158cd82e21dc2065fd1cf8ff9c1c12e01575a2d8/diff:/var/lib/docker/overlay2/bb918b2851cd2f508f1e3fdbfff8b7f8b041d61e65fe8c368288bf399e80b818/diff:/var/lib/docker/overlay2/2abab2946cbdc2941ee8ec4024c51dac7313dee9de5fbedd1ca33388c59eb3c8/diff:/var/lib/docker/overlay2/e12f6083ee669bd92743ceb339a896bb25dbe461b718705bb39eb410b80c0ecd/diff:/var/lib/docker/overlay2/ced1e86d670d097da5ed4da7288c22507735918959161c2cd8bf083fb30d169a/diff:/var/lib/docker/overlay2/94e9ac7b74923285ae73af20aeccb964ca9079e2305db367cb85d1603560472d/diff:/var/lib/docker/overlay2/a396b6dfd63f0c228c519871183c614cccf4d366a43460f27ecf97113c3c4be8/diff:/var/lib/docker/overlay2/f58ada5d5080c2bac553c734f81127660a90581a35ed2a92cebe3c59e340875b/diff:/var/lib/docker/overlay2/84f85636f37bf55d945e217b4f87a856eba7932284beaf042561007b66f48977/diff:/var/lib/docker/overlay2/1e6e519613884e91a2b74a588ba35dc8a2f789371ab798ef6e7d9836d756042f/diff:/var/lib/docker/overlay2/14a3151cc8b4f9d27d2e64f1a8abc0c7809309580f2d7e8dc8545055c1d56194/diff:/var/lib/docker/overlay2/5b354b9e793401517fe2f1da697653fdaadffc54888eaf76d67e0600b8c68bdc/diff","MergedDir":"/var/lib/docker/overlay2/8f0ddbd386af0785c2e348570516955816ab350305d698d363962d488eeb15ec/merged","UpperDir":"/var/lib/docker/overlay2/8f0ddbd386af0785c2e348570516955816ab350305d698d363962d488eeb15ec/diff","WorkDir":"/var/lib/docker/overlay2/8f0ddbd386af0785c2e348570516955816ab350305d698d363962d488eeb15ec/work"},"Name":"overlay2"},"RootFS":{"Type":"layers","Layers":["sha256:52ec5a4316fadc09a4a51f82b8d7b66ead0d71bea4f75e81e25b4094c4219061","sha256:5a99d63e3aef066b4fa085cf24d0281681d5530c22f0c93391b854ba5741b62e","sha256:12694c6edf8321950446751b5acc175137946701b72febd6a32ab6e6cb89403b","sha256:beceb355ef35df0b8123db4eddd8f734e7414a3828e463354a913dda6738571d","sha256:0f86e6985ca32f3adeb9f65e3f80b3f2aa37a697d345c84011b2421e5608bc06","sha256:22c31f24613cd6a7b43f3074166d79619574e76f430035be15d909ae45fb97da","sha256:7c32a1ce1cc084a148145553666d5b64e3b6551491d1c3c6cc545b5b69daf5da","sha256:192de40051e6f5b468a60be4e6d162a1bbf3dc4af2dfb0a7aa8db25f86b6e68e","sha256:257f3fc789f6526019470322285b4bfe55e3e09f41150576c0997f370407af14","sha256:2993953b2c109056b0d580a549dae9f902a84a29f3907d96d7329746a8df7fc2","sha256:0bc02fbb093e939812a0ca64bd21a807d815b89c5e034e73026d14535053f4e2","sha256:3866ad927dc8101b32941f0fe6e36e656eba398b92164688ce1d1afdeca7eb09","sha256:2621fdc21b32f8210d30df7b9f44c068fa347ce07f7e1935a2383e5f7e7ddecb","sha256:c116a9ba3dbfe8c6135659ba009883a03bdc660abfedc64e2528baa6d736dbc9"]},"Metadata":{"LastTagTime":"0001-01-01T00:00:00Z"},"Container":""}[\n]"
2024-07-24 14:30:00.512 [Test worker] DEBUG c.g.d.z.s.o.a.hc.client5.http.wire - http-outgoing-3 << "[\r][\n]"
2024-07-24 14:30:00.512 [Test worker] DEBUG c.g.d.z.s.o.a.hc.client5.http.wire - http-outgoing-3 << "0[\r][\n]"
2024-07-24 14:30:00.512 [Test worker] DEBUG c.g.d.z.s.o.a.hc.client5.http.wire - http-outgoing-3 << "[\r][\n]"
2024-07-24 14:30:00.513 [Test worker] DEBUG c.g.d.z.s.o.a.h.c.h.i.c.InternalHttpClient - ep-00000022: releasing valid endpoint
2024-07-24 14:30:00.513 [Test worker] DEBUG c.g.d.z.s.o.a.h.c.h.i.i.PoolingHttpClientConnectionManager - ep-00000022: releasing endpoint
2024-07-24 14:30:00.514 [Test worker] DEBUG c.g.d.z.s.o.a.h.c.h.i.i.PoolingHttpClientConnectionManager - ep-00000022: connection http-outgoing-3 can be kept alive for 3 MINUTES
2024-07-24 14:30:00.514 [Test worker] DEBUG c.g.d.z.s.o.a.h.c.h.i.i.PoolingHttpClientConnectionManager - ep-00000022: connection released [route: {}->npipe://localhost:2375][total available: 1; route allocated: 1 of 2147483647; total allocated: 1 of 2147483647]
2024-07-24 14:30:00.514 [Test worker] DEBUG o.t.s.c.g.d.c.command.AbstrDockerCmd - Cmd: 
2024-07-24 14:30:00.514 [Test worker] TRACE o.t.s.c.g.d.core.exec.VersionCmdExec - GET: DefaultWebTarget{path=[/version], queryParams={}}
2024-07-24 14:30:00.514 [Test worker] DEBUG c.g.d.z.s.o.a.h.c.h.i.c.InternalHttpClient - ex-00000024: preparing request execution
2024-07-24 14:30:00.514 [Test worker] DEBUG c.g.d.z.s.o.a.h.c.h.p.RequestAddCookies - Cookie spec selected: strict
2024-07-24 14:30:00.514 [Test worker] DEBUG c.g.d.z.s.o.a.h.c.h.p.RequestAuthCache - Auth cache not set in the context
2024-07-24 14:30:00.514 [Test worker] DEBUG c.g.d.z.s.o.a.h.c.h.i.c.ProtocolExec - ex-00000024: target auth state: UNCHALLENGED
2024-07-24 14:30:00.514 [Test worker] DEBUG c.g.d.z.s.o.a.h.c.h.i.c.ProtocolExec - ex-00000024: proxy auth state: UNCHALLENGED
2024-07-24 14:30:00.514 [Test worker] DEBUG c.g.d.z.s.o.a.h.c.h.i.c.ConnectExec - ex-00000024: acquiring connection with route {}->npipe://localhost:2375
2024-07-24 14:30:00.514 [Test worker] DEBUG c.g.d.z.s.o.a.h.c.h.i.c.InternalHttpClient - ex-00000024: acquiring endpoint (3 MINUTES)
2024-07-24 14:30:00.514 [Test worker] DEBUG c.g.d.z.s.o.a.h.c.h.i.i.PoolingHttpClientConnectionManager - ex-00000024: endpoint lease request (3 MINUTES) [route: {}->npipe://localhost:2375][total available: 1; route allocated: 1 of 2147483647; total allocated: 1 of 2147483647]
2024-07-24 14:30:00.515 [Test worker] DEBUG c.g.d.z.s.o.a.h.c.h.i.i.PoolingHttpClientConnectionManager - ex-00000024: endpoint leased [route: {}->npipe://localhost:2375][total available: 0; route allocated: 1 of 2147483647; total allocated: 1 of 2147483647]
2024-07-24 14:30:00.515 [Test worker] DEBUG c.g.d.z.s.o.a.h.c.h.i.i.PoolingHttpClientConnectionManager - ex-00000024: acquired ep-00000023
2024-07-24 14:30:00.515 [Test worker] DEBUG c.g.d.z.s.o.a.h.c.h.i.c.InternalHttpClient - ex-00000024: acquired endpoint ep-00000023
2024-07-24 14:30:00.515 [Test worker] DEBUG c.g.d.z.s.o.a.h.c.h.i.c.MainClientExec - ex-00000024: executing GET /v1.32/version HTTP/1.1
2024-07-24 14:30:00.515 [Test worker] DEBUG c.g.d.z.s.o.a.h.c.h.i.c.InternalHttpClient - ep-00000023: start execution ex-00000024
2024-07-24 14:30:00.515 [Test worker] DEBUG c.g.d.z.s.o.a.h.c.h.i.i.PoolingHttpClientConnectionManager - ep-00000023: executing exchange ex-00000024 over http-outgoing-3
2024-07-24 14:30:00.515 [Test worker] DEBUG c.g.d.z.s.o.a.h.client5.http.headers - http-outgoing-3 >> GET /v1.32/version HTTP/1.1
2024-07-24 14:30:00.515 [Test worker] DEBUG c.g.d.z.s.o.a.h.client5.http.headers - http-outgoing-3 >> accept: application/json
2024-07-24 14:30:00.515 [Test worker] DEBUG c.g.d.z.s.o.a.h.client5.http.headers - http-outgoing-3 >> x-tc-sid: 280e6229-7396-4d60-b1e3-a5de48b5d49b
2024-07-24 14:30:00.515 [Test worker] DEBUG c.g.d.z.s.o.a.h.client5.http.headers - http-outgoing-3 >> User-Agent: tc-java/1.19.8
2024-07-24 14:30:00.515 [Test worker] DEBUG c.g.d.z.s.o.a.h.client5.http.headers - http-outgoing-3 >> Accept-Encoding: gzip, x-gzip, deflate
2024-07-24 14:30:00.515 [Test worker] DEBUG c.g.d.z.s.o.a.h.client5.http.headers - http-outgoing-3 >> Host: localhost:2375
2024-07-24 14:30:00.515 [Test worker] DEBUG c.g.d.z.s.o.a.h.client5.http.headers - http-outgoing-3 >> Connection: keep-alive
2024-07-24 14:30:00.515 [Test worker] DEBUG c.g.d.z.s.o.a.hc.client5.http.wire - http-outgoing-3 >> "GET /v1.32/version HTTP/1.1[\r][\n]"
2024-07-24 14:30:00.515 [Test worker] DEBUG c.g.d.z.s.o.a.hc.client5.http.wire - http-outgoing-3 >> "accept: application/json[\r][\n]"
2024-07-24 14:30:00.515 [Test worker] DEBUG c.g.d.z.s.o.a.hc.client5.http.wire - http-outgoing-3 >> "x-tc-sid: 280e6229-7396-4d60-b1e3-a5de48b5d49b[\r][\n]"
2024-07-24 14:30:00.515 [Test worker] DEBUG c.g.d.z.s.o.a.hc.client5.http.wire - http-outgoing-3 >> "User-Agent: tc-java/1.19.8[\r][\n]"
2024-07-24 14:30:00.515 [Test worker] DEBUG c.g.d.z.s.o.a.hc.client5.http.wire - http-outgoing-3 >> "Accept-Encoding: gzip, x-gzip, deflate[\r][\n]"
2024-07-24 14:30:00.515 [Test worker] DEBUG c.g.d.z.s.o.a.hc.client5.http.wire - http-outgoing-3 >> "Host: localhost:2375[\r][\n]"
2024-07-24 14:30:00.515 [Test worker] DEBUG c.g.d.z.s.o.a.hc.client5.http.wire - http-outgoing-3 >> "Connection: keep-alive[\r][\n]"
2024-07-24 14:30:00.515 [Test worker] DEBUG c.g.d.z.s.o.a.hc.client5.http.wire - http-outgoing-3 >> "[\r][\n]"
2024-07-24 14:30:00.529 [Test worker] DEBUG c.g.d.z.s.o.a.hc.client5.http.wire - http-outgoing-3 << "HTTP/1.1 200 OK[\r][\n]"
2024-07-24 14:30:00.529 [Test worker] DEBUG c.g.d.z.s.o.a.hc.client5.http.wire - http-outgoing-3 << "Api-Version: 1.45[\r][\n]"
2024-07-24 14:30:00.529 [Test worker] DEBUG c.g.d.z.s.o.a.hc.client5.http.wire - http-outgoing-3 << "Content-Type: application/json[\r][\n]"
2024-07-24 14:30:00.529 [Test worker] DEBUG c.g.d.z.s.o.a.hc.client5.http.wire - http-outgoing-3 << "Date: Wed, 24 Jul 2024 02:30:00 GMT[\r][\n]"
2024-07-24 14:30:00.529 [Test worker] DEBUG c.g.d.z.s.o.a.hc.client5.http.wire - http-outgoing-3 << "Docker-Experimental: false[\r][\n]"
2024-07-24 14:30:00.529 [Test worker] DEBUG c.g.d.z.s.o.a.hc.client5.http.wire - http-outgoing-3 << "Ostype: linux[\r][\n]"
2024-07-24 14:30:00.529 [Test worker] DEBUG c.g.d.z.s.o.a.hc.client5.http.wire - http-outgoing-3 << "Server: Docker/26.0.0 (linux)[\r][\n]"
2024-07-24 14:30:00.530 [Test worker] DEBUG c.g.d.z.s.o.a.hc.client5.http.wire - http-outgoing-3 << "Transfer-Encoding: chunked[\r][\n]"
2024-07-24 14:30:00.530 [Test worker] DEBUG c.g.d.z.s.o.a.hc.client5.http.wire - http-outgoing-3 << "[\r][\n]"
2024-07-24 14:30:00.530 [Test worker] DEBUG c.g.d.z.s.o.a.h.client5.http.headers - http-outgoing-3 << HTTP/1.1 200 OK
2024-07-24 14:30:00.530 [Test worker] DEBUG c.g.d.z.s.o.a.h.client5.http.headers - http-outgoing-3 << Api-Version: 1.45
2024-07-24 14:30:00.530 [Test worker] DEBUG c.g.d.z.s.o.a.h.client5.http.headers - http-outgoing-3 << Content-Type: application/json
2024-07-24 14:30:00.530 [Test worker] DEBUG c.g.d.z.s.o.a.h.client5.http.headers - http-outgoing-3 << Date: Wed, 24 Jul 2024 02:30:00 GMT
2024-07-24 14:30:00.530 [Test worker] DEBUG c.g.d.z.s.o.a.h.client5.http.headers - http-outgoing-3 << Docker-Experimental: false
2024-07-24 14:30:00.530 [Test worker] DEBUG c.g.d.z.s.o.a.h.client5.http.headers - http-outgoing-3 << Ostype: linux
2024-07-24 14:30:00.530 [Test worker] DEBUG c.g.d.z.s.o.a.h.client5.http.headers - http-outgoing-3 << Server: Docker/26.0.0 (linux)
2024-07-24 14:30:00.530 [Test worker] DEBUG c.g.d.z.s.o.a.h.client5.http.headers - http-outgoing-3 << Transfer-Encoding: chunked
2024-07-24 14:30:00.530 [Test worker] DEBUG c.g.d.z.s.o.a.h.c.h.i.c.MainClientExec - ex-00000024: connection can be kept alive for 3 MINUTES
2024-07-24 14:30:00.531 [Test worker] DEBUG c.g.d.z.s.o.a.hc.client5.http.wire - http-outgoing-3 << "35f[\r][\n]"
2024-07-24 14:30:00.531 [Test worker] DEBUG c.g.d.z.s.o.a.hc.client5.http.wire - http-outgoing-3 << "{"Platform":{"Name":"Docker Desktop 4.29.0 (145265)"},"Components":[{"Name":"Engine","Version":"26.0.0","Details":{"ApiVersion":"1.45","Arch":"amd64","BuildTime":"2024-03-20T15:18:01.000000000+00:00","Experimental":"false","GitCommit":"8b79278","GoVersion":"go1.21.8","KernelVersion":"5.15.153.1-microsoft-standard-WSL2","MinAPIVersion":"1.24","Os":"linux"}},{"Name":"containerd","Version":"1.6.28","Details":{"GitCommit":"ae07eda36dd25f8a1b98dfbf587313b99c0190bb"}},{"Name":"runc","Version":"1.1.12","Details":{"GitCommit":"v1.1.12-0-g51d5e94"}},{"Name":"docker-init","Version":"0.19.0","Details":{"GitCommit":"de40ad0"}}],"Version":"26.0.0","ApiVersion":"1.45","MinAPIVersion":"1.24","GitCommit":"8b79278","GoVersion":"go1.21.8","Os":"linux","Arch":"amd64","KernelVersion":"5.15.153.1-microsoft-standard-WSL2","BuildTime":"2024-03-20T15:18:01.000000000+00:00"}[\n]"
2024-07-24 14:30:00.531 [Test worker] DEBUG c.g.d.z.s.o.a.hc.client5.http.wire - http-outgoing-3 << "[\r][\n]"
2024-07-24 14:30:00.531 [Test worker] DEBUG c.g.d.z.s.o.a.hc.client5.http.wire - http-outgoing-3 << "0[\r][\n]"
2024-07-24 14:30:00.531 [Test worker] DEBUG c.g.d.z.s.o.a.hc.client5.http.wire - http-outgoing-3 << "[\r][\n]"
2024-07-24 14:30:00.531 [Test worker] DEBUG c.g.d.z.s.o.a.h.c.h.i.c.InternalHttpClient - ep-00000023: releasing valid endpoint
2024-07-24 14:30:00.531 [Test worker] DEBUG c.g.d.z.s.o.a.h.c.h.i.i.PoolingHttpClientConnectionManager - ep-00000023: releasing endpoint
2024-07-24 14:30:00.531 [Test worker] DEBUG c.g.d.z.s.o.a.h.c.h.i.i.PoolingHttpClientConnectionManager - ep-00000023: connection http-outgoing-3 can be kept alive for 3 MINUTES
2024-07-24 14:30:00.531 [Test worker] DEBUG c.g.d.z.s.o.a.h.c.h.i.i.PoolingHttpClientConnectionManager - ep-00000023: connection released [route: {}->npipe://localhost:2375][total available: 1; route allocated: 1 of 2147483647; total allocated: 1 of 2147483647]
2024-07-24 14:30:00.532 [Test worker] TRACE o.t.s.c.g.d.c.e.LogContainerCmdExec - GET: DefaultWebTarget{path=[/containers/3fe330d29fde647769d434393d0e5c3ab11791a8feea1b27914dafe0c67d7462/logs], queryParams={stdout=[true], stderr=[true], follow=[true], since=[0]}}
2024-07-24 14:30:00.533 [docker-java-stream--874393331] DEBUG c.g.d.z.s.o.a.h.c.h.i.c.InternalHttpClient - ex-00000025: preparing request execution
2024-07-24 14:30:00.533 [docker-java-stream--874393331] DEBUG c.g.d.z.s.o.a.h.c.h.p.RequestAddCookies - Cookie spec selected: strict
2024-07-24 14:30:00.533 [docker-java-stream--874393331] DEBUG c.g.d.z.s.o.a.h.c.h.p.RequestAuthCache - Auth cache not set in the context
2024-07-24 14:30:00.533 [docker-java-stream--874393331] DEBUG c.g.d.z.s.o.a.h.c.h.i.c.ProtocolExec - ex-00000025: target auth state: UNCHALLENGED
2024-07-24 14:30:00.533 [docker-java-stream--874393331] DEBUG c.g.d.z.s.o.a.h.c.h.i.c.ProtocolExec - ex-00000025: proxy auth state: UNCHALLENGED
2024-07-24 14:30:00.533 [docker-java-stream--874393331] DEBUG c.g.d.z.s.o.a.h.c.h.i.c.ConnectExec - ex-00000025: acquiring connection with route {}->npipe://localhost:2375
2024-07-24 14:30:00.533 [docker-java-stream--874393331] DEBUG c.g.d.z.s.o.a.h.c.h.i.c.InternalHttpClient - ex-00000025: acquiring endpoint (3 MINUTES)
2024-07-24 14:30:00.533 [docker-java-stream--874393331] DEBUG c.g.d.z.s.o.a.h.c.h.i.i.PoolingHttpClientConnectionManager - ex-00000025: endpoint lease request (3 MINUTES) [route: {}->npipe://localhost:2375][total available: 1; route allocated: 1 of 2147483647; total allocated: 1 of 2147483647]
2024-07-24 14:30:00.534 [docker-java-stream--874393331] DEBUG c.g.d.z.s.o.a.h.c.h.i.i.PoolingHttpClientConnectionManager - ex-00000025: endpoint leased [route: {}->npipe://localhost:2375][total available: 0; route allocated: 1 of 2147483647; total allocated: 1 of 2147483647]
2024-07-24 14:30:00.534 [docker-java-stream--874393331] DEBUG c.g.d.z.s.o.a.h.c.h.i.i.PoolingHttpClientConnectionManager - ex-00000025: acquired ep-00000024
2024-07-24 14:30:00.534 [docker-java-stream--874393331] DEBUG c.g.d.z.s.o.a.h.c.h.i.c.InternalHttpClient - ex-00000025: acquired endpoint ep-00000024
2024-07-24 14:30:00.534 [docker-java-stream--874393331] DEBUG c.g.d.z.s.o.a.h.c.h.i.c.MainClientExec - ex-00000025: executing GET /v1.32/containers/3fe330d29fde647769d434393d0e5c3ab11791a8feea1b27914dafe0c67d7462/logs?stdout=true&stderr=true&follow=true&since=0 HTTP/1.1
2024-07-24 14:30:00.534 [docker-java-stream--874393331] DEBUG c.g.d.z.s.o.a.h.c.h.i.c.InternalHttpClient - ep-00000024: start execution ex-00000025
2024-07-24 14:30:00.534 [docker-java-stream--874393331] DEBUG c.g.d.z.s.o.a.h.c.h.i.i.PoolingHttpClientConnectionManager - ep-00000024: executing exchange ex-00000025 over http-outgoing-3
2024-07-24 14:30:00.534 [docker-java-stream--874393331] DEBUG c.g.d.z.s.o.a.h.client5.http.headers - http-outgoing-3 >> GET /v1.32/containers/3fe330d29fde647769d434393d0e5c3ab11791a8feea1b27914dafe0c67d7462/logs?stdout=true&stderr=true&follow=true&since=0 HTTP/1.1
2024-07-24 14:30:00.534 [docker-java-stream--874393331] DEBUG c.g.d.z.s.o.a.h.client5.http.headers - http-outgoing-3 >> x-tc-sid: 280e6229-7396-4d60-b1e3-a5de48b5d49b
2024-07-24 14:30:00.534 [docker-java-stream--874393331] DEBUG c.g.d.z.s.o.a.h.client5.http.headers - http-outgoing-3 >> User-Agent: tc-java/1.19.8
2024-07-24 14:30:00.534 [docker-java-stream--874393331] DEBUG c.g.d.z.s.o.a.h.client5.http.headers - http-outgoing-3 >> Accept-Encoding: gzip, x-gzip, deflate
2024-07-24 14:30:00.534 [docker-java-stream--874393331] DEBUG c.g.d.z.s.o.a.h.client5.http.headers - http-outgoing-3 >> Host: localhost:2375
2024-07-24 14:30:00.534 [docker-java-stream--874393331] DEBUG c.g.d.z.s.o.a.h.client5.http.headers - http-outgoing-3 >> Connection: keep-alive
2024-07-24 14:30:00.534 [docker-java-stream--874393331] DEBUG c.g.d.z.s.o.a.hc.client5.http.wire - http-outgoing-3 >> "GET /v1.32/containers/3fe330d29fde647769d434393d0e5c3ab11791a8feea1b27914dafe0c67d7462/logs?stdout=true&stderr=true&follow=true&since=0 HTTP/1.1[\r][\n]"
2024-07-24 14:30:00.534 [docker-java-stream--874393331] DEBUG c.g.d.z.s.o.a.hc.client5.http.wire - http-outgoing-3 >> "x-tc-sid: 280e6229-7396-4d60-b1e3-a5de48b5d49b[\r][\n]"
2024-07-24 14:30:00.534 [docker-java-stream--874393331] DEBUG c.g.d.z.s.o.a.hc.client5.http.wire - http-outgoing-3 >> "User-Agent: tc-java/1.19.8[\r][\n]"
2024-07-24 14:30:00.534 [docker-java-stream--874393331] DEBUG c.g.d.z.s.o.a.hc.client5.http.wire - http-outgoing-3 >> "Accept-Encoding: gzip, x-gzip, deflate[\r][\n]"
2024-07-24 14:30:00.534 [docker-java-stream--874393331] DEBUG c.g.d.z.s.o.a.hc.client5.http.wire - http-outgoing-3 >> "Host: localhost:2375[\r][\n]"
2024-07-24 14:30:00.534 [docker-java-stream--874393331] DEBUG c.g.d.z.s.o.a.hc.client5.http.wire - http-outgoing-3 >> "Connection: keep-alive[\r][\n]"
2024-07-24 14:30:00.534 [docker-java-stream--874393331] DEBUG c.g.d.z.s.o.a.hc.client5.http.wire - http-outgoing-3 >> "[\r][\n]"
2024-07-24 14:30:00.539 [docker-java-stream--874393331] DEBUG c.g.d.z.s.o.a.hc.client5.http.wire - http-outgoing-3 << "HTTP/1.1 200 OK[\r][\n]"
2024-07-24 14:30:00.540 [docker-java-stream--874393331] DEBUG c.g.d.z.s.o.a.hc.client5.http.wire - http-outgoing-3 << "Api-Version: 1.45[\r][\n]"
2024-07-24 14:30:00.540 [docker-java-stream--874393331] DEBUG c.g.d.z.s.o.a.hc.client5.http.wire - http-outgoing-3 << "Content-Type: application/vnd.docker.raw-stream[\r][\n]"
2024-07-24 14:30:00.540 [docker-java-stream--874393331] DEBUG c.g.d.z.s.o.a.hc.client5.http.wire - http-outgoing-3 << "Date: Wed, 24 Jul 2024 02:30:00 GMT[\r][\n]"
2024-07-24 14:30:00.540 [docker-java-stream--874393331] DEBUG c.g.d.z.s.o.a.hc.client5.http.wire - http-outgoing-3 << "Docker-Experimental: false[\r][\n]"
2024-07-24 14:30:00.540 [docker-java-stream--874393331] DEBUG c.g.d.z.s.o.a.hc.client5.http.wire - http-outgoing-3 << "Ostype: linux[\r][\n]"
2024-07-24 14:30:00.540 [docker-java-stream--874393331] DEBUG c.g.d.z.s.o.a.hc.client5.http.wire - http-outgoing-3 << "Server: Docker/26.0.0 (linux)[\r][\n]"
2024-07-24 14:30:00.540 [docker-java-stream--874393331] DEBUG c.g.d.z.s.o.a.hc.client5.http.wire - http-outgoing-3 << "Transfer-Encoding: chunked[\r][\n]"
2024-07-24 14:30:00.540 [docker-java-stream--874393331] DEBUG c.g.d.z.s.o.a.hc.client5.http.wire - http-outgoing-3 << "[\r][\n]"
2024-07-24 14:30:00.540 [docker-java-stream--874393331] DEBUG c.g.d.z.s.o.a.h.client5.http.headers - http-outgoing-3 << HTTP/1.1 200 OK
2024-07-24 14:30:00.540 [docker-java-stream--874393331] DEBUG c.g.d.z.s.o.a.h.client5.http.headers - http-outgoing-3 << Api-Version: 1.45
2024-07-24 14:30:00.540 [docker-java-stream--874393331] DEBUG c.g.d.z.s.o.a.h.client5.http.headers - http-outgoing-3 << Content-Type: application/vnd.docker.raw-stream
2024-07-24 14:30:00.540 [docker-java-stream--874393331] DEBUG c.g.d.z.s.o.a.h.client5.http.headers - http-outgoing-3 << Date: Wed, 24 Jul 2024 02:30:00 GMT
2024-07-24 14:30:00.540 [docker-java-stream--874393331] DEBUG c.g.d.z.s.o.a.h.client5.http.headers - http-outgoing-3 << Docker-Experimental: false
2024-07-24 14:30:00.540 [docker-java-stream--874393331] DEBUG c.g.d.z.s.o.a.h.client5.http.headers - http-outgoing-3 << Ostype: linux
2024-07-24 14:30:00.540 [docker-java-stream--874393331] DEBUG c.g.d.z.s.o.a.h.client5.http.headers - http-outgoing-3 << Server: Docker/26.0.0 (linux)
2024-07-24 14:30:00.540 [docker-java-stream--874393331] DEBUG c.g.d.z.s.o.a.h.client5.http.headers - http-outgoing-3 << Transfer-Encoding: chunked
2024-07-24 14:30:00.540 [docker-java-stream--874393331] DEBUG c.g.d.z.s.o.a.h.c.h.i.c.MainClientExec - ex-00000025: connection can be kept alive for 3 MINUTES
2024-07-24 14:30:00.548 [docker-java-stream--874393331] DEBUG c.g.d.z.s.o.a.hc.client5.http.wire - http-outgoing-3 << "1fd[\r][\n]"
2024-07-24 14:30:00.548 [docker-java-stream--874393331] DEBUG c.g.d.z.s.o.a.hc.client5.http.wire - http-outgoing-3 << "[0x1][0x0][0x0][0x0][0x0][0x0][0x0]NThe files belonging to this database system will be owned by user "postgres".[\n]"
2024-07-24 14:30:00.548 [docker-java-stream--874393331] DEBUG c.g.d.z.s.o.a.hc.client5.http.wire - http-outgoing-3 << "[0x1][0x0][0x0][0x0][0x0][0x0][0x0],This user must also own the server process.[\n]"
2024-07-24 14:30:00.548 [docker-java-stream--874393331] DEBUG c.g.d.z.s.o.a.hc.client5.http.wire - http-outgoing-3 << "[0x1][0x0][0x0][0x0][0x0][0x0][0x0][0x1][\n]"
2024-07-24 14:30:00.548 [docker-java-stream--874393331] DEBUG c.g.d.z.s.o.a.hc.client5.http.wire - http-outgoing-3 << "[0x1][0x0][0x0][0x0][0x0][0x0][0x0]CThe database cluster will be initialized with locale "en_US.utf8".[\n]"
2024-07-24 14:30:00.548 [docker-java-stream--874393331] DEBUG c.g.d.z.s.o.a.hc.client5.http.wire - http-outgoing-3 << "[0x1][0x0][0x0][0x0][0x0][0x0][0x0]BThe default database encoding has accordingly been set to "UTF8".[\n]"
2024-07-24 14:30:00.548 [docker-java-stream--874393331] DEBUG c.g.d.z.s.o.a.hc.client5.http.wire - http-outgoing-3 << "[0x1][0x0][0x0][0x0][0x0][0x0][0x0]@The default text search configuration will be set to "english".[\n]"
2024-07-24 14:30:00.548 [docker-java-stream--874393331] DEBUG c.g.d.z.s.o.a.hc.client5.http.wire - http-outgoing-3 << "[0x1][0x0][0x0][0x0][0x0][0x0][0x0][0x1][\n]"
2024-07-24 14:30:00.548 [docker-java-stream--874393331] DEBUG c.g.d.z.s.o.a.hc.client5.http.wire - http-outgoing-3 << "[0x1][0x0][0x0][0x0][0x0][0x0][0x0]"Data page checksums are disabled.[\n]"
2024-07-24 14:30:00.548 [docker-java-stream--874393331] DEBUG c.g.d.z.s.o.a.hc.client5.http.wire - http-outgoing-3 << "[0x1][0x0][0x0][0x0][0x0][0x0][0x0][0x1][\n]"
2024-07-24 14:30:00.548 [docker-java-stream--874393331] DEBUG c.g.d.z.s.o.a.hc.client5.http.wire - http-outgoing-3 << "[0x1][0x0][0x0][0x0][0x0][0x0][0x0]Ifixing permissions on existing directory /var/lib/postgresql/data ... ok[\n]"
2024-07-24 14:30:00.548 [docker-java-stream--874393331] DEBUG c.g.d.z.s.o.a.hc.client5.http.wire - http-outgoing-3 << "[\r][\n]"
2024-07-24 14:30:00.549 [Test worker] DEBUG o.t.c.output.WaitingConsumer - STDOUT: The files belonging to this database system will be owned by user "postgres".
2024-07-24 14:30:00.549 [Test worker] DEBUG o.t.c.output.WaitingConsumer - STDOUT: fixing permissions on existing directory /var/lib/postgresql/data ... ok
2024-07-24 14:30:00.549 [Test worker] DEBUG o.t.c.output.WaitingConsumer - STDOUT: 
2024-07-24 14:30:00.549 [Test worker] DEBUG o.t.c.output.WaitingConsumer - STDOUT: Data page checksums are disabled.
2024-07-24 14:30:00.549 [Test worker] DEBUG o.t.c.output.WaitingConsumer - STDOUT: 
2024-07-24 14:30:00.549 [Test worker] DEBUG o.t.c.output.WaitingConsumer - STDOUT: The default text search configuration will be set to "english".
2024-07-24 14:30:00.549 [Test worker] DEBUG o.t.c.output.WaitingConsumer - STDOUT: The default database encoding has accordingly been set to "UTF8".
2024-07-24 14:30:00.549 [Test worker] DEBUG o.t.c.output.WaitingConsumer - STDOUT: The database cluster will be initialized with locale "en_US.utf8".
2024-07-24 14:30:00.549 [Test worker] DEBUG o.t.c.output.WaitingConsumer - STDOUT: 
2024-07-24 14:30:00.549 [Test worker] DEBUG o.t.c.output.WaitingConsumer - STDOUT: This user must also own the server process.
2024-07-24 14:30:00.553 [docker-java-stream--874393331] DEBUG c.g.d.z.s.o.a.hc.client5.http.wire - http-outgoing-3 << "68[\r][\n]"
2024-07-24 14:30:00.554 [docker-java-stream--874393331] DEBUG c.g.d.z.s.o.a.hc.client5.http.wire - http-outgoing-3 << "[0x1][0x0][0x0][0x0][0x0][0x0][0x0][0x1f]creating subdirectories ... ok[\n]"
2024-07-24 14:30:00.554 [docker-java-stream--874393331] DEBUG c.g.d.z.s.o.a.hc.client5.http.wire - http-outgoing-3 << "[0x1][0x0][0x0][0x0][0x0][0x0][0x0]9selecting dynamic shared memory implementation ... posix[\n]"
2024-07-24 14:30:00.554 [docker-java-stream--874393331] DEBUG c.g.d.z.s.o.a.hc.client5.http.wire - http-outgoing-3 << "[\r][\n]"
2024-07-24 14:30:00.572 [Test worker] DEBUG o.t.c.output.WaitingConsumer - STDOUT: selecting dynamic shared memory implementation ... posix
2024-07-24 14:30:00.572 [Test worker] DEBUG o.t.c.output.WaitingConsumer - STDOUT: creating subdirectories ... ok
2024-07-24 14:30:00.580 [docker-java-stream--874393331] DEBUG c.g.d.z.s.o.a.hc.client5.http.wire - http-outgoing-3 << "32[\r][\n]"
2024-07-24 14:30:00.580 [docker-java-stream--874393331] DEBUG c.g.d.z.s.o.a.hc.client5.http.wire - http-outgoing-3 << "[0x1][0x0][0x0][0x0][0x0][0x0][0x0]*selecting default max_connections ... 100[\n]"
2024-07-24 14:30:00.580 [docker-java-stream--874393331] DEBUG c.g.d.z.s.o.a.hc.client5.http.wire - http-outgoing-3 << "[\r][\n]"
2024-07-24 14:30:00.587 [Test worker] DEBUG o.t.c.output.WaitingConsumer - STDOUT: selecting default max_connections ... 100
2024-07-24 14:30:00.605 [docker-java-stream--874393331] DEBUG c.g.d.z.s.o.a.hc.client5.http.wire - http-outgoing-3 << "33[\r][\n]"
2024-07-24 14:30:00.606 [docker-java-stream--874393331] DEBUG c.g.d.z.s.o.a.hc.client5.http.wire - http-outgoing-3 << "[0x1][0x0][0x0][0x0][0x0][0x0][0x0]+selecting default shared_buffers ... 128MB[\n]"
2024-07-24 14:30:00.606 [docker-java-stream--874393331] DEBUG c.g.d.z.s.o.a.hc.client5.http.wire - http-outgoing-3 << "[\r][\n]"
2024-07-24 14:30:00.606 [Test worker] DEBUG o.t.c.output.WaitingConsumer - STDOUT: selecting default shared_buffers ... 128MB
2024-07-24 14:30:00.629 [docker-java-stream--874393331] DEBUG c.g.d.z.s.o.a.hc.client5.http.wire - http-outgoing-3 << "30[\r][\n]"
2024-07-24 14:30:00.629 [docker-java-stream--874393331] DEBUG c.g.d.z.s.o.a.hc.client5.http.wire - http-outgoing-3 << "[0x1][0x0][0x0][0x0][0x0][0x0][0x0](selecting default time zone ... Etc/UTC[\n]"
2024-07-24 14:30:00.629 [docker-java-stream--874393331] DEBUG c.g.d.z.s.o.a.hc.client5.http.wire - http-outgoing-3 << "[\r][\n]"
2024-07-24 14:30:00.629 [Test worker] DEBUG o.t.c.output.WaitingConsumer - STDOUT: selecting default time zone ... Etc/UTC
2024-07-24 14:30:00.629 [docker-java-stream--874393331] DEBUG c.g.d.z.s.o.a.hc.client5.http.wire - http-outgoing-3 << "2c[\r][\n]"
2024-07-24 14:30:00.629 [docker-java-stream--874393331] DEBUG c.g.d.z.s.o.a.hc.client5.http.wire - http-outgoing-3 << "[0x1][0x0][0x0][0x0][0x0][0x0][0x0]$creating configuration files ... ok[\n]"
2024-07-24 14:30:00.629 [docker-java-stream--874393331] DEBUG c.g.d.z.s.o.a.hc.client5.http.wire - http-outgoing-3 << "[\r][\n]"
2024-07-24 14:30:00.649 [Test worker] DEBUG o.t.c.output.WaitingConsumer - STDOUT: creating configuration files ... ok
2024-07-24 14:30:00.770 [docker-java-stream--874393331] DEBUG c.g.d.z.s.o.a.hc.client5.http.wire - http-outgoing-3 << "28[\r][\n]"
2024-07-24 14:30:00.770 [docker-java-stream--874393331] DEBUG c.g.d.z.s.o.a.hc.client5.http.wire - http-outgoing-3 << "[0x1][0x0][0x0][0x0][0x0][0x0][0x0] running bootstrap script ... ok[\n]"
2024-07-24 14:30:00.770 [docker-java-stream--874393331] DEBUG c.g.d.z.s.o.a.hc.client5.http.wire - http-outgoing-3 << "[\r][\n]"
2024-07-24 14:30:00.770 [Test worker] DEBUG o.t.c.output.WaitingConsumer - STDOUT: running bootstrap script ... ok
2024-07-24 14:30:01.139 [docker-java-stream--874393331] DEBUG c.g.d.z.s.o.a.hc.client5.http.wire - http-outgoing-3 << "38[\r][\n]"
2024-07-24 14:30:01.140 [docker-java-stream--874393331] DEBUG c.g.d.z.s.o.a.hc.client5.http.wire - http-outgoing-3 << "[0x1][0x0][0x0][0x0][0x0][0x0][0x0]0performing post-bootstrap initialization ... ok[\n]"
2024-07-24 14:30:01.140 [docker-java-stream--874393331] DEBUG c.g.d.z.s.o.a.hc.client5.http.wire - http-outgoing-3 << "[\r][\n]"
2024-07-24 14:30:01.140 [Test worker] DEBUG o.t.c.output.WaitingConsumer - STDOUT: performing post-bootstrap initialization ... ok
2024-07-24 14:30:02.349 [docker-java-stream--874393331] DEBUG c.g.d.z.s.o.a.hc.client5.http.wire - http-outgoing-3 << "1ad[\r][\n]"
2024-07-24 14:30:02.349 [docker-java-stream--874393331] DEBUG c.g.d.z.s.o.a.hc.client5.http.wire - http-outgoing-3 << "[0x2][0x0][0x0][0x0][0x0][0x0][0x0]Ginitdb: warning: enabling "trust" authentication for local connections[\n]"
2024-07-24 14:30:02.349 [docker-java-stream--874393331] DEBUG c.g.d.z.s.o.a.hc.client5.http.wire - http-outgoing-3 << "[0x2][0x0][0x0][0x0][0x0][0x0][0x0][0xffffff90]initdb: hint: You can change this by editing pg_hba.conf or using the option -A, or --auth-local and --auth-host, the next time you run initdb.[\n]"
2024-07-24 14:30:02.349 [docker-java-stream--874393331] DEBUG c.g.d.z.s.o.a.hc.client5.http.wire - http-outgoing-3 << "[0x1][0x0][0x0][0x0][0x0][0x0][0x0][0x1c]syncing data to disk ... ok[\n]"
2024-07-24 14:30:02.349 [docker-java-stream--874393331] DEBUG c.g.d.z.s.o.a.hc.client5.http.wire - http-outgoing-3 << "[0x1][0x0][0x0][0x0][0x0][0x0][0x0][0x1][\n]"
2024-07-24 14:30:02.349 [docker-java-stream--874393331] DEBUG c.g.d.z.s.o.a.hc.client5.http.wire - http-outgoing-3 << "[0x1][0x0][0x0][0x0][0x0][0x0][0x0][0x1][\n]"
2024-07-24 14:30:02.349 [docker-java-stream--874393331] DEBUG c.g.d.z.s.o.a.hc.client5.http.wire - http-outgoing-3 << "[0x1][0x0][0x0][0x0][0x0][0x0][0x0]6Success. You can now start the database server using:[\n]"
2024-07-24 14:30:02.349 [docker-java-stream--874393331] DEBUG c.g.d.z.s.o.a.hc.client5.http.wire - http-outgoing-3 << "[0x1][0x0][0x0][0x0][0x0][0x0][0x0][0x1][\n]"
2024-07-24 14:30:02.349 [docker-java-stream--874393331] DEBUG c.g.d.z.s.o.a.hc.client5.http.wire - http-outgoing-3 << "[0x1][0x0][0x0][0x0][0x0][0x0][0x0]8    pg_ctl -D /var/lib/postgresql/data -l logfile start[\n]"
2024-07-24 14:30:02.349 [docker-java-stream--874393331] DEBUG c.g.d.z.s.o.a.hc.client5.http.wire - http-outgoing-3 << "[0x1][0x0][0x0][0x0][0x0][0x0][0x0][0x1][\n]"
2024-07-24 14:30:02.349 [docker-java-stream--874393331] DEBUG c.g.d.z.s.o.a.hc.client5.http.wire - http-outgoing-3 << "[\r][\n]"
2024-07-24 14:30:02.349 [Test worker] DEBUG o.t.c.output.WaitingConsumer - STDOUT: 
2024-07-24 14:30:02.350 [Test worker] DEBUG o.t.c.output.WaitingConsumer - STDOUT:     pg_ctl -D /var/lib/postgresql/data -l logfile start
2024-07-24 14:30:02.350 [Test worker] DEBUG o.t.c.output.WaitingConsumer - STDOUT: 
2024-07-24 14:30:02.350 [Test worker] DEBUG o.t.c.output.WaitingConsumer - STDOUT: Success. You can now start the database server using:
2024-07-24 14:30:02.350 [Test worker] DEBUG o.t.c.output.WaitingConsumer - STDOUT: 
2024-07-24 14:30:02.350 [Test worker] DEBUG o.t.c.output.WaitingConsumer - STDOUT: 
2024-07-24 14:30:02.350 [Test worker] DEBUG o.t.c.output.WaitingConsumer - STDOUT: syncing data to disk ... ok
2024-07-24 14:30:02.350 [Test worker] DEBUG o.t.c.output.WaitingConsumer - STDERR: initdb: hint: You can change this by editing pg_hba.conf or using the option -A, or --auth-local and --auth-host, the next time you run initdb.
2024-07-24 14:30:02.351 [Test worker] DEBUG o.t.c.output.WaitingConsumer - STDERR: initdb: warning: enabling "trust" authentication for local connections
2024-07-24 14:30:02.410 [docker-java-stream--874393331] DEBUG c.g.d.z.s.o.a.hc.client5.http.wire - http-outgoing-3 << "137[\r][\n]"
2024-07-24 14:30:02.411 [docker-java-stream--874393331] DEBUG c.g.d.z.s.o.a.hc.client5.http.wire - http-outgoing-3 << "[0x1][0x0][0x0][0x0][0x0][0x0][0x0][0xffffffc3]waiting for server to start....2024-07-24 02:30:02.409 UTC [48] LOG:  starting PostgreSQL 16.2 (Debian 16.2-1.pgdg120+2) on x86_64-pc-linux-gnu, compiled by gcc (Debian 12.2.0-14) 12.2.0, 64-bit[\n]"
2024-07-24 14:30:02.411 [docker-java-stream--874393331] DEBUG c.g.d.z.s.o.a.hc.client5.http.wire - http-outgoing-3 << "[0x1][0x0][0x0][0x0][0x0][0x0][0x0]d2024-07-24 02:30:02.410 UTC [48] LOG:  listening on Unix socket "/var/run/postgresql/.s.PGSQL.5432"[\n]"
2024-07-24 14:30:02.411 [docker-java-stream--874393331] DEBUG c.g.d.z.s.o.a.hc.client5.http.wire - http-outgoing-3 << "[\r][\n]"
2024-07-24 14:30:02.411 [Test worker] DEBUG o.t.c.output.WaitingConsumer - STDOUT: 2024-07-24 02:30:02.410 UTC [48] LOG:  listening on Unix socket "/var/run/postgresql/.s.PGSQL.5432"
2024-07-24 14:30:02.411 [Test worker] DEBUG o.t.c.output.WaitingConsumer - STDOUT: waiting for server to start....2024-07-24 02:30:02.409 UTC [48] LOG:  starting PostgreSQL 16.2 (Debian 16.2-1.pgdg120+2) on x86_64-pc-linux-gnu, compiled by gcc (Debian 12.2.0-14) 12.2.0, 64-bit
2024-07-24 14:30:02.413 [docker-java-stream--874393331] DEBUG c.g.d.z.s.o.a.hc.client5.http.wire - http-outgoing-3 << "68[\r][\n]"
2024-07-24 14:30:02.414 [docker-java-stream--874393331] DEBUG c.g.d.z.s.o.a.hc.client5.http.wire - http-outgoing-3 << "[0x1][0x0][0x0][0x0][0x0][0x0][0x0]`2024-07-24 02:30:02.413 UTC [51] LOG:  database system was shut down at 2024-07-24 02:30:01 UTC[\n]"
2024-07-24 14:30:02.414 [docker-java-stream--874393331] DEBUG c.g.d.z.s.o.a.hc.client5.http.wire - http-outgoing-3 << "[\r][\n]"
[...]
2024-07-24 14:30:06.501 [Test worker] DEBUG c.g.d.z.s.o.a.h.client5.http.headers - http-outgoing-5 >> accept: application/json
2024-07-24 14:30:06.501 [Test worker] DEBUG c.g.d.z.s.o.a.h.client5.http.headers - http-outgoing-5 >> x-tc-sid: 280e6229-7396-4d60-b1e3-a5de48b5d49b
2024-07-24 14:30:06.501 [Test worker] DEBUG c.g.d.z.s.o.a.h.client5.http.headers - http-outgoing-5 >> User-Agent: tc-java/1.19.8
2024-07-24 14:30:06.501 [Test worker] DEBUG c.g.d.z.s.o.a.h.client5.http.headers - http-outgoing-5 >> Accept-Encoding: gzip, x-gzip, deflate
2024-07-24 14:30:06.501 [Test worker] DEBUG c.g.d.z.s.o.a.h.client5.http.headers - http-outgoing-5 >> Host: localhost:2375
2024-07-24 14:30:06.501 [Test worker] DEBUG c.g.d.z.s.o.a.h.client5.http.headers - http-outgoing-5 >> Connection: keep-alive
2024-07-24 14:30:06.501 [Test worker] DEBUG c.g.d.z.s.o.a.hc.client5.http.wire - http-outgoing-5 >> "GET /v1.32/containers/6ef7ad2c2ced3b0532189b670e96c4e62679bb3b626e0cca17efa156b5457d4b/json HTTP/1.1[\r][\n]"
2024-07-24 14:30:06.501 [Test worker] DEBUG c.g.d.z.s.o.a.hc.client5.http.wire - http-outgoing-5 >> "accept: application/json[\r][\n]"
2024-07-24 14:30:06.501 [Test worker] DEBUG c.g.d.z.s.o.a.hc.client5.http.wire - http-outgoing-5 >> "x-tc-sid: 280e6229-7396-4d60-b1e3-a5de48b5d49b[\r][\n]"
2024-07-24 14:30:06.501 [Test worker] DEBUG c.g.d.z.s.o.a.hc.client5.http.wire - http-outgoing-5 >> "User-Agent: tc-java/1.19.8[\r][\n]"
2024-07-24 14:30:06.501 [Test worker] DEBUG c.g.d.z.s.o.a.hc.client5.http.wire - http-outgoing-5 >> "Accept-Encoding: gzip, x-gzip, deflate[\r][\n]"
2024-07-24 14:30:06.501 [Test worker] DEBUG c.g.d.z.s.o.a.hc.client5.http.wire - http-outgoing-5 >> "Host: localhost:2375[\r][\n]"
2024-07-24 14:30:06.501 [Test worker] DEBUG c.g.d.z.s.o.a.hc.client5.http.wire - http-outgoing-5 >> "Connection: keep-alive[\r][\n]"
2024-07-24 14:30:06.501 [Test worker] DEBUG c.g.d.z.s.o.a.hc.client5.http.wire - http-outgoing-5 >> "[\r][\n]"
2024-07-24 14:30:06.515 [Test worker] DEBUG c.g.d.z.s.o.a.hc.client5.http.wire - http-outgoing-5 << "HTTP/1.1 200 OK[\r][\n]"
2024-07-24 14:30:06.515 [Test worker] DEBUG c.g.d.z.s.o.a.hc.client5.http.wire - http-outgoing-5 << "Api-Version: 1.45[\r][\n]"
2024-07-24 14:30:06.515 [Test worker] DEBUG c.g.d.z.s.o.a.hc.client5.http.wire - http-outgoing-5 << "Content-Type: application/json[\r][\n]"
2024-07-24 14:30:06.515 [Test worker] DEBUG c.g.d.z.s.o.a.hc.client5.http.wire - http-outgoing-5 << "Date: Wed, 24 Jul 2024 02:30:06 GMT[\r][\n]"
2024-07-24 14:30:06.515 [Test worker] DEBUG c.g.d.z.s.o.a.hc.client5.http.wire - http-outgoing-5 << "Docker-Experimental: false[\r][\n]"
2024-07-24 14:30:06.515 [Test worker] DEBUG c.g.d.z.s.o.a.hc.client5.http.wire - http-outgoing-5 << "Ostype: linux[\r][\n]"
2024-07-24 14:30:06.515 [Test worker] DEBUG c.g.d.z.s.o.a.hc.client5.http.wire - http-outgoing-5 << "Server: Docker/26.0.0 (linux)[\r][\n]"
2024-07-24 14:30:06.515 [Test worker] DEBUG c.g.d.z.s.o.a.hc.client5.http.wire - http-outgoing-5 << "Transfer-Encoding: chunked[\r][\n]"
2024-07-24 14:30:06.515 [Test worker] DEBUG c.g.d.z.s.o.a.hc.client5.http.wire - http-outgoing-5 << "[\r][\n]"
2024-07-24 14:30:06.515 [Test worker] DEBUG c.g.d.z.s.o.a.h.client5.http.headers - http-outgoing-5 << HTTP/1.1 200 OK
2024-07-24 14:30:06.515 [Test worker] DEBUG c.g.d.z.s.o.a.h.client5.http.headers - http-outgoing-5 << Api-Version: 1.45
2024-07-24 14:30:06.515 [Test worker] DEBUG c.g.d.z.s.o.a.h.client5.http.headers - http-outgoing-5 << Content-Type: application/json
2024-07-24 14:30:06.515 [Test worker] DEBUG c.g.d.z.s.o.a.h.client5.http.headers - http-outgoing-5 << Date: Wed, 24 Jul 2024 02:30:06 GMT
2024-07-24 14:30:06.515 [Test worker] DEBUG c.g.d.z.s.o.a.h.client5.http.headers - http-outgoing-5 << Docker-Experimental: false
2024-07-24 14:30:06.515 [Test worker] DEBUG c.g.d.z.s.o.a.h.client5.http.headers - http-outgoing-5 << Ostype: linux
2024-07-24 14:30:06.515 [Test worker] DEBUG c.g.d.z.s.o.a.h.client5.http.headers - http-outgoing-5 << Server: Docker/26.0.0 (linux)
2024-07-24 14:30:06.515 [Test worker] DEBUG c.g.d.z.s.o.a.h.client5.http.headers - http-outgoing-5 << Transfer-Encoding: chunked
2024-07-24 14:30:06.515 [Test worker] DEBUG c.g.d.z.s.o.a.h.c.h.i.c.MainClientExec - ex-00000034: connection can be kept alive for 3 MINUTES
2024-07-24 14:30:06.516 [Test worker] DEBUG c.g.d.z.s.o.a.hc.client5.http.wire - http-outgoing-5 << "1944[\r][\n]"
2024-07-24 14:30:06.516 [Test worker] DEBUG c.g.d.z.s.o.a.hc.client5.http.wire - http-outgoing-5 << "{"Id":"6ef7ad2c2ced3b0532189b670e96c4e62679bb3b626e0cca17efa156b5457d4b","Created":"2024-07-24T02:30:03.820881247Z","Path":"docker-entrypoint.sh","Args":["postgres","-c","fsync=off"],"State":{"Status":"exited","Running":false,"Paused":false,"Restarting":false,"OOMKilled":false,"Dead":false,"Pid":0,"ExitCode":137,"Error":"","StartedAt":"2024-07-24T02:30:04.293927765Z","FinishedAt":"2024-07-24T02:30:05.962241328Z"},"Image":"sha256:8e4fc9e184899a58735e7ee333f5e272d7d2298cf59302006b71f33e217be130","ResolvConfPath":"/var/lib/docker/containers/6ef7ad2c2ced3b0532189b670e96c4e62679bb3b626e0cca17efa156b5457d4b/resolv.conf","HostnamePath":"/var/lib/docker/containers/6ef7ad2c2ced3b0532189b670e96c4e62679bb3b626e0cca17efa156b5457d4b/hostname","HostsPath":"/var/lib/docker/containers/6ef7ad2c2ced3b0532189b670e96c4e62679bb3b626e0cca17efa156b5457d4b/hosts","LogPath":"/var/lib/docker/containers/6ef7ad2c2ced3b0532189b670e96c4e62679bb3b626e0cca17efa156b5457d4b/6ef7ad2c2ced3b0532189b670e96c4e62679bb3b626e0cca17efa156b5457d4b-json.log","Name":"/hardcore_heisenberg","RestartCount":0,"Driver":"overlay2","Platform":"linux","MountLabel":"","ProcessLabel":"","AppArmorProfile":"","ExecIDs":null,"HostConfig":{"Binds":[],"ContainerIDFile":"","LogConfig":{"Type":"json-file","Config":{}},"NetworkMode":"default","PortBindings":{"5432/tcp":[{"HostIp":"0.0.0.0","HostPort":"0"}]},"RestartPolicy":{"Name":"no","MaximumRetryCount":0},"AutoRemove":false,"VolumeDriver":"","VolumesFrom":[],"ConsoleSize":[0,0],"CapAdd":null,"CapDrop":null,"CgroupnsMode":"host","Dns":null,"DnsOptions":null,"DnsSearch":null,"ExtraHosts":[],"GroupAdd":null,"IpcMode":"shareable","Cgroup":"","Links":null,"OomScoreAdj":0,"PidMode":"","Privileged":false,"PublishAllPorts":false,"ReadonlyRootfs":false,"SecurityOpt":null,"UTSMode":"","UsernsMode":"","ShmSize":67108864,"Runtime":"runc","Isolation":"","CpuShares":0,"Memory":0,"NanoCpus":0,"CgroupParent":"","BlkioWeight":0,"BlkioWeightDevice":null,"BlkioDeviceReadBps":null,"BlkioDeviceWriteBps":null,"BlkioDeviceReadIOps":null,"BlkioDeviceWriteIOps":null,"CpuPeriod":0,"CpuQuota":0,"CpuRealtimePeriod":0,"CpuRealtimeRuntime":0,"CpusetCpus":"","CpusetMems":"","Devices":null,"DeviceCgroupRules":null,"DeviceRequests":null,"MemoryReservation":0,"MemorySwap":0,"MemorySwappiness":null,"OomKillDisable":false,"PidsLimit":null,"Ulimits":null,"CpuCount":0,"CpuPercent":0,"IOMaximumIOps":0,"IOMaximumBandwidth":0,"MaskedPaths":["/proc/asound","/proc/acpi","/proc/kcore","/proc/keys","/proc/latency_stats","/proc/timer_list","/proc/timer_stats","/proc/sched_debug","/proc/scsi","/sys/firmware","/sys/devices/virtual/powercap"],"ReadonlyPaths":["/proc/bus","/proc/fs","/proc/irq","/proc/sys","/proc/sysrq-trigger"]},"GraphDriver":{"Data":{"LowerDir":"/var/lib/docker/overlay2/8b670b3c37255ca68d5db8d053a3a290dfba7b72f94effd49c1fcfebf54abe8c-init/diff:/var/lib/docker/overlay2/8f0ddbd386af0785c2e348570516955816ab350305d698d363962d488eeb15ec/diff:/var/lib/docker/overlay2/0eb0ca73e9b0be7c3d7fa8762ef4778a68f38391bc84c037c2e90b88e781b475/diff:/var/lib/docker/overlay2/74e634bddc785c5d436b10a5158cd82e21dc2065fd1cf8ff9c1c12e01575a2d8/diff:/var/lib/docker/overlay2/bb918b2851cd2f508f1e3fdbfff8b7f8b041d61e65fe8c368288bf399e80b818/diff:/var/lib/docker/overlay2/2abab2946cbdc2941ee8ec4024c51dac7313dee9de5fbedd1ca33388c59eb3c8/diff:/var/lib/docker/overlay2/e12f6083ee669bd92743ceb339a896bb25dbe461b718705bb39eb410b80c0ecd/diff:/var/lib/docker/overlay2/ced1e86d670d097da5ed4da7288c22507735918959161c2cd8bf083fb30d169a/diff:/var/lib/docker/overlay2/94e9ac7b74923285ae73af20aeccb964ca9079e2305db367cb85d1603560472d/diff:/var/lib/docker/overlay2/a396b6dfd63f0c228c519871183c614cccf4d366a43460f27ecf97113c3c4be8/diff:/var/lib/docker/overlay2/f58ada5d5080c2bac553c734f81127660a90581a35ed2a92cebe3c59e340875b/diff:/var/lib/docker/overlay2/84f85636f37bf55d945e217b4f87a856eba7932284beaf042561007b66f48977/diff:/var/lib/docker/overlay2/1e6e519613884e91a2b74a588ba35dc8a2f789371ab798ef6e7d9836d756042f/diff:/var/lib/docker/overlay2/14a3151cc8b4f9d27d2e64f1a8abc0c7809309580f2d7e8dc8545055c1d56194/diff:"
2024-07-24 14:30:06.517 [Test worker] DEBUG c.g.d.z.s.o.a.hc.client5.http.wire - http-outgoing-5 << "/var/lib/docker/overlay2/5b354b9e793401517fe2f1da697653fdaadffc54888eaf76d67e0600b8c68bdc/diff","MergedDir":"/var/lib/docker/overlay2/8b670b3c37255ca68d5db8d053a3a290dfba7b72f94effd49c1fcfebf54abe8c/merged","UpperDir":"/var/lib/docker/overlay2/8b670b3c37255ca68d5db8d053a3a290dfba7b72f94effd49c1fcfebf54abe8c/diff","WorkDir":"/var/lib/docker/overlay2/8b670b3c37255ca68d5db8d053a3a290dfba7b72f94effd49c1fcfebf54abe8c/work"},"Name":"overlay2"},"Mounts":[{"Type":"volume","Name":"2ed3901b4d73286bb91959d682dbdb07fbe295d4f28c8bf8d9ccfc19e5809326","Source":"/var/lib/docker/volumes/2ed3901b4d73286bb91959d682dbdb07fbe295d4f28c8bf8d9ccfc19e5809326/_data","Destination":"/var/lib/postgresql/data","Driver":"local","Mode":"","RW":true,"Propagation":""}],"Config":{"Hostname":"6ef7ad2c2ced","Domainname":"","User":"","AttachStdin":false,"AttachStdout":false,"AttachStderr":false,"ExposedPorts":{"5432/tcp":{}},"Tty":false,"OpenStdin":false,"StdinOnce":false,"Env":["POSTGRES_USER=user","POSTGRES_PASSWORD=password","POSTGRES_DB=db","PATH=/usr/local/sbin:/usr/local/bin:/usr/sbin:/usr/bin:/sbin:/bin:/usr/lib/postgresql/16/bin","GOSU_VERSION=1.17","LANG=en_US.utf8","PG_MAJOR=16","PG_VERSION=16.2-1.pgdg120+2","PGDATA=/var/lib/postgresql/data"],"Cmd":["postgres","-c","fsync=off"],"Image":"postgres:latest","Volumes":{"/var/lib/postgresql/data":{}},"WorkingDir":"","Entrypoint":["docker-entrypoint.sh"],"OnBuild":null,"Labels":{"org.testcontainers":"true","org.testcontainers.lang":"java","org.testcontainers.sessionId":"280e6229-7396-4d60-b1e3-a5de48b5d49b","org.testcontainers.version":"1.19.8"},"StopSignal":"SIGINT"},"NetworkSettings":{"Bridge":"","SandboxID":"342ed89d13189dd1385d1489c4e5fa31c73791954bf06b3e23d6d2426ce6c503","SandboxKey":"/var/run/docker/netns/342ed89d1318","Ports":{},"HairpinMode":false,"LinkLocalIPv6Address":"","LinkLocalIPv6PrefixLen":0,"SecondaryIPAddresses":null,"SecondaryIPv6Addresses":null,"EndpointID":"","Gateway":"","GlobalIPv6Address":"","GlobalIPv6PrefixLen":0,"IPAddress":"","IPPrefixLen":0,"IPv6Gateway":"","MacAddress":"","Networks":{"bridge":{"IPAMConfig":null,"Links":null,"Aliases":null,"MacAddress":"","NetworkID":"3c842496be344cbdae878c1dee0957e7bc7c0a2236009c92752030f2b053e72f","EndpointID":"","Gateway":"","IPAddress":"","IPPrefixLen":0,"IPv6Gateway":"","GlobalIPv6Address":"","GlobalIPv6PrefixLen":0,"DriverOpts":null,"DNSNames":null}}}}[\n]"
2024-07-24 14:30:06.518 [Test worker] DEBUG c.g.d.z.s.o.a.hc.client5.http.wire - http-outgoing-5 << "[\r][\n]"
2024-07-24 14:30:06.518 [Test worker] DEBUG c.g.d.z.s.o.a.hc.client5.http.wire - http-outgoing-5 << "0[\r][\n]"
2024-07-24 14:30:06.518 [Test worker] DEBUG c.g.d.z.s.o.a.hc.client5.http.wire - http-outgoing-5 << "[\r][\n]"
2024-07-24 14:30:06.518 [Test worker] DEBUG c.g.d.z.s.o.a.h.c.h.i.c.InternalHttpClient - ep-00000033: releasing valid endpoint
2024-07-24 14:30:06.518 [Test worker] DEBUG c.g.d.z.s.o.a.h.c.h.i.i.PoolingHttpClientConnectionManager - ep-00000033: releasing endpoint
2024-07-24 14:30:06.518 [Test worker] DEBUG c.g.d.z.s.o.a.h.c.h.i.i.PoolingHttpClientConnectionManager - ep-00000033: connection http-outgoing-5 can be kept alive for 3 MINUTES
2024-07-24 14:30:06.518 [Test worker] DEBUG c.g.d.z.s.o.a.h.c.h.i.i.PoolingHttpClientConnectionManager - ep-00000033: connection released [route: {}->npipe://localhost:2375][total available: 1; route allocated: 1 of 2147483647; total allocated: 1 of 2147483647]
2024-07-24 14:30:06.518 [Test worker] TRACE o.t.utility.ResourceReaper - Removing container: 6ef7ad2c2ced3b0532189b670e96c4e62679bb3b626e0cca17efa156b5457d4b
2024-07-24 14:30:06.518 [Test worker] DEBUG o.t.s.c.g.d.c.command.AbstrDockerCmd - Cmd: 6ef7ad2c2ced3b0532189b670e96c4e62679bb3b626e0cca17efa156b5457d4b,true,true
2024-07-24 14:30:06.519 [Test worker] TRACE o.t.s.c.g.d.c.e.RemoveContainerCmdExec - DELETE: DefaultWebTarget{path=[/containers/6ef7ad2c2ced3b0532189b670e96c4e62679bb3b626e0cca17efa156b5457d4b], queryParams={v=[true], force=[true]}}
2024-07-24 14:30:06.519 [Test worker] DEBUG c.g.d.z.s.o.a.h.c.h.i.c.InternalHttpClient - ex-00000035: preparing request execution
2024-07-24 14:30:06.519 [Test worker] DEBUG c.g.d.z.s.o.a.h.c.h.p.RequestAddCookies - Cookie spec selected: strict
2024-07-24 14:30:06.519 [Test worker] DEBUG c.g.d.z.s.o.a.h.c.h.p.RequestAuthCache - Auth cache not set in the context
2024-07-24 14:30:06.519 [Test worker] DEBUG c.g.d.z.s.o.a.h.c.h.i.c.ProtocolExec - ex-00000035: target auth state: UNCHALLENGED
2024-07-24 14:30:06.519 [Test worker] DEBUG c.g.d.z.s.o.a.h.c.h.i.c.ProtocolExec - ex-00000035: proxy auth state: UNCHALLENGED
2024-07-24 14:30:06.519 [Test worker] DEBUG c.g.d.z.s.o.a.h.c.h.i.c.ConnectExec - ex-00000035: acquiring connection with route {}->npipe://localhost:2375
2024-07-24 14:30:06.519 [Test worker] DEBUG c.g.d.z.s.o.a.h.c.h.i.c.InternalHttpClient - ex-00000035: acquiring endpoint (3 MINUTES)
2024-07-24 14:30:06.520 [Test worker] DEBUG c.g.d.z.s.o.a.h.c.h.i.i.PoolingHttpClientConnectionManager - ex-00000035: endpoint lease request (3 MINUTES) [route: {}->npipe://localhost:2375][total available: 1; route allocated: 1 of 2147483647; total allocated: 1 of 2147483647]
2024-07-24 14:30:06.520 [Test worker] DEBUG c.g.d.z.s.o.a.h.c.h.i.i.PoolingHttpClientConnectionManager - ex-00000035: endpoint leased [route: {}->npipe://localhost:2375][total available: 0; route allocated: 1 of 2147483647; total allocated: 1 of 2147483647]
2024-07-24 14:30:06.520 [Test worker] DEBUG c.g.d.z.s.o.a.h.c.h.i.i.PoolingHttpClientConnectionManager - ex-00000035: acquired ep-00000034
2024-07-24 14:30:06.520 [Test worker] DEBUG c.g.d.z.s.o.a.h.c.h.i.c.InternalHttpClient - ex-00000035: acquired endpoint ep-00000034
2024-07-24 14:30:06.520 [Test worker] DEBUG c.g.d.z.s.o.a.h.c.h.i.c.MainClientExec - ex-00000035: executing DELETE /v1.32/containers/6ef7ad2c2ced3b0532189b670e96c4e62679bb3b626e0cca17efa156b5457d4b?v=true&force=true HTTP/1.1
2024-07-24 14:30:06.520 [Test worker] DEBUG c.g.d.z.s.o.a.h.c.h.i.c.InternalHttpClient - ep-00000034: start execution ex-00000035
2024-07-24 14:30:06.520 [Test worker] DEBUG c.g.d.z.s.o.a.h.c.h.i.i.PoolingHttpClientConnectionManager - ep-00000034: executing exchange ex-00000035 over http-outgoing-5
2024-07-24 14:30:06.520 [Test worker] DEBUG c.g.d.z.s.o.a.h.client5.http.headers - http-outgoing-5 >> DELETE /v1.32/containers/6ef7ad2c2ced3b0532189b670e96c4e62679bb3b626e0cca17efa156b5457d4b?v=true&force=true HTTP/1.1
2024-07-24 14:30:06.520 [Test worker] DEBUG c.g.d.z.s.o.a.h.client5.http.headers - http-outgoing-5 >> accept: application/json
2024-07-24 14:30:06.520 [Test worker] DEBUG c.g.d.z.s.o.a.h.client5.http.headers - http-outgoing-5 >> x-tc-sid: 280e6229-7396-4d60-b1e3-a5de48b5d49b
2024-07-24 14:30:06.520 [Test worker] DEBUG c.g.d.z.s.o.a.h.client5.http.headers - http-outgoing-5 >> User-Agent: tc-java/1.19.8
2024-07-24 14:30:06.520 [Test worker] DEBUG c.g.d.z.s.o.a.h.client5.http.headers - http-outgoing-5 >> Accept-Encoding: gzip, x-gzip, deflate
2024-07-24 14:30:06.520 [Test worker] DEBUG c.g.d.z.s.o.a.h.client5.http.headers - http-outgoing-5 >> Host: localhost:2375
2024-07-24 14:30:06.520 [Test worker] DEBUG c.g.d.z.s.o.a.h.client5.http.headers - http-outgoing-5 >> Connection: keep-alive
2024-07-24 14:30:06.520 [Test worker] DEBUG c.g.d.z.s.o.a.hc.client5.http.wire - http-outgoing-5 >> "DELETE /v1.32/containers/6ef7ad2c2ced3b0532189b670e96c4e62679bb3b626e0cca17efa156b5457d4b?v=true&force=true HTTP/1.1[\r][\n]"
2024-07-24 14:30:06.520 [Test worker] DEBUG c.g.d.z.s.o.a.hc.client5.http.wire - http-outgoing-5 >> "accept: application/json[\r][\n]"
2024-07-24 14:30:06.520 [Test worker] DEBUG c.g.d.z.s.o.a.hc.client5.http.wire - http-outgoing-5 >> "x-tc-sid: 280e6229-7396-4d60-b1e3-a5de48b5d49b[\r][\n]"
2024-07-24 14:30:06.520 [Test worker] DEBUG c.g.d.z.s.o.a.hc.client5.http.wire - http-outgoing-5 >> "User-Agent: tc-java/1.19.8[\r][\n]"
2024-07-24 14:30:06.520 [Test worker] DEBUG c.g.d.z.s.o.a.hc.client5.http.wire - http-outgoing-5 >> "Accept-Encoding: gzip, x-gzip, deflate[\r][\n]"
2024-07-24 14:30:06.520 [Test worker] DEBUG c.g.d.z.s.o.a.hc.client5.http.wire - http-outgoing-5 >> "Host: localhost:2375[\r][\n]"
2024-07-24 14:30:06.520 [Test worker] DEBUG c.g.d.z.s.o.a.hc.client5.http.wire - http-outgoing-5 >> "Connection: keep-alive[\r][\n]"
2024-07-24 14:30:06.520 [Test worker] DEBUG c.g.d.z.s.o.a.hc.client5.http.wire - http-outgoing-5 >> "[\r][\n]"
2024-07-24 14:30:06.595 [Test worker] DEBUG c.g.d.z.s.o.a.hc.client5.http.wire - http-outgoing-5 << "HTTP/1.1 204 No Content[\r][\n]"
2024-07-24 14:30:06.595 [Test worker] DEBUG c.g.d.z.s.o.a.hc.client5.http.wire - http-outgoing-5 << "Api-Version: 1.45[\r][\n]"
2024-07-24 14:30:06.595 [Test worker] DEBUG c.g.d.z.s.o.a.hc.client5.http.wire - http-outgoing-5 << "Date: Wed, 24 Jul 2024 02:30:06 GMT[\r][\n]"
2024-07-24 14:30:06.595 [Test worker] DEBUG c.g.d.z.s.o.a.hc.client5.http.wire - http-outgoing-5 << "Docker-Experimental: false[\r][\n]"
2024-07-24 14:30:06.595 [Test worker] DEBUG c.g.d.z.s.o.a.hc.client5.http.wire - http-outgoing-5 << "Ostype: linux[\r][\n]"
2024-07-24 14:30:06.595 [Test worker] DEBUG c.g.d.z.s.o.a.hc.client5.http.wire - http-outgoing-5 << "Server: Docker/26.0.0 (linux)[\r][\n]"
2024-07-24 14:30:06.595 [Test worker] DEBUG c.g.d.z.s.o.a.hc.client5.http.wire - http-outgoing-5 << "[\r][\n]"
2024-07-24 14:30:06.595 [Test worker] DEBUG c.g.d.z.s.o.a.h.client5.http.headers - http-outgoing-5 << HTTP/1.1 204 No Content
2024-07-24 14:30:06.595 [Test worker] DEBUG c.g.d.z.s.o.a.h.client5.http.headers - http-outgoing-5 << Api-Version: 1.45
2024-07-24 14:30:06.595 [Test worker] DEBUG c.g.d.z.s.o.a.h.client5.http.headers - http-outgoing-5 << Date: Wed, 24 Jul 2024 02:30:06 GMT
2024-07-24 14:30:06.595 [Test worker] DEBUG c.g.d.z.s.o.a.h.client5.http.headers - http-outgoing-5 << Docker-Experimental: false
2024-07-24 14:30:06.595 [Test worker] DEBUG c.g.d.z.s.o.a.h.client5.http.headers - http-outgoing-5 << Ostype: linux
2024-07-24 14:30:06.595 [Test worker] DEBUG c.g.d.z.s.o.a.h.client5.http.headers - http-outgoing-5 << Server: Docker/26.0.0 (linux)
2024-07-24 14:30:06.596 [Test worker] DEBUG c.g.d.z.s.o.a.h.c.h.i.c.MainClientExec - ex-00000035: connection can be kept alive for 3 MINUTES
2024-07-24 14:30:06.596 [Test worker] DEBUG c.g.d.z.s.o.a.h.c.h.i.c.InternalHttpClient - ep-00000034: releasing valid endpoint
2024-07-24 14:30:06.596 [Test worker] DEBUG c.g.d.z.s.o.a.h.c.h.i.i.PoolingHttpClientConnectionManager - ep-00000034: releasing endpoint
2024-07-24 14:30:06.596 [Test worker] DEBUG c.g.d.z.s.o.a.h.c.h.i.i.PoolingHttpClientConnectionManager - ep-00000034: connection http-outgoing-5 can be kept alive for 3 MINUTES
2024-07-24 14:30:06.596 [Test worker] DEBUG c.g.d.z.s.o.a.h.c.h.i.i.PoolingHttpClientConnectionManager - ep-00000034: connection released [route: {}->npipe://localhost:2375][total available: 1; route allocated: 1 of 2147483647; total allocated: 1 of 2147483647]
2024-07-24 14:30:06.596 [Test worker] DEBUG o.t.utility.ResourceReaper - Removed container and associated volume(s): postgres:latest
]]></system-out>
  <system-err><![CDATA[]]></system-err>
</testsuite>
